Changes detected in configuration. Updating the server image.
WARNING: The following used run time options are UNAVAILABLE and will be ignored during build time:
 	- tracing-resource-attributes: Available only when Tracing is enabled.
	- tracing-service-name: Available only when Tracing is enabled.
Updating the configuration and installing your custom providers, if any. Please wait.
2026-02-03 17:51:21,401 INFO  [org.keycloak.common.Profile] (main) Preview features enabled: scripts:v1, token-exchange:v1
2026-02-03 17:51:26,944 INFO  [org.keycloak.common.Profile] (main) Preview features enabled: scripts:v1, token-exchange:v1
2026-02-03 17:51:53,073 INFO  [io.quarkus.deployment.QuarkusAugmentor] (main) Quarkus augmentation completed in 28315ms
Server configuration updated and persisted. Run the following command to review the configuration:

	kc.sh show-config

Next time you run the server, just run:

	kc.sh --verbose start --optimized

WARNING: The following used run time options are UNAVAILABLE and will be ignored during build time:
 	- tracing-resource-attributes: Available only when Tracing is enabled.
	- tracing-service-name: Available only when Tracing is enabled.
WARNING: Hostname v1 options [hostname-strict-backchannel] are still in use, please review your configuration
2026-02-03 17:51:55,387 INFO  [org.keycloak.common.Profile] (main) Preview features enabled: scripts:v1, token-exchange:v1
2026-02-03 17:51:55,781 INFO  [org.keycloak.common.Profile] (main) Preview features enabled: scripts:v1, token-exchange:v1
2026-02-03 17:51:59,446 INFO  [org.keycloak.url.HostnameV2ProviderFactory] (main) If hostname is specified, hostname-strict is effectively ignored
2026-02-03 17:52:11,256 INFO  [org.keycloak.quarkus.runtime.storage.database.liquibase.QuarkusJpaUpdaterProvider] (main) Initializing database schema. Using changelog META-INF/jpa-changelog-master.xml
2026-02-03 17:52:35,582 INFO  [org.keycloak.spi.infinispan.impl.embedded.JGroupsConfigurator] (main) JGroups JDBC_PING discovery enabled.
2026-02-03 17:52:37,092 INFO  [org.keycloak.spi.infinispan.impl.embedded.JGroupsConfigurator] (main) JGroups Encryption enabled (mTLS).
2026-02-03 17:52:37,561 INFO  [org.keycloak.jgroups.certificates.CertificateReloadManager] (main) Starting JGroups certificate reload manager
2026-02-03 17:52:38,179 INFO  [org.infinispan.CONTAINER] (main) ISPN000556: Starting user marshaller 'org.infinispan.commons.marshall.ImmutableProtoStreamMarshaller'
2026-02-03 17:52:39,055 INFO  [org.infinispan.CLUSTER] (main) ISPN000078: Starting JGroups channel `ISPN` with stack `jdbc-ping`
2026-02-03 17:52:39,058 INFO  [org.jgroups.JChannel] (main) local_addr: 2cba7ca7-85f0-453a-94b6-09798dc6b668, name: keycloak-instance-0-3077
2026-02-03 17:52:39,084 INFO  [org.jgroups.protocols.FD_SOCK2] (main) server listening on *:57800
2026-02-03 17:52:39,093 INFO  [org.jgroups.protocols.pbcast.GMS] (main) keycloak-instance-0-3077: no members discovered after 5 ms: creating cluster as coordinator
2026-02-03 17:52:39,183 INFO  [org.infinispan.CLUSTER] (main) ISPN000094: Received new cluster view for channel ISPN: [keycloak-instance-0-3077|0] (1) [keycloak-instance-0-3077]
2026-02-03 17:52:39,232 INFO  [org.keycloak.jgroups.certificates.CertificateReloadManager] (main) Reloading JGroups Certificate
2026-02-03 17:52:39,349 INFO  [org.infinispan.CLUSTER] (main) ISPN000079: Channel `ISPN` local address is `keycloak-instance-0-3077`, physical addresses are `[10.129.2.14:7800]`
2026-02-03 17:52:40,297 INFO  [org.keycloak.connections.infinispan.DefaultInfinispanConnectionProviderFactory] (main) Node name: keycloak-instance-0-3077, Site name: null
2026-02-03 17:52:40,859 INFO  [org.keycloak.services] (main) KC-SERVICES0050: Initializing master realm
2026-02-03 17:52:46,053 INFO  [org.keycloak.services] (main) KC-SERVICES0077: Created temporary admin user with username temp-admin
2026-02-03 17:52:46,460 INFO  [io.quarkus] (main) Keycloak 26.3.1 on JVM (powered by Quarkus 3.20.1) started in 52.970s. Listening on: http://0.0.0.0:8080. Management interface listening on http://0.0.0.0:9000.
2026-02-03 17:52:46,461 INFO  [io.quarkus] (main) Profile prod activated. 
2026-02-03 17:52:46,461 INFO  [io.quarkus] (main) Installed features: [agroal, cdi, hibernate-orm, jdbc-postgresql, keycloak, narayana-jta, opentelemetry, reactive-routes, rest, rest-jackson, smallrye-context-propagation, smallrye-health, vertx]
