chmod: changing permissions of '/var/run/postgresql': Operation not permitted
The files belonging to this database system will be owned by user "1000750000".
This user must also own the server process.

The database cluster will be initialized with locale "en_US.utf8".
The default database encoding has accordingly been set to "UTF8".
The default text search configuration will be set to "english".

Data page checksums are disabled.

fixing permissions on existing directory /var/lib/postgresql/data/pgdata ... ok
creating subdirectories ... ok
selecting dynamic shared memory implementation ... posix
selecting default max_connections ... 100
selecting default shared_buffers ... 128MB
selecting default time zone ... Etc/UTC
creating configuration files ... ok
running bootstrap script ... ok
performing post-bootstrap initialization ... ok
syncing data to disk ... ok


Success. You can now start the database server using:

    pg_ctl -D /var/lib/postgresql/data/pgdata -l logfile start

initdb: warning: enabling "trust" authentication for local connections
initdb: hint: You can change this by editing pg_hba.conf or using the option -A, or --auth-local and --auth-host, the next time you run initdb.
waiting for server to start....2026-02-03 17:51:23.337 UTC [30] LOG:  starting PostgreSQL 15.15 (Debian 15.15-1.pgdg13+1) on x86_64-pc-linux-gnu, compiled by gcc (Debian 14.2.0-19) 14.2.0, 64-bit
2026-02-03 17:51:23.338 UTC [30] LOG:  listening on Unix socket "/var/run/postgresql/.s.PGSQL.5432"
2026-02-03 17:51:23.356 UTC [33] LOG:  database system was shut down at 2026-02-03 17:51:23 UTC
2026-02-03 17:51:23.367 UTC [30] LOG:  database system is ready to accept connections
 done
server started
CREATE DATABASE


/usr/local/bin/docker-entrypoint.sh: ignoring /docker-entrypoint-initdb.d/*

waiting for server to shut down....2026-02-03 17:51:23.823 UTC [30] LOG:  received fast shutdown request
2026-02-03 17:51:23.825 UTC [30] LOG:  aborting any active transactions
2026-02-03 17:51:23.834 UTC [30] LOG:  background worker "logical replication launcher" (PID 36) exited with exit code 1
2026-02-03 17:51:23.835 UTC [31] LOG:  shutting down
2026-02-03 17:51:23.840 UTC [31] LOG:  checkpoint starting: shutdown immediate
2026-02-03 17:51:23.906 UTC [31] LOG:  checkpoint complete: wrote 922 buffers (5.6%); 0 WAL file(s) added, 0 removed, 0 recycled; write=0.055 s, sync=0.004 s, total=0.072 s; sync files=301, longest=0.002 s, average=0.001 s; distance=4239 kB, estimate=4239 kB
2026-02-03 17:51:23.912 UTC [30] LOG:  database system is shut down
 done
server stopped

PostgreSQL init process complete; ready for start up.

2026-02-03 17:51:23.987 UTC [1] LOG:  starting PostgreSQL 15.15 (Debian 15.15-1.pgdg13+1) on x86_64-pc-linux-gnu, compiled by gcc (Debian 14.2.0-19) 14.2.0, 64-bit
2026-02-03 17:51:23.987 UTC [1] LOG:  listening on IPv4 address "0.0.0.0", port 5432
2026-02-03 17:51:23.987 UTC [1] LOG:  listening on IPv6 address "::", port 5432
2026-02-03 17:51:23.991 UTC [1] LOG:  listening on Unix socket "/var/run/postgresql/.s.PGSQL.5432"
2026-02-03 17:51:23.997 UTC [46] LOG:  database system was shut down at 2026-02-03 17:51:23 UTC
2026-02-03 17:51:24.006 UTC [1] LOG:  database system is ready to accept connections
2026-02-03 17:52:07.589 UTC [75] ERROR:  relation "migration_model" does not exist at character 25
2026-02-03 17:52:07.589 UTC [75] STATEMENT:  SELECT ID, VERSION FROM MIGRATION_MODEL ORDER BY UPDATE_TIME DESC
2026-02-03 17:52:10.178 UTC [75] ERROR:  relation "public.databasechangelog" does not exist at character 22
2026-02-03 17:52:10.178 UTC [75] STATEMENT:  SELECT COUNT(*) FROM public.databasechangelog
2026-02-03 17:52:11.162 UTC [79] ERROR:  relation "public.databasechangeloglock" does not exist at character 22
2026-02-03 17:52:11.162 UTC [79] STATEMENT:  SELECT COUNT(*) FROM public.databasechangeloglock
2026-02-03 17:52:11.253 UTC [75] ERROR:  relation "public.databasechangelog" does not exist at character 22
2026-02-03 17:52:11.253 UTC [75] STATEMENT:  SELECT COUNT(*) FROM public.databasechangelog
2026-02-03 17:56:24.085 UTC [44] LOG:  checkpoint starting: time
2026-02-03 17:57:25.574 UTC [44] LOG:  checkpoint complete: wrote 616 buffers (3.8%); 1 WAL file(s) added, 0 removed, 0 recycled; write=61.445 s, sync=0.005 s, total=61.489 s; sync files=593, longest=0.002 s, average=0.001 s; distance=4523 kB, estimate=4523 kB
