__  ____  __  _____   ___  __ ____  ______ 
 --/ __ \/ / / / _ | / _ \/ //_/ / / / __/ 
 -/ /_/ / /_/ / __ |/ , _/ ,< / /_/ /\ \   
--\___\_\____/_/ |_/_/|_/_/|_|\____/___/   
2026-01+00-08 08:57:31 WARN [null] (main) The "quarkus.log.console.json" config property is deprecated and should not be used anymore.
2026-01+00-08 08:57:31 WARN [null] (main) The "quarkus.http.cors" config property is deprecated and should not be used anymore.
2026-01+00-08 08:57:31 WARN [null] (main) The "quarkus.log.console.color" config property is deprecated and should not be used anymore.
2026-01+00-08 08:57:31 WARN [null] (main) The "quarkus.log.console.enable" config property is deprecated and should not be used anymore.
2026-01+00-08 08:57:33 INFO [io.apicurio.registry.storage.impl.sql.AbstractSqlRegistryStorage] (main) SqlRegistryStorage constructed successfully.
2026-01+00-08 08:57:33 INFO [io.apicurio.registry.storage.impl.sql.RegistryDatasourceProducer] (main) Using h2 SQL storage.
2026-01+00-08 08:57:33 INFO [io.apicurio.registry.storage.impl.sql.AbstractSqlRegistryStorage] (main) Acquiring database initialization lock...
2026-01+00-08 08:57:33 INFO [io.apicurio.registry.storage.impl.sql.AbstractSqlRegistryStorage] (main) Database initialization lock acquired.
2026-01+00-08 08:57:33 INFO [io.apicurio.registry.storage.impl.sql.AbstractSqlRegistryStorage] (main) Checking to see if the DB is initialized.
2026-01+00-08 08:57:33 INFO [io.apicurio.registry.storage.impl.sql.AbstractSqlRegistryStorage] (main) Database not initialized.
2026-01+00-08 08:57:33 INFO [io.apicurio.registry.storage.impl.sql.AbstractSqlRegistryStorage] (main) Initializing the Apicurio Registry database.
2026-01+00-08 08:57:33 INFO [io.apicurio.registry.storage.impl.sql.AbstractSqlRegistryStorage] (main) 	Database type: h2
2026-01+00-08 08:57:33 INFO [io.apicurio.registry.storage.impl.sql.AbstractSqlRegistryStorage] (main) Checking to see if the DB is up-to-date.
2026-01+00-08 08:57:33 INFO [io.apicurio.registry.storage.impl.sql.AbstractSqlRegistryStorage] (main) Build's DB version is 101
2026-01+00-08 08:57:33 INFO [io.apicurio.registry.storage.impl.sql.AbstractSqlRegistryStorage] (main) Releasing database initialization lock...
2026-01+00-08 08:57:33 INFO [io.apicurio.registry.storage.impl.sql.AbstractSqlRegistryStorage] (main) Database initialization lock released.
2026-01+00-08 08:57:33 INFO [io.apicurio.registry.storage.RegistryStorageProducer] (main) Using the following RegistryStorage implementation: io.apicurio.registry.storage.impl.sql.SqlRegistryStorage_ClientProxy
2026-01+00-08 08:57:33 INFO [io.apicurio.registry.services.DynamicLogConfigurationService] (main) Applied initial log level configuration at startup: io.apicurio = INFO
