__  ____  __  _____   ___  __ ____  ______ 
 --/ __ \/ / / / _ | / _ \/ //_/ / / / __/ 
 -/ /_/ / /_/ / __ |/ , _/ ,< / /_/ /\ \   
--\___\_\____/_/ |_/_/|_/_/|_|\____/___/   
2025-11-20 11:46:52,909 INFO  [io.qua.ope.run.OperatorProducer] (main) Quarkus Java Operator SDK extension 6.3.0 (commit: ed62dd6 on branch: ed62dd6b79032385ef3bab0e8695e40215b28337) built on Thu Aug 17 18:55:08 GMT 2023
2025-11-20 11:46:52,945 INFO  [io.jav.ope.Operator] (main) Registered reconciler: 'keycloakcontroller' for resource: 'class org.keycloak.operator.crds.v2alpha1.deployment.Keycloak' for namespace(s): [keycloak22]
2025-11-20 11:46:52,947 INFO  [io.jav.ope.Operator] (main) Registered reconciler: 'keycloakrealmimportcontroller' for resource: 'class org.keycloak.operator.crds.v2alpha1.realmimport.KeycloakRealmImport' for namespace(s): [keycloak22]
2025-11-20 11:46:52,948 INFO  [io.qua.ope.run.AppEventListener] (main) Starting operator.
2025-11-20 11:46:52,948 INFO  [io.jav.ope.Operator] (main) Operator SDK 4.4.2 (commit: 8234e84) built on Wed Aug 16 06:00:51 GMT 2023 starting...
2025-11-20 11:46:52,948 INFO  [io.jav.ope.Operator] (main) Client version: 6.7.2
2025-11-20 11:46:52,951 INFO  [io.jav.ope.pro.Controller] (Controller Starter for: keycloakcontroller) Starting 'keycloakcontroller' controller for reconciler: org.keycloak.operator.controllers.KeycloakController, resource: org.keycloak.operator.crds.v2alpha1.deployment.Keycloak
2025-11-20 11:46:52,951 INFO  [io.jav.ope.pro.Controller] (Controller Starter for: keycloakrealmimportcontroller) Starting 'keycloakrealmimportcontroller' controller for reconciler: org.keycloak.operator.controllers.KeycloakRealmImportController, resource: org.keycloak.operator.crds.v2alpha1.realmimport.KeycloakRealmImport
2025-11-20 11:46:52,982 WARN  [io.fab.kub.cli.dsl.int.VersionUsageUtils] (InformerWrapper [keycloakrealmimports.k8s.keycloak.org/v2alpha1] 25) The client is using resource type 'keycloakrealmimports' with unstable version 'v2alpha1'
2025-11-20 11:46:52,982 WARN  [io.fab.kub.cli.dsl.int.VersionUsageUtils] (InformerWrapper [keycloaks.k8s.keycloak.org/v2alpha1] 26) The client is using resource type 'keycloaks' with unstable version 'v2alpha1'
2025-11-20 11:46:54,081 INFO  [io.jav.ope.pro.Controller] (Controller Starter for: keycloakrealmimportcontroller) 'keycloakrealmimportcontroller' controller started
2025-11-20 11:46:54,110 INFO  [io.jav.ope.pro.Controller] (Controller Starter for: keycloakcontroller) 'keycloakcontroller' controller started
2025-11-20 11:46:54,123 INFO  [org.key.ope.con.KeycloakController] (ReconcilerExecutor-keycloakcontroller-47) --- Reconciling Keycloak: keycloak-instance in namespace: keycloak22
2025-11-20 11:46:54,138 INFO  [org.key.ope.con.KeycloakRealmImportController] (ReconcilerExecutor-keycloakrealmimportcontroller-46) --- Reconciling Keycloak Realm: registry-sso-realm in namespace: keycloak22
2025-11-20 11:46:54,149 INFO  [io.quarkus] (main) keycloak-operator 22.0.5 on JVM (powered by Quarkus 3.2.7.Final) started in 3.098s. Listening on: http://0.0.0.0:8080
2025-11-20 11:46:54,150 INFO  [io.quarkus] (main) Profile prod activated. 
2025-11-20 11:46:54,150 INFO  [io.quarkus] (main) Installed features: [cdi, kubernetes, kubernetes-client, openshift-client, operator-sdk, rest-client, rest-client-jackson, resteasy-jackson, smallrye-context-propagation, smallrye-health, vertx]
2025-11-20 11:46:54,326 INFO  [org.key.ope.con.KeycloakRealmImportJob] (ReconcilerExecutor-keycloakrealmimportcontroller-46) Job already available
2025-11-20 11:46:54,327 INFO  [org.key.ope.con.KeycloakRealmImportJob] (ReconcilerExecutor-keycloakrealmimportcontroller-46) Job already executed - not recreating
2025-11-20 11:46:54,328 INFO  [org.key.ope.con.KeycloakRealmImportJob] (ReconcilerExecutor-keycloakrealmimportcontroller-46) Job Failed
2025-11-20 11:46:54,328 INFO  [org.key.ope.con.KeycloakRealmImportController] (ReconcilerExecutor-keycloakrealmimportcontroller-46) --- Realm reconciliation finished successfully
2025-11-20 11:46:54,537 INFO  [org.key.ope.con.KeycloakDeployment] (ReconcilerExecutor-keycloakcontroller-47) Found config secrets names: []
2025-11-20 11:46:54,589 INFO  [org.key.ope.con.KeycloakDeployment] (ReconcilerExecutor-keycloakcontroller-47) Existing Deployment found, handling migration
2025-11-20 11:46:54,667 INFO  [org.key.ope.con.KeycloakDeployment] (ReconcilerExecutor-keycloakcontroller-47) Found unhealthy container on pod keycloak22/keycloak-instance-0: ---
containerID: "cri-o://7ea48c0ab9a35cc2eba0133c3334f74977aeb11a9437ad5c1c9b640bc8a0f7cd"
image: "quay.io/keycloak/keycloak:22.0.3"
imageID: "quay.io/keycloak/keycloak@sha256:77484c533346d4f8e6ea479e96cdcc107b822f29ab683957ef4905a0fe36b8d4"
lastState:
  terminated:
    containerID: "cri-o://7ea48c0ab9a35cc2eba0133c3334f74977aeb11a9437ad5c1c9b640bc8a0f7cd"
    exitCode: 1
    finishedAt: "2025-11-20T11:46:33Z"
    reason: "Error"
    startedAt: "2025-11-20T11:46:26Z"
name: "keycloak"
ready: false
restartCount: 5
started: false
state:
  waiting:
    message: "back-off 2m40s restarting failed container=keycloak pod=keycloak-instance-0_keycloak22(8f554506-6665-48b9-8319-2d63d8fa05ad)"
    reason: "CrashLoopBackOff"
volumeMounts:
- name: "kube-api-access-xdtwb"
  mountPath: "/var/run/secrets/kubernetes.io/serviceaccount"
  readOnly: true
  recursiveReadOnly: "Disabled"

2025-11-20 11:46:54,773 INFO  [org.key.ope.con.KeycloakController] (ReconcilerExecutor-keycloakcontroller-47) --- Reconciliation finished successfully
2025-11-20 11:46:54,782 INFO  [org.key.ope.con.KeycloakController] (ReconcilerExecutor-keycloakcontroller-49) --- Reconciling Keycloak: keycloak-instance in namespace: keycloak22
2025-11-20 11:46:54,794 INFO  [org.key.ope.con.KeycloakDeployment] (ReconcilerExecutor-keycloakcontroller-49) Found config secrets names: []
2025-11-20 11:46:54,805 INFO  [org.key.ope.con.KeycloakDeployment] (ReconcilerExecutor-keycloakcontroller-49) Existing Deployment found, handling migration
2025-11-20 11:46:54,834 INFO  [org.key.ope.con.KeycloakDeployment] (ReconcilerExecutor-keycloakcontroller-49) Found unhealthy container on pod keycloak22/keycloak-instance-0: ---
containerID: "cri-o://7ea48c0ab9a35cc2eba0133c3334f74977aeb11a9437ad5c1c9b640bc8a0f7cd"
image: "quay.io/keycloak/keycloak:22.0.3"
imageID: "quay.io/keycloak/keycloak@sha256:77484c533346d4f8e6ea479e96cdcc107b822f29ab683957ef4905a0fe36b8d4"
lastState:
  terminated:
    containerID: "cri-o://7ea48c0ab9a35cc2eba0133c3334f74977aeb11a9437ad5c1c9b640bc8a0f7cd"
    exitCode: 1
    finishedAt: "2025-11-20T11:46:33Z"
    reason: "Error"
    startedAt: "2025-11-20T11:46:26Z"
name: "keycloak"
ready: false
restartCount: 5
started: false
state:
  waiting:
    message: "back-off 2m40s restarting failed container=keycloak pod=keycloak-instance-0_keycloak22(8f554506-6665-48b9-8319-2d63d8fa05ad)"
    reason: "CrashLoopBackOff"
volumeMounts:
- name: "kube-api-access-xdtwb"
  mountPath: "/var/run/secrets/kubernetes.io/serviceaccount"
  readOnly: true
  recursiveReadOnly: "Disabled"

2025-11-20 11:46:54,877 INFO  [org.key.ope.con.KeycloakController] (ReconcilerExecutor-keycloakcontroller-49) --- Reconciliation finished successfully
2025-11-20 11:47:04,360 INFO  [org.key.ope.con.KeycloakRealmImportController] (ReconcilerExecutor-keycloakrealmimportcontroller-50) --- Reconciling Keycloak Realm: registry-sso-realm in namespace: keycloak22
2025-11-20 11:47:04,417 INFO  [org.key.ope.con.KeycloakRealmImportJob] (ReconcilerExecutor-keycloakrealmimportcontroller-50) Job already available
2025-11-20 11:47:04,417 INFO  [org.key.ope.con.KeycloakRealmImportJob] (ReconcilerExecutor-keycloakrealmimportcontroller-50) Job already executed - not recreating
2025-11-20 11:47:04,418 INFO  [org.key.ope.con.KeycloakRealmImportJob] (ReconcilerExecutor-keycloakrealmimportcontroller-50) Job Failed
2025-11-20 11:47:04,418 INFO  [org.key.ope.con.KeycloakRealmImportController] (ReconcilerExecutor-keycloakrealmimportcontroller-50) --- Realm reconciliation finished successfully
2025-11-20 11:47:04,883 INFO  [org.key.ope.con.KeycloakController] (ReconcilerExecutor-keycloakcontroller-51) --- Reconciling Keycloak: keycloak-instance in namespace: keycloak22
2025-11-20 11:47:04,898 INFO  [org.key.ope.con.KeycloakDeployment] (ReconcilerExecutor-keycloakcontroller-51) Found config secrets names: []
2025-11-20 11:47:04,911 INFO  [org.key.ope.con.KeycloakDeployment] (ReconcilerExecutor-keycloakcontroller-51) Existing Deployment found, handling migration
2025-11-20 11:47:04,932 INFO  [org.key.ope.con.KeycloakDeployment] (ReconcilerExecutor-keycloakcontroller-51) Found unhealthy container on pod keycloak22/keycloak-instance-0: ---
containerID: "cri-o://7ea48c0ab9a35cc2eba0133c3334f74977aeb11a9437ad5c1c9b640bc8a0f7cd"
image: "quay.io/keycloak/keycloak:22.0.3"
imageID: "quay.io/keycloak/keycloak@sha256:77484c533346d4f8e6ea479e96cdcc107b822f29ab683957ef4905a0fe36b8d4"
lastState:
  terminated:
    containerID: "cri-o://7ea48c0ab9a35cc2eba0133c3334f74977aeb11a9437ad5c1c9b640bc8a0f7cd"
    exitCode: 1
    finishedAt: "2025-11-20T11:46:33Z"
    reason: "Error"
    startedAt: "2025-11-20T11:46:26Z"
name: "keycloak"
ready: false
restartCount: 5
started: false
state:
  waiting:
    message: "back-off 2m40s restarting failed container=keycloak pod=keycloak-instance-0_keycloak22(8f554506-6665-48b9-8319-2d63d8fa05ad)"
    reason: "CrashLoopBackOff"
volumeMounts:
- name: "kube-api-access-xdtwb"
  mountPath: "/var/run/secrets/kubernetes.io/serviceaccount"
  readOnly: true
  recursiveReadOnly: "Disabled"

2025-11-20 11:47:04,965 INFO  [org.key.ope.con.KeycloakController] (ReconcilerExecutor-keycloakcontroller-51) --- Reconciliation finished successfully
2025-11-20 11:47:14,423 INFO  [org.key.ope.con.KeycloakRealmImportController] (ReconcilerExecutor-keycloakrealmimportcontroller-52) --- Reconciling Keycloak Realm: registry-sso-realm in namespace: keycloak22
2025-11-20 11:47:14,462 INFO  [org.key.ope.con.KeycloakRealmImportJob] (ReconcilerExecutor-keycloakrealmimportcontroller-52) Job already available
2025-11-20 11:47:14,462 INFO  [org.key.ope.con.KeycloakRealmImportJob] (ReconcilerExecutor-keycloakrealmimportcontroller-52) Job already executed - not recreating
2025-11-20 11:47:14,463 INFO  [org.key.ope.con.KeycloakRealmImportJob] (ReconcilerExecutor-keycloakrealmimportcontroller-52) Job Failed
2025-11-20 11:47:14,463 INFO  [org.key.ope.con.KeycloakRealmImportController] (ReconcilerExecutor-keycloakrealmimportcontroller-52) --- Realm reconciliation finished successfully
2025-11-20 11:47:14,971 INFO  [org.key.ope.con.KeycloakController] (ReconcilerExecutor-keycloakcontroller-53) --- Reconciling Keycloak: keycloak-instance in namespace: keycloak22
2025-11-20 11:47:14,979 INFO  [org.key.ope.con.KeycloakDeployment] (ReconcilerExecutor-keycloakcontroller-53) Found config secrets names: []
2025-11-20 11:47:14,988 INFO  [org.key.ope.con.KeycloakDeployment] (ReconcilerExecutor-keycloakcontroller-53) Existing Deployment found, handling migration
2025-11-20 11:47:15,020 INFO  [org.key.ope.con.KeycloakDeployment] (ReconcilerExecutor-keycloakcontroller-53) Found unhealthy container on pod keycloak22/keycloak-instance-0: ---
containerID: "cri-o://7ea48c0ab9a35cc2eba0133c3334f74977aeb11a9437ad5c1c9b640bc8a0f7cd"
image: "quay.io/keycloak/keycloak:22.0.3"
imageID: "quay.io/keycloak/keycloak@sha256:77484c533346d4f8e6ea479e96cdcc107b822f29ab683957ef4905a0fe36b8d4"
lastState:
  terminated:
    containerID: "cri-o://7ea48c0ab9a35cc2eba0133c3334f74977aeb11a9437ad5c1c9b640bc8a0f7cd"
    exitCode: 1
    finishedAt: "2025-11-20T11:46:33Z"
    reason: "Error"
    startedAt: "2025-11-20T11:46:26Z"
name: "keycloak"
ready: false
restartCount: 5
started: false
state:
  waiting:
    message: "back-off 2m40s restarting failed container=keycloak pod=keycloak-instance-0_keycloak22(8f554506-6665-48b9-8319-2d63d8fa05ad)"
    reason: "CrashLoopBackOff"
volumeMounts:
- name: "kube-api-access-xdtwb"
  mountPath: "/var/run/secrets/kubernetes.io/serviceaccount"
  readOnly: true
  recursiveReadOnly: "Disabled"

2025-11-20 11:47:15,057 INFO  [org.key.ope.con.KeycloakController] (ReconcilerExecutor-keycloakcontroller-53) --- Reconciliation finished successfully
2025-11-20 11:47:24,469 INFO  [org.key.ope.con.KeycloakRealmImportController] (ReconcilerExecutor-keycloakrealmimportcontroller-54) --- Reconciling Keycloak Realm: registry-sso-realm in namespace: keycloak22
2025-11-20 11:47:24,510 INFO  [org.key.ope.con.KeycloakRealmImportJob] (ReconcilerExecutor-keycloakrealmimportcontroller-54) Job already available
2025-11-20 11:47:24,510 INFO  [org.key.ope.con.KeycloakRealmImportJob] (ReconcilerExecutor-keycloakrealmimportcontroller-54) Job already executed - not recreating
2025-11-20 11:47:24,510 INFO  [org.key.ope.con.KeycloakRealmImportJob] (ReconcilerExecutor-keycloakrealmimportcontroller-54) Job Failed
2025-11-20 11:47:24,510 INFO  [org.key.ope.con.KeycloakRealmImportController] (ReconcilerExecutor-keycloakrealmimportcontroller-54) --- Realm reconciliation finished successfully
2025-11-20 11:47:25,066 INFO  [org.key.ope.con.KeycloakController] (ReconcilerExecutor-keycloakcontroller-55) --- Reconciling Keycloak: keycloak-instance in namespace: keycloak22
2025-11-20 11:47:25,075 INFO  [org.key.ope.con.KeycloakDeployment] (ReconcilerExecutor-keycloakcontroller-55) Found config secrets names: []
2025-11-20 11:47:25,086 INFO  [org.key.ope.con.KeycloakDeployment] (ReconcilerExecutor-keycloakcontroller-55) Existing Deployment found, handling migration
2025-11-20 11:47:25,107 INFO  [org.key.ope.con.KeycloakDeployment] (ReconcilerExecutor-keycloakcontroller-55) Found unhealthy container on pod keycloak22/keycloak-instance-0: ---
containerID: "cri-o://7ea48c0ab9a35cc2eba0133c3334f74977aeb11a9437ad5c1c9b640bc8a0f7cd"
image: "quay.io/keycloak/keycloak:22.0.3"
imageID: "quay.io/keycloak/keycloak@sha256:77484c533346d4f8e6ea479e96cdcc107b822f29ab683957ef4905a0fe36b8d4"
lastState:
  terminated:
    containerID: "cri-o://7ea48c0ab9a35cc2eba0133c3334f74977aeb11a9437ad5c1c9b640bc8a0f7cd"
    exitCode: 1
    finishedAt: "2025-11-20T11:46:33Z"
    reason: "Error"
    startedAt: "2025-11-20T11:46:26Z"
name: "keycloak"
ready: false
restartCount: 5
started: false
state:
  waiting:
    message: "back-off 2m40s restarting failed container=keycloak pod=keycloak-instance-0_keycloak22(8f554506-6665-48b9-8319-2d63d8fa05ad)"
    reason: "CrashLoopBackOff"
volumeMounts:
- name: "kube-api-access-xdtwb"
  mountPath: "/var/run/secrets/kubernetes.io/serviceaccount"
  readOnly: true
  recursiveReadOnly: "Disabled"

2025-11-20 11:47:25,142 INFO  [org.key.ope.con.KeycloakController] (ReconcilerExecutor-keycloakcontroller-55) --- Reconciliation finished successfully
2025-11-20 11:47:34,519 INFO  [org.key.ope.con.KeycloakRealmImportController] (ReconcilerExecutor-keycloakrealmimportcontroller-56) --- Reconciling Keycloak Realm: registry-sso-realm in namespace: keycloak22
2025-11-20 11:47:34,550 INFO  [org.key.ope.con.KeycloakRealmImportJob] (ReconcilerExecutor-keycloakrealmimportcontroller-56) Job already available
2025-11-20 11:47:34,550 INFO  [org.key.ope.con.KeycloakRealmImportJob] (ReconcilerExecutor-keycloakrealmimportcontroller-56) Job already executed - not recreating
2025-11-20 11:47:34,551 INFO  [org.key.ope.con.KeycloakRealmImportJob] (ReconcilerExecutor-keycloakrealmimportcontroller-56) Job Failed
2025-11-20 11:47:34,551 INFO  [org.key.ope.con.KeycloakRealmImportController] (ReconcilerExecutor-keycloakrealmimportcontroller-56) --- Realm reconciliation finished successfully
2025-11-20 11:47:35,145 INFO  [org.key.ope.con.KeycloakController] (ReconcilerExecutor-keycloakcontroller-46) --- Reconciling Keycloak: keycloak-instance in namespace: keycloak22
2025-11-20 11:47:35,157 INFO  [org.key.ope.con.KeycloakDeployment] (ReconcilerExecutor-keycloakcontroller-46) Found config secrets names: []
2025-11-20 11:47:35,167 INFO  [org.key.ope.con.KeycloakDeployment] (ReconcilerExecutor-keycloakcontroller-46) Existing Deployment found, handling migration
2025-11-20 11:47:35,187 INFO  [org.key.ope.con.KeycloakDeployment] (ReconcilerExecutor-keycloakcontroller-46) Found unhealthy container on pod keycloak22/keycloak-instance-0: ---
containerID: "cri-o://7ea48c0ab9a35cc2eba0133c3334f74977aeb11a9437ad5c1c9b640bc8a0f7cd"
image: "quay.io/keycloak/keycloak:22.0.3"
imageID: "quay.io/keycloak/keycloak@sha256:77484c533346d4f8e6ea479e96cdcc107b822f29ab683957ef4905a0fe36b8d4"
lastState:
  terminated:
    containerID: "cri-o://7ea48c0ab9a35cc2eba0133c3334f74977aeb11a9437ad5c1c9b640bc8a0f7cd"
    exitCode: 1
    finishedAt: "2025-11-20T11:46:33Z"
    reason: "Error"
    startedAt: "2025-11-20T11:46:26Z"
name: "keycloak"
ready: false
restartCount: 5
started: false
state:
  waiting:
    message: "back-off 2m40s restarting failed container=keycloak pod=keycloak-instance-0_keycloak22(8f554506-6665-48b9-8319-2d63d8fa05ad)"
    reason: "CrashLoopBackOff"
volumeMounts:
- name: "kube-api-access-xdtwb"
  mountPath: "/var/run/secrets/kubernetes.io/serviceaccount"
  readOnly: true
  recursiveReadOnly: "Disabled"

2025-11-20 11:47:35,218 INFO  [org.key.ope.con.KeycloakController] (ReconcilerExecutor-keycloakcontroller-46) --- Reconciliation finished successfully
2025-11-20 11:47:44,556 INFO  [org.key.ope.con.KeycloakRealmImportController] (ReconcilerExecutor-keycloakrealmimportcontroller-47) --- Reconciling Keycloak Realm: registry-sso-realm in namespace: keycloak22
2025-11-20 11:47:44,586 INFO  [org.key.ope.con.KeycloakRealmImportJob] (ReconcilerExecutor-keycloakrealmimportcontroller-47) Job already available
2025-11-20 11:47:44,586 INFO  [org.key.ope.con.KeycloakRealmImportJob] (ReconcilerExecutor-keycloakrealmimportcontroller-47) Job already executed - not recreating
2025-11-20 11:47:44,587 INFO  [org.key.ope.con.KeycloakRealmImportJob] (ReconcilerExecutor-keycloakrealmimportcontroller-47) Job Failed
2025-11-20 11:47:44,587 INFO  [org.key.ope.con.KeycloakRealmImportController] (ReconcilerExecutor-keycloakrealmimportcontroller-47) --- Realm reconciliation finished successfully
2025-11-20 11:47:45,220 INFO  [org.key.ope.con.KeycloakController] (ReconcilerExecutor-keycloakcontroller-49) --- Reconciling Keycloak: keycloak-instance in namespace: keycloak22
2025-11-20 11:47:45,228 INFO  [org.key.ope.con.KeycloakDeployment] (ReconcilerExecutor-keycloakcontroller-49) Found config secrets names: []
2025-11-20 11:47:45,245 INFO  [org.key.ope.con.KeycloakDeployment] (ReconcilerExecutor-keycloakcontroller-49) Existing Deployment found, handling migration
2025-11-20 11:47:45,264 INFO  [org.key.ope.con.KeycloakDeployment] (ReconcilerExecutor-keycloakcontroller-49) Found unhealthy container on pod keycloak22/keycloak-instance-0: ---
containerID: "cri-o://7ea48c0ab9a35cc2eba0133c3334f74977aeb11a9437ad5c1c9b640bc8a0f7cd"
image: "quay.io/keycloak/keycloak:22.0.3"
imageID: "quay.io/keycloak/keycloak@sha256:77484c533346d4f8e6ea479e96cdcc107b822f29ab683957ef4905a0fe36b8d4"
lastState:
  terminated:
    containerID: "cri-o://7ea48c0ab9a35cc2eba0133c3334f74977aeb11a9437ad5c1c9b640bc8a0f7cd"
    exitCode: 1
    finishedAt: "2025-11-20T11:46:33Z"
    reason: "Error"
    startedAt: "2025-11-20T11:46:26Z"
name: "keycloak"
ready: false
restartCount: 5
started: false
state:
  waiting:
    message: "back-off 2m40s restarting failed container=keycloak pod=keycloak-instance-0_keycloak22(8f554506-6665-48b9-8319-2d63d8fa05ad)"
    reason: "CrashLoopBackOff"
volumeMounts:
- name: "kube-api-access-xdtwb"
  mountPath: "/var/run/secrets/kubernetes.io/serviceaccount"
  readOnly: true
  recursiveReadOnly: "Disabled"

2025-11-20 11:47:45,296 INFO  [org.key.ope.con.KeycloakController] (ReconcilerExecutor-keycloakcontroller-49) --- Reconciliation finished successfully
2025-11-20 11:47:54,591 INFO  [org.key.ope.con.KeycloakRealmImportController] (ReconcilerExecutor-keycloakrealmimportcontroller-50) --- Reconciling Keycloak Realm: registry-sso-realm in namespace: keycloak22
2025-11-20 11:47:54,621 INFO  [org.key.ope.con.KeycloakRealmImportJob] (ReconcilerExecutor-keycloakrealmimportcontroller-50) Job already available
2025-11-20 11:47:54,621 INFO  [org.key.ope.con.KeycloakRealmImportJob] (ReconcilerExecutor-keycloakrealmimportcontroller-50) Job already executed - not recreating
2025-11-20 11:47:54,621 INFO  [org.key.ope.con.KeycloakRealmImportJob] (ReconcilerExecutor-keycloakrealmimportcontroller-50) Job Failed
2025-11-20 11:47:54,621 INFO  [org.key.ope.con.KeycloakRealmImportController] (ReconcilerExecutor-keycloakrealmimportcontroller-50) --- Realm reconciliation finished successfully
2025-11-20 11:47:55,298 INFO  [org.key.ope.con.KeycloakController] (ReconcilerExecutor-keycloakcontroller-51) --- Reconciling Keycloak: keycloak-instance in namespace: keycloak22
2025-11-20 11:47:55,305 INFO  [org.key.ope.con.KeycloakDeployment] (ReconcilerExecutor-keycloakcontroller-51) Found config secrets names: []
2025-11-20 11:47:55,314 INFO  [org.key.ope.con.KeycloakDeployment] (ReconcilerExecutor-keycloakcontroller-51) Existing Deployment found, handling migration
2025-11-20 11:47:55,340 INFO  [org.key.ope.con.KeycloakDeployment] (ReconcilerExecutor-keycloakcontroller-51) Found unhealthy container on pod keycloak22/keycloak-instance-0: ---
containerID: "cri-o://7ea48c0ab9a35cc2eba0133c3334f74977aeb11a9437ad5c1c9b640bc8a0f7cd"
image: "quay.io/keycloak/keycloak:22.0.3"
imageID: "quay.io/keycloak/keycloak@sha256:77484c533346d4f8e6ea479e96cdcc107b822f29ab683957ef4905a0fe36b8d4"
lastState:
  terminated:
    containerID: "cri-o://7ea48c0ab9a35cc2eba0133c3334f74977aeb11a9437ad5c1c9b640bc8a0f7cd"
    exitCode: 1
    finishedAt: "2025-11-20T11:46:33Z"
    reason: "Error"
    startedAt: "2025-11-20T11:46:26Z"
name: "keycloak"
ready: false
restartCount: 5
started: false
state:
  waiting:
    message: "back-off 2m40s restarting failed container=keycloak pod=keycloak-instance-0_keycloak22(8f554506-6665-48b9-8319-2d63d8fa05ad)"
    reason: "CrashLoopBackOff"
volumeMounts:
- name: "kube-api-access-xdtwb"
  mountPath: "/var/run/secrets/kubernetes.io/serviceaccount"
  readOnly: true
  recursiveReadOnly: "Disabled"

2025-11-20 11:47:55,372 INFO  [org.key.ope.con.KeycloakController] (ReconcilerExecutor-keycloakcontroller-51) --- Reconciliation finished successfully
2025-11-20 11:48:04,626 INFO  [org.key.ope.con.KeycloakRealmImportController] (ReconcilerExecutor-keycloakrealmimportcontroller-52) --- Reconciling Keycloak Realm: registry-sso-realm in namespace: keycloak22
2025-11-20 11:48:04,661 INFO  [org.key.ope.con.KeycloakRealmImportJob] (ReconcilerExecutor-keycloakrealmimportcontroller-52) Job already available
2025-11-20 11:48:04,661 INFO  [org.key.ope.con.KeycloakRealmImportJob] (ReconcilerExecutor-keycloakrealmimportcontroller-52) Job already executed - not recreating
2025-11-20 11:48:04,661 INFO  [org.key.ope.con.KeycloakRealmImportJob] (ReconcilerExecutor-keycloakrealmimportcontroller-52) Job Failed
2025-11-20 11:48:04,661 INFO  [org.key.ope.con.KeycloakRealmImportController] (ReconcilerExecutor-keycloakrealmimportcontroller-52) --- Realm reconciliation finished successfully
2025-11-20 11:48:05,374 INFO  [org.key.ope.con.KeycloakController] (ReconcilerExecutor-keycloakcontroller-53) --- Reconciling Keycloak: keycloak-instance in namespace: keycloak22
2025-11-20 11:48:05,382 INFO  [org.key.ope.con.KeycloakDeployment] (ReconcilerExecutor-keycloakcontroller-53) Found config secrets names: []
2025-11-20 11:48:05,390 INFO  [org.key.ope.con.KeycloakDeployment] (ReconcilerExecutor-keycloakcontroller-53) Existing Deployment found, handling migration
2025-11-20 11:48:05,409 INFO  [org.key.ope.con.KeycloakDeployment] (ReconcilerExecutor-keycloakcontroller-53) Found unhealthy container on pod keycloak22/keycloak-instance-0: ---
containerID: "cri-o://7ea48c0ab9a35cc2eba0133c3334f74977aeb11a9437ad5c1c9b640bc8a0f7cd"
image: "quay.io/keycloak/keycloak:22.0.3"
imageID: "quay.io/keycloak/keycloak@sha256:77484c533346d4f8e6ea479e96cdcc107b822f29ab683957ef4905a0fe36b8d4"
lastState:
  terminated:
    containerID: "cri-o://7ea48c0ab9a35cc2eba0133c3334f74977aeb11a9437ad5c1c9b640bc8a0f7cd"
    exitCode: 1
    finishedAt: "2025-11-20T11:46:33Z"
    reason: "Error"
    startedAt: "2025-11-20T11:46:26Z"
name: "keycloak"
ready: false
restartCount: 5
started: false
state:
  waiting:
    message: "back-off 2m40s restarting failed container=keycloak pod=keycloak-instance-0_keycloak22(8f554506-6665-48b9-8319-2d63d8fa05ad)"
    reason: "CrashLoopBackOff"
volumeMounts:
- name: "kube-api-access-xdtwb"
  mountPath: "/var/run/secrets/kubernetes.io/serviceaccount"
  readOnly: true
  recursiveReadOnly: "Disabled"

2025-11-20 11:48:05,437 INFO  [org.key.ope.con.KeycloakController] (ReconcilerExecutor-keycloakcontroller-53) --- Reconciliation finished successfully
2025-11-20 11:48:14,665 INFO  [org.key.ope.con.KeycloakRealmImportController] (ReconcilerExecutor-keycloakrealmimportcontroller-54) --- Reconciling Keycloak Realm: registry-sso-realm in namespace: keycloak22
2025-11-20 11:48:14,692 INFO  [org.key.ope.con.KeycloakRealmImportJob] (ReconcilerExecutor-keycloakrealmimportcontroller-54) Job already available
2025-11-20 11:48:14,693 INFO  [org.key.ope.con.KeycloakRealmImportJob] (ReconcilerExecutor-keycloakrealmimportcontroller-54) Job already executed - not recreating
2025-11-20 11:48:14,693 INFO  [org.key.ope.con.KeycloakRealmImportJob] (ReconcilerExecutor-keycloakrealmimportcontroller-54) Job Failed
2025-11-20 11:48:14,693 INFO  [org.key.ope.con.KeycloakRealmImportController] (ReconcilerExecutor-keycloakrealmimportcontroller-54) --- Realm reconciliation finished successfully
2025-11-20 11:48:15,439 INFO  [org.key.ope.con.KeycloakController] (ReconcilerExecutor-keycloakcontroller-55) --- Reconciling Keycloak: keycloak-instance in namespace: keycloak22
2025-11-20 11:48:15,448 INFO  [org.key.ope.con.KeycloakDeployment] (ReconcilerExecutor-keycloakcontroller-55) Found config secrets names: []
2025-11-20 11:48:15,457 INFO  [org.key.ope.con.KeycloakDeployment] (ReconcilerExecutor-keycloakcontroller-55) Existing Deployment found, handling migration
2025-11-20 11:48:15,476 INFO  [org.key.ope.con.KeycloakDeployment] (ReconcilerExecutor-keycloakcontroller-55) Found unhealthy container on pod keycloak22/keycloak-instance-0: ---
containerID: "cri-o://7ea48c0ab9a35cc2eba0133c3334f74977aeb11a9437ad5c1c9b640bc8a0f7cd"
image: "quay.io/keycloak/keycloak:22.0.3"
imageID: "quay.io/keycloak/keycloak@sha256:77484c533346d4f8e6ea479e96cdcc107b822f29ab683957ef4905a0fe36b8d4"
lastState:
  terminated:
    containerID: "cri-o://7ea48c0ab9a35cc2eba0133c3334f74977aeb11a9437ad5c1c9b640bc8a0f7cd"
    exitCode: 1
    finishedAt: "2025-11-20T11:46:33Z"
    reason: "Error"
    startedAt: "2025-11-20T11:46:26Z"
name: "keycloak"
ready: false
restartCount: 5
started: false
state:
  waiting:
    message: "back-off 2m40s restarting failed container=keycloak pod=keycloak-instance-0_keycloak22(8f554506-6665-48b9-8319-2d63d8fa05ad)"
    reason: "CrashLoopBackOff"
volumeMounts:
- name: "kube-api-access-xdtwb"
  mountPath: "/var/run/secrets/kubernetes.io/serviceaccount"
  readOnly: true
  recursiveReadOnly: "Disabled"

2025-11-20 11:48:15,504 INFO  [org.key.ope.con.KeycloakController] (ReconcilerExecutor-keycloakcontroller-55) --- Reconciliation finished successfully
2025-11-20 11:48:24,697 INFO  [org.key.ope.con.KeycloakRealmImportController] (ReconcilerExecutor-keycloakrealmimportcontroller-56) --- Reconciling Keycloak Realm: registry-sso-realm in namespace: keycloak22
2025-11-20 11:48:24,730 INFO  [org.key.ope.con.KeycloakRealmImportJob] (ReconcilerExecutor-keycloakrealmimportcontroller-56) Job already available
2025-11-20 11:48:24,730 INFO  [org.key.ope.con.KeycloakRealmImportJob] (ReconcilerExecutor-keycloakrealmimportcontroller-56) Job already executed - not recreating
2025-11-20 11:48:24,730 INFO  [org.key.ope.con.KeycloakRealmImportJob] (ReconcilerExecutor-keycloakrealmimportcontroller-56) Job Failed
2025-11-20 11:48:24,731 INFO  [org.key.ope.con.KeycloakRealmImportController] (ReconcilerExecutor-keycloakrealmimportcontroller-56) --- Realm reconciliation finished successfully
2025-11-20 11:48:25,507 INFO  [org.key.ope.con.KeycloakController] (ReconcilerExecutor-keycloakcontroller-46) --- Reconciling Keycloak: keycloak-instance in namespace: keycloak22
2025-11-20 11:48:25,514 INFO  [org.key.ope.con.KeycloakDeployment] (ReconcilerExecutor-keycloakcontroller-46) Found config secrets names: []
2025-11-20 11:48:25,523 INFO  [org.key.ope.con.KeycloakDeployment] (ReconcilerExecutor-keycloakcontroller-46) Existing Deployment found, handling migration
2025-11-20 11:48:25,543 INFO  [org.key.ope.con.KeycloakDeployment] (ReconcilerExecutor-keycloakcontroller-46) Found unhealthy container on pod keycloak22/keycloak-instance-0: ---
containerID: "cri-o://7ea48c0ab9a35cc2eba0133c3334f74977aeb11a9437ad5c1c9b640bc8a0f7cd"
image: "quay.io/keycloak/keycloak:22.0.3"
imageID: "quay.io/keycloak/keycloak@sha256:77484c533346d4f8e6ea479e96cdcc107b822f29ab683957ef4905a0fe36b8d4"
lastState:
  terminated:
    containerID: "cri-o://7ea48c0ab9a35cc2eba0133c3334f74977aeb11a9437ad5c1c9b640bc8a0f7cd"
    exitCode: 1
    finishedAt: "2025-11-20T11:46:33Z"
    reason: "Error"
    startedAt: "2025-11-20T11:46:26Z"
name: "keycloak"
ready: false
restartCount: 5
started: false
state:
  waiting:
    message: "back-off 2m40s restarting failed container=keycloak pod=keycloak-instance-0_keycloak22(8f554506-6665-48b9-8319-2d63d8fa05ad)"
    reason: "CrashLoopBackOff"
volumeMounts:
- name: "kube-api-access-xdtwb"
  mountPath: "/var/run/secrets/kubernetes.io/serviceaccount"
  readOnly: true
  recursiveReadOnly: "Disabled"

2025-11-20 11:48:25,572 INFO  [org.key.ope.con.KeycloakController] (ReconcilerExecutor-keycloakcontroller-46) --- Reconciliation finished successfully
2025-11-20 11:48:34,734 INFO  [org.key.ope.con.KeycloakRealmImportController] (ReconcilerExecutor-keycloakrealmimportcontroller-47) --- Reconciling Keycloak Realm: registry-sso-realm in namespace: keycloak22
2025-11-20 11:48:34,763 INFO  [org.key.ope.con.KeycloakRealmImportJob] (ReconcilerExecutor-keycloakrealmimportcontroller-47) Job already available
2025-11-20 11:48:34,763 INFO  [org.key.ope.con.KeycloakRealmImportJob] (ReconcilerExecutor-keycloakrealmimportcontroller-47) Job already executed - not recreating
2025-11-20 11:48:34,763 INFO  [org.key.ope.con.KeycloakRealmImportJob] (ReconcilerExecutor-keycloakrealmimportcontroller-47) Job Failed
2025-11-20 11:48:34,763 INFO  [org.key.ope.con.KeycloakRealmImportController] (ReconcilerExecutor-keycloakrealmimportcontroller-47) --- Realm reconciliation finished successfully
2025-11-20 11:48:35,574 INFO  [org.key.ope.con.KeycloakController] (ReconcilerExecutor-keycloakcontroller-49) --- Reconciling Keycloak: keycloak-instance in namespace: keycloak22
2025-11-20 11:48:35,581 INFO  [org.key.ope.con.KeycloakDeployment] (ReconcilerExecutor-keycloakcontroller-49) Found config secrets names: []
2025-11-20 11:48:35,590 INFO  [org.key.ope.con.KeycloakDeployment] (ReconcilerExecutor-keycloakcontroller-49) Existing Deployment found, handling migration
2025-11-20 11:48:35,609 INFO  [org.key.ope.con.KeycloakDeployment] (ReconcilerExecutor-keycloakcontroller-49) Found unhealthy container on pod keycloak22/keycloak-instance-0: ---
containerID: "cri-o://7ea48c0ab9a35cc2eba0133c3334f74977aeb11a9437ad5c1c9b640bc8a0f7cd"
image: "quay.io/keycloak/keycloak:22.0.3"
imageID: "quay.io/keycloak/keycloak@sha256:77484c533346d4f8e6ea479e96cdcc107b822f29ab683957ef4905a0fe36b8d4"
lastState:
  terminated:
    containerID: "cri-o://7ea48c0ab9a35cc2eba0133c3334f74977aeb11a9437ad5c1c9b640bc8a0f7cd"
    exitCode: 1
    finishedAt: "2025-11-20T11:46:33Z"
    reason: "Error"
    startedAt: "2025-11-20T11:46:26Z"
name: "keycloak"
ready: false
restartCount: 5
started: false
state:
  waiting:
    message: "back-off 2m40s restarting failed container=keycloak pod=keycloak-instance-0_keycloak22(8f554506-6665-48b9-8319-2d63d8fa05ad)"
    reason: "CrashLoopBackOff"
volumeMounts:
- name: "kube-api-access-xdtwb"
  mountPath: "/var/run/secrets/kubernetes.io/serviceaccount"
  readOnly: true
  recursiveReadOnly: "Disabled"

2025-11-20 11:48:35,636 INFO  [org.key.ope.con.KeycloakController] (ReconcilerExecutor-keycloakcontroller-49) --- Reconciliation finished successfully
