2025-11-20 08:38:55,088 INFO  [io.qua.ope.run.OperatorProducer] (main) Quarkus Java Operator SDK extension 6.3.4 (commit: ce5b7ce on branch: 6.3.x) built on Thu Nov 09 13:41:47 GMT 2023
2025-11-20 08:38:55,116 INFO  [io.jav.ope.Operator] (main) Registered reconciler: 'watchedsecretscontroller' for resource: 'class io.fabric8.kubernetes.api.model.Secret' for namespace(s): [keycloak22]
2025-11-20 08:38:55,133 INFO  [io.jav.ope.Operator] (main) Registered reconciler: 'keycloakrealmimportcontroller' for resource: 'class org.keycloak.operator.crds.v2alpha1.realmimport.KeycloakRealmImport' for namespace(s): [keycloak22]
2025-11-20 08:38:55,156 INFO  [io.jav.ope.Operator] (main) Registered reconciler: 'keycloakcontroller' for resource: 'class org.keycloak.operator.crds.v2alpha1.deployment.Keycloak' for namespace(s): [keycloak22]
2025-11-20 08:38:55,156 INFO  [io.qua.ope.run.AppEventListener] (main) Starting operator.
2025-11-20 08:38:55,157 INFO  [io.jav.ope.Operator] (main) Operator SDK 4.4.4 (commit: 609a55a) built on Tue Sep 19 10:58:23 GMT 2023 starting...
2025-11-20 08:38:55,157 INFO  [io.jav.ope.Operator] (main) Client version: 6.7.2
2025-11-20 08:38:55,160 INFO  [io.jav.ope.pro.Controller] (Controller Starter for: keycloakrealmimportcontroller) Starting 'keycloakrealmimportcontroller' controller for reconciler: org.keycloak.operator.controllers.KeycloakRealmImportController, resource: org.keycloak.operator.crds.v2alpha1.realmimport.KeycloakRealmImport
2025-11-20 08:38:55,161 INFO  [io.jav.ope.pro.Controller] (Controller Starter for: keycloakcontroller) Starting 'keycloakcontroller' controller for reconciler: org.keycloak.operator.controllers.KeycloakController, resource: org.keycloak.operator.crds.v2alpha1.deployment.Keycloak
2025-11-20 08:38:55,163 INFO  [io.jav.ope.pro.Controller] (Controller Starter for: watchedsecretscontroller) Starting 'watchedsecretscontroller' controller for reconciler: org.keycloak.operator.controllers.WatchedSecretsController, resource: io.fabric8.kubernetes.api.model.Secret
2025-11-20 08:38:55,195 WARN  [io.fab.kub.cli.dsl.int.VersionUsageUtils] (InformerWrapper [keycloaks.k8s.keycloak.org/v2alpha1] 30) The client is using resource type 'keycloaks' with unstable version 'v2alpha1'
2025-11-20 08:38:55,196 WARN  [io.fab.kub.cli.dsl.int.VersionUsageUtils] (InformerWrapper [keycloakrealmimports.k8s.keycloak.org/v2alpha1] 29) The client is using resource type 'keycloakrealmimports' with unstable version 'v2alpha1'
2025-11-20 08:38:55,786 ERROR [io.fab.kub.cli.inf.imp.cac.Reflector] (vert.x-eventloop-thread-0) listSyncAndWatch failed for k8s.keycloak.org/v2alpha1/namespaces/keycloak22/keycloakrealmimports, will stop: java.util.concurrent.CompletionException: io.fabric8.kubernetes.client.KubernetesClientException: Failure executing: GET at: https://172.30.0.1:443/apis/k8s.keycloak.org/v2alpha1/namespaces/keycloak22/keycloakrealmimports?resourceVersion=0. Message: storage is (re)initializing. Received status: Status(apiVersion=v1, code=429, details=StatusDetails(causes=[], group=null, kind=null, name=null, retryAfterSeconds=1, uid=null, additionalProperties={}), kind=Status, message=storage is (re)initializing, metadata=ListMeta(_continue=null, remainingItemCount=null, resourceVersion=null, selfLink=null, additionalProperties={}), reason=TooManyRequests, status=Failure, additionalProperties={}).
	at java.base/java.util.concurrent.CompletableFuture.encodeThrowable(CompletableFuture.java:315)
	at java.base/java.util.concurrent.CompletableFuture.completeThrowable(CompletableFuture.java:320)
	at java.base/java.util.concurrent.CompletableFuture$UniApply.tryFire(CompletableFuture.java:649)
	at java.base/java.util.concurrent.CompletableFuture.postComplete(CompletableFuture.java:510)
	at java.base/java.util.concurrent.CompletableFuture.complete(CompletableFuture.java:2147)
	at io.fabric8.kubernetes.client.http.StandardHttpClient.lambda$completeOrCancel$10(StandardHttpClient.java:140)
	at java.base/java.util.concurrent.CompletableFuture.uniWhenComplete(CompletableFuture.java:863)
	at java.base/java.util.concurrent.CompletableFuture$UniWhenComplete.tryFire(CompletableFuture.java:841)
	at java.base/java.util.concurrent.CompletableFuture.postComplete(CompletableFuture.java:510)
	at java.base/java.util.concurrent.CompletableFuture.complete(CompletableFuture.java:2147)
	at io.fabric8.kubernetes.client.http.ByteArrayBodyHandler.onBodyDone(ByteArrayBodyHandler.java:52)
	at java.base/java.util.concurrent.CompletableFuture.uniWhenComplete(CompletableFuture.java:863)
	at java.base/java.util.concurrent.CompletableFuture$UniWhenComplete.tryFire(CompletableFuture.java:841)
	at java.base/java.util.concurrent.CompletableFuture.postComplete(CompletableFuture.java:510)
	at java.base/java.util.concurrent.CompletableFuture.complete(CompletableFuture.java:2147)
	at io.fabric8.kubernetes.client.vertx.VertxHttpRequest.lambda$null$1(VertxHttpRequest.java:122)
	at io.vertx.core.impl.ContextInternal.dispatch(ContextInternal.java:277)
	at io.vertx.core.impl.ContextInternal.dispatch(ContextInternal.java:259)
	at io.vertx.core.http.impl.HttpEventHandler.handleEnd(HttpEventHandler.java:76)
	at io.vertx.core.http.impl.HttpClientResponseImpl.handleEnd(HttpClientResponseImpl.java:250)
	at io.vertx.core.http.impl.Http1xClientConnection$StreamImpl.lambda$new$0(Http1xClientConnection.java:446)
	at io.vertx.core.streams.impl.InboundBuffer.handleEvent(InboundBuffer.java:255)
	at io.vertx.core.streams.impl.InboundBuffer.write(InboundBuffer.java:134)
	at io.vertx.core.http.impl.Http1xClientConnection$StreamImpl.handleEnd(Http1xClientConnection.java:710)
	at io.vertx.core.impl.EventLoopContext.execute(EventLoopContext.java:76)
	at io.vertx.core.impl.ContextBase.execute(ContextBase.java:290)
	at io.vertx.core.http.impl.Http1xClientConnection.handleResponseEnd(Http1xClientConnection.java:946)
	at io.vertx.core.http.impl.Http1xClientConnection.handleHttpMessage(Http1xClientConnection.java:816)
	at io.vertx.core.http.impl.Http1xClientConnection.handleMessage(Http1xClientConnection.java:780)
	at io.vertx.core.net.impl.ConnectionBase.read(ConnectionBase.java:159)
	at io.vertx.core.net.impl.VertxHandler.channelRead(VertxHandler.java:153)
	at io.netty.channel.AbstractChannelHandlerContext.invokeChannelRead(AbstractChannelHandlerContext.java:442)
	at io.netty.channel.AbstractChannelHandlerContext.invokeChannelRead(AbstractChannelHandlerContext.java:420)
	at io.netty.channel.AbstractChannelHandlerContext.fireChannelRead(AbstractChannelHandlerContext.java:412)
	at io.netty.channel.CombinedChannelDuplexHandler$DelegatingChannelHandlerContext.fireChannelRead(CombinedChannelDuplexHandler.java:436)
	at io.netty.handler.codec.ByteToMessageDecoder.fireChannelRead(ByteToMessageDecoder.java:346)
	at io.netty.handler.codec.ByteToMessageDecoder.channelRead(ByteToMessageDecoder.java:318)
	at io.netty.channel.CombinedChannelDuplexHandler.channelRead(CombinedChannelDuplexHandler.java:251)
	at io.netty.channel.AbstractChannelHandlerContext.invokeChannelRead(AbstractChannelHandlerContext.java:442)
	at io.netty.channel.AbstractChannelHandlerContext.invokeChannelRead(AbstractChannelHandlerContext.java:420)
	at io.netty.channel.AbstractChannelHandlerContext.fireChannelRead(AbstractChannelHandlerContext.java:412)
	at io.netty.handler.ssl.SslHandler.unwrap(SslHandler.java:1471)
	at io.netty.handler.ssl.SslHandler.decodeJdkCompatible(SslHandler.java:1334)
	at io.netty.handler.ssl.SslHandler.decode(SslHandler.java:1383)
	at io.netty.handler.codec.ByteToMessageDecoder.decodeRemovalReentryProtection(ByteToMessageDecoder.java:529)
	at io.netty.handler.codec.ByteToMessageDecoder.callDecode(ByteToMessageDecoder.java:468)
	at io.netty.handler.codec.ByteToMessageDecoder.channelRead(ByteToMessageDecoder.java:290)
	at io.netty.channel.AbstractChannelHandlerContext.invokeChannelRead(AbstractChannelHandlerContext.java:444)
	at io.netty.channel.AbstractChannelHandlerContext.invokeChannelRead(AbstractChannelHandlerContext.java:420)
	at io.netty.channel.AbstractChannelHandlerContext.fireChannelRead(AbstractChannelHandlerContext.java:412)
	at io.netty.channel.DefaultChannelPipeline$HeadContext.channelRead(DefaultChannelPipeline.java:1410)
	at io.netty.channel.AbstractChannelHandlerContext.invokeChannelRead(AbstractChannelHandlerContext.java:440)
	at io.netty.channel.AbstractChannelHandlerContext.invokeChannelRead(AbstractChannelHandlerContext.java:420)
	at io.netty.channel.DefaultChannelPipeline.fireChannelRead(DefaultChannelPipeline.java:919)
	at io.netty.channel.nio.AbstractNioByteChannel$NioByteUnsafe.read(AbstractNioByteChannel.java:166)
	at io.netty.channel.nio.NioEventLoop.processSelectedKey(NioEventLoop.java:788)
	at io.netty.channel.nio.NioEventLoop.processSelectedKeysOptimized(NioEventLoop.java:724)
	at io.netty.channel.nio.NioEventLoop.processSelectedKeys(NioEventLoop.java:650)
	at io.netty.channel.nio.NioEventLoop.run(NioEventLoop.java:562)
	at io.netty.util.concurrent.SingleThreadEventExecutor$4.run(SingleThreadEventExecutor.java:997)
	at io.netty.util.internal.ThreadExecutorMap$2.run(ThreadExecutorMap.java:74)
	at io.netty.util.concurrent.FastThreadLocalRunnable.run(FastThreadLocalRunnable.java:30)
	at java.base/java.lang.Thread.run(Thread.java:840)
Caused by: io.fabric8.kubernetes.client.KubernetesClientException: Failure executing: GET at: https://172.30.0.1:443/apis/k8s.keycloak.org/v2alpha1/namespaces/keycloak22/keycloakrealmimports?resourceVersion=0. Message: storage is (re)initializing. Received status: Status(apiVersion=v1, code=429, details=StatusDetails(causes=[], group=null, kind=null, name=null, retryAfterSeconds=1, uid=null, additionalProperties={}), kind=Status, message=storage is (re)initializing, metadata=ListMeta(_continue=null, remainingItemCount=null, resourceVersion=null, selfLink=null, additionalProperties={}), reason=TooManyRequests, status=Failure, additionalProperties={}).
	at io.fabric8.kubernetes.client.dsl.internal.OperationSupport.requestFailure(OperationSupport.java:671)
	at io.fabric8.kubernetes.client.dsl.internal.OperationSupport.requestFailure(OperationSupport.java:651)
	at io.fabric8.kubernetes.client.dsl.internal.OperationSupport.assertResponseCode(OperationSupport.java:600)
	at io.fabric8.kubernetes.client.dsl.internal.OperationSupport.lambda$handleResponse$0(OperationSupport.java:560)
	at java.base/java.util.concurrent.CompletableFuture$UniApply.tryFire(CompletableFuture.java:646)
	... 60 more

2025-11-20 08:38:55,792 ERROR [io.jav.ope.pro.eve.sou.inf.InformerWrapper] (InformerWrapper [keycloakrealmimports.k8s.keycloak.org/v2alpha1] 29) Informer startup error. Operator will be stopped. Informer: k8s.keycloak.org/v2alpha1/namespaces/keycloak22/keycloakrealmimports: java.util.concurrent.ExecutionException: io.fabric8.kubernetes.client.KubernetesClientException: Failure executing: GET at: https://172.30.0.1:443/apis/k8s.keycloak.org/v2alpha1/namespaces/keycloak22/keycloakrealmimports?resourceVersion=0. Message: storage is (re)initializing. Received status: Status(apiVersion=v1, code=429, details=StatusDetails(causes=[], group=null, kind=null, name=null, retryAfterSeconds=1, uid=null, additionalProperties={}), kind=Status, message=storage is (re)initializing, metadata=ListMeta(_continue=null, remainingItemCount=null, resourceVersion=null, selfLink=null, additionalProperties={}), reason=TooManyRequests, status=Failure, additionalProperties={}).
	at java.base/java.util.concurrent.CompletableFuture.reportGet(CompletableFuture.java:396)
	at java.base/java.util.concurrent.CompletableFuture.get(CompletableFuture.java:2096)
	at io.javaoperatorsdk.operator.processing.event.source.informer.InformerWrapper.start(InformerWrapper.java:87)
	at io.javaoperatorsdk.operator.processing.event.source.informer.InformerManager.lambda$start$0(InformerManager.java:62)
	at io.javaoperatorsdk.operator.api.config.ExecutorServiceManager.lambda$executeAndWaitForAllToComplete$0(ExecutorServiceManager.java:70)
	at java.base/java.util.concurrent.FutureTask.run(FutureTask.java:264)
	at java.base/java.util.concurrent.ThreadPoolExecutor.runWorker(ThreadPoolExecutor.java:1136)
	at java.base/java.util.concurrent.ThreadPoolExecutor$Worker.run(ThreadPoolExecutor.java:635)
	at java.base/java.lang.Thread.run(Thread.java:840)
Caused by: io.fabric8.kubernetes.client.KubernetesClientException: Failure executing: GET at: https://172.30.0.1:443/apis/k8s.keycloak.org/v2alpha1/namespaces/keycloak22/keycloakrealmimports?resourceVersion=0. Message: storage is (re)initializing. Received status: Status(apiVersion=v1, code=429, details=StatusDetails(causes=[], group=null, kind=null, name=null, retryAfterSeconds=1, uid=null, additionalProperties={}), kind=Status, message=storage is (re)initializing, metadata=ListMeta(_continue=null, remainingItemCount=null, resourceVersion=null, selfLink=null, additionalProperties={}), reason=TooManyRequests, status=Failure, additionalProperties={}).
	at io.fabric8.kubernetes.client.dsl.internal.OperationSupport.requestFailure(OperationSupport.java:671)
	at io.fabric8.kubernetes.client.dsl.internal.OperationSupport.requestFailure(OperationSupport.java:651)
	at io.fabric8.kubernetes.client.dsl.internal.OperationSupport.assertResponseCode(OperationSupport.java:600)
	at io.fabric8.kubernetes.client.dsl.internal.OperationSupport.lambda$handleResponse$0(OperationSupport.java:560)
	at java.base/java.util.concurrent.CompletableFuture$UniApply.tryFire(CompletableFuture.java:646)
	at java.base/java.util.concurrent.CompletableFuture.postComplete(CompletableFuture.java:510)
	at java.base/java.util.concurrent.CompletableFuture.complete(CompletableFuture.java:2147)
	at io.fabric8.kubernetes.client.http.StandardHttpClient.lambda$completeOrCancel$10(StandardHttpClient.java:140)
	at java.base/java.util.concurrent.CompletableFuture.uniWhenComplete(CompletableFuture.java:863)
	at java.base/java.util.concurrent.CompletableFuture$UniWhenComplete.tryFire(CompletableFuture.java:841)
	at java.base/java.util.concurrent.CompletableFuture.postComplete(CompletableFuture.java:510)
	at java.base/java.util.concurrent.CompletableFuture.complete(CompletableFuture.java:2147)
	at io.fabric8.kubernetes.client.http.ByteArrayBodyHandler.onBodyDone(ByteArrayBodyHandler.java:52)
	at java.base/java.util.concurrent.CompletableFuture.uniWhenComplete(CompletableFuture.java:863)
	at java.base/java.util.concurrent.CompletableFuture$UniWhenComplete.tryFire(CompletableFuture.java:841)
	at java.base/java.util.concurrent.CompletableFuture.postComplete(CompletableFuture.java:510)
	at java.base/java.util.concurrent.CompletableFuture.complete(CompletableFuture.java:2147)
	at io.fabric8.kubernetes.client.vertx.VertxHttpRequest.lambda$null$1(VertxHttpRequest.java:122)
	at io.vertx.core.impl.ContextInternal.dispatch(ContextInternal.java:277)
	at io.vertx.core.impl.ContextInternal.dispatch(ContextInternal.java:259)
	at io.vertx.core.http.impl.HttpEventHandler.handleEnd(HttpEventHandler.java:76)
	at io.vertx.core.http.impl.HttpClientResponseImpl.handleEnd(HttpClientResponseImpl.java:250)
	at io.vertx.core.http.impl.Http1xClientConnection$StreamImpl.lambda$new$0(Http1xClientConnection.java:446)
	at io.vertx.core.streams.impl.InboundBuffer.handleEvent(InboundBuffer.java:255)
	at io.vertx.core.streams.impl.InboundBuffer.write(InboundBuffer.java:134)
	at io.vertx.core.http.impl.Http1xClientConnection$StreamImpl.handleEnd(Http1xClientConnection.java:710)
	at io.vertx.core.impl.EventLoopContext.execute(EventLoopContext.java:76)
	at io.vertx.core.impl.ContextBase.execute(ContextBase.java:290)
	at io.vertx.core.http.impl.Http1xClientConnection.handleResponseEnd(Http1xClientConnection.java:946)
	at io.vertx.core.http.impl.Http1xClientConnection.handleHttpMessage(Http1xClientConnection.java:816)
	at io.vertx.core.http.impl.Http1xClientConnection.handleMessage(Http1xClientConnection.java:780)
	at io.vertx.core.net.impl.ConnectionBase.read(ConnectionBase.java:159)
	at io.vertx.core.net.impl.VertxHandler.channelRead(VertxHandler.java:153)
	at io.netty.channel.AbstractChannelHandlerContext.invokeChannelRead(AbstractChannelHandlerContext.java:442)
	at io.netty.channel.AbstractChannelHandlerContext.invokeChannelRead(AbstractChannelHandlerContext.java:420)
	at io.netty.channel.AbstractChannelHandlerContext.fireChannelRead(AbstractChannelHandlerContext.java:412)
	at io.netty.channel.CombinedChannelDuplexHandler$DelegatingChannelHandlerContext.fireChannelRead(CombinedChannelDuplexHandler.java:436)
	at io.netty.handler.codec.ByteToMessageDecoder.fireChannelRead(ByteToMessageDecoder.java:346)
	at io.netty.handler.codec.ByteToMessageDecoder.channelRead(ByteToMessageDecoder.java:318)
	at io.netty.channel.CombinedChannelDuplexHandler.channelRead(CombinedChannelDuplexHandler.java:251)
	at io.netty.channel.AbstractChannelHandlerContext.invokeChannelRead(AbstractChannelHandlerContext.java:442)
	at io.netty.channel.AbstractChannelHandlerContext.invokeChannelRead(AbstractChannelHandlerContext.java:420)
	at io.netty.channel.AbstractChannelHandlerContext.fireChannelRead(AbstractChannelHandlerContext.java:412)
	at io.netty.handler.ssl.SslHandler.unwrap(SslHandler.java:1471)
	at io.netty.handler.ssl.SslHandler.decodeJdkCompatible(SslHandler.java:1334)
	at io.netty.handler.ssl.SslHandler.decode(SslHandler.java:1383)
	at io.netty.handler.codec.ByteToMessageDecoder.decodeRemovalReentryProtection(ByteToMessageDecoder.java:529)
	at io.netty.handler.codec.ByteToMessageDecoder.callDecode(ByteToMessageDecoder.java:468)
	at io.netty.handler.codec.ByteToMessageDecoder.channelRead(ByteToMessageDecoder.java:290)
	at io.netty.channel.AbstractChannelHandlerContext.invokeChannelRead(AbstractChannelHandlerContext.java:444)
	at io.netty.channel.AbstractChannelHandlerContext.invokeChannelRead(AbstractChannelHandlerContext.java:420)
	at io.netty.channel.AbstractChannelHandlerContext.fireChannelRead(AbstractChannelHandlerContext.java:412)
	at io.netty.channel.DefaultChannelPipeline$HeadContext.channelRead(DefaultChannelPipeline.java:1410)
	at io.netty.channel.AbstractChannelHandlerContext.invokeChannelRead(AbstractChannelHandlerContext.java:440)
	at io.netty.channel.AbstractChannelHandlerContext.invokeChannelRead(AbstractChannelHandlerContext.java:420)
	at io.netty.channel.DefaultChannelPipeline.fireChannelRead(DefaultChannelPipeline.java:919)
	at io.netty.channel.nio.AbstractNioByteChannel$NioByteUnsafe.read(AbstractNioByteChannel.java:166)
	at io.netty.channel.nio.NioEventLoop.processSelectedKey(NioEventLoop.java:788)
	at io.netty.channel.nio.NioEventLoop.processSelectedKeysOptimized(NioEventLoop.java:724)
	at io.netty.channel.nio.NioEventLoop.processSelectedKeys(NioEventLoop.java:650)
	at io.netty.channel.nio.NioEventLoop.run(NioEventLoop.java:562)
	at io.netty.util.concurrent.SingleThreadEventExecutor$4.run(SingleThreadEventExecutor.java:997)
	at io.netty.util.internal.ThreadExecutorMap$2.run(ThreadExecutorMap.java:74)
	at io.netty.util.concurrent.FastThreadLocalRunnable.run(FastThreadLocalRunnable.java:30)
	... 1 more

2025-11-20 08:38:55,865 INFO  [io.jav.ope.pro.Controller] (Controller Starter for: watchedsecretscontroller) 'watchedsecretscontroller' controller started
2025-11-20 08:38:56,139 INFO  [io.jav.ope.pro.Controller] (Controller Starter for: keycloakcontroller) 'keycloakcontroller' controller started
2025-11-20 08:38:56,149 INFO  [io.qua.it.ope.cli.run.OpenShiftClientProducer] (main) Closing OpenShift client
2025-11-20 08:38:56,176 ERROR [io.qua.run.Application] (main) Failed to start application (with profile [prod]): java.lang.RuntimeException: Failed to start quarkus
	at io.quarkus.runner.ApplicationImpl.doStart(Unknown Source)
	at io.quarkus.runtime.Application.start(Application.java:101)
	at io.quarkus.runtime.ApplicationLifecycleManager.run(ApplicationLifecycleManager.java:111)
	at io.quarkus.runtime.Quarkus.run(Quarkus.java:71)
	at io.quarkus.runtime.Quarkus.run(Quarkus.java:44)
	at io.quarkus.runtime.Quarkus.run(Quarkus.java:124)
	at io.quarkus.runner.GeneratedMain.main(Unknown Source)
	at java.base/jdk.internal.reflect.NativeMethodAccessorImpl.invoke0(Native Method)
	at java.base/jdk.internal.reflect.NativeMethodAccessorImpl.invoke(NativeMethodAccessorImpl.java:77)
	at java.base/jdk.internal.reflect.DelegatingMethodAccessorImpl.invoke(DelegatingMethodAccessorImpl.java:43)
	at java.base/java.lang.reflect.Method.invoke(Method.java:568)
	at io.quarkus.bootstrap.runner.QuarkusEntryPoint.doRun(QuarkusEntryPoint.java:61)
	at io.quarkus.bootstrap.runner.QuarkusEntryPoint.main(QuarkusEntryPoint.java:32)
Caused by: io.javaoperatorsdk.operator.OperatorException: Error starting operator
	at io.javaoperatorsdk.operator.Operator.start(Operator.java:166)
	at io.javaoperatorsdk.operator.OperatorProducer_ProducerMethod_operator_e1ad7713d0b252934b962fd9fbdd45e731130299_ClientProxy.start(Unknown Source)
	at io.quarkiverse.operatorsdk.runtime.AppEventListener.onStartup(AppEventListener.java:28)
	at io.quarkiverse.operatorsdk.runtime.AppEventListener_Observer_onStartup_b28deb793825eb1808af096a843376083fea4592.notify(Unknown Source)
	at io.quarkus.arc.impl.EventImpl$Notifier.notifyObservers(EventImpl.java:346)
	at io.quarkus.arc.impl.EventImpl$Notifier.notify(EventImpl.java:328)
	at io.quarkus.arc.impl.EventImpl.fire(EventImpl.java:82)
	at io.quarkus.arc.runtime.ArcRecorder.fireLifecycleEvent(ArcRecorder.java:155)
	at io.quarkus.arc.runtime.ArcRecorder.handleLifecycleEvents(ArcRecorder.java:106)
	at io.quarkus.deployment.steps.LifecycleEventsBuildStep$startupEvent1144526294.deploy_0(Unknown Source)
	at io.quarkus.deployment.steps.LifecycleEventsBuildStep$startupEvent1144526294.deploy(Unknown Source)
	... 13 more
Caused by: io.javaoperatorsdk.operator.OperatorException: io.javaoperatorsdk.operator.OperatorException: Couldn't start source ControllerResourceEventSource
	at io.javaoperatorsdk.operator.api.config.ExecutorServiceManager.lambda$executeAndWaitForAllToComplete$2(ExecutorServiceManager.java:81)
	at java.base/java.util.ArrayList.forEach(ArrayList.java:1511)
	at io.javaoperatorsdk.operator.api.config.ExecutorServiceManager.executeAndWaitForAllToComplete(ExecutorServiceManager.java:76)
	at io.javaoperatorsdk.operator.api.config.ExecutorServiceManager.boundedExecuteAndWaitForAllToComplete(ExecutorServiceManager.java:56)
	at io.javaoperatorsdk.operator.ControllerManager.start(ControllerManager.java:42)
	at io.javaoperatorsdk.operator.Operator.start(Operator.java:161)
	... 23 more
Caused by: io.javaoperatorsdk.operator.OperatorException: Couldn't start source ControllerResourceEventSource
	at io.javaoperatorsdk.operator.processing.event.EventSourceManager.startEventSource(EventSourceManager.java:130)
	at io.javaoperatorsdk.operator.processing.event.EventSourceManager.start(EventSourceManager.java:71)
	at io.javaoperatorsdk.operator.processing.Controller.start(Controller.java:342)
	at io.javaoperatorsdk.operator.ControllerManager.lambda$start$0(ControllerManager.java:43)
	at io.javaoperatorsdk.operator.api.config.ExecutorServiceManager.lambda$executeAndWaitForAllToComplete$0(ExecutorServiceManager.java:70)
	at java.base/java.util.concurrent.FutureTask.run(FutureTask.java:264)
	at java.base/java.util.concurrent.ThreadPoolExecutor.runWorker(ThreadPoolExecutor.java:1136)
	at java.base/java.util.concurrent.ThreadPoolExecutor$Worker.run(ThreadPoolExecutor.java:635)
	at java.base/java.lang.Thread.run(Thread.java:840)
Caused by: io.javaoperatorsdk.operator.OperatorException: io.javaoperatorsdk.operator.OperatorException: Couldn't start informer for keycloakrealmimports.k8s.keycloak.org/v2alpha1 resources
	at io.javaoperatorsdk.operator.api.config.ExecutorServiceManager.lambda$executeAndWaitForAllToComplete$2(ExecutorServiceManager.java:81)
	at java.base/java.util.ArrayList.forEach(ArrayList.java:1511)
	at io.javaoperatorsdk.operator.api.config.ExecutorServiceManager.executeAndWaitForAllToComplete(ExecutorServiceManager.java:76)
	at io.javaoperatorsdk.operator.api.config.ExecutorServiceManager.boundedExecuteAndWaitForAllToComplete(ExecutorServiceManager.java:56)
	at io.javaoperatorsdk.operator.processing.event.source.informer.InformerManager.start(InformerManager.java:59)
	at io.javaoperatorsdk.operator.processing.event.source.informer.ManagedInformerEventSource.start(ManagedInformerEventSource.java:80)
	at io.javaoperatorsdk.operator.processing.event.source.controller.ControllerResourceEventSource.start(ControllerResourceEventSource.java:60)
	at io.javaoperatorsdk.operator.processing.event.NamedEventSource.start(NamedEventSource.java:27)
	at io.javaoperatorsdk.operator.processing.event.EventSourceManager.startEventSource(EventSourceManager.java:125)
	... 8 more
Caused by: io.javaoperatorsdk.operator.OperatorException: Couldn't start informer for keycloakrealmimports.k8s.keycloak.org/v2alpha1 resources
	at io.javaoperatorsdk.operator.processing.event.source.informer.InformerWrapper.start(InformerWrapper.java:110)
	at io.javaoperatorsdk.operator.processing.event.source.informer.InformerManager.lambda$start$0(InformerManager.java:62)
	... 5 more
Caused by: io.javaoperatorsdk.operator.OperatorException: java.util.concurrent.ExecutionException: io.fabric8.kubernetes.client.KubernetesClientException: Failure executing: GET at: https://172.30.0.1:443/apis/k8s.keycloak.org/v2alpha1/namespaces/keycloak22/keycloakrealmimports?resourceVersion=0. Message: storage is (re)initializing. Received status: Status(apiVersion=v1, code=429, details=StatusDetails(causes=[], group=null, kind=null, name=null, retryAfterSeconds=1, uid=null, additionalProperties={}), kind=Status, message=storage is (re)initializing, metadata=ListMeta(_continue=null, remainingItemCount=null, resourceVersion=null, selfLink=null, additionalProperties={}), reason=TooManyRequests, status=Failure, additionalProperties={}).
	at io.javaoperatorsdk.operator.processing.event.source.informer.InformerWrapper.start(InformerWrapper.java:94)
	... 6 more
Caused by: java.util.concurrent.ExecutionException: io.fabric8.kubernetes.client.KubernetesClientException: Failure executing: GET at: https://172.30.0.1:443/apis/k8s.keycloak.org/v2alpha1/namespaces/keycloak22/keycloakrealmimports?resourceVersion=0. Message: storage is (re)initializing. Received status: Status(apiVersion=v1, code=429, details=StatusDetails(causes=[], group=null, kind=null, name=null, retryAfterSeconds=1, uid=null, additionalProperties={}), kind=Status, message=storage is (re)initializing, metadata=ListMeta(_continue=null, remainingItemCount=null, resourceVersion=null, selfLink=null, additionalProperties={}), reason=TooManyRequests, status=Failure, additionalProperties={}).
	at java.base/java.util.concurrent.CompletableFuture.reportGet(CompletableFuture.java:396)
	at java.base/java.util.concurrent.CompletableFuture.get(CompletableFuture.java:2096)
	at io.javaoperatorsdk.operator.processing.event.source.informer.InformerWrapper.start(InformerWrapper.java:87)
	... 6 more
Caused by: io.fabric8.kubernetes.client.KubernetesClientException: Failure executing: GET at: https://172.30.0.1:443/apis/k8s.keycloak.org/v2alpha1/namespaces/keycloak22/keycloakrealmimports?resourceVersion=0. Message: storage is (re)initializing. Received status: Status(apiVersion=v1, code=429, details=StatusDetails(causes=[], group=null, kind=null, name=null, retryAfterSeconds=1, uid=null, additionalProperties={}), kind=Status, message=storage is (re)initializing, metadata=ListMeta(_continue=null, remainingItemCount=null, resourceVersion=null, selfLink=null, additionalProperties={}), reason=TooManyRequests, status=Failure, additionalProperties={}).
	at io.fabric8.kubernetes.client.dsl.internal.OperationSupport.requestFailure(OperationSupport.java:671)
	at io.fabric8.kubernetes.client.dsl.internal.OperationSupport.requestFailure(OperationSupport.java:651)
	at io.fabric8.kubernetes.client.dsl.internal.OperationSupport.assertResponseCode(OperationSupport.java:600)
	at io.fabric8.kubernetes.client.dsl.internal.OperationSupport.lambda$handleResponse$0(OperationSupport.java:560)
	at java.base/java.util.concurrent.CompletableFuture$UniApply.tryFire(CompletableFuture.java:646)
	at java.base/java.util.concurrent.CompletableFuture.postComplete(CompletableFuture.java:510)
	at java.base/java.util.concurrent.CompletableFuture.complete(CompletableFuture.java:2147)
	at io.fabric8.kubernetes.client.http.StandardHttpClient.lambda$completeOrCancel$10(StandardHttpClient.java:140)
	at java.base/java.util.concurrent.CompletableFuture.uniWhenComplete(CompletableFuture.java:863)
	at java.base/java.util.concurrent.CompletableFuture$UniWhenComplete.tryFire(CompletableFuture.java:841)
	at java.base/java.util.concurrent.CompletableFuture.postComplete(CompletableFuture.java:510)
	at java.base/java.util.concurrent.CompletableFuture.complete(CompletableFuture.java:2147)
	at io.fabric8.kubernetes.client.http.ByteArrayBodyHandler.onBodyDone(ByteArrayBodyHandler.java:52)
	at java.base/java.util.concurrent.CompletableFuture.uniWhenComplete(CompletableFuture.java:863)
	at java.base/java.util.concurrent.CompletableFuture$UniWhenComplete.tryFire(CompletableFuture.java:841)
	at java.base/java.util.concurrent.CompletableFuture.postComplete(CompletableFuture.java:510)
	at java.base/java.util.concurrent.CompletableFuture.complete(CompletableFuture.java:2147)
	at io.fabric8.kubernetes.client.vertx.VertxHttpRequest.lambda$null$1(VertxHttpRequest.java:122)
	at io.vertx.core.impl.ContextInternal.dispatch(ContextInternal.java:277)
	at io.vertx.core.impl.ContextInternal.dispatch(ContextInternal.java:259)
	at io.vertx.core.http.impl.HttpEventHandler.handleEnd(HttpEventHandler.java:76)
	at io.vertx.core.http.impl.HttpClientResponseImpl.handleEnd(HttpClientResponseImpl.java:250)
	at io.vertx.core.http.impl.Http1xClientConnection$StreamImpl.lambda$new$0(Http1xClientConnection.java:446)
	at io.vertx.core.streams.impl.InboundBuffer.handleEvent(InboundBuffer.java:255)
	at io.vertx.core.streams.impl.InboundBuffer.write(InboundBuffer.java:134)
	at io.vertx.core.http.impl.Http1xClientConnection$StreamImpl.handleEnd(Http1xClientConnection.java:710)
	at io.vertx.core.impl.EventLoopContext.execute(EventLoopContext.java:76)
	at io.vertx.core.impl.ContextBase.execute(ContextBase.java:290)
	at io.vertx.core.http.impl.Http1xClientConnection.handleResponseEnd(Http1xClientConnection.java:946)
	at io.vertx.core.http.impl.Http1xClientConnection.handleHttpMessage(Http1xClientConnection.java:816)
	at io.vertx.core.http.impl.Http1xClientConnection.handleMessage(Http1xClientConnection.java:780)
	at io.vertx.core.net.impl.ConnectionBase.read(ConnectionBase.java:159)
	at io.vertx.core.net.impl.VertxHandler.channelRead(VertxHandler.java:153)
	at io.netty.channel.AbstractChannelHandlerContext.invokeChannelRead(AbstractChannelHandlerContext.java:442)
	at io.netty.channel.AbstractChannelHandlerContext.invokeChannelRead(AbstractChannelHandlerContext.java:420)
	at io.netty.channel.AbstractChannelHandlerContext.fireChannelRead(AbstractChannelHandlerContext.java:412)
	at io.netty.channel.CombinedChannelDuplexHandler$DelegatingChannelHandlerContext.fireChannelRead(CombinedChannelDuplexHandler.java:436)
	at io.netty.handler.codec.ByteToMessageDecoder.fireChannelRead(ByteToMessageDecoder.java:346)
	at io.netty.handler.codec.ByteToMessageDecoder.channelRead(ByteToMessageDecoder.java:318)
	at io.netty.channel.CombinedChannelDuplexHandler.channelRead(CombinedChannelDuplexHandler.java:251)
	at io.netty.channel.AbstractChannelHandlerContext.invokeChannelRead(AbstractChannelHandlerContext.java:442)
	at io.netty.channel.AbstractChannelHandlerContext.invokeChannelRead(AbstractChannelHandlerContext.java:420)
	at io.netty.channel.AbstractChannelHandlerContext.fireChannelRead(AbstractChannelHandlerContext.java:412)
	at io.netty.handler.ssl.SslHandler.unwrap(SslHandler.java:1471)
	at io.netty.handler.ssl.SslHandler.decodeJdkCompatible(SslHandler.java:1334)
	at io.netty.handler.ssl.SslHandler.decode(SslHandler.java:1383)
	at io.netty.handler.codec.ByteToMessageDecoder.decodeRemovalReentryProtection(ByteToMessageDecoder.java:529)
	at io.netty.handler.codec.ByteToMessageDecoder.callDecode(ByteToMessageDecoder.java:468)
	at io.netty.handler.codec.ByteToMessageDecoder.channelRead(ByteToMessageDecoder.java:290)
	at io.netty.channel.AbstractChannelHandlerContext.invokeChannelRead(AbstractChannelHandlerContext.java:444)
	at io.netty.channel.AbstractChannelHandlerContext.invokeChannelRead(AbstractChannelHandlerContext.java:420)
	at io.netty.channel.AbstractChannelHandlerContext.fireChannelRead(AbstractChannelHandlerContext.java:412)
	at io.netty.channel.DefaultChannelPipeline$HeadContext.channelRead(DefaultChannelPipeline.java:1410)
	at io.netty.channel.AbstractChannelHandlerContext.invokeChannelRead(AbstractChannelHandlerContext.java:440)
	at io.netty.channel.AbstractChannelHandlerContext.invokeChannelRead(AbstractChannelHandlerContext.java:420)
	at io.netty.channel.DefaultChannelPipeline.fireChannelRead(DefaultChannelPipeline.java:919)
	at io.netty.channel.nio.AbstractNioByteChannel$NioByteUnsafe.read(AbstractNioByteChannel.java:166)
	at io.netty.channel.nio.NioEventLoop.processSelectedKey(NioEventLoop.java:788)
	at io.netty.channel.nio.NioEventLoop.processSelectedKeysOptimized(NioEventLoop.java:724)
	at io.netty.channel.nio.NioEventLoop.processSelectedKeys(NioEventLoop.java:650)
	at io.netty.channel.nio.NioEventLoop.run(NioEventLoop.java:562)
	at io.netty.util.concurrent.SingleThreadEventExecutor$4.run(SingleThreadEventExecutor.java:997)
	at io.netty.util.internal.ThreadExecutorMap$2.run(ThreadExecutorMap.java:74)
	at io.netty.util.concurrent.FastThreadLocalRunnable.run(FastThreadLocalRunnable.java:30)
	... 1 more

