chmod: changing permissions of '/var/run/postgresql': Operation not permitted
The files belonging to this database system will be owned by user "1000760000".
This user must also own the server process.

The database cluster will be initialized with locale "en_US.utf8".
The default database encoding has accordingly been set to "UTF8".
The default text search configuration will be set to "english".

Data page checksums are disabled.

fixing permissions on existing directory /var/lib/postgresql/data/pgdata ... ok
creating subdirectories ... ok
selecting dynamic shared memory implementation ... posix
selecting default max_connections ... 100
selecting default shared_buffers ... 128MB
selecting default time zone ... Etc/UTC
creating configuration files ... ok
running bootstrap script ... ok
performing post-bootstrap initialization ... ok
syncing data to disk ... ok

initdb: warning: enabling "trust" authentication for local connections
You can change this by editing pg_hba.conf or using the option -A, or
--auth-local and --auth-host, the next time you run initdb.

Success. You can now start the database server using:

    pg_ctl -D /var/lib/postgresql/data/pgdata -l logfile start

waiting for server to start....2025-10-22 23:11:21.462 UTC [30] LOG:  starting PostgreSQL 12.22 (Debian 12.22-1.pgdg120+1) on x86_64-pc-linux-gnu, compiled by gcc (Debian 12.2.0-14) 12.2.0, 64-bit
2025-10-22 23:11:21.462 UTC [30] LOG:  listening on Unix socket "/var/run/postgresql/.s.PGSQL.5432"
2025-10-22 23:11:21.481 UTC [31] LOG:  database system was shut down at 2025-10-22 23:11:21 UTC
2025-10-22 23:11:21.488 UTC [30] LOG:  database system is ready to accept connections
 done
server started
CREATE DATABASE


/usr/local/bin/docker-entrypoint.sh: ignoring /docker-entrypoint-initdb.d/*

2025-10-22 23:11:21.789 UTC [30] LOG:  received fast shutdown request
waiting for server to shut down....2025-10-22 23:11:21.790 UTC [30] LOG:  aborting any active transactions
2025-10-22 23:11:21.793 UTC [30] LOG:  background worker "logical replication launcher" (PID 37) exited with exit code 1
2025-10-22 23:11:21.793 UTC [32] LOG:  shutting down
2025-10-22 23:11:21.810 UTC [30] LOG:  database system is shut down
 done
server stopped

PostgreSQL init process complete; ready for start up.

2025-10-22 23:11:21.907 UTC [1] LOG:  starting PostgreSQL 12.22 (Debian 12.22-1.pgdg120+1) on x86_64-pc-linux-gnu, compiled by gcc (Debian 12.2.0-14) 12.2.0, 64-bit
2025-10-22 23:11:21.907 UTC [1] LOG:  listening on IPv4 address "0.0.0.0", port 5432
2025-10-22 23:11:21.907 UTC [1] LOG:  listening on IPv6 address "::", port 5432
2025-10-22 23:11:21.909 UTC [1] LOG:  listening on Unix socket "/var/run/postgresql/.s.PGSQL.5432"
2025-10-22 23:11:21.926 UTC [59] LOG:  database system was shut down at 2025-10-22 23:11:21 UTC
2025-10-22 23:11:21.932 UTC [1] LOG:  database system is ready to accept connections
