chmod: changing permissions of '/var/run/postgresql': Operation not permitted
The files belonging to this database system will be owned by user "1000780000".
This user must also own the server process.

The database cluster will be initialized with locale "en_US.utf8".
The default database encoding has accordingly been set to "UTF8".
The default text search configuration will be set to "english".

Data page checksums are disabled.

fixing permissions on existing directory /var/lib/postgresql/data/pgdata ... ok
creating subdirectories ... ok
selecting dynamic shared memory implementation ... posix
selecting default max_connections ... 100
selecting default shared_buffers ... 128MB
selecting default time zone ... Etc/UTC
creating configuration files ... ok
running bootstrap script ... ok
performing post-bootstrap initialization ... ok
syncing data to disk ... ok

initdb: warning: enabling "trust" authentication for local connections
You can change this by editing pg_hba.conf or using the option -A, or
--auth-local and --auth-host, the next time you run initdb.

Success. You can now start the database server using:

    pg_ctl -D /var/lib/postgresql/data/pgdata -l logfile start

waiting for server to start....2025-11-06 00:47:48.161 UTC [30] LOG:  starting PostgreSQL 12.22 (Debian 12.22-1.pgdg120+1) on x86_64-pc-linux-gnu, compiled by gcc (Debian 12.2.0-14) 12.2.0, 64-bit
2025-11-06 00:47:48.178 UTC [30] LOG:  listening on Unix socket "/var/run/postgresql/.s.PGSQL.5432"
2025-11-06 00:47:48.246 UTC [31] LOG:  database system was shut down at 2025-11-06 00:47:46 UTC
2025-11-06 00:47:48.254 UTC [30] LOG:  database system is ready to accept connections
 done
server started
CREATE DATABASE


/usr/local/bin/docker-entrypoint.sh: ignoring /docker-entrypoint-initdb.d/*

2025-11-06 00:47:48.674 UTC [30] LOG:  received fast shutdown request
waiting for server to shut down....2025-11-06 00:47:48.675 UTC [30] LOG:  aborting any active transactions
2025-11-06 00:47:48.678 UTC [30] LOG:  background worker "logical replication launcher" (PID 37) exited with exit code 1
2025-11-06 00:47:48.683 UTC [32] LOG:  shutting down
2025-11-06 00:47:48.722 UTC [30] LOG:  database system is shut down
 done
server stopped

PostgreSQL init process complete; ready for start up.

2025-11-06 00:47:48.815 UTC [1] LOG:  starting PostgreSQL 12.22 (Debian 12.22-1.pgdg120+1) on x86_64-pc-linux-gnu, compiled by gcc (Debian 12.2.0-14) 12.2.0, 64-bit
2025-11-06 00:47:48.815 UTC [1] LOG:  listening on IPv4 address "0.0.0.0", port 5432
2025-11-06 00:47:48.815 UTC [1] LOG:  listening on IPv6 address "::", port 5432
2025-11-06 00:47:48.827 UTC [1] LOG:  listening on Unix socket "/var/run/postgresql/.s.PGSQL.5432"
2025-11-06 00:47:48.861 UTC [59] LOG:  database system was shut down at 2025-11-06 00:47:48 UTC
2025-11-06 00:47:48.876 UTC [1] LOG:  database system is ready to accept connections
2025-11-06 00:47:52.899 UTC [68] FATAL:  role "-d" does not exist
2025-11-06 00:47:57.939 UTC [71] FATAL:  role "-d" does not exist
2025-11-06 00:48:02.810 UTC [74] FATAL:  role "-d" does not exist
2025-11-06 00:48:07.897 UTC [77] FATAL:  role "-d" does not exist
2025-11-06 00:48:12.826 UTC [80] FATAL:  role "-d" does not exist
2025-11-06 00:48:17.876 UTC [83] FATAL:  role "-d" does not exist
2025-11-06 00:48:18.972 UTC [86] FATAL:  role "-d" does not exist
2025-11-06 00:48:22.810 UTC [89] FATAL:  role "-d" does not exist
2025-11-06 00:48:27.864 UTC [92] FATAL:  role "-d" does not exist
2025-11-06 00:48:28.989 UTC [95] FATAL:  role "-d" does not exist
2025-11-06 00:48:32.818 UTC [98] FATAL:  role "-d" does not exist
2025-11-06 00:48:37.824 UTC [101] FATAL:  role "-d" does not exist
2025-11-06 00:48:38.970 UTC [104] FATAL:  role "-d" does not exist
2025-11-06 00:48:42.801 UTC [107] FATAL:  role "-d" does not exist
2025-11-06 00:48:47.823 UTC [110] FATAL:  role "-d" does not exist
2025-11-06 00:48:48.987 UTC [114] FATAL:  role "-d" does not exist
2025-11-06 00:48:52.820 UTC [117] FATAL:  role "-d" does not exist
2025-11-06 00:48:57.897 UTC [120] FATAL:  role "-d" does not exist
2025-11-06 00:48:59.017 UTC [123] FATAL:  role "-d" does not exist
2025-11-06 00:49:02.802 UTC [126] FATAL:  role "-d" does not exist
2025-11-06 00:49:07.811 UTC [129] FATAL:  role "-d" does not exist
2025-11-06 00:49:08.972 UTC [132] FATAL:  role "-d" does not exist
2025-11-06 00:49:12.802 UTC [135] FATAL:  role "-d" does not exist
2025-11-06 00:49:17.880 UTC [138] FATAL:  role "-d" does not exist
2025-11-06 00:49:18.995 UTC [141] FATAL:  role "-d" does not exist
2025-11-06 00:49:22.812 UTC [144] FATAL:  role "-d" does not exist
2025-11-06 00:49:27.838 UTC [147] FATAL:  role "-d" does not exist
2025-11-06 00:49:28.979 UTC [150] FATAL:  role "-d" does not exist
2025-11-06 00:49:32.811 UTC [153] FATAL:  role "-d" does not exist
2025-11-06 00:49:37.806 UTC [156] FATAL:  role "-d" does not exist
2025-11-06 00:49:38.972 UTC [159] FATAL:  role "-d" does not exist
2025-11-06 00:49:42.804 UTC [162] FATAL:  role "-d" does not exist
2025-11-06 00:49:47.828 UTC [165] FATAL:  role "-d" does not exist
2025-11-06 00:49:48.974 UTC [168] FATAL:  role "-d" does not exist
2025-11-06 00:49:52.803 UTC [172] FATAL:  role "-d" does not exist
2025-11-06 00:49:57.880 UTC [175] FATAL:  role "-d" does not exist
2025-11-06 00:49:58.977 UTC [178] FATAL:  role "-d" does not exist
2025-11-06 00:50:02.802 UTC [181] FATAL:  role "-d" does not exist
2025-11-06 00:50:07.812 UTC [184] FATAL:  role "-d" does not exist
2025-11-06 00:50:08.972 UTC [187] FATAL:  role "-d" does not exist
2025-11-06 00:50:12.803 UTC [190] FATAL:  role "-d" does not exist
2025-11-06 00:50:17.829 UTC [193] FATAL:  role "-d" does not exist
2025-11-06 00:50:18.976 UTC [196] FATAL:  role "-d" does not exist
2025-11-06 00:50:22.813 UTC [199] FATAL:  role "-d" does not exist
2025-11-06 00:50:27.880 UTC [202] FATAL:  role "-d" does not exist
2025-11-06 00:50:28.973 UTC [205] FATAL:  role "-d" does not exist
2025-11-06 00:50:32.880 UTC [208] FATAL:  role "-d" does not exist
2025-11-06 00:50:37.813 UTC [211] FATAL:  role "-d" does not exist
2025-11-06 00:50:38.982 UTC [214] FATAL:  role "-d" does not exist
2025-11-06 00:50:42.804 UTC [217] FATAL:  role "-d" does not exist
2025-11-06 00:50:47.813 UTC [220] FATAL:  role "-d" does not exist
2025-11-06 00:50:48.973 UTC [223] FATAL:  role "-d" does not exist
2025-11-06 00:50:52.811 UTC [227] FATAL:  role "-d" does not exist
2025-11-06 00:50:57.885 UTC [230] FATAL:  role "-d" does not exist
2025-11-06 00:50:58.974 UTC [233] FATAL:  role "-d" does not exist
2025-11-06 00:51:02.802 UTC [236] FATAL:  role "-d" does not exist
2025-11-06 00:51:07.806 UTC [239] FATAL:  role "-d" does not exist
2025-11-06 00:51:08.976 UTC [242] FATAL:  role "-d" does not exist
2025-11-06 00:51:12.807 UTC [245] FATAL:  role "-d" does not exist
2025-11-06 00:51:17.816 UTC [248] FATAL:  role "-d" does not exist
2025-11-06 00:51:18.975 UTC [251] FATAL:  role "-d" does not exist
2025-11-06 00:51:22.802 UTC [254] FATAL:  role "-d" does not exist
2025-11-06 00:51:27.830 UTC [257] FATAL:  role "-d" does not exist
2025-11-06 00:51:28.972 UTC [260] FATAL:  role "-d" does not exist
2025-11-06 00:51:32.804 UTC [263] FATAL:  role "-d" does not exist
2025-11-06 00:51:37.817 UTC [266] FATAL:  role "-d" does not exist
2025-11-06 00:51:38.973 UTC [269] FATAL:  role "-d" does not exist
2025-11-06 00:51:42.802 UTC [272] FATAL:  role "-d" does not exist
2025-11-06 00:51:47.806 UTC [275] FATAL:  role "-d" does not exist
2025-11-06 00:51:48.972 UTC [278] FATAL:  role "-d" does not exist
2025-11-06 00:51:52.801 UTC [282] FATAL:  role "-d" does not exist
2025-11-06 00:51:57.887 UTC [285] FATAL:  role "-d" does not exist
2025-11-06 00:51:58.966 UTC [288] FATAL:  role "-d" does not exist
2025-11-06 00:52:02.803 UTC [291] FATAL:  role "-d" does not exist
2025-11-06 00:52:07.811 UTC [294] FATAL:  role "-d" does not exist
2025-11-06 00:52:08.980 UTC [297] FATAL:  role "-d" does not exist
2025-11-06 00:52:12.801 UTC [300] FATAL:  role "-d" does not exist
2025-11-06 00:52:17.812 UTC [303] FATAL:  role "-d" does not exist
2025-11-06 00:52:18.967 UTC [306] FATAL:  role "-d" does not exist
2025-11-06 00:52:22.802 UTC [309] FATAL:  role "-d" does not exist
2025-11-06 00:52:27.878 UTC [312] FATAL:  role "-d" does not exist
2025-11-06 00:52:28.967 UTC [315] FATAL:  role "-d" does not exist
2025-11-06 00:52:32.801 UTC [318] FATAL:  role "-d" does not exist
2025-11-06 00:52:37.812 UTC [321] FATAL:  role "-d" does not exist
2025-11-06 00:52:38.968 UTC [324] FATAL:  role "-d" does not exist
2025-11-06 00:52:42.809 UTC [327] FATAL:  role "-d" does not exist
2025-11-06 00:52:47.807 UTC [330] FATAL:  role "-d" does not exist
2025-11-06 00:52:48.968 UTC [333] FATAL:  role "-d" does not exist
2025-11-06 00:52:52.804 UTC [337] FATAL:  role "-d" does not exist
2025-11-06 00:52:57.878 UTC [340] FATAL:  role "-d" does not exist
2025-11-06 00:52:58.970 UTC [343] FATAL:  role "-d" does not exist
2025-11-06 00:53:02.804 UTC [346] FATAL:  role "-d" does not exist
2025-11-06 00:53:07.803 UTC [349] FATAL:  role "-d" does not exist
2025-11-06 00:53:08.968 UTC [352] FATAL:  role "-d" does not exist
2025-11-06 00:53:12.803 UTC [355] FATAL:  role "-d" does not exist
2025-11-06 00:53:17.813 UTC [358] FATAL:  role "-d" does not exist
2025-11-06 00:53:18.971 UTC [361] FATAL:  role "-d" does not exist
2025-11-06 00:53:22.802 UTC [364] FATAL:  role "-d" does not exist
2025-11-06 00:53:27.877 UTC [367] FATAL:  role "-d" does not exist
2025-11-06 00:53:28.970 UTC [370] FATAL:  role "-d" does not exist
2025-11-06 00:53:32.803 UTC [373] FATAL:  role "-d" does not exist
2025-11-06 00:53:37.805 UTC [376] FATAL:  role "-d" does not exist
2025-11-06 00:53:38.970 UTC [379] FATAL:  role "-d" does not exist
2025-11-06 00:53:42.804 UTC [382] FATAL:  role "-d" does not exist
2025-11-06 00:53:47.807 UTC [385] FATAL:  role "-d" does not exist
2025-11-06 00:53:48.968 UTC [388] FATAL:  role "-d" does not exist
2025-11-06 00:53:52.810 UTC [392] FATAL:  role "-d" does not exist
2025-11-06 00:53:57.837 UTC [395] FATAL:  role "-d" does not exist
2025-11-06 00:53:58.973 UTC [398] FATAL:  role "-d" does not exist
2025-11-06 00:54:02.804 UTC [401] FATAL:  role "-d" does not exist
2025-11-06 00:54:07.814 UTC [404] FATAL:  role "-d" does not exist
2025-11-06 00:54:08.968 UTC [407] FATAL:  role "-d" does not exist
2025-11-06 00:54:12.802 UTC [410] FATAL:  role "-d" does not exist
2025-11-06 00:54:17.806 UTC [413] FATAL:  role "-d" does not exist
2025-11-06 00:54:18.969 UTC [416] FATAL:  role "-d" does not exist
2025-11-06 00:54:22.816 UTC [419] FATAL:  role "-d" does not exist
2025-11-06 00:54:27.832 UTC [422] FATAL:  role "-d" does not exist
2025-11-06 00:54:28.968 UTC [425] FATAL:  role "-d" does not exist
2025-11-06 00:54:32.805 UTC [428] FATAL:  role "-d" does not exist
2025-11-06 00:54:37.805 UTC [431] FATAL:  role "-d" does not exist
2025-11-06 00:54:38.967 UTC [434] FATAL:  role "-d" does not exist
2025-11-06 00:54:42.802 UTC [437] FATAL:  role "-d" does not exist
2025-11-06 00:54:47.822 UTC [440] FATAL:  role "-d" does not exist
2025-11-06 00:54:48.969 UTC [443] FATAL:  role "-d" does not exist
2025-11-06 00:54:52.804 UTC [447] FATAL:  role "-d" does not exist
2025-11-06 00:54:57.890 UTC [450] FATAL:  role "-d" does not exist
2025-11-06 00:54:58.969 UTC [453] FATAL:  role "-d" does not exist
2025-11-06 00:55:02.804 UTC [456] FATAL:  role "-d" does not exist
2025-11-06 00:55:07.805 UTC [459] FATAL:  role "-d" does not exist
2025-11-06 00:55:08.969 UTC [462] FATAL:  role "-d" does not exist
2025-11-06 00:55:12.803 UTC [465] FATAL:  role "-d" does not exist
2025-11-06 00:55:17.830 UTC [468] FATAL:  role "-d" does not exist
2025-11-06 00:55:18.969 UTC [471] FATAL:  role "-d" does not exist
2025-11-06 00:55:22.802 UTC [474] FATAL:  role "-d" does not exist
2025-11-06 00:55:27.876 UTC [477] FATAL:  role "-d" does not exist
2025-11-06 00:55:28.967 UTC [480] FATAL:  role "-d" does not exist
2025-11-06 00:55:32.803 UTC [483] FATAL:  role "-d" does not exist
2025-11-06 00:55:37.814 UTC [486] FATAL:  role "-d" does not exist
2025-11-06 00:55:38.970 UTC [489] FATAL:  role "-d" does not exist
2025-11-06 00:55:42.810 UTC [492] FATAL:  role "-d" does not exist
2025-11-06 00:55:47.827 UTC [495] FATAL:  role "-d" does not exist
2025-11-06 00:55:48.968 UTC [498] FATAL:  role "-d" does not exist
2025-11-06 00:55:52.812 UTC [502] FATAL:  role "-d" does not exist
2025-11-06 00:55:57.844 UTC [505] FATAL:  role "-d" does not exist
2025-11-06 00:55:58.970 UTC [508] FATAL:  role "-d" does not exist
2025-11-06 00:56:02.803 UTC [511] FATAL:  role "-d" does not exist
2025-11-06 00:56:07.807 UTC [514] FATAL:  role "-d" does not exist
2025-11-06 00:56:08.968 UTC [517] FATAL:  role "-d" does not exist
2025-11-06 00:56:12.803 UTC [520] FATAL:  role "-d" does not exist
2025-11-06 00:56:17.815 UTC [523] FATAL:  role "-d" does not exist
2025-11-06 00:56:18.968 UTC [526] FATAL:  role "-d" does not exist
2025-11-06 00:56:22.803 UTC [529] FATAL:  role "-d" does not exist
2025-11-06 00:56:27.833 UTC [532] FATAL:  role "-d" does not exist
2025-11-06 00:56:28.968 UTC [535] FATAL:  role "-d" does not exist
2025-11-06 00:56:32.802 UTC [538] FATAL:  role "-d" does not exist
2025-11-06 00:56:37.804 UTC [541] FATAL:  role "-d" does not exist
2025-11-06 00:56:38.968 UTC [544] FATAL:  role "-d" does not exist
2025-11-06 00:56:42.802 UTC [547] FATAL:  role "-d" does not exist
2025-11-06 00:56:47.821 UTC [550] FATAL:  role "-d" does not exist
2025-11-06 00:56:48.969 UTC [553] FATAL:  role "-d" does not exist
2025-11-06 00:56:52.804 UTC [557] FATAL:  role "-d" does not exist
2025-11-06 00:56:57.832 UTC [560] FATAL:  role "-d" does not exist
2025-11-06 00:56:58.970 UTC [563] FATAL:  role "-d" does not exist
2025-11-06 00:57:02.803 UTC [566] FATAL:  role "-d" does not exist
2025-11-06 00:57:07.822 UTC [569] FATAL:  role "-d" does not exist
2025-11-06 00:57:08.971 UTC [572] FATAL:  role "-d" does not exist
2025-11-06 00:57:12.802 UTC [575] FATAL:  role "-d" does not exist
