2025-11-17 13:23:02,311 WARN  [io.qua.config] (main) Unrecognized configuration key "quarkus.operator-sdk.bundle.package-name" was provided; it will be ignored; verify that the dependency extension for this configuration is set or that you did not make a typo
2025-11-17 13:23:05,315 INFO  [io.qua.ope.run.OperatorProducer] (main) Quarkus Java Operator SDK extension 7.2.0 (commit: edba9b2) built on Tue Jun 10 13:53:07 GMT 2025
2025-11-17 13:23:05,516 INFO  [io.jav.ope.Operator] (main) Registered reconciler: 'keycloakcontroller' for resource: 'class org.keycloak.operator.crds.v2alpha1.deployment.Keycloak' for namespace(s): [keycloak22]
2025-11-17 13:23:05,521 INFO  [io.jav.ope.Operator] (main) Registered reconciler: 'keycloakrealmimportcontroller' for resource: 'class org.keycloak.operator.crds.v2alpha1.realmimport.KeycloakRealmImport' for namespace(s): [keycloak22]
2025-11-17 13:23:05,522 INFO  [io.qua.ope.run.AppEventListener] (main) Starting operator.
2025-11-17 13:23:05,522 INFO  [io.jav.ope.Operator] (main) Operator SDK 5.1.1 (commit: e3e9458) built on Mon May 26 07:26:01 GMT 2025 starting...
2025-11-17 13:23:05,522 INFO  [io.jav.ope.Operator] (main) Client version: 7.3.1
2025-11-17 13:23:05,528 INFO  [io.jav.ope.pro.Controller] (Controller Starter for: keycloakrealmimportcontroller) Starting 'keycloakrealmimportcontroller' controller for reconciler: org.keycloak.operator.controllers.KeycloakRealmImportController, resource: org.keycloak.operator.crds.v2alpha1.realmimport.KeycloakRealmImport
2025-11-17 13:23:05,530 INFO  [io.jav.ope.pro.Controller] (Controller Starter for: keycloakcontroller) Starting 'keycloakcontroller' controller for reconciler: org.keycloak.operator.controllers.KeycloakController, resource: org.keycloak.operator.crds.v2alpha1.deployment.Keycloak
2025-11-17 13:23:05,956 WARN  [io.fab.kub.cli.dsl.int.VersionUsageUtils] (InformerWrapper [keycloakrealmimports.k8s.keycloak.org/v2alpha1] 27) The client is using resource type 'keycloakrealmimports' with unstable version 'v2alpha1'
2025-11-17 13:23:05,957 WARN  [io.fab.kub.cli.dsl.int.VersionUsageUtils] (InformerWrapper [keycloaks.k8s.keycloak.org/v2alpha1] 26) The client is using resource type 'keycloaks' with unstable version 'v2alpha1'
2025-11-17 13:23:11,720 INFO  [io.jav.ope.pro.Controller] (Controller Starter for: keycloakrealmimportcontroller) 'keycloakrealmimportcontroller' controller started
2025-11-17 13:23:11,728 INFO  [io.jav.ope.pro.Controller] (Controller Starter for: keycloakcontroller) 'keycloakcontroller' controller started
2025-11-17 13:23:12,112 INFO  [io.quarkus] (main) keycloak-operator 26.4.5 on JVM (powered by Quarkus 3.27.0) started in 12.061s. Listening on: http://0.0.0.0:8080
2025-11-17 13:23:12,113 INFO  [io.quarkus] (main) Profile prod activated. 
2025-11-17 13:23:12,113 INFO  [io.quarkus] (main) Installed features: [cdi, kubernetes, kubernetes-client, openshift-client, operator-sdk, smallrye-context-propagation, smallrye-health, vertx]
2025-11-17 13:23:12,136 INFO  [org.key.ope.con.KeycloakRealmImportController] (ReconcilerExecutor-keycloakrealmimportcontroller-52) --- Reconciling Keycloak Realm: registry-sso-realm in namespace: keycloak22
2025-11-17 13:23:12,340 INFO  [org.key.ope.con.KeycloakRealmImportController] (ReconcilerExecutor-keycloakrealmimportcontroller-52) --- Realm reconciliation finished successfully
2025-11-17 13:23:13,526 ERROR [io.jav.ope.pro.eve.ReconciliationDispatcher] (ReconcilerExecutor-keycloakcontroller-62) updateErrorStatus failed for resource: da1f25ff-cbd3-49b7-bcbb-3e6a9375c071 with version: 34326 for error Failure executing: PATCH at: https://172.30.0.1:443/apis/k8s.keycloak.org/v2alpha1/namespaces/keycloak22/keycloaks/keycloak-instance/status?fieldManager=keycloakcontroller&force=true. Message: Operation cannot be fulfilled on keycloaks.k8s.keycloak.org "keycloak-instance": the object has been modified; please apply your changes to the latest version and try again. Received status: Status(apiVersion=v1, code=409, details=StatusDetails(causes=[], group=k8s.keycloak.org, kind=keycloaks, name=keycloak-instance, retryAfterSeconds=null, uid=null, additionalProperties={}), kind=Status, message=Operation cannot be fulfilled on keycloaks.k8s.keycloak.org "keycloak-instance": the object has been modified; please apply your changes to the latest version and try again, metadata=ListMeta(_continue=null, remainingItemCount=null, resourceVersion=null, selfLink=null, additionalProperties={}), reason=Conflict, status=Failure, additionalProperties={}).: io.fabric8.kubernetes.client.KubernetesClientException: Failure executing: PATCH at: https://172.30.0.1:443/apis/k8s.keycloak.org/v2alpha1/namespaces/keycloak22/keycloaks/keycloak-instance/status?fieldManager=keycloakcontroller&force=true. Message: Operation cannot be fulfilled on keycloaks.k8s.keycloak.org "keycloak-instance": the object has been modified; please apply your changes to the latest version and try again. Received status: Status(apiVersion=v1, code=409, details=StatusDetails(causes=[], group=k8s.keycloak.org, kind=keycloaks, name=keycloak-instance, retryAfterSeconds=null, uid=null, additionalProperties={}), kind=Status, message=Operation cannot be fulfilled on keycloaks.k8s.keycloak.org "keycloak-instance": the object has been modified; please apply your changes to the latest version and try again, metadata=ListMeta(_continue=null, remainingItemCount=null, resourceVersion=null, selfLink=null, additionalProperties={}), reason=Conflict, status=Failure, additionalProperties={}).
	at io.fabric8.kubernetes.client.KubernetesClientException.copyAsCause(KubernetesClientException.java:205)
	at io.fabric8.kubernetes.client.dsl.internal.OperationSupport.waitForResult(OperationSupport.java:507)
	at io.fabric8.kubernetes.client.dsl.internal.OperationSupport.handleResponse(OperationSupport.java:524)
	at io.fabric8.kubernetes.client.dsl.internal.OperationSupport.handlePatch(OperationSupport.java:419)
	at io.fabric8.kubernetes.client.dsl.internal.OperationSupport.handlePatch(OperationSupport.java:397)
	at io.fabric8.kubernetes.client.dsl.internal.BaseOperation.handlePatch(BaseOperation.java:764)
	at io.fabric8.kubernetes.client.dsl.internal.HasMetadataOperation.lambda$patch$2(HasMetadataOperation.java:231)
	at io.fabric8.kubernetes.client.dsl.internal.HasMetadataOperation.patch(HasMetadataOperation.java:236)
	at io.fabric8.kubernetes.client.dsl.internal.HasMetadataOperation.patch(HasMetadataOperation.java:251)
	at io.fabric8.kubernetes.client.dsl.internal.HasMetadataOperation.patch(HasMetadataOperation.java:44)
	at io.javaoperatorsdk.operator.processing.event.ReconciliationDispatcher$CustomResourceFacade.patchStatus(ReconciliationDispatcher.java:462)
	at io.javaoperatorsdk.operator.processing.event.ReconciliationDispatcher.handleErrorStatusHandler(ReconciliationDispatcher.java:215)
	at io.javaoperatorsdk.operator.processing.event.ReconciliationDispatcher.handleReconcile(ReconciliationDispatcher.java:132)
	at io.javaoperatorsdk.operator.processing.event.ReconciliationDispatcher.handleDispatch(ReconciliationDispatcher.java:97)
	at io.javaoperatorsdk.operator.processing.event.ReconciliationDispatcher.handleExecution(ReconciliationDispatcher.java:68)
	at io.javaoperatorsdk.operator.processing.event.EventProcessor$ReconcilerExecutor.run(EventProcessor.java:475)
	at java.base/java.util.concurrent.ThreadPoolExecutor.runWorker(ThreadPoolExecutor.java:1144)
	at java.base/java.util.concurrent.ThreadPoolExecutor$Worker.run(ThreadPoolExecutor.java:642)
	at java.base/java.lang.Thread.run(Thread.java:1583)
Caused by: io.fabric8.kubernetes.client.KubernetesClientException: Failure executing: PATCH at: https://172.30.0.1:443/apis/k8s.keycloak.org/v2alpha1/namespaces/keycloak22/keycloaks/keycloak-instance/status?fieldManager=keycloakcontroller&force=true. Message: Operation cannot be fulfilled on keycloaks.k8s.keycloak.org "keycloak-instance": the object has been modified; please apply your changes to the latest version and try again. Received status: Status(apiVersion=v1, code=409, details=StatusDetails(causes=[], group=k8s.keycloak.org, kind=keycloaks, name=keycloak-instance, retryAfterSeconds=null, uid=null, additionalProperties={}), kind=Status, message=Operation cannot be fulfilled on keycloaks.k8s.keycloak.org "keycloak-instance": the object has been modified; please apply your changes to the latest version and try again, metadata=ListMeta(_continue=null, remainingItemCount=null, resourceVersion=null, selfLink=null, additionalProperties={}), reason=Conflict, status=Failure, additionalProperties={}).
	at io.fabric8.kubernetes.client.dsl.internal.OperationSupport.requestFailure(OperationSupport.java:642)
	at io.fabric8.kubernetes.client.dsl.internal.OperationSupport.requestFailure(OperationSupport.java:622)
	at io.fabric8.kubernetes.client.dsl.internal.OperationSupport.assertResponseCode(OperationSupport.java:582)
	at io.fabric8.kubernetes.client.dsl.internal.OperationSupport.lambda$handleResponse$0(OperationSupport.java:549)
	at java.base/java.util.concurrent.CompletableFuture$UniApply.tryFire(CompletableFuture.java:646)
	at java.base/java.util.concurrent.CompletableFuture.postComplete(CompletableFuture.java:510)
	at java.base/java.util.concurrent.CompletableFuture.complete(CompletableFuture.java:2179)
	at io.fabric8.kubernetes.client.http.StandardHttpClient.lambda$completeOrCancel$10(StandardHttpClient.java:141)
	at java.base/java.util.concurrent.CompletableFuture.uniWhenComplete(CompletableFuture.java:863)
	at java.base/java.util.concurrent.CompletableFuture$UniWhenComplete.tryFire(CompletableFuture.java:841)
	at java.base/java.util.concurrent.CompletableFuture.postComplete(CompletableFuture.java:510)
	at java.base/java.util.concurrent.CompletableFuture.complete(CompletableFuture.java:2179)
	at io.fabric8.kubernetes.client.http.ByteArrayBodyHandler.onBodyDone(ByteArrayBodyHandler.java:51)
	at java.base/java.util.concurrent.CompletableFuture.uniWhenComplete(CompletableFuture.java:863)
	at java.base/java.util.concurrent.CompletableFuture$UniWhenComplete.tryFire(CompletableFuture.java:841)
	at java.base/java.util.concurrent.CompletableFuture.postComplete(CompletableFuture.java:510)
	at java.base/java.util.concurrent.CompletableFuture.complete(CompletableFuture.java:2179)
	at io.fabric8.kubernetes.client.vertx.VertxHttpRequest.lambda$consumeBytes$1(VertxHttpRequest.java:84)
	at io.vertx.core.impl.ContextInternal.dispatch(ContextInternal.java:270)
	at io.vertx.core.impl.ContextInternal.dispatch(ContextInternal.java:252)
	at io.vertx.core.http.impl.HttpEventHandler.handleEnd(HttpEventHandler.java:76)
	at io.vertx.core.http.impl.HttpClientResponseImpl.handleEnd(HttpClientResponseImpl.java:250)
	at io.vertx.core.http.impl.Http1xClientConnection$StreamImpl.lambda$new$0(Http1xClientConnection.java:442)
	at io.vertx.core.streams.impl.InboundBuffer.handleEvent(InboundBuffer.java:279)
	at io.vertx.core.streams.impl.InboundBuffer.write(InboundBuffer.java:157)
	at io.vertx.core.http.impl.Http1xClientConnection$StreamImpl.handleEnd(Http1xClientConnection.java:752)
	at io.vertx.core.impl.ContextImpl.lambda$execute$7(ContextImpl.java:329)
	at io.netty.util.concurrent.AbstractEventExecutor.runTask(AbstractEventExecutor.java:173)
	at io.netty.util.concurrent.AbstractEventExecutor.safeExecute(AbstractEventExecutor.java:166)
	at io.netty.util.concurrent.SingleThreadEventExecutor.runAllTasks(SingleThreadEventExecutor.java:472)
	at io.netty.channel.nio.NioEventLoop.run(NioEventLoop.java:569)
	at io.netty.util.concurrent.SingleThreadEventExecutor$4.run(SingleThreadEventExecutor.java:998)
	at io.netty.util.internal.ThreadExecutorMap$2.run(ThreadExecutorMap.java:74)
	at io.netty.util.concurrent.FastThreadLocalRunnable.run(FastThreadLocalRunnable.java:30)
	... 1 more

2025-11-17 13:23:13,528 INFO  [io.jav.ope.pro.eve.EventProcessor] (ReconcilerExecutor-keycloakcontroller-62) Resource Kubernetes Resource Creator/Update Conflict during reconciliation. Message: Failure executing: PATCH at: https://172.30.0.1:443/apis/k8s.keycloak.org/v2alpha1/namespaces/keycloak22/keycloaks/keycloak-instance/status?fieldManager=keycloakcontroller&force=true. Message: Operation cannot be fulfilled on keycloaks.k8s.keycloak.org "keycloak-instance": the object has been modified; please apply your changes to the latest version and try again. Received status: Status(apiVersion=v1, code=409, details=StatusDetails(causes=[], group=k8s.keycloak.org, kind=keycloaks, name=keycloak-instance, retryAfterSeconds=null, uid=null, additionalProperties={}), kind=Status, message=Operation cannot be fulfilled on keycloaks.k8s.keycloak.org "keycloak-instance": the object has been modified; please apply your changes to the latest version and try again, metadata=ListMeta(_continue=null, remainingItemCount=null, resourceVersion=null, selfLink=null, additionalProperties={}), reason=Conflict, status=Failure, additionalProperties={}). Resource name: null
2025-11-17 13:23:22,674 INFO  [org.key.ope.con.KeycloakRealmImportController] (ReconcilerExecutor-keycloakrealmimportcontroller-76) --- Reconciling Keycloak Realm: registry-sso-realm in namespace: keycloak22
2025-11-17 13:23:22,690 INFO  [org.key.ope.con.KeycloakRealmImportController] (ReconcilerExecutor-keycloakrealmimportcontroller-76) Job about to start
2025-11-17 13:23:22,690 INFO  [org.key.ope.con.KeycloakRealmImportController] (ReconcilerExecutor-keycloakrealmimportcontroller-76) --- Realm reconciliation finished successfully
2025-11-17 13:23:32,718 INFO  [org.key.ope.con.KeycloakRealmImportController] (ReconcilerExecutor-keycloakrealmimportcontroller-98) --- Reconciling Keycloak Realm: registry-sso-realm in namespace: keycloak22
2025-11-17 13:23:32,736 INFO  [org.key.ope.con.KeycloakRealmImportController] (ReconcilerExecutor-keycloakrealmimportcontroller-98) Job about to start
2025-11-17 13:23:32,736 INFO  [org.key.ope.con.KeycloakRealmImportController] (ReconcilerExecutor-keycloakrealmimportcontroller-98) --- Realm reconciliation finished successfully
2025-11-17 13:23:42,739 INFO  [org.key.ope.con.KeycloakRealmImportController] (ReconcilerExecutor-keycloakrealmimportcontroller-106) --- Reconciling Keycloak Realm: registry-sso-realm in namespace: keycloak22
2025-11-17 13:23:42,755 INFO  [org.key.ope.con.KeycloakRealmImportController] (ReconcilerExecutor-keycloakrealmimportcontroller-106) Job about to start
2025-11-17 13:23:42,755 INFO  [org.key.ope.con.KeycloakRealmImportController] (ReconcilerExecutor-keycloakrealmimportcontroller-106) --- Realm reconciliation finished successfully
2025-11-17 13:23:52,758 INFO  [org.key.ope.con.KeycloakRealmImportController] (ReconcilerExecutor-keycloakrealmimportcontroller-114) --- Reconciling Keycloak Realm: registry-sso-realm in namespace: keycloak22
2025-11-17 13:23:52,770 INFO  [org.key.ope.con.KeycloakRealmImportController] (ReconcilerExecutor-keycloakrealmimportcontroller-114) Job about to start
2025-11-17 13:23:52,771 INFO  [org.key.ope.con.KeycloakRealmImportController] (ReconcilerExecutor-keycloakrealmimportcontroller-114) --- Realm reconciliation finished successfully
2025-11-17 13:24:02,774 INFO  [org.key.ope.con.KeycloakRealmImportController] (ReconcilerExecutor-keycloakrealmimportcontroller-118) --- Reconciling Keycloak Realm: registry-sso-realm in namespace: keycloak22
2025-11-17 13:24:02,787 INFO  [org.key.ope.con.KeycloakRealmImportController] (ReconcilerExecutor-keycloakrealmimportcontroller-118) Job about to start
2025-11-17 13:24:02,787 INFO  [org.key.ope.con.KeycloakRealmImportController] (ReconcilerExecutor-keycloakrealmimportcontroller-118) --- Realm reconciliation finished successfully
2025-11-17 13:24:11,753 INFO  [org.key.ope.con.KeycloakController] (ReconcilerExecutor-keycloakcontroller-119) Found unhealthy container on pod keycloak22/keycloak-instance-0: ---
image: "quay.io/keycloak/keycloak:22"
imageID: ""
lastState: {}
name: "keycloak"
ready: false
restartCount: 0
started: false
state:
  waiting:
    message: "initializing source docker://quay.io/keycloak/keycloak:22: reading manifest\
      \ 22 in quay.io/keycloak/keycloak: manifest unknown"
    reason: "ErrImagePull"
volumeMounts:
- mountPath: "/var/run/secrets/kubernetes.io/serviceaccount"
  name: "kube-api-access-t275x"
  readOnly: true
  recursiveReadOnly: "Disabled"

2025-11-17 13:24:12,791 INFO  [org.key.ope.con.KeycloakRealmImportController] (ReconcilerExecutor-keycloakrealmimportcontroller-120) --- Reconciling Keycloak Realm: registry-sso-realm in namespace: keycloak22
2025-11-17 13:24:12,805 INFO  [org.key.ope.con.KeycloakRealmImportController] (ReconcilerExecutor-keycloakrealmimportcontroller-120) Job about to start
2025-11-17 13:24:12,805 INFO  [org.key.ope.con.KeycloakRealmImportController] (ReconcilerExecutor-keycloakrealmimportcontroller-120) --- Realm reconciliation finished successfully
2025-11-17 13:24:22,809 INFO  [org.key.ope.con.KeycloakRealmImportController] (ReconcilerExecutor-keycloakrealmimportcontroller-122) --- Reconciling Keycloak Realm: registry-sso-realm in namespace: keycloak22
2025-11-17 13:24:22,822 INFO  [org.key.ope.con.KeycloakRealmImportController] (ReconcilerExecutor-keycloakrealmimportcontroller-122) Job about to start
2025-11-17 13:24:22,822 INFO  [org.key.ope.con.KeycloakRealmImportController] (ReconcilerExecutor-keycloakrealmimportcontroller-122) --- Realm reconciliation finished successfully
2025-11-17 13:24:32,144 INFO  [org.key.ope.con.KeycloakController] (ReconcilerExecutor-keycloakcontroller-123) Found unhealthy container on pod keycloak22/keycloak-instance-0: ---
image: "quay.io/keycloak/keycloak:22"
imageID: ""
lastState: {}
name: "keycloak"
ready: false
restartCount: 0
started: false
state:
  waiting:
    message: "initializing source docker://quay.io/keycloak/keycloak:22: reading manifest\
      \ 22 in quay.io/keycloak/keycloak: manifest unknown"
    reason: "ErrImagePull"
volumeMounts:
- mountPath: "/var/run/secrets/kubernetes.io/serviceaccount"
  name: "kube-api-access-t275x"
  readOnly: true
  recursiveReadOnly: "Disabled"

2025-11-17 13:24:32,825 INFO  [org.key.ope.con.KeycloakRealmImportController] (ReconcilerExecutor-keycloakrealmimportcontroller-124) --- Reconciling Keycloak Realm: registry-sso-realm in namespace: keycloak22
2025-11-17 13:24:32,853 INFO  [org.key.ope.con.KeycloakRealmImportController] (ReconcilerExecutor-keycloakrealmimportcontroller-124) Job about to start
2025-11-17 13:24:32,854 INFO  [org.key.ope.con.KeycloakRealmImportController] (ReconcilerExecutor-keycloakrealmimportcontroller-124) --- Realm reconciliation finished successfully
2025-11-17 13:24:42,227 INFO  [org.key.ope.con.KeycloakController] (ReconcilerExecutor-keycloakcontroller-125) Found unhealthy container on pod keycloak22/keycloak-instance-0: ---
image: "quay.io/keycloak/keycloak:22"
imageID: ""
lastState: {}
name: "keycloak"
ready: false
restartCount: 0
started: false
state:
  waiting:
    message: "initializing source docker://quay.io/keycloak/keycloak:22: reading manifest\
      \ 22 in quay.io/keycloak/keycloak: manifest unknown"
    reason: "ErrImagePull"
volumeMounts:
- mountPath: "/var/run/secrets/kubernetes.io/serviceaccount"
  name: "kube-api-access-t275x"
  readOnly: true
  recursiveReadOnly: "Disabled"

2025-11-17 13:24:42,857 INFO  [org.key.ope.con.KeycloakRealmImportController] (ReconcilerExecutor-keycloakrealmimportcontroller-126) --- Reconciling Keycloak Realm: registry-sso-realm in namespace: keycloak22
2025-11-17 13:24:42,870 INFO  [org.key.ope.con.KeycloakRealmImportController] (ReconcilerExecutor-keycloakrealmimportcontroller-126) Job about to start
2025-11-17 13:24:42,870 INFO  [org.key.ope.con.KeycloakRealmImportController] (ReconcilerExecutor-keycloakrealmimportcontroller-126) --- Realm reconciliation finished successfully
2025-11-17 13:24:52,881 INFO  [org.key.ope.con.KeycloakRealmImportController] (ReconcilerExecutor-keycloakrealmimportcontroller-128) --- Reconciling Keycloak Realm: registry-sso-realm in namespace: keycloak22
2025-11-17 13:24:52,901 INFO  [org.key.ope.con.KeycloakRealmImportController] (ReconcilerExecutor-keycloakrealmimportcontroller-128) Job about to start
2025-11-17 13:24:52,901 INFO  [org.key.ope.con.KeycloakRealmImportController] (ReconcilerExecutor-keycloakrealmimportcontroller-128) --- Realm reconciliation finished successfully
2025-11-17 13:25:02,904 INFO  [org.key.ope.con.KeycloakRealmImportController] (ReconcilerExecutor-keycloakrealmimportcontroller-130) --- Reconciling Keycloak Realm: registry-sso-realm in namespace: keycloak22
2025-11-17 13:25:02,915 INFO  [org.key.ope.con.KeycloakRealmImportController] (ReconcilerExecutor-keycloakrealmimportcontroller-130) Job about to start
2025-11-17 13:25:02,916 INFO  [org.key.ope.con.KeycloakRealmImportController] (ReconcilerExecutor-keycloakrealmimportcontroller-130) --- Realm reconciliation finished successfully
2025-11-17 13:25:12,922 INFO  [org.key.ope.con.KeycloakRealmImportController] (ReconcilerExecutor-keycloakrealmimportcontroller-132) --- Reconciling Keycloak Realm: registry-sso-realm in namespace: keycloak22
2025-11-17 13:25:12,938 INFO  [org.key.ope.con.KeycloakRealmImportController] (ReconcilerExecutor-keycloakrealmimportcontroller-132) Job about to start
2025-11-17 13:25:12,938 INFO  [org.key.ope.con.KeycloakRealmImportController] (ReconcilerExecutor-keycloakrealmimportcontroller-132) --- Realm reconciliation finished successfully
2025-11-17 13:25:22,729 INFO  [org.key.ope.con.KeycloakController] (ReconcilerExecutor-keycloakcontroller-133) Found unhealthy container on pod keycloak22/keycloak-instance-0: ---
image: "quay.io/keycloak/keycloak:22"
imageID: ""
lastState: {}
name: "keycloak"
ready: false
restartCount: 0
started: false
state:
  waiting:
    message: "initializing source docker://quay.io/keycloak/keycloak:22: reading manifest\
      \ 22 in quay.io/keycloak/keycloak: manifest unknown"
    reason: "ErrImagePull"
volumeMounts:
- mountPath: "/var/run/secrets/kubernetes.io/serviceaccount"
  name: "kube-api-access-t275x"
  readOnly: true
  recursiveReadOnly: "Disabled"

2025-11-17 13:25:22,942 INFO  [org.key.ope.con.KeycloakRealmImportController] (ReconcilerExecutor-keycloakrealmimportcontroller-134) --- Reconciling Keycloak Realm: registry-sso-realm in namespace: keycloak22
2025-11-17 13:25:22,953 INFO  [org.key.ope.con.KeycloakRealmImportController] (ReconcilerExecutor-keycloakrealmimportcontroller-134) Job about to start
2025-11-17 13:25:22,953 INFO  [org.key.ope.con.KeycloakRealmImportController] (ReconcilerExecutor-keycloakrealmimportcontroller-134) --- Realm reconciliation finished successfully
2025-11-17 13:25:32,823 INFO  [org.key.ope.con.KeycloakController] (ReconcilerExecutor-keycloakcontroller-135) Found unhealthy container on pod keycloak22/keycloak-instance-0: ---
image: "quay.io/keycloak/keycloak:22"
imageID: ""
lastState: {}
name: "keycloak"
ready: false
restartCount: 0
started: false
state:
  waiting:
    message: "initializing source docker://quay.io/keycloak/keycloak:22: reading manifest\
      \ 22 in quay.io/keycloak/keycloak: manifest unknown"
    reason: "ErrImagePull"
volumeMounts:
- mountPath: "/var/run/secrets/kubernetes.io/serviceaccount"
  name: "kube-api-access-t275x"
  readOnly: true
  recursiveReadOnly: "Disabled"

2025-11-17 13:25:32,955 INFO  [org.key.ope.con.KeycloakRealmImportController] (ReconcilerExecutor-keycloakrealmimportcontroller-136) --- Reconciling Keycloak Realm: registry-sso-realm in namespace: keycloak22
2025-11-17 13:25:32,969 INFO  [org.key.ope.con.KeycloakRealmImportController] (ReconcilerExecutor-keycloakrealmimportcontroller-136) Job about to start
2025-11-17 13:25:32,969 INFO  [org.key.ope.con.KeycloakRealmImportController] (ReconcilerExecutor-keycloakrealmimportcontroller-136) --- Realm reconciliation finished successfully
2025-11-17 13:25:42,971 INFO  [org.key.ope.con.KeycloakRealmImportController] (ReconcilerExecutor-keycloakrealmimportcontroller-138) --- Reconciling Keycloak Realm: registry-sso-realm in namespace: keycloak22
2025-11-17 13:25:42,981 INFO  [org.key.ope.con.KeycloakRealmImportController] (ReconcilerExecutor-keycloakrealmimportcontroller-138) Job about to start
2025-11-17 13:25:42,981 INFO  [org.key.ope.con.KeycloakRealmImportController] (ReconcilerExecutor-keycloakrealmimportcontroller-138) --- Realm reconciliation finished successfully
2025-11-17 13:25:52,984 INFO  [org.key.ope.con.KeycloakRealmImportController] (ReconcilerExecutor-keycloakrealmimportcontroller-140) --- Reconciling Keycloak Realm: registry-sso-realm in namespace: keycloak22
2025-11-17 13:25:52,995 INFO  [org.key.ope.con.KeycloakRealmImportController] (ReconcilerExecutor-keycloakrealmimportcontroller-140) Job about to start
2025-11-17 13:25:52,995 INFO  [org.key.ope.con.KeycloakRealmImportController] (ReconcilerExecutor-keycloakrealmimportcontroller-140) --- Realm reconciliation finished successfully
2025-11-17 13:26:02,997 INFO  [org.key.ope.con.KeycloakRealmImportController] (ReconcilerExecutor-keycloakrealmimportcontroller-142) --- Reconciling Keycloak Realm: registry-sso-realm in namespace: keycloak22
2025-11-17 13:26:03,020 INFO  [org.key.ope.con.KeycloakRealmImportController] (ReconcilerExecutor-keycloakrealmimportcontroller-142) Job about to start
2025-11-17 13:26:03,020 INFO  [org.key.ope.con.KeycloakRealmImportController] (ReconcilerExecutor-keycloakrealmimportcontroller-142) --- Realm reconciliation finished successfully
2025-11-17 13:26:13,022 INFO  [org.key.ope.con.KeycloakRealmImportController] (ReconcilerExecutor-keycloakrealmimportcontroller-143) --- Reconciling Keycloak Realm: registry-sso-realm in namespace: keycloak22
2025-11-17 13:26:13,036 INFO  [org.key.ope.con.KeycloakRealmImportController] (ReconcilerExecutor-keycloakrealmimportcontroller-143) Job about to start
2025-11-17 13:26:13,037 INFO  [org.key.ope.con.KeycloakRealmImportController] (ReconcilerExecutor-keycloakrealmimportcontroller-143) --- Realm reconciliation finished successfully
2025-11-17 13:26:23,041 INFO  [org.key.ope.con.KeycloakRealmImportController] (ReconcilerExecutor-keycloakrealmimportcontroller-145) --- Reconciling Keycloak Realm: registry-sso-realm in namespace: keycloak22
2025-11-17 13:26:23,053 INFO  [org.key.ope.con.KeycloakRealmImportController] (ReconcilerExecutor-keycloakrealmimportcontroller-145) Job about to start
2025-11-17 13:26:23,054 INFO  [org.key.ope.con.KeycloakRealmImportController] (ReconcilerExecutor-keycloakrealmimportcontroller-145) --- Realm reconciliation finished successfully
2025-11-17 13:26:33,056 INFO  [org.key.ope.con.KeycloakRealmImportController] (ReconcilerExecutor-keycloakrealmimportcontroller-147) --- Reconciling Keycloak Realm: registry-sso-realm in namespace: keycloak22
2025-11-17 13:26:33,071 INFO  [org.key.ope.con.KeycloakRealmImportController] (ReconcilerExecutor-keycloakrealmimportcontroller-147) Job about to start
2025-11-17 13:26:33,071 INFO  [org.key.ope.con.KeycloakRealmImportController] (ReconcilerExecutor-keycloakrealmimportcontroller-147) --- Realm reconciliation finished successfully
2025-11-17 13:26:43,074 INFO  [org.key.ope.con.KeycloakRealmImportController] (ReconcilerExecutor-keycloakrealmimportcontroller-149) --- Reconciling Keycloak Realm: registry-sso-realm in namespace: keycloak22
2025-11-17 13:26:43,086 INFO  [org.key.ope.con.KeycloakRealmImportController] (ReconcilerExecutor-keycloakrealmimportcontroller-149) Job about to start
2025-11-17 13:26:43,087 INFO  [org.key.ope.con.KeycloakRealmImportController] (ReconcilerExecutor-keycloakrealmimportcontroller-149) --- Realm reconciliation finished successfully
2025-11-17 13:26:43,314 INFO  [org.key.ope.con.KeycloakController] (ReconcilerExecutor-keycloakcontroller-150) Found unhealthy container on pod keycloak22/keycloak-instance-0: ---
image: "quay.io/keycloak/keycloak:22"
imageID: ""
lastState: {}
name: "keycloak"
ready: false
restartCount: 0
started: false
state:
  waiting:
    message: "initializing source docker://quay.io/keycloak/keycloak:22: reading manifest\
      \ 22 in quay.io/keycloak/keycloak: manifest unknown"
    reason: "ErrImagePull"
volumeMounts:
- mountPath: "/var/run/secrets/kubernetes.io/serviceaccount"
  name: "kube-api-access-t275x"
  readOnly: true
  recursiveReadOnly: "Disabled"

2025-11-17 13:26:53,089 INFO  [org.key.ope.con.KeycloakRealmImportController] (ReconcilerExecutor-keycloakrealmimportcontroller-153) --- Reconciling Keycloak Realm: registry-sso-realm in namespace: keycloak22
2025-11-17 13:26:53,102 INFO  [org.key.ope.con.KeycloakRealmImportController] (ReconcilerExecutor-keycloakrealmimportcontroller-153) Job about to start
2025-11-17 13:26:53,102 INFO  [org.key.ope.con.KeycloakRealmImportController] (ReconcilerExecutor-keycloakrealmimportcontroller-153) --- Realm reconciliation finished successfully
2025-11-17 13:26:53,376 INFO  [org.key.ope.con.KeycloakController] (ReconcilerExecutor-keycloakcontroller-154) Found unhealthy container on pod keycloak22/keycloak-instance-0: ---
image: "quay.io/keycloak/keycloak:22"
imageID: ""
lastState: {}
name: "keycloak"
ready: false
restartCount: 0
started: false
state:
  waiting:
    message: "initializing source docker://quay.io/keycloak/keycloak:22: reading manifest\
      \ 22 in quay.io/keycloak/keycloak: manifest unknown"
    reason: "ErrImagePull"
volumeMounts:
- mountPath: "/var/run/secrets/kubernetes.io/serviceaccount"
  name: "kube-api-access-t275x"
  readOnly: true
  recursiveReadOnly: "Disabled"

2025-11-17 13:27:03,104 INFO  [org.key.ope.con.KeycloakRealmImportController] (ReconcilerExecutor-keycloakrealmimportcontroller-155) --- Reconciling Keycloak Realm: registry-sso-realm in namespace: keycloak22
2025-11-17 13:27:03,118 INFO  [org.key.ope.con.KeycloakRealmImportController] (ReconcilerExecutor-keycloakrealmimportcontroller-155) Job about to start
2025-11-17 13:27:03,118 INFO  [org.key.ope.con.KeycloakRealmImportController] (ReconcilerExecutor-keycloakrealmimportcontroller-155) --- Realm reconciliation finished successfully
2025-11-17 13:27:13,120 INFO  [org.key.ope.con.KeycloakRealmImportController] (ReconcilerExecutor-keycloakrealmimportcontroller-53) --- Reconciling Keycloak Realm: registry-sso-realm in namespace: keycloak22
2025-11-17 13:27:13,153 INFO  [org.key.ope.con.KeycloakRealmImportController] (ReconcilerExecutor-keycloakrealmimportcontroller-53) Job about to start
2025-11-17 13:27:13,153 INFO  [org.key.ope.con.KeycloakRealmImportController] (ReconcilerExecutor-keycloakrealmimportcontroller-53) --- Realm reconciliation finished successfully
2025-11-17 13:27:23,155 INFO  [org.key.ope.con.KeycloakRealmImportController] (ReconcilerExecutor-keycloakrealmimportcontroller-69) --- Reconciling Keycloak Realm: registry-sso-realm in namespace: keycloak22
2025-11-17 13:27:23,168 INFO  [org.key.ope.con.KeycloakRealmImportController] (ReconcilerExecutor-keycloakrealmimportcontroller-69) Job about to start
2025-11-17 13:27:23,168 INFO  [org.key.ope.con.KeycloakRealmImportController] (ReconcilerExecutor-keycloakrealmimportcontroller-69) --- Realm reconciliation finished successfully
2025-11-17 13:27:33,171 INFO  [org.key.ope.con.KeycloakRealmImportController] (ReconcilerExecutor-keycloakrealmimportcontroller-77) --- Reconciling Keycloak Realm: registry-sso-realm in namespace: keycloak22
2025-11-17 13:27:33,185 INFO  [org.key.ope.con.KeycloakRealmImportController] (ReconcilerExecutor-keycloakrealmimportcontroller-77) Job about to start
2025-11-17 13:27:33,185 INFO  [org.key.ope.con.KeycloakRealmImportController] (ReconcilerExecutor-keycloakrealmimportcontroller-77) --- Realm reconciliation finished successfully
2025-11-17 13:27:43,187 INFO  [org.key.ope.con.KeycloakRealmImportController] (ReconcilerExecutor-keycloakrealmimportcontroller-91) --- Reconciling Keycloak Realm: registry-sso-realm in namespace: keycloak22
2025-11-17 13:27:43,198 INFO  [org.key.ope.con.KeycloakRealmImportController] (ReconcilerExecutor-keycloakrealmimportcontroller-91) Job about to start
2025-11-17 13:27:43,198 INFO  [org.key.ope.con.KeycloakRealmImportController] (ReconcilerExecutor-keycloakrealmimportcontroller-91) --- Realm reconciliation finished successfully
2025-11-17 13:27:53,200 INFO  [org.key.ope.con.KeycloakRealmImportController] (ReconcilerExecutor-keycloakrealmimportcontroller-99) --- Reconciling Keycloak Realm: registry-sso-realm in namespace: keycloak22
2025-11-17 13:27:53,211 INFO  [org.key.ope.con.KeycloakRealmImportController] (ReconcilerExecutor-keycloakrealmimportcontroller-99) Job about to start
2025-11-17 13:27:53,211 INFO  [org.key.ope.con.KeycloakRealmImportController] (ReconcilerExecutor-keycloakrealmimportcontroller-99) --- Realm reconciliation finished successfully
2025-11-17 13:28:03,215 INFO  [org.key.ope.con.KeycloakRealmImportController] (ReconcilerExecutor-keycloakrealmimportcontroller-107) --- Reconciling Keycloak Realm: registry-sso-realm in namespace: keycloak22
2025-11-17 13:28:03,227 INFO  [org.key.ope.con.KeycloakRealmImportController] (ReconcilerExecutor-keycloakrealmimportcontroller-107) Job about to start
2025-11-17 13:28:03,227 INFO  [org.key.ope.con.KeycloakRealmImportController] (ReconcilerExecutor-keycloakrealmimportcontroller-107) --- Realm reconciliation finished successfully
2025-11-17 13:28:13,229 INFO  [org.key.ope.con.KeycloakRealmImportController] (ReconcilerExecutor-keycloakrealmimportcontroller-115) --- Reconciling Keycloak Realm: registry-sso-realm in namespace: keycloak22
2025-11-17 13:28:13,240 INFO  [org.key.ope.con.KeycloakRealmImportController] (ReconcilerExecutor-keycloakrealmimportcontroller-115) Job about to start
2025-11-17 13:28:13,241 INFO  [org.key.ope.con.KeycloakRealmImportController] (ReconcilerExecutor-keycloakrealmimportcontroller-115) --- Realm reconciliation finished successfully
2025-11-17 13:28:23,242 INFO  [org.key.ope.con.KeycloakRealmImportController] (ReconcilerExecutor-keycloakrealmimportcontroller-119) --- Reconciling Keycloak Realm: registry-sso-realm in namespace: keycloak22
2025-11-17 13:28:23,253 INFO  [org.key.ope.con.KeycloakRealmImportController] (ReconcilerExecutor-keycloakrealmimportcontroller-119) Job about to start
2025-11-17 13:28:23,253 INFO  [org.key.ope.con.KeycloakRealmImportController] (ReconcilerExecutor-keycloakrealmimportcontroller-119) --- Realm reconciliation finished successfully
2025-11-17 13:28:33,255 INFO  [org.key.ope.con.KeycloakRealmImportController] (ReconcilerExecutor-keycloakrealmimportcontroller-121) --- Reconciling Keycloak Realm: registry-sso-realm in namespace: keycloak22
2025-11-17 13:28:33,266 INFO  [org.key.ope.con.KeycloakRealmImportController] (ReconcilerExecutor-keycloakrealmimportcontroller-121) Job about to start
2025-11-17 13:28:33,266 INFO  [org.key.ope.con.KeycloakRealmImportController] (ReconcilerExecutor-keycloakrealmimportcontroller-121) --- Realm reconciliation finished successfully
2025-11-17 13:28:43,268 INFO  [org.key.ope.con.KeycloakRealmImportController] (ReconcilerExecutor-keycloakrealmimportcontroller-123) --- Reconciling Keycloak Realm: registry-sso-realm in namespace: keycloak22
2025-11-17 13:28:43,279 INFO  [org.key.ope.con.KeycloakRealmImportController] (ReconcilerExecutor-keycloakrealmimportcontroller-123) Job about to start
2025-11-17 13:28:43,279 INFO  [org.key.ope.con.KeycloakRealmImportController] (ReconcilerExecutor-keycloakrealmimportcontroller-123) --- Realm reconciliation finished successfully
2025-11-17 13:28:53,280 INFO  [org.key.ope.con.KeycloakRealmImportController] (ReconcilerExecutor-keycloakrealmimportcontroller-125) --- Reconciling Keycloak Realm: registry-sso-realm in namespace: keycloak22
2025-11-17 13:28:53,291 INFO  [org.key.ope.con.KeycloakRealmImportController] (ReconcilerExecutor-keycloakrealmimportcontroller-125) Job about to start
2025-11-17 13:28:53,292 INFO  [org.key.ope.con.KeycloakRealmImportController] (ReconcilerExecutor-keycloakrealmimportcontroller-125) --- Realm reconciliation finished successfully
2025-11-17 13:29:03,293 INFO  [org.key.ope.con.KeycloakRealmImportController] (ReconcilerExecutor-keycloakrealmimportcontroller-127) --- Reconciling Keycloak Realm: registry-sso-realm in namespace: keycloak22
2025-11-17 13:29:03,305 INFO  [org.key.ope.con.KeycloakRealmImportController] (ReconcilerExecutor-keycloakrealmimportcontroller-127) Job about to start
2025-11-17 13:29:03,305 INFO  [org.key.ope.con.KeycloakRealmImportController] (ReconcilerExecutor-keycloakrealmimportcontroller-127) --- Realm reconciliation finished successfully
2025-11-17 13:29:13,306 INFO  [org.key.ope.con.KeycloakRealmImportController] (ReconcilerExecutor-keycloakrealmimportcontroller-129) --- Reconciling Keycloak Realm: registry-sso-realm in namespace: keycloak22
2025-11-17 13:29:13,319 INFO  [org.key.ope.con.KeycloakRealmImportController] (ReconcilerExecutor-keycloakrealmimportcontroller-129) Job about to start
2025-11-17 13:29:13,319 INFO  [org.key.ope.con.KeycloakRealmImportController] (ReconcilerExecutor-keycloakrealmimportcontroller-129) --- Realm reconciliation finished successfully
2025-11-17 13:29:23,321 INFO  [org.key.ope.con.KeycloakRealmImportController] (ReconcilerExecutor-keycloakrealmimportcontroller-131) --- Reconciling Keycloak Realm: registry-sso-realm in namespace: keycloak22
2025-11-17 13:29:23,332 INFO  [org.key.ope.con.KeycloakRealmImportController] (ReconcilerExecutor-keycloakrealmimportcontroller-131) Job about to start
2025-11-17 13:29:23,332 INFO  [org.key.ope.con.KeycloakRealmImportController] (ReconcilerExecutor-keycloakrealmimportcontroller-131) --- Realm reconciliation finished successfully
2025-11-17 13:29:33,336 INFO  [org.key.ope.con.KeycloakRealmImportController] (ReconcilerExecutor-keycloakrealmimportcontroller-133) --- Reconciling Keycloak Realm: registry-sso-realm in namespace: keycloak22
2025-11-17 13:29:33,348 INFO  [org.key.ope.con.KeycloakRealmImportController] (ReconcilerExecutor-keycloakrealmimportcontroller-133) Job about to start
2025-11-17 13:29:33,348 INFO  [org.key.ope.con.KeycloakRealmImportController] (ReconcilerExecutor-keycloakrealmimportcontroller-133) --- Realm reconciliation finished successfully
2025-11-17 13:29:34,106 INFO  [org.key.ope.con.KeycloakController] (ReconcilerExecutor-keycloakcontroller-134) Found unhealthy container on pod keycloak22/keycloak-instance-0: ---
image: "quay.io/keycloak/keycloak:22"
imageID: ""
lastState: {}
name: "keycloak"
ready: false
restartCount: 0
started: false
state:
  waiting:
    message: "initializing source docker://quay.io/keycloak/keycloak:22: reading manifest\
      \ 22 in quay.io/keycloak/keycloak: manifest unknown"
    reason: "ErrImagePull"
volumeMounts:
- mountPath: "/var/run/secrets/kubernetes.io/serviceaccount"
  name: "kube-api-access-t275x"
  readOnly: true
  recursiveReadOnly: "Disabled"

2025-11-17 13:29:43,350 INFO  [org.key.ope.con.KeycloakRealmImportController] (ReconcilerExecutor-keycloakrealmimportcontroller-135) --- Reconciling Keycloak Realm: registry-sso-realm in namespace: keycloak22
2025-11-17 13:29:43,361 INFO  [org.key.ope.con.KeycloakRealmImportController] (ReconcilerExecutor-keycloakrealmimportcontroller-135) Job about to start
2025-11-17 13:29:43,361 INFO  [org.key.ope.con.KeycloakRealmImportController] (ReconcilerExecutor-keycloakrealmimportcontroller-135) --- Realm reconciliation finished successfully
2025-11-17 13:29:53,363 INFO  [org.key.ope.con.KeycloakRealmImportController] (ReconcilerExecutor-keycloakrealmimportcontroller-137) --- Reconciling Keycloak Realm: registry-sso-realm in namespace: keycloak22
2025-11-17 13:29:53,376 INFO  [org.key.ope.con.KeycloakRealmImportController] (ReconcilerExecutor-keycloakrealmimportcontroller-137) Job about to start
2025-11-17 13:29:53,377 INFO  [org.key.ope.con.KeycloakRealmImportController] (ReconcilerExecutor-keycloakrealmimportcontroller-137) --- Realm reconciliation finished successfully
2025-11-17 13:30:03,378 INFO  [org.key.ope.con.KeycloakRealmImportController] (ReconcilerExecutor-keycloakrealmimportcontroller-139) --- Reconciling Keycloak Realm: registry-sso-realm in namespace: keycloak22
2025-11-17 13:30:03,390 INFO  [org.key.ope.con.KeycloakRealmImportController] (ReconcilerExecutor-keycloakrealmimportcontroller-139) Job about to start
2025-11-17 13:30:03,390 INFO  [org.key.ope.con.KeycloakRealmImportController] (ReconcilerExecutor-keycloakrealmimportcontroller-139) --- Realm reconciliation finished successfully
2025-11-17 13:30:13,392 INFO  [org.key.ope.con.KeycloakRealmImportController] (ReconcilerExecutor-keycloakrealmimportcontroller-142) --- Reconciling Keycloak Realm: registry-sso-realm in namespace: keycloak22
2025-11-17 13:30:13,404 INFO  [org.key.ope.con.KeycloakRealmImportController] (ReconcilerExecutor-keycloakrealmimportcontroller-142) Job about to start
2025-11-17 13:30:13,404 INFO  [org.key.ope.con.KeycloakRealmImportController] (ReconcilerExecutor-keycloakrealmimportcontroller-142) --- Realm reconciliation finished successfully
2025-11-17 13:30:23,406 INFO  [org.key.ope.con.KeycloakRealmImportController] (ReconcilerExecutor-keycloakrealmimportcontroller-143) --- Reconciling Keycloak Realm: registry-sso-realm in namespace: keycloak22
2025-11-17 13:30:23,416 INFO  [org.key.ope.con.KeycloakRealmImportController] (ReconcilerExecutor-keycloakrealmimportcontroller-143) Job about to start
2025-11-17 13:30:23,416 INFO  [org.key.ope.con.KeycloakRealmImportController] (ReconcilerExecutor-keycloakrealmimportcontroller-143) --- Realm reconciliation finished successfully
2025-11-17 13:30:33,418 INFO  [org.key.ope.con.KeycloakRealmImportController] (ReconcilerExecutor-keycloakrealmimportcontroller-145) --- Reconciling Keycloak Realm: registry-sso-realm in namespace: keycloak22
2025-11-17 13:30:33,434 INFO  [org.key.ope.con.KeycloakRealmImportController] (ReconcilerExecutor-keycloakrealmimportcontroller-145) Job about to start
2025-11-17 13:30:33,434 INFO  [org.key.ope.con.KeycloakRealmImportController] (ReconcilerExecutor-keycloakrealmimportcontroller-145) --- Realm reconciliation finished successfully
2025-11-17 13:30:43,436 INFO  [org.key.ope.con.KeycloakRealmImportController] (ReconcilerExecutor-keycloakrealmimportcontroller-147) --- Reconciling Keycloak Realm: registry-sso-realm in namespace: keycloak22
2025-11-17 13:30:43,448 INFO  [org.key.ope.con.KeycloakRealmImportController] (ReconcilerExecutor-keycloakrealmimportcontroller-147) Job about to start
2025-11-17 13:30:43,448 INFO  [org.key.ope.con.KeycloakRealmImportController] (ReconcilerExecutor-keycloakrealmimportcontroller-147) --- Realm reconciliation finished successfully
