2026-02-03 17:50:33,655 WARN  [io.qua.config] (main) Unrecognized configuration key "quarkus.operator-sdk.bundle.package-name" was provided; it will be ignored; verify that the dependency extension for this configuration is set or that you did not make a typo
2026-02-03 17:50:35,859 INFO  [io.qua.ope.run.OperatorProducer] (main) Quarkus Java Operator SDK extension 7.2.3 (commit: 9ae140e) built on Wed Nov 19 09:27:06 GMT 2025
2026-02-03 17:50:36,058 INFO  [io.jav.ope.Operator] (main) Registered reconciler: 'keycloakcontroller' for resource: 'class org.keycloak.operator.crds.v2alpha1.deployment.Keycloak' for namespace(s): [keycloak22]
2026-02-03 17:50:36,062 INFO  [io.jav.ope.Operator] (main) Registered reconciler: 'keycloakrealmimportcontroller' for resource: 'class org.keycloak.operator.crds.v2alpha1.realmimport.KeycloakRealmImport' for namespace(s): [keycloak22]
2026-02-03 17:50:36,063 INFO  [io.qua.ope.run.AppEventListener] (main) Starting operator.
2026-02-03 17:50:36,063 INFO  [io.jav.ope.Operator] (main) Operator SDK 5.1.5 (commit: 6eb2486) built on Thu Nov 13 20:38:03 GMT 2025 starting...
2026-02-03 17:50:36,063 INFO  [io.jav.ope.Operator] (main) Client version: 7.3.1
2026-02-03 17:50:36,066 INFO  [io.jav.ope.pro.Controller] (Controller Starter for: keycloakrealmimportcontroller) Starting 'keycloakrealmimportcontroller' controller for reconciler: org.keycloak.operator.controllers.KeycloakRealmImportController, resource: org.keycloak.operator.crds.v2alpha1.realmimport.KeycloakRealmImport
2026-02-03 17:50:36,066 INFO  [io.jav.ope.pro.Controller] (Controller Starter for: keycloakcontroller) Starting 'keycloakcontroller' controller for reconciler: org.keycloak.operator.controllers.KeycloakController, resource: org.keycloak.operator.crds.v2alpha1.deployment.Keycloak
2026-02-03 17:50:36,463 WARN  [io.fab.kub.cli.dsl.int.VersionUsageUtils] (InformerWrapper [keycloaks.k8s.keycloak.org/v2alpha1] 27) The client is using resource type 'keycloaks' with unstable version 'v2alpha1'
2026-02-03 17:50:36,537 WARN  [io.fab.kub.cli.dsl.int.VersionUsageUtils] (InformerWrapper [keycloakrealmimports.k8s.keycloak.org/v2alpha1] 26) The client is using resource type 'keycloakrealmimports' with unstable version 'v2alpha1'
2026-02-03 17:50:40,239 INFO  [io.jav.ope.pro.Controller] (Controller Starter for: keycloakrealmimportcontroller) 'keycloakrealmimportcontroller' controller started
2026-02-03 17:50:40,548 INFO  [org.key.ope.con.KeycloakRealmImportController] (ReconcilerExecutor-keycloakrealmimportcontroller-48) --- Reconciling Keycloak Realm: registry-sso-realm in namespace: keycloak22
2026-02-03 17:50:40,952 INFO  [org.key.ope.con.KeycloakRealmImportController] (ReconcilerExecutor-keycloakrealmimportcontroller-48) --- Realm reconciliation finished successfully
2026-02-03 17:50:41,054 INFO  [io.jav.ope.pro.Controller] (Controller Starter for: keycloakcontroller) 'keycloakcontroller' controller started
2026-02-03 17:50:41,341 INFO  [io.quarkus] (main) keycloak-operator 26.5.2 on JVM (powered by Quarkus 3.27.2) started in 9.793s. Listening on: http://0.0.0.0:8080
2026-02-03 17:50:41,341 INFO  [io.quarkus] (main) Profile prod activated. 
2026-02-03 17:50:41,341 INFO  [io.quarkus] (main) Installed features: [cdi, kubernetes, kubernetes-client, openshift-client, operator-sdk, smallrye-context-propagation, smallrye-health, vertx]
2026-02-03 17:50:42,449 INFO  [io.jav.ope.pro.eve.ReconciliationDispatcher] (ReconcilerExecutor-keycloakcontroller-61) ErrorStatusUpdateControl.patchStatus of ResourceID{name='keycloak-instance', namespace='keycloak22'} failed due to a conflict, but the next reconciliation is imminent.
2026-02-03 17:50:42,450 INFO  [io.jav.ope.pro.eve.EventProcessor] (ReconcilerExecutor-keycloakcontroller-61) Resource Kubernetes Resource Creator/Update Conflict during reconciliation. Message: Failure executing: PATCH at: https://172.30.0.1:443/apis/k8s.keycloak.org/v2alpha1/namespaces/keycloak22/keycloaks/keycloak-instance/status?fieldManager=keycloakcontroller&force=true. Message: Operation cannot be fulfilled on keycloaks.k8s.keycloak.org "keycloak-instance": the object has been modified; please apply your changes to the latest version and try again. Received status: Status(apiVersion=v1, code=409, details=StatusDetails(causes=[], group=k8s.keycloak.org, kind=keycloaks, name=keycloak-instance, retryAfterSeconds=null, uid=null, additionalProperties={}), kind=Status, message=Operation cannot be fulfilled on keycloaks.k8s.keycloak.org "keycloak-instance": the object has been modified; please apply your changes to the latest version and try again, metadata=ListMeta(_continue=null, remainingItemCount=null, resourceVersion=null, selfLink=null, additionalProperties={}), reason=Conflict, status=Failure, additionalProperties={}). Resource name: null
2026-02-03 17:50:51,165 INFO  [org.key.ope.con.KeycloakRealmImportController] (ReconcilerExecutor-keycloakrealmimportcontroller-75) --- Reconciling Keycloak Realm: registry-sso-realm in namespace: keycloak22
2026-02-03 17:50:51,191 INFO  [org.key.ope.con.KeycloakRealmImportController] (ReconcilerExecutor-keycloakrealmimportcontroller-75) Job about to start
2026-02-03 17:50:51,191 INFO  [org.key.ope.con.KeycloakRealmImportController] (ReconcilerExecutor-keycloakrealmimportcontroller-75) --- Realm reconciliation finished successfully
2026-02-03 17:51:01,242 INFO  [org.key.ope.con.KeycloakRealmImportController] (ReconcilerExecutor-keycloakrealmimportcontroller-83) --- Reconciling Keycloak Realm: registry-sso-realm in namespace: keycloak22
2026-02-03 17:51:01,260 INFO  [org.key.ope.con.KeycloakRealmImportController] (ReconcilerExecutor-keycloakrealmimportcontroller-83) Job about to start
2026-02-03 17:51:01,260 INFO  [org.key.ope.con.KeycloakRealmImportController] (ReconcilerExecutor-keycloakrealmimportcontroller-83) --- Realm reconciliation finished successfully
2026-02-03 17:51:11,264 INFO  [org.key.ope.con.KeycloakRealmImportController] (ReconcilerExecutor-keycloakrealmimportcontroller-91) --- Reconciling Keycloak Realm: registry-sso-realm in namespace: keycloak22
2026-02-03 17:51:11,280 INFO  [org.key.ope.con.KeycloakRealmImportController] (ReconcilerExecutor-keycloakrealmimportcontroller-91) Job about to start
2026-02-03 17:51:11,280 INFO  [org.key.ope.con.KeycloakRealmImportController] (ReconcilerExecutor-keycloakrealmimportcontroller-91) --- Realm reconciliation finished successfully
2026-02-03 17:51:21,282 INFO  [org.key.ope.con.KeycloakRealmImportController] (ReconcilerExecutor-keycloakrealmimportcontroller-99) --- Reconciling Keycloak Realm: registry-sso-realm in namespace: keycloak22
2026-02-03 17:51:21,296 INFO  [org.key.ope.con.KeycloakRealmImportController] (ReconcilerExecutor-keycloakrealmimportcontroller-99) Job about to start
2026-02-03 17:51:21,296 INFO  [org.key.ope.con.KeycloakRealmImportController] (ReconcilerExecutor-keycloakrealmimportcontroller-99) --- Realm reconciliation finished successfully
2026-02-03 17:51:31,299 INFO  [org.key.ope.con.KeycloakRealmImportController] (ReconcilerExecutor-keycloakrealmimportcontroller-107) --- Reconciling Keycloak Realm: registry-sso-realm in namespace: keycloak22
2026-02-03 17:51:31,314 INFO  [org.key.ope.con.KeycloakRealmImportController] (ReconcilerExecutor-keycloakrealmimportcontroller-107) Job about to start
2026-02-03 17:51:31,314 INFO  [org.key.ope.con.KeycloakRealmImportController] (ReconcilerExecutor-keycloakrealmimportcontroller-107) --- Realm reconciliation finished successfully
2026-02-03 17:51:41,317 INFO  [org.key.ope.con.KeycloakRealmImportController] (ReconcilerExecutor-keycloakrealmimportcontroller-115) --- Reconciling Keycloak Realm: registry-sso-realm in namespace: keycloak22
2026-02-03 17:51:41,332 INFO  [org.key.ope.con.KeycloakRealmImportController] (ReconcilerExecutor-keycloakrealmimportcontroller-115) Job about to start
2026-02-03 17:51:41,333 INFO  [org.key.ope.con.KeycloakRealmImportController] (ReconcilerExecutor-keycloakrealmimportcontroller-115) --- Realm reconciliation finished successfully
2026-02-03 17:51:51,341 INFO  [org.key.ope.con.KeycloakRealmImportController] (ReconcilerExecutor-keycloakrealmimportcontroller-119) --- Reconciling Keycloak Realm: registry-sso-realm in namespace: keycloak22
2026-02-03 17:51:51,353 INFO  [org.key.ope.con.KeycloakRealmImportController] (ReconcilerExecutor-keycloakrealmimportcontroller-119) Job about to start
2026-02-03 17:51:51,354 INFO  [org.key.ope.con.KeycloakRealmImportController] (ReconcilerExecutor-keycloakrealmimportcontroller-119) --- Realm reconciliation finished successfully
2026-02-03 17:52:01,356 INFO  [org.key.ope.con.KeycloakRealmImportController] (ReconcilerExecutor-keycloakrealmimportcontroller-121) --- Reconciling Keycloak Realm: registry-sso-realm in namespace: keycloak22
2026-02-03 17:52:01,370 INFO  [org.key.ope.con.KeycloakRealmImportController] (ReconcilerExecutor-keycloakrealmimportcontroller-121) Job about to start
2026-02-03 17:52:01,370 INFO  [org.key.ope.con.KeycloakRealmImportController] (ReconcilerExecutor-keycloakrealmimportcontroller-121) --- Realm reconciliation finished successfully
2026-02-03 17:52:11,374 INFO  [org.key.ope.con.KeycloakRealmImportController] (ReconcilerExecutor-keycloakrealmimportcontroller-123) --- Reconciling Keycloak Realm: registry-sso-realm in namespace: keycloak22
2026-02-03 17:52:11,388 INFO  [org.key.ope.con.KeycloakRealmImportController] (ReconcilerExecutor-keycloakrealmimportcontroller-123) Job about to start
2026-02-03 17:52:11,388 INFO  [org.key.ope.con.KeycloakRealmImportController] (ReconcilerExecutor-keycloakrealmimportcontroller-123) --- Realm reconciliation finished successfully
2026-02-03 17:52:21,397 INFO  [org.key.ope.con.KeycloakRealmImportController] (ReconcilerExecutor-keycloakrealmimportcontroller-125) --- Reconciling Keycloak Realm: registry-sso-realm in namespace: keycloak22
2026-02-03 17:52:21,409 INFO  [org.key.ope.con.KeycloakRealmImportController] (ReconcilerExecutor-keycloakrealmimportcontroller-125) Job about to start
2026-02-03 17:52:21,409 INFO  [org.key.ope.con.KeycloakRealmImportController] (ReconcilerExecutor-keycloakrealmimportcontroller-125) --- Realm reconciliation finished successfully
2026-02-03 17:52:31,412 INFO  [org.key.ope.con.KeycloakRealmImportController] (ReconcilerExecutor-keycloakrealmimportcontroller-130) --- Reconciling Keycloak Realm: registry-sso-realm in namespace: keycloak22
2026-02-03 17:52:31,537 INFO  [org.key.ope.con.KeycloakRealmImportController] (ReconcilerExecutor-keycloakrealmimportcontroller-130) Job about to start
2026-02-03 17:52:31,537 INFO  [org.key.ope.con.KeycloakRealmImportController] (ReconcilerExecutor-keycloakrealmimportcontroller-130) --- Realm reconciliation finished successfully
2026-02-03 17:52:31,561 INFO  [org.key.ope.con.KeycloakRealmImportController] (ReconcilerExecutor-keycloakrealmimportcontroller-131) --- Reconciling Keycloak Realm: registry-sso-realm in namespace: keycloak22
2026-02-03 17:52:31,644 INFO  [org.key.ope.con.KeycloakRealmImportController] (ReconcilerExecutor-keycloakrealmimportcontroller-131) Job already executed - not recreating
2026-02-03 17:52:31,644 INFO  [org.key.ope.con.KeycloakRealmImportController] (ReconcilerExecutor-keycloakrealmimportcontroller-131) Job running
2026-02-03 17:52:31,644 INFO  [org.key.ope.con.KeycloakRealmImportController] (ReconcilerExecutor-keycloakrealmimportcontroller-131) --- Realm reconciliation finished successfully
2026-02-03 17:52:31,667 INFO  [io.jav.ope.pro.eve.ReconciliationDispatcher] (ReconcilerExecutor-keycloakrealmimportcontroller-131) ErrorStatusUpdateControl.patchStatus of ResourceID{name='registry-sso-realm', namespace='keycloak22'} failed due to a conflict, but the next reconciliation is imminent.
2026-02-03 17:52:31,667 INFO  [io.jav.ope.pro.eve.EventProcessor] (ReconcilerExecutor-keycloakrealmimportcontroller-131) Resource Kubernetes Resource Creator/Update Conflict during reconciliation. Message: Failure executing: PATCH at: https://172.30.0.1:443/apis/k8s.keycloak.org/v2alpha1/namespaces/keycloak22/keycloakrealmimports/registry-sso-realm/status?fieldManager=keycloakrealmimportcontroller&force=true. Message: Operation cannot be fulfilled on keycloakrealmimports.k8s.keycloak.org "registry-sso-realm": the object has been modified; please apply your changes to the latest version and try again. Received status: Status(apiVersion=v1, code=409, details=StatusDetails(causes=[], group=k8s.keycloak.org, kind=keycloakrealmimports, name=registry-sso-realm, retryAfterSeconds=null, uid=null, additionalProperties={}), kind=Status, message=Operation cannot be fulfilled on keycloakrealmimports.k8s.keycloak.org "registry-sso-realm": the object has been modified; please apply your changes to the latest version and try again, metadata=ListMeta(_continue=null, remainingItemCount=null, resourceVersion=null, selfLink=null, additionalProperties={}), reason=Conflict, status=Failure, additionalProperties={}). Resource name: null
2026-02-03 17:52:33,671 INFO  [org.key.ope.con.KeycloakRealmImportController] (ReconcilerExecutor-keycloakrealmimportcontroller-132) --- Reconciling Keycloak Realm: registry-sso-realm in namespace: keycloak22
2026-02-03 17:52:33,687 INFO  [org.key.ope.con.KeycloakRealmImportController] (ReconcilerExecutor-keycloakrealmimportcontroller-132) Job already executed - not recreating
2026-02-03 17:52:33,687 INFO  [org.key.ope.con.KeycloakRealmImportController] (ReconcilerExecutor-keycloakrealmimportcontroller-132) Job running
2026-02-03 17:52:33,688 INFO  [org.key.ope.con.KeycloakRealmImportController] (ReconcilerExecutor-keycloakrealmimportcontroller-132) --- Realm reconciliation finished successfully
2026-02-03 17:52:34,519 INFO  [org.key.ope.con.KeycloakRealmImportController] (ReconcilerExecutor-keycloakrealmimportcontroller-133) --- Reconciling Keycloak Realm: registry-sso-realm in namespace: keycloak22
2026-02-03 17:52:34,539 INFO  [org.key.ope.con.KeycloakRealmImportController] (ReconcilerExecutor-keycloakrealmimportcontroller-133) Job already executed - not recreating
2026-02-03 17:52:34,539 INFO  [org.key.ope.con.KeycloakRealmImportController] (ReconcilerExecutor-keycloakrealmimportcontroller-133) Job running
2026-02-03 17:52:34,539 INFO  [org.key.ope.con.KeycloakRealmImportController] (ReconcilerExecutor-keycloakrealmimportcontroller-133) --- Realm reconciliation finished successfully
2026-02-03 17:52:44,542 INFO  [org.key.ope.con.KeycloakRealmImportController] (ReconcilerExecutor-keycloakrealmimportcontroller-134) --- Reconciling Keycloak Realm: registry-sso-realm in namespace: keycloak22
2026-02-03 17:52:44,561 INFO  [org.key.ope.con.KeycloakRealmImportController] (ReconcilerExecutor-keycloakrealmimportcontroller-134) Job already executed - not recreating
2026-02-03 17:52:44,561 INFO  [org.key.ope.con.KeycloakRealmImportController] (ReconcilerExecutor-keycloakrealmimportcontroller-134) Job running
2026-02-03 17:52:44,561 INFO  [org.key.ope.con.KeycloakRealmImportController] (ReconcilerExecutor-keycloakrealmimportcontroller-134) --- Realm reconciliation finished successfully
2026-02-03 17:52:54,567 INFO  [org.key.ope.con.KeycloakRealmImportController] (ReconcilerExecutor-keycloakrealmimportcontroller-135) --- Reconciling Keycloak Realm: registry-sso-realm in namespace: keycloak22
2026-02-03 17:52:54,582 INFO  [org.key.ope.con.KeycloakRealmImportController] (ReconcilerExecutor-keycloakrealmimportcontroller-135) Job already executed - not recreating
2026-02-03 17:52:54,582 INFO  [org.key.ope.con.KeycloakRealmImportController] (ReconcilerExecutor-keycloakrealmimportcontroller-135) Job running
2026-02-03 17:52:54,583 INFO  [org.key.ope.con.KeycloakRealmImportController] (ReconcilerExecutor-keycloakrealmimportcontroller-135) --- Realm reconciliation finished successfully
2026-02-03 17:53:04,585 INFO  [org.key.ope.con.KeycloakRealmImportController] (ReconcilerExecutor-keycloakrealmimportcontroller-136) --- Reconciling Keycloak Realm: registry-sso-realm in namespace: keycloak22
2026-02-03 17:53:04,603 INFO  [org.key.ope.con.KeycloakRealmImportController] (ReconcilerExecutor-keycloakrealmimportcontroller-136) Job already executed - not recreating
2026-02-03 17:53:04,603 INFO  [org.key.ope.con.KeycloakRealmImportController] (ReconcilerExecutor-keycloakrealmimportcontroller-136) Job running
2026-02-03 17:53:04,603 INFO  [org.key.ope.con.KeycloakRealmImportController] (ReconcilerExecutor-keycloakrealmimportcontroller-136) --- Realm reconciliation finished successfully
2026-02-03 17:53:14,606 INFO  [org.key.ope.con.KeycloakRealmImportController] (ReconcilerExecutor-keycloakrealmimportcontroller-137) --- Reconciling Keycloak Realm: registry-sso-realm in namespace: keycloak22
2026-02-03 17:53:14,622 INFO  [org.key.ope.con.KeycloakRealmImportController] (ReconcilerExecutor-keycloakrealmimportcontroller-137) Job already executed - not recreating
2026-02-03 17:53:14,623 INFO  [org.key.ope.con.KeycloakRealmImportController] (ReconcilerExecutor-keycloakrealmimportcontroller-137) Job running
2026-02-03 17:53:14,623 INFO  [org.key.ope.con.KeycloakRealmImportController] (ReconcilerExecutor-keycloakrealmimportcontroller-137) --- Realm reconciliation finished successfully
2026-02-03 17:53:24,625 INFO  [org.key.ope.con.KeycloakRealmImportController] (ReconcilerExecutor-keycloakrealmimportcontroller-138) --- Reconciling Keycloak Realm: registry-sso-realm in namespace: keycloak22
2026-02-03 17:53:24,642 INFO  [org.key.ope.con.KeycloakRealmImportController] (ReconcilerExecutor-keycloakrealmimportcontroller-138) Job already executed - not recreating
2026-02-03 17:53:24,643 INFO  [org.key.ope.con.KeycloakRealmImportController] (ReconcilerExecutor-keycloakrealmimportcontroller-138) Job running
2026-02-03 17:53:24,643 INFO  [org.key.ope.con.KeycloakRealmImportController] (ReconcilerExecutor-keycloakrealmimportcontroller-138) --- Realm reconciliation finished successfully
2026-02-03 17:53:34,645 INFO  [org.key.ope.con.KeycloakRealmImportController] (ReconcilerExecutor-keycloakrealmimportcontroller-140) --- Reconciling Keycloak Realm: registry-sso-realm in namespace: keycloak22
2026-02-03 17:53:34,665 INFO  [org.key.ope.con.KeycloakRealmImportController] (ReconcilerExecutor-keycloakrealmimportcontroller-140) Job already executed - not recreating
2026-02-03 17:53:34,665 INFO  [org.key.ope.con.KeycloakRealmImportController] (ReconcilerExecutor-keycloakrealmimportcontroller-140) Job running
2026-02-03 17:53:34,665 INFO  [org.key.ope.con.KeycloakRealmImportController] (ReconcilerExecutor-keycloakrealmimportcontroller-140) --- Realm reconciliation finished successfully
2026-02-03 17:53:35,784 INFO  [org.key.ope.con.KeycloakRealmImportController] (ReconcilerExecutor-keycloakrealmimportcontroller-143) --- Reconciling Keycloak Realm: registry-sso-realm in namespace: keycloak22
2026-02-03 17:53:35,799 INFO  [org.key.ope.con.KeycloakRealmImportController] (ReconcilerExecutor-keycloakrealmimportcontroller-143) Job already executed - not recreating
2026-02-03 17:53:35,799 INFO  [org.key.ope.con.KeycloakRealmImportController] (ReconcilerExecutor-keycloakrealmimportcontroller-143) Job running
2026-02-03 17:53:35,799 INFO  [org.key.ope.con.KeycloakRealmImportController] (ReconcilerExecutor-keycloakrealmimportcontroller-143) --- Realm reconciliation finished successfully
2026-02-03 17:53:36,795 INFO  [org.key.ope.con.KeycloakRealmImportController] (ReconcilerExecutor-keycloakrealmimportcontroller-144) --- Reconciling Keycloak Realm: registry-sso-realm in namespace: keycloak22
2026-02-03 17:53:36,810 INFO  [org.key.ope.con.KeycloakRealmImportController] (ReconcilerExecutor-keycloakrealmimportcontroller-144) Job already executed - not recreating
2026-02-03 17:53:36,810 INFO  [org.key.ope.con.KeycloakRealmImportController] (ReconcilerExecutor-keycloakrealmimportcontroller-144) Job running
2026-02-03 17:53:36,811 INFO  [org.key.ope.con.KeycloakRealmImportController] (ReconcilerExecutor-keycloakrealmimportcontroller-144) --- Realm reconciliation finished successfully
2026-02-03 17:53:36,818 INFO  [org.key.ope.con.KeycloakRealmImportController] (ReconcilerExecutor-keycloakrealmimportcontroller-145) --- Reconciling Keycloak Realm: registry-sso-realm in namespace: keycloak22
2026-02-03 17:53:36,838 INFO  [org.key.ope.con.KeycloakRealmImportController] (ReconcilerExecutor-keycloakrealmimportcontroller-145) Job already executed - not recreating
2026-02-03 17:53:36,838 INFO  [org.key.ope.con.KeycloakRealmImportController] (ReconcilerExecutor-keycloakrealmimportcontroller-145) Job finished
2026-02-03 17:53:36,839 INFO  [org.key.ope.con.KeycloakRealmImportController] (ReconcilerExecutor-keycloakrealmimportcontroller-145) --- Realm reconciliation finished successfully
