2026-03-30 19:55:15+00:00 [Note] [Entrypoint]: Entrypoint script for MySQL Server 8.4.8-1.el9 started.
2026-03-30 19:55:16+00:00 [Note] [Entrypoint]: Initializing database files
2026-03-30T19:55:16.616199Z 0 [System] [MY-015017] [Server] MySQL Server Initialization - start.
2026-03-30T19:55:16.618556Z 0 [System] [MY-013169] [Server] /usr/sbin/mysqld (mysqld 8.4.8) initializing of server in progress as process 36
2026-03-30T19:55:16.621475Z 0 [Warning] [MY-010122] [Server] One can only use the --user switch if running as root
2026-03-30T19:55:16.632779Z 1 [System] [MY-013576] [InnoDB] InnoDB initialization has started.
2026-03-30T19:55:17.232368Z 1 [System] [MY-013577] [InnoDB] InnoDB initialization has ended.
2026-03-30T19:55:19.124048Z 6 [Warning] [MY-010453] [Server] root@localhost is created with an empty password ! Please consider switching off the --initialize-insecure option.
2026-03-30T19:55:25.841929Z 0 [System] [MY-015018] [Server] MySQL Server Initialization - end.
2026-03-30 19:55:25+00:00 [Note] [Entrypoint]: Database files initialized
2026-03-30 19:55:25+00:00 [Note] [Entrypoint]: Starting temporary server
2026-03-30T19:55:25.888962Z 0 [System] [MY-015015] [Server] MySQL Server - start.
2026-03-30T19:55:26.223701Z 0 [System] [MY-010116] [Server] /usr/sbin/mysqld (mysqld 8.4.8) starting as process 78
2026-03-30T19:55:26.230963Z 0 [Warning] [MY-010122] [Server] One can only use the --user switch if running as root
2026-03-30T19:55:26.239011Z 1 [System] [MY-013576] [InnoDB] InnoDB initialization has started.
2026-03-30T19:55:27.105731Z 1 [System] [MY-013577] [InnoDB] InnoDB initialization has ended.
2026-03-30T19:55:27.531280Z 0 [Warning] [MY-010068] [Server] CA certificate ca.pem is self signed.
2026-03-30T19:55:27.531318Z 0 [System] [MY-013602] [Server] Channel mysql_main configured to support TLS. Encrypted connections are now supported for this channel.
2026-03-30T19:55:27.532774Z 0 [Warning] [MY-011810] [Server] Insecure configuration for --pid-file: Location '/var/run/mysqld' in the path is accessible to all OS users. Consider choosing a different directory.
2026-03-30T19:55:27.571951Z 0 [System] [MY-011323] [Server] X Plugin ready for connections. Socket: /var/run/mysqld/mysqlx.sock
2026-03-30T19:55:27.572035Z 0 [System] [MY-010931] [Server] /usr/sbin/mysqld: ready for connections. Version: '8.4.8'  socket: '/var/run/mysqld/mysqld.sock'  port: 0  MySQL Community Server - GPL.
2026-03-30 19:55:27+00:00 [Note] [Entrypoint]: Temporary server started.
'/var/lib/mysql/mysql.sock' -> '/var/run/mysqld/mysqld.sock'
Warning: Unable to load '/usr/share/zoneinfo/iso3166.tab' as time zone. Skipping it.
Warning: Unable to load '/usr/share/zoneinfo/leap-seconds.list' as time zone. Skipping it.
Warning: Unable to load '/usr/share/zoneinfo/leapseconds' as time zone. Skipping it.
Warning: Unable to load '/usr/share/zoneinfo/tzdata.zi' as time zone. Skipping it.
Warning: Unable to load '/usr/share/zoneinfo/zone.tab' as time zone. Skipping it.
Warning: Unable to load '/usr/share/zoneinfo/zone1970.tab' as time zone. Skipping it.
2026-03-30 19:55:32+00:00 [Note] [Entrypoint]: Creating database apicuriodb
2026-03-30 19:55:32+00:00 [Note] [Entrypoint]: Creating user mysqluser
2026-03-30 19:55:32+00:00 [Note] [Entrypoint]: Giving user mysqluser access to schema apicuriodb

2026-03-30 19:55:32+00:00 [Note] [Entrypoint]: Stopping temporary server
2026-03-30T19:55:32.843014Z 13 [System] [MY-013172] [Server] Received SHUTDOWN from user root. Shutting down mysqld (Version: 8.4.8).
2026-03-30T19:55:33.866029Z 0 [System] [MY-010910] [Server] /usr/sbin/mysqld: Shutdown complete (mysqld 8.4.8)  MySQL Community Server - GPL.
2026-03-30T19:55:33.866049Z 0 [System] [MY-015016] [Server] MySQL Server - end.
2026-03-30 19:55:34+00:00 [Note] [Entrypoint]: Temporary server stopped

2026-03-30 19:55:34+00:00 [Note] [Entrypoint]: MySQL init process done. Ready for start up.

2026-03-30T19:55:34.873953Z 0 [System] [MY-015015] [Server] MySQL Server - start.
2026-03-30T19:55:35.208970Z 0 [System] [MY-010116] [Server] /usr/sbin/mysqld (mysqld 8.4.8) starting as process 1
2026-03-30T19:55:35.210944Z 0 [Warning] [MY-010122] [Server] One can only use the --user switch if running as root
2026-03-30T19:55:35.215301Z 1 [System] [MY-013576] [InnoDB] InnoDB initialization has started.
2026-03-30T19:55:35.559428Z 1 [System] [MY-013577] [InnoDB] InnoDB initialization has ended.
2026-03-30T19:55:35.901421Z 0 [Warning] [MY-010068] [Server] CA certificate ca.pem is self signed.
2026-03-30T19:55:35.901458Z 0 [System] [MY-013602] [Server] Channel mysql_main configured to support TLS. Encrypted connections are now supported for this channel.
2026-03-30T19:55:35.902927Z 0 [Warning] [MY-011810] [Server] Insecure configuration for --pid-file: Location '/var/run/mysqld' in the path is accessible to all OS users. Consider choosing a different directory.
2026-03-30T19:55:35.942675Z 0 [System] [MY-011323] [Server] X Plugin ready for connections. Bind-address: '::' port: 33060, socket: /var/run/mysqld/mysqlx.sock
2026-03-30T19:55:35.942785Z 0 [System] [MY-010931] [Server] /usr/sbin/mysqld: ready for connections. Version: '8.4.8'  socket: '/var/run/mysqld/mysqld.sock'  port: 3306  MySQL Community Server - GPL.
