2025-10-22 23:11:19+00:00 [Note] [Entrypoint]: Entrypoint script for MySQL Server 8.4.7-1.el9 started.
2025-10-22 23:11:20+00:00 [Note] [Entrypoint]: Initializing database files
2025-10-22T23:11:20.355820Z 0 [System] [MY-015017] [Server] MySQL Server Initialization - start.
2025-10-22T23:11:20.360994Z 0 [System] [MY-013169] [Server] /usr/sbin/mysqld (mysqld 8.4.7) initializing of server in progress as process 36
2025-10-22T23:11:20.363659Z 0 [Warning] [MY-010122] [Server] One can only use the --user switch if running as root
2025-10-22T23:11:20.374815Z 1 [System] [MY-013576] [InnoDB] InnoDB initialization has started.
2025-10-22T23:11:21.015869Z 1 [System] [MY-013577] [InnoDB] InnoDB initialization has ended.
2025-10-22T23:11:22.289262Z 6 [Warning] [MY-010453] [Server] root@localhost is created with an empty password ! Please consider switching off the --initialize-insecure option.
2025-10-22T23:11:24.873500Z 0 [System] [MY-015018] [Server] MySQL Server Initialization - end.
2025-10-22 23:11:24+00:00 [Note] [Entrypoint]: Database files initialized
2025-10-22 23:11:24+00:00 [Note] [Entrypoint]: Starting temporary server
2025-10-22T23:11:24.918850Z 0 [System] [MY-015015] [Server] MySQL Server - start.
2025-10-22T23:11:25.254960Z 0 [System] [MY-010116] [Server] /usr/sbin/mysqld (mysqld 8.4.7) starting as process 77
2025-10-22T23:11:25.262075Z 0 [Warning] [MY-010122] [Server] One can only use the --user switch if running as root
2025-10-22T23:11:25.283253Z 1 [System] [MY-013576] [InnoDB] InnoDB initialization has started.
2025-10-22T23:11:26.646005Z 1 [System] [MY-013577] [InnoDB] InnoDB initialization has ended.
2025-10-22T23:11:27.807411Z 0 [Warning] [MY-010068] [Server] CA certificate ca.pem is self signed.
2025-10-22T23:11:27.807445Z 0 [System] [MY-013602] [Server] Channel mysql_main configured to support TLS. Encrypted connections are now supported for this channel.
2025-10-22T23:11:27.808749Z 0 [Warning] [MY-011810] [Server] Insecure configuration for --pid-file: Location '/var/run/mysqld' in the path is accessible to all OS users. Consider choosing a different directory.
2025-10-22T23:11:27.846715Z 0 [System] [MY-011323] [Server] X Plugin ready for connections. Socket: /var/run/mysqld/mysqlx.sock
2025-10-22T23:11:27.846818Z 0 [System] [MY-010931] [Server] /usr/sbin/mysqld: ready for connections. Version: '8.4.7'  socket: '/var/run/mysqld/mysqld.sock'  port: 0  MySQL Community Server - GPL.
2025-10-22 23:11:27+00:00 [Note] [Entrypoint]: Temporary server started.
'/var/lib/mysql/mysql.sock' -> '/var/run/mysqld/mysqld.sock'
Warning: Unable to load '/usr/share/zoneinfo/iso3166.tab' as time zone. Skipping it.
Warning: Unable to load '/usr/share/zoneinfo/leap-seconds.list' as time zone. Skipping it.
Warning: Unable to load '/usr/share/zoneinfo/leapseconds' as time zone. Skipping it.
Warning: Unable to load '/usr/share/zoneinfo/tzdata.zi' as time zone. Skipping it.
Warning: Unable to load '/usr/share/zoneinfo/zone.tab' as time zone. Skipping it.
Warning: Unable to load '/usr/share/zoneinfo/zone1970.tab' as time zone. Skipping it.
2025-10-22 23:11:31+00:00 [Note] [Entrypoint]: Creating database apicuriodb
2025-10-22 23:11:31+00:00 [Note] [Entrypoint]: Creating user mysqluser
2025-10-22 23:11:32+00:00 [Note] [Entrypoint]: Giving user mysqluser access to schema apicuriodb

2025-10-22 23:11:32+00:00 [Note] [Entrypoint]: Stopping temporary server
2025-10-22T23:11:32.071829Z 13 [System] [MY-013172] [Server] Received SHUTDOWN from user root. Shutting down mysqld (Version: 8.4.7).
2025-10-22T23:11:32.695536Z 0 [System] [MY-010910] [Server] /usr/sbin/mysqld: Shutdown complete (mysqld 8.4.7)  MySQL Community Server - GPL.
2025-10-22T23:11:32.695554Z 0 [System] [MY-015016] [Server] MySQL Server - end.
2025-10-22 23:11:33+00:00 [Note] [Entrypoint]: Temporary server stopped

2025-10-22 23:11:33+00:00 [Note] [Entrypoint]: MySQL init process done. Ready for start up.

2025-10-22T23:11:33.092685Z 0 [System] [MY-015015] [Server] MySQL Server - start.
2025-10-22T23:11:33.450747Z 0 [System] [MY-010116] [Server] /usr/sbin/mysqld (mysqld 8.4.7) starting as process 1
2025-10-22T23:11:33.452873Z 0 [Warning] [MY-010122] [Server] One can only use the --user switch if running as root
2025-10-22T23:11:33.457444Z 1 [System] [MY-013576] [InnoDB] InnoDB initialization has started.
2025-10-22T23:11:33.798212Z 1 [System] [MY-013577] [InnoDB] InnoDB initialization has ended.
2025-10-22T23:11:34.149389Z 0 [Warning] [MY-010068] [Server] CA certificate ca.pem is self signed.
2025-10-22T23:11:34.149432Z 0 [System] [MY-013602] [Server] Channel mysql_main configured to support TLS. Encrypted connections are now supported for this channel.
2025-10-22T23:11:34.151471Z 0 [Warning] [MY-011810] [Server] Insecure configuration for --pid-file: Location '/var/run/mysqld' in the path is accessible to all OS users. Consider choosing a different directory.
2025-10-22T23:11:34.199970Z 0 [System] [MY-010931] [Server] /usr/sbin/mysqld: ready for connections. Version: '8.4.7'  socket: '/var/run/mysqld/mysqld.sock'  port: 3306  MySQL Community Server - GPL.
2025-10-22T23:11:34.200772Z 0 [System] [MY-011323] [Server] X Plugin ready for connections. Bind-address: '::' port: 33060, socket: /var/run/mysqld/mysqlx.sock
