2025-11-20 13:28:30,827 WARN  [io.qua.config] (main) Unrecognized configuration key "quarkus.operator-sdk.bundle.package-name" was provided; it will be ignored; verify that the dependency extension for this configuration is set or that you did not make a typo
2025-11-20 13:28:33,009 INFO  [io.qua.ope.run.OperatorProducer] (main) Quarkus Java Operator SDK extension 7.2.0 (commit: edba9b2) built on Tue Jun 10 13:53:07 GMT 2025
2025-11-20 13:28:33,138 INFO  [io.jav.ope.Operator] (main) Registered reconciler: 'keycloakcontroller' for resource: 'class org.keycloak.operator.crds.v2alpha1.deployment.Keycloak' for namespace(s): [keycloak26]
2025-11-20 13:28:33,142 INFO  [io.jav.ope.Operator] (main) Registered reconciler: 'keycloakrealmimportcontroller' for resource: 'class org.keycloak.operator.crds.v2alpha1.realmimport.KeycloakRealmImport' for namespace(s): [keycloak26]
2025-11-20 13:28:33,142 INFO  [io.qua.ope.run.AppEventListener] (main) Starting operator.
2025-11-20 13:28:33,142 INFO  [io.jav.ope.Operator] (main) Operator SDK 5.1.1 (commit: e3e9458) built on Mon May 26 07:26:01 GMT 2025 starting...
2025-11-20 13:28:33,142 INFO  [io.jav.ope.Operator] (main) Client version: 7.3.1
2025-11-20 13:28:33,207 INFO  [io.jav.ope.pro.Controller] (Controller Starter for: keycloakrealmimportcontroller) Starting 'keycloakrealmimportcontroller' controller for reconciler: org.keycloak.operator.controllers.KeycloakRealmImportController, resource: org.keycloak.operator.crds.v2alpha1.realmimport.KeycloakRealmImport
2025-11-20 13:28:33,207 INFO  [io.jav.ope.pro.Controller] (Controller Starter for: keycloakcontroller) Starting 'keycloakcontroller' controller for reconciler: org.keycloak.operator.controllers.KeycloakController, resource: org.keycloak.operator.crds.v2alpha1.deployment.Keycloak
2025-11-20 13:28:33,530 WARN  [io.fab.kub.cli.dsl.int.VersionUsageUtils] (InformerWrapper [keycloakrealmimports.k8s.keycloak.org/v2alpha1] 27) The client is using resource type 'keycloakrealmimports' with unstable version 'v2alpha1'
2025-11-20 13:28:33,604 WARN  [io.fab.kub.cli.dsl.int.VersionUsageUtils] (InformerWrapper [keycloaks.k8s.keycloak.org/v2alpha1] 26) The client is using resource type 'keycloaks' with unstable version 'v2alpha1'
2025-11-20 13:28:38,144 INFO  [io.jav.ope.pro.Controller] (Controller Starter for: keycloakrealmimportcontroller) 'keycloakrealmimportcontroller' controller started
2025-11-20 13:28:38,207 INFO  [io.jav.ope.pro.Controller] (Controller Starter for: keycloakcontroller) 'keycloakcontroller' controller started
2025-11-20 13:28:38,411 INFO  [org.key.ope.con.KeycloakRealmImportController] (ReconcilerExecutor-keycloakrealmimportcontroller-51) --- Reconciling Keycloak Realm: registry-sso-realm in namespace: keycloak26
2025-11-20 13:28:38,455 INFO  [io.quarkus] (main) keycloak-operator 26.4.5 on JVM (powered by Quarkus 3.27.0) started in 9.536s. Listening on: http://0.0.0.0:8080
2025-11-20 13:28:38,508 INFO  [io.quarkus] (main) Profile prod activated. 
2025-11-20 13:28:38,509 INFO  [io.quarkus] (main) Installed features: [cdi, kubernetes, kubernetes-client, openshift-client, operator-sdk, smallrye-context-propagation, smallrye-health, vertx]
2025-11-20 13:28:38,713 WARN  [io.jav.ope.pro.eve.EventProcessor] (ReconcilerExecutor-keycloakrealmimportcontroller-51) Uncaught error during event processing ExecutionScope{ resource id: ResourceID{name='registry-sso-realm', namespace='keycloak26'}, version: 34737} - but another reconciliation will be attempted because a superseding event has been received or another retry attempt is pending.: io.fabric8.kubernetes.client.ResourceNotFoundException: Resource couldn't be fetched : Failure executing: GET at: https://172.30.0.1:443/apis/k8s.keycloak.org/v2alpha1/namespaces/keycloak26/keycloaks/keycloak-instance. Message: keycloaks.k8s.keycloak.org "keycloak-instance" not found. Received status: Status(apiVersion=v1, code=404, details=StatusDetails(causes=[], group=k8s.keycloak.org, kind=keycloaks, name=keycloak-instance, retryAfterSeconds=null, uid=null, additionalProperties={}), kind=Status, message=keycloaks.k8s.keycloak.org "keycloak-instance" not found, metadata=ListMeta(_continue=null, remainingItemCount=null, resourceVersion=null, selfLink=null, additionalProperties={}), reason=NotFound, status=Failure, additionalProperties={}).
	at io.fabric8.kubernetes.client.dsl.internal.BaseOperation.require(BaseOperation.java:163)
	at io.fabric8.kubernetes.client.dsl.internal.BaseOperation.require(BaseOperation.java:98)
	at org.keycloak.operator.controllers.KeycloakRealmImportController.reconcile(KeycloakRealmImportController.java:66)
	at org.keycloak.operator.controllers.KeycloakRealmImportController.reconcile(KeycloakRealmImportController.java:41)
	at org.keycloak.operator.controllers.KeycloakRealmImportController_ClientProxy.reconcile(Unknown Source)
	at io.javaoperatorsdk.operator.processing.Controller$1.execute(Controller.java:161)
	at io.javaoperatorsdk.operator.processing.Controller$1.execute(Controller.java:117)
	at io.javaoperatorsdk.operator.api.monitoring.Metrics.timeControllerExecution(Metrics.java:159)
	at io.javaoperatorsdk.operator.processing.Controller.reconcile(Controller.java:116)
	at io.javaoperatorsdk.operator.processing.event.ReconciliationDispatcher.reconcileExecution(ReconciliationDispatcher.java:153)
	at io.javaoperatorsdk.operator.processing.event.ReconciliationDispatcher.handleReconcile(ReconciliationDispatcher.java:130)
	at io.javaoperatorsdk.operator.processing.event.ReconciliationDispatcher.handleDispatch(ReconciliationDispatcher.java:97)
	at io.javaoperatorsdk.operator.processing.event.ReconciliationDispatcher.handleExecution(ReconciliationDispatcher.java:68)
	at io.javaoperatorsdk.operator.processing.event.EventProcessor$ReconcilerExecutor.run(EventProcessor.java:475)
	at java.base/java.util.concurrent.ThreadPoolExecutor.runWorker(ThreadPoolExecutor.java:1144)
	at java.base/java.util.concurrent.ThreadPoolExecutor$Worker.run(ThreadPoolExecutor.java:642)
	at java.base/java.lang.Thread.run(Thread.java:1583)
Caused by: io.fabric8.kubernetes.client.KubernetesClientException: Failure executing: GET at: https://172.30.0.1:443/apis/k8s.keycloak.org/v2alpha1/namespaces/keycloak26/keycloaks/keycloak-instance. Message: keycloaks.k8s.keycloak.org "keycloak-instance" not found. Received status: Status(apiVersion=v1, code=404, details=StatusDetails(causes=[], group=k8s.keycloak.org, kind=keycloaks, name=keycloak-instance, retryAfterSeconds=null, uid=null, additionalProperties={}), kind=Status, message=keycloaks.k8s.keycloak.org "keycloak-instance" not found, metadata=ListMeta(_continue=null, remainingItemCount=null, resourceVersion=null, selfLink=null, additionalProperties={}), reason=NotFound, status=Failure, additionalProperties={}).
	at io.fabric8.kubernetes.client.KubernetesClientException.copyAsCause(KubernetesClientException.java:205)
	at io.fabric8.kubernetes.client.dsl.internal.OperationSupport.waitForResult(OperationSupport.java:507)
	at io.fabric8.kubernetes.client.dsl.internal.OperationSupport.handleResponse(OperationSupport.java:524)
	at io.fabric8.kubernetes.client.dsl.internal.OperationSupport.handleGet(OperationSupport.java:467)
	at io.fabric8.kubernetes.client.dsl.internal.BaseOperation.handleGet(BaseOperation.java:792)
	at io.fabric8.kubernetes.client.dsl.internal.BaseOperation.requireFromServer(BaseOperation.java:193)
	at io.fabric8.kubernetes.client.dsl.internal.BaseOperation.require(BaseOperation.java:161)
	... 16 more
Caused by: io.fabric8.kubernetes.client.KubernetesClientException: Failure executing: GET at: https://172.30.0.1:443/apis/k8s.keycloak.org/v2alpha1/namespaces/keycloak26/keycloaks/keycloak-instance. Message: keycloaks.k8s.keycloak.org "keycloak-instance" not found. Received status: Status(apiVersion=v1, code=404, details=StatusDetails(causes=[], group=k8s.keycloak.org, kind=keycloaks, name=keycloak-instance, retryAfterSeconds=null, uid=null, additionalProperties={}), kind=Status, message=keycloaks.k8s.keycloak.org "keycloak-instance" not found, metadata=ListMeta(_continue=null, remainingItemCount=null, resourceVersion=null, selfLink=null, additionalProperties={}), reason=NotFound, status=Failure, additionalProperties={}).
	at io.fabric8.kubernetes.client.dsl.internal.OperationSupport.requestFailure(OperationSupport.java:642)
	at io.fabric8.kubernetes.client.dsl.internal.OperationSupport.requestFailure(OperationSupport.java:622)
	at io.fabric8.kubernetes.client.dsl.internal.OperationSupport.assertResponseCode(OperationSupport.java:582)
	at io.fabric8.kubernetes.client.dsl.internal.OperationSupport.lambda$handleResponse$0(OperationSupport.java:549)
	at java.base/java.util.concurrent.CompletableFuture$UniApply.tryFire(CompletableFuture.java:646)
	at java.base/java.util.concurrent.CompletableFuture.postComplete(CompletableFuture.java:510)
	at java.base/java.util.concurrent.CompletableFuture.complete(CompletableFuture.java:2179)
	at io.fabric8.kubernetes.client.http.StandardHttpClient.lambda$completeOrCancel$10(StandardHttpClient.java:141)
	at java.base/java.util.concurrent.CompletableFuture.uniWhenComplete(CompletableFuture.java:863)
	at java.base/java.util.concurrent.CompletableFuture$UniWhenComplete.tryFire(CompletableFuture.java:841)
	at java.base/java.util.concurrent.CompletableFuture.postComplete(CompletableFuture.java:510)
	at java.base/java.util.concurrent.CompletableFuture.complete(CompletableFuture.java:2179)
	at io.fabric8.kubernetes.client.http.ByteArrayBodyHandler.onBodyDone(ByteArrayBodyHandler.java:51)
	at java.base/java.util.concurrent.CompletableFuture.uniWhenComplete(CompletableFuture.java:863)
	at java.base/java.util.concurrent.CompletableFuture$UniWhenComplete.tryFire(CompletableFuture.java:841)
	at java.base/java.util.concurrent.CompletableFuture.postComplete(CompletableFuture.java:510)
	at java.base/java.util.concurrent.CompletableFuture.complete(CompletableFuture.java:2179)
	at io.fabric8.kubernetes.client.vertx.VertxHttpRequest.lambda$consumeBytes$1(VertxHttpRequest.java:84)
	at io.vertx.core.impl.ContextInternal.dispatch(ContextInternal.java:270)
	at io.vertx.core.impl.ContextInternal.dispatch(ContextInternal.java:252)
	at io.vertx.core.http.impl.HttpEventHandler.handleEnd(HttpEventHandler.java:76)
	at io.vertx.core.http.impl.HttpClientResponseImpl.handleEnd(HttpClientResponseImpl.java:250)
	at io.vertx.core.http.impl.Http1xClientConnection$StreamImpl.lambda$new$0(Http1xClientConnection.java:442)
	at io.vertx.core.streams.impl.InboundBuffer.handleEvent(InboundBuffer.java:279)
	at io.vertx.core.streams.impl.InboundBuffer.write(InboundBuffer.java:157)
	at io.vertx.core.http.impl.Http1xClientConnection$StreamImpl.handleEnd(Http1xClientConnection.java:752)
	at io.vertx.core.impl.ContextImpl.lambda$execute$7(ContextImpl.java:329)
	at io.netty.util.concurrent.AbstractEventExecutor.runTask(AbstractEventExecutor.java:173)
	at io.netty.util.concurrent.AbstractEventExecutor.safeExecute(AbstractEventExecutor.java:166)
	at io.netty.util.concurrent.SingleThreadEventExecutor.runAllTasks(SingleThreadEventExecutor.java:472)
	at io.netty.channel.nio.NioEventLoop.run(NioEventLoop.java:569)
	at io.netty.util.concurrent.SingleThreadEventExecutor$4.run(SingleThreadEventExecutor.java:998)
	at io.netty.util.internal.ThreadExecutorMap$2.run(ThreadExecutorMap.java:74)
	at io.netty.util.concurrent.FastThreadLocalRunnable.run(FastThreadLocalRunnable.java:30)
	... 1 more

2025-11-20 13:28:40,723 INFO  [org.key.ope.con.KeycloakRealmImportController] (ReconcilerExecutor-keycloakrealmimportcontroller-53) --- Reconciling Keycloak Realm: registry-sso-realm in namespace: keycloak26
2025-11-20 13:28:40,809 WARN  [io.jav.ope.pro.eve.EventProcessor] (ReconcilerExecutor-keycloakrealmimportcontroller-53) Uncaught error during event processing ExecutionScope{ resource id: ResourceID{name='registry-sso-realm', namespace='keycloak26'}, version: 34816} - but another reconciliation will be attempted because a superseding event has been received or another retry attempt is pending.: io.fabric8.kubernetes.client.ResourceNotFoundException: Resource couldn't be fetched : Failure executing: GET at: https://172.30.0.1:443/apis/k8s.keycloak.org/v2alpha1/namespaces/keycloak26/keycloaks/keycloak-instance. Message: keycloaks.k8s.keycloak.org "keycloak-instance" not found. Received status: Status(apiVersion=v1, code=404, details=StatusDetails(causes=[], group=k8s.keycloak.org, kind=keycloaks, name=keycloak-instance, retryAfterSeconds=null, uid=null, additionalProperties={}), kind=Status, message=keycloaks.k8s.keycloak.org "keycloak-instance" not found, metadata=ListMeta(_continue=null, remainingItemCount=null, resourceVersion=null, selfLink=null, additionalProperties={}), reason=NotFound, status=Failure, additionalProperties={}).
	at io.fabric8.kubernetes.client.dsl.internal.BaseOperation.require(BaseOperation.java:163)
	at io.fabric8.kubernetes.client.dsl.internal.BaseOperation.require(BaseOperation.java:98)
	at org.keycloak.operator.controllers.KeycloakRealmImportController.reconcile(KeycloakRealmImportController.java:66)
	at org.keycloak.operator.controllers.KeycloakRealmImportController.reconcile(KeycloakRealmImportController.java:41)
	at org.keycloak.operator.controllers.KeycloakRealmImportController_ClientProxy.reconcile(Unknown Source)
	at io.javaoperatorsdk.operator.processing.Controller$1.execute(Controller.java:161)
	at io.javaoperatorsdk.operator.processing.Controller$1.execute(Controller.java:117)
	at io.javaoperatorsdk.operator.api.monitoring.Metrics.timeControllerExecution(Metrics.java:159)
	at io.javaoperatorsdk.operator.processing.Controller.reconcile(Controller.java:116)
	at io.javaoperatorsdk.operator.processing.event.ReconciliationDispatcher.reconcileExecution(ReconciliationDispatcher.java:153)
	at io.javaoperatorsdk.operator.processing.event.ReconciliationDispatcher.handleReconcile(ReconciliationDispatcher.java:130)
	at io.javaoperatorsdk.operator.processing.event.ReconciliationDispatcher.handleDispatch(ReconciliationDispatcher.java:97)
	at io.javaoperatorsdk.operator.processing.event.ReconciliationDispatcher.handleExecution(ReconciliationDispatcher.java:68)
	at io.javaoperatorsdk.operator.processing.event.EventProcessor$ReconcilerExecutor.run(EventProcessor.java:475)
	at java.base/java.util.concurrent.ThreadPoolExecutor.runWorker(ThreadPoolExecutor.java:1144)
	at java.base/java.util.concurrent.ThreadPoolExecutor$Worker.run(ThreadPoolExecutor.java:642)
	at java.base/java.lang.Thread.run(Thread.java:1583)
Caused by: io.fabric8.kubernetes.client.KubernetesClientException: Failure executing: GET at: https://172.30.0.1:443/apis/k8s.keycloak.org/v2alpha1/namespaces/keycloak26/keycloaks/keycloak-instance. Message: keycloaks.k8s.keycloak.org "keycloak-instance" not found. Received status: Status(apiVersion=v1, code=404, details=StatusDetails(causes=[], group=k8s.keycloak.org, kind=keycloaks, name=keycloak-instance, retryAfterSeconds=null, uid=null, additionalProperties={}), kind=Status, message=keycloaks.k8s.keycloak.org "keycloak-instance" not found, metadata=ListMeta(_continue=null, remainingItemCount=null, resourceVersion=null, selfLink=null, additionalProperties={}), reason=NotFound, status=Failure, additionalProperties={}).
	at io.fabric8.kubernetes.client.KubernetesClientException.copyAsCause(KubernetesClientException.java:205)
	at io.fabric8.kubernetes.client.dsl.internal.OperationSupport.waitForResult(OperationSupport.java:507)
	at io.fabric8.kubernetes.client.dsl.internal.OperationSupport.handleResponse(OperationSupport.java:524)
	at io.fabric8.kubernetes.client.dsl.internal.OperationSupport.handleGet(OperationSupport.java:467)
	at io.fabric8.kubernetes.client.dsl.internal.BaseOperation.handleGet(BaseOperation.java:792)
	at io.fabric8.kubernetes.client.dsl.internal.BaseOperation.requireFromServer(BaseOperation.java:193)
	at io.fabric8.kubernetes.client.dsl.internal.BaseOperation.require(BaseOperation.java:161)
	... 16 more
Caused by: io.fabric8.kubernetes.client.KubernetesClientException: Failure executing: GET at: https://172.30.0.1:443/apis/k8s.keycloak.org/v2alpha1/namespaces/keycloak26/keycloaks/keycloak-instance. Message: keycloaks.k8s.keycloak.org "keycloak-instance" not found. Received status: Status(apiVersion=v1, code=404, details=StatusDetails(causes=[], group=k8s.keycloak.org, kind=keycloaks, name=keycloak-instance, retryAfterSeconds=null, uid=null, additionalProperties={}), kind=Status, message=keycloaks.k8s.keycloak.org "keycloak-instance" not found, metadata=ListMeta(_continue=null, remainingItemCount=null, resourceVersion=null, selfLink=null, additionalProperties={}), reason=NotFound, status=Failure, additionalProperties={}).
	at io.fabric8.kubernetes.client.dsl.internal.OperationSupport.requestFailure(OperationSupport.java:642)
	at io.fabric8.kubernetes.client.dsl.internal.OperationSupport.requestFailure(OperationSupport.java:622)
	at io.fabric8.kubernetes.client.dsl.internal.OperationSupport.assertResponseCode(OperationSupport.java:582)
	at io.fabric8.kubernetes.client.dsl.internal.OperationSupport.lambda$handleResponse$0(OperationSupport.java:549)
	at java.base/java.util.concurrent.CompletableFuture$UniApply.tryFire(CompletableFuture.java:646)
	at java.base/java.util.concurrent.CompletableFuture.postComplete(CompletableFuture.java:510)
	at java.base/java.util.concurrent.CompletableFuture.complete(CompletableFuture.java:2179)
	at io.fabric8.kubernetes.client.http.StandardHttpClient.lambda$completeOrCancel$10(StandardHttpClient.java:141)
	at java.base/java.util.concurrent.CompletableFuture.uniWhenComplete(CompletableFuture.java:863)
	at java.base/java.util.concurrent.CompletableFuture$UniWhenComplete.tryFire(CompletableFuture.java:841)
	at java.base/java.util.concurrent.CompletableFuture.postComplete(CompletableFuture.java:510)
	at java.base/java.util.concurrent.CompletableFuture.complete(CompletableFuture.java:2179)
	at io.fabric8.kubernetes.client.http.ByteArrayBodyHandler.onBodyDone(ByteArrayBodyHandler.java:51)
	at java.base/java.util.concurrent.CompletableFuture.uniWhenComplete(CompletableFuture.java:863)
	at java.base/java.util.concurrent.CompletableFuture$UniWhenComplete.tryFire(CompletableFuture.java:841)
	at java.base/java.util.concurrent.CompletableFuture.postComplete(CompletableFuture.java:510)
	at java.base/java.util.concurrent.CompletableFuture.complete(CompletableFuture.java:2179)
	at io.fabric8.kubernetes.client.vertx.VertxHttpRequest.lambda$consumeBytes$1(VertxHttpRequest.java:84)
	at io.vertx.core.impl.ContextInternal.dispatch(ContextInternal.java:270)
	at io.vertx.core.impl.ContextInternal.dispatch(ContextInternal.java:252)
	at io.vertx.core.http.impl.HttpEventHandler.handleEnd(HttpEventHandler.java:76)
	at io.vertx.core.http.impl.HttpClientResponseImpl.handleEnd(HttpClientResponseImpl.java:250)
	at io.vertx.core.http.impl.Http1xClientConnection$StreamImpl.lambda$new$0(Http1xClientConnection.java:442)
	at io.vertx.core.streams.impl.InboundBuffer.handleEvent(InboundBuffer.java:279)
	at io.vertx.core.streams.impl.InboundBuffer.write(InboundBuffer.java:157)
	at io.vertx.core.http.impl.Http1xClientConnection$StreamImpl.handleEnd(Http1xClientConnection.java:752)
	at io.vertx.core.impl.ContextImpl.lambda$execute$7(ContextImpl.java:329)
	at io.netty.util.concurrent.AbstractEventExecutor.runTask(AbstractEventExecutor.java:173)
	at io.netty.util.concurrent.AbstractEventExecutor.safeExecute(AbstractEventExecutor.java:166)
	at io.netty.util.concurrent.SingleThreadEventExecutor.runAllTasks(SingleThreadEventExecutor.java:472)
	at io.netty.channel.nio.NioEventLoop.run(NioEventLoop.java:569)
	at io.netty.util.concurrent.SingleThreadEventExecutor$4.run(SingleThreadEventExecutor.java:998)
	at io.netty.util.internal.ThreadExecutorMap$2.run(ThreadExecutorMap.java:74)
	at io.netty.util.concurrent.FastThreadLocalRunnable.run(FastThreadLocalRunnable.java:30)
	... 1 more

2025-11-20 13:28:42,819 INFO  [org.key.ope.con.KeycloakRealmImportController] (ReconcilerExecutor-keycloakrealmimportcontroller-54) --- Reconciling Keycloak Realm: registry-sso-realm in namespace: keycloak26
2025-11-20 13:28:42,909 WARN  [io.jav.ope.pro.eve.EventProcessor] (ReconcilerExecutor-keycloakrealmimportcontroller-54) Uncaught error during event processing ExecutionScope{ resource id: ResourceID{name='registry-sso-realm', namespace='keycloak26'}, version: 34816} - but another reconciliation will be attempted because a superseding event has been received or another retry attempt is pending.: io.fabric8.kubernetes.client.ResourceNotFoundException: Resource couldn't be fetched : Failure executing: GET at: https://172.30.0.1:443/apis/k8s.keycloak.org/v2alpha1/namespaces/keycloak26/keycloaks/keycloak-instance. Message: keycloaks.k8s.keycloak.org "keycloak-instance" not found. Received status: Status(apiVersion=v1, code=404, details=StatusDetails(causes=[], group=k8s.keycloak.org, kind=keycloaks, name=keycloak-instance, retryAfterSeconds=null, uid=null, additionalProperties={}), kind=Status, message=keycloaks.k8s.keycloak.org "keycloak-instance" not found, metadata=ListMeta(_continue=null, remainingItemCount=null, resourceVersion=null, selfLink=null, additionalProperties={}), reason=NotFound, status=Failure, additionalProperties={}).
	at io.fabric8.kubernetes.client.dsl.internal.BaseOperation.require(BaseOperation.java:163)
	at io.fabric8.kubernetes.client.dsl.internal.BaseOperation.require(BaseOperation.java:98)
	at org.keycloak.operator.controllers.KeycloakRealmImportController.reconcile(KeycloakRealmImportController.java:66)
	at org.keycloak.operator.controllers.KeycloakRealmImportController.reconcile(KeycloakRealmImportController.java:41)
	at org.keycloak.operator.controllers.KeycloakRealmImportController_ClientProxy.reconcile(Unknown Source)
	at io.javaoperatorsdk.operator.processing.Controller$1.execute(Controller.java:161)
	at io.javaoperatorsdk.operator.processing.Controller$1.execute(Controller.java:117)
	at io.javaoperatorsdk.operator.api.monitoring.Metrics.timeControllerExecution(Metrics.java:159)
	at io.javaoperatorsdk.operator.processing.Controller.reconcile(Controller.java:116)
	at io.javaoperatorsdk.operator.processing.event.ReconciliationDispatcher.reconcileExecution(ReconciliationDispatcher.java:153)
	at io.javaoperatorsdk.operator.processing.event.ReconciliationDispatcher.handleReconcile(ReconciliationDispatcher.java:130)
	at io.javaoperatorsdk.operator.processing.event.ReconciliationDispatcher.handleDispatch(ReconciliationDispatcher.java:97)
	at io.javaoperatorsdk.operator.processing.event.ReconciliationDispatcher.handleExecution(ReconciliationDispatcher.java:68)
	at io.javaoperatorsdk.operator.processing.event.EventProcessor$ReconcilerExecutor.run(EventProcessor.java:475)
	at java.base/java.util.concurrent.ThreadPoolExecutor.runWorker(ThreadPoolExecutor.java:1144)
	at java.base/java.util.concurrent.ThreadPoolExecutor$Worker.run(ThreadPoolExecutor.java:642)
	at java.base/java.lang.Thread.run(Thread.java:1583)
Caused by: io.fabric8.kubernetes.client.KubernetesClientException: Failure executing: GET at: https://172.30.0.1:443/apis/k8s.keycloak.org/v2alpha1/namespaces/keycloak26/keycloaks/keycloak-instance. Message: keycloaks.k8s.keycloak.org "keycloak-instance" not found. Received status: Status(apiVersion=v1, code=404, details=StatusDetails(causes=[], group=k8s.keycloak.org, kind=keycloaks, name=keycloak-instance, retryAfterSeconds=null, uid=null, additionalProperties={}), kind=Status, message=keycloaks.k8s.keycloak.org "keycloak-instance" not found, metadata=ListMeta(_continue=null, remainingItemCount=null, resourceVersion=null, selfLink=null, additionalProperties={}), reason=NotFound, status=Failure, additionalProperties={}).
	at io.fabric8.kubernetes.client.KubernetesClientException.copyAsCause(KubernetesClientException.java:205)
	at io.fabric8.kubernetes.client.dsl.internal.OperationSupport.waitForResult(OperationSupport.java:507)
	at io.fabric8.kubernetes.client.dsl.internal.OperationSupport.handleResponse(OperationSupport.java:524)
	at io.fabric8.kubernetes.client.dsl.internal.OperationSupport.handleGet(OperationSupport.java:467)
	at io.fabric8.kubernetes.client.dsl.internal.BaseOperation.handleGet(BaseOperation.java:792)
	at io.fabric8.kubernetes.client.dsl.internal.BaseOperation.requireFromServer(BaseOperation.java:193)
	at io.fabric8.kubernetes.client.dsl.internal.BaseOperation.require(BaseOperation.java:161)
	... 16 more
Caused by: io.fabric8.kubernetes.client.KubernetesClientException: Failure executing: GET at: https://172.30.0.1:443/apis/k8s.keycloak.org/v2alpha1/namespaces/keycloak26/keycloaks/keycloak-instance. Message: keycloaks.k8s.keycloak.org "keycloak-instance" not found. Received status: Status(apiVersion=v1, code=404, details=StatusDetails(causes=[], group=k8s.keycloak.org, kind=keycloaks, name=keycloak-instance, retryAfterSeconds=null, uid=null, additionalProperties={}), kind=Status, message=keycloaks.k8s.keycloak.org "keycloak-instance" not found, metadata=ListMeta(_continue=null, remainingItemCount=null, resourceVersion=null, selfLink=null, additionalProperties={}), reason=NotFound, status=Failure, additionalProperties={}).
	at io.fabric8.kubernetes.client.dsl.internal.OperationSupport.requestFailure(OperationSupport.java:642)
	at io.fabric8.kubernetes.client.dsl.internal.OperationSupport.requestFailure(OperationSupport.java:622)
	at io.fabric8.kubernetes.client.dsl.internal.OperationSupport.assertResponseCode(OperationSupport.java:582)
	at io.fabric8.kubernetes.client.dsl.internal.OperationSupport.lambda$handleResponse$0(OperationSupport.java:549)
	at java.base/java.util.concurrent.CompletableFuture$UniApply.tryFire(CompletableFuture.java:646)
	at java.base/java.util.concurrent.CompletableFuture.postComplete(CompletableFuture.java:510)
	at java.base/java.util.concurrent.CompletableFuture.complete(CompletableFuture.java:2179)
	at io.fabric8.kubernetes.client.http.StandardHttpClient.lambda$completeOrCancel$10(StandardHttpClient.java:141)
	at java.base/java.util.concurrent.CompletableFuture.uniWhenComplete(CompletableFuture.java:863)
	at java.base/java.util.concurrent.CompletableFuture$UniWhenComplete.tryFire(CompletableFuture.java:841)
	at java.base/java.util.concurrent.CompletableFuture.postComplete(CompletableFuture.java:510)
	at java.base/java.util.concurrent.CompletableFuture.complete(CompletableFuture.java:2179)
	at io.fabric8.kubernetes.client.http.ByteArrayBodyHandler.onBodyDone(ByteArrayBodyHandler.java:51)
	at java.base/java.util.concurrent.CompletableFuture.uniWhenComplete(CompletableFuture.java:863)
	at java.base/java.util.concurrent.CompletableFuture$UniWhenComplete.tryFire(CompletableFuture.java:841)
	at java.base/java.util.concurrent.CompletableFuture.postComplete(CompletableFuture.java:510)
	at java.base/java.util.concurrent.CompletableFuture.complete(CompletableFuture.java:2179)
	at io.fabric8.kubernetes.client.vertx.VertxHttpRequest.lambda$consumeBytes$1(VertxHttpRequest.java:84)
	at io.vertx.core.impl.ContextInternal.dispatch(ContextInternal.java:270)
	at io.vertx.core.impl.ContextInternal.dispatch(ContextInternal.java:252)
	at io.vertx.core.http.impl.HttpEventHandler.handleEnd(HttpEventHandler.java:76)
	at io.vertx.core.http.impl.HttpClientResponseImpl.handleEnd(HttpClientResponseImpl.java:250)
	at io.vertx.core.http.impl.Http1xClientConnection$StreamImpl.lambda$new$0(Http1xClientConnection.java:442)
	at io.vertx.core.streams.impl.InboundBuffer.handleEvent(InboundBuffer.java:279)
	at io.vertx.core.streams.impl.InboundBuffer.write(InboundBuffer.java:157)
	at io.vertx.core.http.impl.Http1xClientConnection$StreamImpl.handleEnd(Http1xClientConnection.java:752)
	at io.vertx.core.impl.ContextImpl.execute(ContextImpl.java:327)
	at io.vertx.core.impl.ContextImpl.execute(ContextImpl.java:307)
	at io.vertx.core.http.impl.Http1xClientConnection.handleResponseEnd(Http1xClientConnection.java:983)
	at io.vertx.core.http.impl.Http1xClientConnection.handleHttpMessage(Http1xClientConnection.java:855)
	at io.vertx.core.http.impl.Http1xClientConnection.handleMessage(Http1xClientConnection.java:817)
	at io.vertx.core.net.impl.ConnectionBase.read(ConnectionBase.java:159)
	at io.vertx.core.net.impl.VertxHandler.channelRead(VertxHandler.java:153)
	at io.netty.channel.AbstractChannelHandlerContext.invokeChannelRead(AbstractChannelHandlerContext.java:442)
	at io.netty.channel.AbstractChannelHandlerContext.invokeChannelRead(AbstractChannelHandlerContext.java:420)
	at io.netty.channel.AbstractChannelHandlerContext.fireChannelRead(AbstractChannelHandlerContext.java:412)
	at io.netty.channel.CombinedChannelDuplexHandler$DelegatingChannelHandlerContext.fireChannelRead(CombinedChannelDuplexHandler.java:436)
	at io.netty.handler.codec.ByteToMessageDecoder.fireChannelRead(ByteToMessageDecoder.java:346)
	at io.netty.handler.codec.ByteToMessageDecoder.channelRead(ByteToMessageDecoder.java:318)
	at io.netty.channel.CombinedChannelDuplexHandler.channelRead(CombinedChannelDuplexHandler.java:251)
	at io.netty.channel.AbstractChannelHandlerContext.invokeChannelRead(AbstractChannelHandlerContext.java:442)
	at io.netty.channel.AbstractChannelHandlerContext.invokeChannelRead(AbstractChannelHandlerContext.java:420)
	at io.netty.channel.AbstractChannelHandlerContext.fireChannelRead(AbstractChannelHandlerContext.java:412)
	at io.netty.handler.ssl.SslHandler.unwrap(SslHandler.java:1519)
	at io.netty.handler.ssl.SslHandler.decodeJdkCompatible(SslHandler.java:1377)
	at io.netty.handler.ssl.SslHandler.decode(SslHandler.java:1428)
	at io.netty.handler.codec.ByteToMessageDecoder.decodeRemovalReentryProtection(ByteToMessageDecoder.java:530)
	at io.netty.handler.codec.ByteToMessageDecoder.callDecode(ByteToMessageDecoder.java:469)
	at io.netty.handler.codec.ByteToMessageDecoder.channelRead(ByteToMessageDecoder.java:290)
	at io.netty.channel.AbstractChannelHandlerContext.invokeChannelRead(AbstractChannelHandlerContext.java:444)
	at io.netty.channel.AbstractChannelHandlerContext.invokeChannelRead(AbstractChannelHandlerContext.java:420)
	at io.netty.channel.AbstractChannelHandlerContext.fireChannelRead(AbstractChannelHandlerContext.java:412)
	at io.netty.channel.DefaultChannelPipeline$HeadContext.channelRead(DefaultChannelPipeline.java:1357)
	at io.netty.channel.AbstractChannelHandlerContext.invokeChannelRead(AbstractChannelHandlerContext.java:440)
	at io.netty.channel.AbstractChannelHandlerContext.invokeChannelRead(AbstractChannelHandlerContext.java:420)
	at io.netty.channel.DefaultChannelPipeline.fireChannelRead(DefaultChannelPipeline.java:868)
	at io.netty.channel.nio.AbstractNioByteChannel$NioByteUnsafe.read(AbstractNioByteChannel.java:166)
	at io.netty.channel.nio.NioEventLoop.processSelectedKey(NioEventLoop.java:796)
	at io.netty.channel.nio.NioEventLoop.processSelectedKeysOptimized(NioEventLoop.java:732)
	at io.netty.channel.nio.NioEventLoop.processSelectedKeys(NioEventLoop.java:658)
	at io.netty.channel.nio.NioEventLoop.run(NioEventLoop.java:562)
	at io.netty.util.concurrent.SingleThreadEventExecutor$4.run(SingleThreadEventExecutor.java:998)
	at io.netty.util.internal.ThreadExecutorMap$2.run(ThreadExecutorMap.java:74)
	at io.netty.util.concurrent.FastThreadLocalRunnable.run(FastThreadLocalRunnable.java:30)
	... 1 more

2025-11-20 13:28:45,915 INFO  [org.key.ope.con.KeycloakRealmImportController] (ReconcilerExecutor-keycloakrealmimportcontroller-55) --- Reconciling Keycloak Realm: registry-sso-realm in namespace: keycloak26
2025-11-20 13:28:45,962 WARN  [io.jav.ope.pro.eve.EventProcessor] (ReconcilerExecutor-keycloakrealmimportcontroller-55) Uncaught error during event processing ExecutionScope{ resource id: ResourceID{name='registry-sso-realm', namespace='keycloak26'}, version: 34816} - but another reconciliation will be attempted because a superseding event has been received or another retry attempt is pending.: io.fabric8.kubernetes.client.ResourceNotFoundException: Resource couldn't be fetched : Failure executing: GET at: https://172.30.0.1:443/apis/k8s.keycloak.org/v2alpha1/namespaces/keycloak26/keycloaks/keycloak-instance. Message: keycloaks.k8s.keycloak.org "keycloak-instance" not found. Received status: Status(apiVersion=v1, code=404, details=StatusDetails(causes=[], group=k8s.keycloak.org, kind=keycloaks, name=keycloak-instance, retryAfterSeconds=null, uid=null, additionalProperties={}), kind=Status, message=keycloaks.k8s.keycloak.org "keycloak-instance" not found, metadata=ListMeta(_continue=null, remainingItemCount=null, resourceVersion=null, selfLink=null, additionalProperties={}), reason=NotFound, status=Failure, additionalProperties={}).
	at io.fabric8.kubernetes.client.dsl.internal.BaseOperation.require(BaseOperation.java:163)
	at io.fabric8.kubernetes.client.dsl.internal.BaseOperation.require(BaseOperation.java:98)
	at org.keycloak.operator.controllers.KeycloakRealmImportController.reconcile(KeycloakRealmImportController.java:66)
	at org.keycloak.operator.controllers.KeycloakRealmImportController.reconcile(KeycloakRealmImportController.java:41)
	at org.keycloak.operator.controllers.KeycloakRealmImportController_ClientProxy.reconcile(Unknown Source)
	at io.javaoperatorsdk.operator.processing.Controller$1.execute(Controller.java:161)
	at io.javaoperatorsdk.operator.processing.Controller$1.execute(Controller.java:117)
	at io.javaoperatorsdk.operator.api.monitoring.Metrics.timeControllerExecution(Metrics.java:159)
	at io.javaoperatorsdk.operator.processing.Controller.reconcile(Controller.java:116)
	at io.javaoperatorsdk.operator.processing.event.ReconciliationDispatcher.reconcileExecution(ReconciliationDispatcher.java:153)
	at io.javaoperatorsdk.operator.processing.event.ReconciliationDispatcher.handleReconcile(ReconciliationDispatcher.java:130)
	at io.javaoperatorsdk.operator.processing.event.ReconciliationDispatcher.handleDispatch(ReconciliationDispatcher.java:97)
	at io.javaoperatorsdk.operator.processing.event.ReconciliationDispatcher.handleExecution(ReconciliationDispatcher.java:68)
	at io.javaoperatorsdk.operator.processing.event.EventProcessor$ReconcilerExecutor.run(EventProcessor.java:475)
	at java.base/java.util.concurrent.ThreadPoolExecutor.runWorker(ThreadPoolExecutor.java:1144)
	at java.base/java.util.concurrent.ThreadPoolExecutor$Worker.run(ThreadPoolExecutor.java:642)
	at java.base/java.lang.Thread.run(Thread.java:1583)
Caused by: io.fabric8.kubernetes.client.KubernetesClientException: Failure executing: GET at: https://172.30.0.1:443/apis/k8s.keycloak.org/v2alpha1/namespaces/keycloak26/keycloaks/keycloak-instance. Message: keycloaks.k8s.keycloak.org "keycloak-instance" not found. Received status: Status(apiVersion=v1, code=404, details=StatusDetails(causes=[], group=k8s.keycloak.org, kind=keycloaks, name=keycloak-instance, retryAfterSeconds=null, uid=null, additionalProperties={}), kind=Status, message=keycloaks.k8s.keycloak.org "keycloak-instance" not found, metadata=ListMeta(_continue=null, remainingItemCount=null, resourceVersion=null, selfLink=null, additionalProperties={}), reason=NotFound, status=Failure, additionalProperties={}).
	at io.fabric8.kubernetes.client.KubernetesClientException.copyAsCause(KubernetesClientException.java:205)
	at io.fabric8.kubernetes.client.dsl.internal.OperationSupport.waitForResult(OperationSupport.java:507)
	at io.fabric8.kubernetes.client.dsl.internal.OperationSupport.handleResponse(OperationSupport.java:524)
	at io.fabric8.kubernetes.client.dsl.internal.OperationSupport.handleGet(OperationSupport.java:467)
	at io.fabric8.kubernetes.client.dsl.internal.BaseOperation.handleGet(BaseOperation.java:792)
	at io.fabric8.kubernetes.client.dsl.internal.BaseOperation.requireFromServer(BaseOperation.java:193)
	at io.fabric8.kubernetes.client.dsl.internal.BaseOperation.require(BaseOperation.java:161)
	... 16 more
Caused by: io.fabric8.kubernetes.client.KubernetesClientException: Failure executing: GET at: https://172.30.0.1:443/apis/k8s.keycloak.org/v2alpha1/namespaces/keycloak26/keycloaks/keycloak-instance. Message: keycloaks.k8s.keycloak.org "keycloak-instance" not found. Received status: Status(apiVersion=v1, code=404, details=StatusDetails(causes=[], group=k8s.keycloak.org, kind=keycloaks, name=keycloak-instance, retryAfterSeconds=null, uid=null, additionalProperties={}), kind=Status, message=keycloaks.k8s.keycloak.org "keycloak-instance" not found, metadata=ListMeta(_continue=null, remainingItemCount=null, resourceVersion=null, selfLink=null, additionalProperties={}), reason=NotFound, status=Failure, additionalProperties={}).
	at io.fabric8.kubernetes.client.dsl.internal.OperationSupport.requestFailure(OperationSupport.java:642)
	at io.fabric8.kubernetes.client.dsl.internal.OperationSupport.requestFailure(OperationSupport.java:622)
	at io.fabric8.kubernetes.client.dsl.internal.OperationSupport.assertResponseCode(OperationSupport.java:582)
	at io.fabric8.kubernetes.client.dsl.internal.OperationSupport.lambda$handleResponse$0(OperationSupport.java:549)
	at java.base/java.util.concurrent.CompletableFuture$UniApply.tryFire(CompletableFuture.java:646)
	at java.base/java.util.concurrent.CompletableFuture.postComplete(CompletableFuture.java:510)
	at java.base/java.util.concurrent.CompletableFuture.complete(CompletableFuture.java:2179)
	at io.fabric8.kubernetes.client.http.StandardHttpClient.lambda$completeOrCancel$10(StandardHttpClient.java:141)
	at java.base/java.util.concurrent.CompletableFuture.uniWhenComplete(CompletableFuture.java:863)
	at java.base/java.util.concurrent.CompletableFuture$UniWhenComplete.tryFire(CompletableFuture.java:841)
	at java.base/java.util.concurrent.CompletableFuture.postComplete(CompletableFuture.java:510)
	at java.base/java.util.concurrent.CompletableFuture.complete(CompletableFuture.java:2179)
	at io.fabric8.kubernetes.client.http.ByteArrayBodyHandler.onBodyDone(ByteArrayBodyHandler.java:51)
	at java.base/java.util.concurrent.CompletableFuture.uniWhenComplete(CompletableFuture.java:863)
	at java.base/java.util.concurrent.CompletableFuture$UniWhenComplete.tryFire(CompletableFuture.java:841)
	at java.base/java.util.concurrent.CompletableFuture.postComplete(CompletableFuture.java:510)
	at java.base/java.util.concurrent.CompletableFuture.complete(CompletableFuture.java:2179)
	at io.fabric8.kubernetes.client.vertx.VertxHttpRequest.lambda$consumeBytes$1(VertxHttpRequest.java:84)
	at io.vertx.core.impl.ContextInternal.dispatch(ContextInternal.java:270)
	at io.vertx.core.impl.ContextInternal.dispatch(ContextInternal.java:252)
	at io.vertx.core.http.impl.HttpEventHandler.handleEnd(HttpEventHandler.java:76)
	at io.vertx.core.http.impl.HttpClientResponseImpl.handleEnd(HttpClientResponseImpl.java:250)
	at io.vertx.core.http.impl.Http1xClientConnection$StreamImpl.lambda$new$0(Http1xClientConnection.java:442)
	at io.vertx.core.streams.impl.InboundBuffer.handleEvent(InboundBuffer.java:279)
	at io.vertx.core.streams.impl.InboundBuffer.write(InboundBuffer.java:157)
	at io.vertx.core.http.impl.Http1xClientConnection$StreamImpl.handleEnd(Http1xClientConnection.java:752)
	at io.vertx.core.impl.ContextImpl.lambda$execute$7(ContextImpl.java:329)
	at io.netty.util.concurrent.AbstractEventExecutor.runTask(AbstractEventExecutor.java:173)
	at io.netty.util.concurrent.AbstractEventExecutor.safeExecute(AbstractEventExecutor.java:166)
	at io.netty.util.concurrent.SingleThreadEventExecutor.runAllTasks(SingleThreadEventExecutor.java:472)
	at io.netty.channel.nio.NioEventLoop.run(NioEventLoop.java:569)
	at io.netty.util.concurrent.SingleThreadEventExecutor$4.run(SingleThreadEventExecutor.java:998)
	at io.netty.util.internal.ThreadExecutorMap$2.run(ThreadExecutorMap.java:74)
	at io.netty.util.concurrent.FastThreadLocalRunnable.run(FastThreadLocalRunnable.java:30)
	... 1 more

2025-11-20 13:28:50,477 INFO  [org.key.ope.con.KeycloakRealmImportController] (ReconcilerExecutor-keycloakrealmimportcontroller-56) --- Reconciling Keycloak Realm: registry-sso-realm in namespace: keycloak26
2025-11-20 13:28:50,515 WARN  [io.jav.ope.pro.eve.EventProcessor] (ReconcilerExecutor-keycloakrealmimportcontroller-56) Uncaught error during event processing ExecutionScope{ resource id: ResourceID{name='registry-sso-realm', namespace='keycloak26'}, version: 34816} - but another reconciliation will be attempted because a superseding event has been received or another retry attempt is pending.: io.fabric8.kubernetes.client.ResourceNotFoundException: Resource couldn't be fetched : Failure executing: GET at: https://172.30.0.1:443/apis/k8s.keycloak.org/v2alpha1/namespaces/keycloak26/keycloaks/keycloak-instance. Message: keycloaks.k8s.keycloak.org "keycloak-instance" not found. Received status: Status(apiVersion=v1, code=404, details=StatusDetails(causes=[], group=k8s.keycloak.org, kind=keycloaks, name=keycloak-instance, retryAfterSeconds=null, uid=null, additionalProperties={}), kind=Status, message=keycloaks.k8s.keycloak.org "keycloak-instance" not found, metadata=ListMeta(_continue=null, remainingItemCount=null, resourceVersion=null, selfLink=null, additionalProperties={}), reason=NotFound, status=Failure, additionalProperties={}).
	at io.fabric8.kubernetes.client.dsl.internal.BaseOperation.require(BaseOperation.java:163)
	at io.fabric8.kubernetes.client.dsl.internal.BaseOperation.require(BaseOperation.java:98)
	at org.keycloak.operator.controllers.KeycloakRealmImportController.reconcile(KeycloakRealmImportController.java:66)
	at org.keycloak.operator.controllers.KeycloakRealmImportController.reconcile(KeycloakRealmImportController.java:41)
	at org.keycloak.operator.controllers.KeycloakRealmImportController_ClientProxy.reconcile(Unknown Source)
	at io.javaoperatorsdk.operator.processing.Controller$1.execute(Controller.java:161)
	at io.javaoperatorsdk.operator.processing.Controller$1.execute(Controller.java:117)
	at io.javaoperatorsdk.operator.api.monitoring.Metrics.timeControllerExecution(Metrics.java:159)
	at io.javaoperatorsdk.operator.processing.Controller.reconcile(Controller.java:116)
	at io.javaoperatorsdk.operator.processing.event.ReconciliationDispatcher.reconcileExecution(ReconciliationDispatcher.java:153)
	at io.javaoperatorsdk.operator.processing.event.ReconciliationDispatcher.handleReconcile(ReconciliationDispatcher.java:130)
	at io.javaoperatorsdk.operator.processing.event.ReconciliationDispatcher.handleDispatch(ReconciliationDispatcher.java:97)
	at io.javaoperatorsdk.operator.processing.event.ReconciliationDispatcher.handleExecution(ReconciliationDispatcher.java:68)
	at io.javaoperatorsdk.operator.processing.event.EventProcessor$ReconcilerExecutor.run(EventProcessor.java:475)
	at java.base/java.util.concurrent.ThreadPoolExecutor.runWorker(ThreadPoolExecutor.java:1144)
	at java.base/java.util.concurrent.ThreadPoolExecutor$Worker.run(ThreadPoolExecutor.java:642)
	at java.base/java.lang.Thread.run(Thread.java:1583)
Caused by: io.fabric8.kubernetes.client.KubernetesClientException: Failure executing: GET at: https://172.30.0.1:443/apis/k8s.keycloak.org/v2alpha1/namespaces/keycloak26/keycloaks/keycloak-instance. Message: keycloaks.k8s.keycloak.org "keycloak-instance" not found. Received status: Status(apiVersion=v1, code=404, details=StatusDetails(causes=[], group=k8s.keycloak.org, kind=keycloaks, name=keycloak-instance, retryAfterSeconds=null, uid=null, additionalProperties={}), kind=Status, message=keycloaks.k8s.keycloak.org "keycloak-instance" not found, metadata=ListMeta(_continue=null, remainingItemCount=null, resourceVersion=null, selfLink=null, additionalProperties={}), reason=NotFound, status=Failure, additionalProperties={}).
	at io.fabric8.kubernetes.client.KubernetesClientException.copyAsCause(KubernetesClientException.java:205)
	at io.fabric8.kubernetes.client.dsl.internal.OperationSupport.waitForResult(OperationSupport.java:507)
	at io.fabric8.kubernetes.client.dsl.internal.OperationSupport.handleResponse(OperationSupport.java:524)
	at io.fabric8.kubernetes.client.dsl.internal.OperationSupport.handleGet(OperationSupport.java:467)
	at io.fabric8.kubernetes.client.dsl.internal.BaseOperation.handleGet(BaseOperation.java:792)
	at io.fabric8.kubernetes.client.dsl.internal.BaseOperation.requireFromServer(BaseOperation.java:193)
	at io.fabric8.kubernetes.client.dsl.internal.BaseOperation.require(BaseOperation.java:161)
	... 16 more
Caused by: io.fabric8.kubernetes.client.KubernetesClientException: Failure executing: GET at: https://172.30.0.1:443/apis/k8s.keycloak.org/v2alpha1/namespaces/keycloak26/keycloaks/keycloak-instance. Message: keycloaks.k8s.keycloak.org "keycloak-instance" not found. Received status: Status(apiVersion=v1, code=404, details=StatusDetails(causes=[], group=k8s.keycloak.org, kind=keycloaks, name=keycloak-instance, retryAfterSeconds=null, uid=null, additionalProperties={}), kind=Status, message=keycloaks.k8s.keycloak.org "keycloak-instance" not found, metadata=ListMeta(_continue=null, remainingItemCount=null, resourceVersion=null, selfLink=null, additionalProperties={}), reason=NotFound, status=Failure, additionalProperties={}).
	at io.fabric8.kubernetes.client.dsl.internal.OperationSupport.requestFailure(OperationSupport.java:642)
	at io.fabric8.kubernetes.client.dsl.internal.OperationSupport.requestFailure(OperationSupport.java:622)
	at io.fabric8.kubernetes.client.dsl.internal.OperationSupport.assertResponseCode(OperationSupport.java:582)
	at io.fabric8.kubernetes.client.dsl.internal.OperationSupport.lambda$handleResponse$0(OperationSupport.java:549)
	at java.base/java.util.concurrent.CompletableFuture$UniApply.tryFire(CompletableFuture.java:646)
	at java.base/java.util.concurrent.CompletableFuture.postComplete(CompletableFuture.java:510)
	at java.base/java.util.concurrent.CompletableFuture.complete(CompletableFuture.java:2179)
	at io.fabric8.kubernetes.client.http.StandardHttpClient.lambda$completeOrCancel$10(StandardHttpClient.java:141)
	at java.base/java.util.concurrent.CompletableFuture.uniWhenComplete(CompletableFuture.java:863)
	at java.base/java.util.concurrent.CompletableFuture$UniWhenComplete.tryFire(CompletableFuture.java:841)
	at java.base/java.util.concurrent.CompletableFuture.postComplete(CompletableFuture.java:510)
	at java.base/java.util.concurrent.CompletableFuture.complete(CompletableFuture.java:2179)
	at io.fabric8.kubernetes.client.http.ByteArrayBodyHandler.onBodyDone(ByteArrayBodyHandler.java:51)
	at java.base/java.util.concurrent.CompletableFuture.uniWhenComplete(CompletableFuture.java:863)
	at java.base/java.util.concurrent.CompletableFuture$UniWhenComplete.tryFire(CompletableFuture.java:841)
	at java.base/java.util.concurrent.CompletableFuture.postComplete(CompletableFuture.java:510)
	at java.base/java.util.concurrent.CompletableFuture.complete(CompletableFuture.java:2179)
	at io.fabric8.kubernetes.client.vertx.VertxHttpRequest.lambda$consumeBytes$1(VertxHttpRequest.java:84)
	at io.vertx.core.impl.ContextInternal.dispatch(ContextInternal.java:270)
	at io.vertx.core.impl.ContextInternal.dispatch(ContextInternal.java:252)
	at io.vertx.core.http.impl.HttpEventHandler.handleEnd(HttpEventHandler.java:76)
	at io.vertx.core.http.impl.HttpClientResponseImpl.handleEnd(HttpClientResponseImpl.java:250)
	at io.vertx.core.http.impl.Http1xClientConnection$StreamImpl.lambda$new$0(Http1xClientConnection.java:442)
	at io.vertx.core.streams.impl.InboundBuffer.handleEvent(InboundBuffer.java:279)
	at io.vertx.core.streams.impl.InboundBuffer.write(InboundBuffer.java:157)
	at io.vertx.core.http.impl.Http1xClientConnection$StreamImpl.handleEnd(Http1xClientConnection.java:752)
	at io.vertx.core.impl.ContextImpl.execute(ContextImpl.java:327)
	at io.vertx.core.impl.ContextImpl.execute(ContextImpl.java:307)
	at io.vertx.core.http.impl.Http1xClientConnection.handleResponseEnd(Http1xClientConnection.java:983)
	at io.vertx.core.http.impl.Http1xClientConnection.handleHttpMessage(Http1xClientConnection.java:855)
	at io.vertx.core.http.impl.Http1xClientConnection.handleMessage(Http1xClientConnection.java:817)
	at io.vertx.core.net.impl.ConnectionBase.read(ConnectionBase.java:159)
	at io.vertx.core.net.impl.VertxHandler.channelRead(VertxHandler.java:153)
	at io.netty.channel.AbstractChannelHandlerContext.invokeChannelRead(AbstractChannelHandlerContext.java:442)
	at io.netty.channel.AbstractChannelHandlerContext.invokeChannelRead(AbstractChannelHandlerContext.java:420)
	at io.netty.channel.AbstractChannelHandlerContext.fireChannelRead(AbstractChannelHandlerContext.java:412)
	at io.netty.channel.CombinedChannelDuplexHandler$DelegatingChannelHandlerContext.fireChannelRead(CombinedChannelDuplexHandler.java:436)
	at io.netty.handler.codec.ByteToMessageDecoder.fireChannelRead(ByteToMessageDecoder.java:346)
	at io.netty.handler.codec.ByteToMessageDecoder.channelRead(ByteToMessageDecoder.java:318)
	at io.netty.channel.CombinedChannelDuplexHandler.channelRead(CombinedChannelDuplexHandler.java:251)
	at io.netty.channel.AbstractChannelHandlerContext.invokeChannelRead(AbstractChannelHandlerContext.java:442)
	at io.netty.channel.AbstractChannelHandlerContext.invokeChannelRead(AbstractChannelHandlerContext.java:420)
	at io.netty.channel.AbstractChannelHandlerContext.fireChannelRead(AbstractChannelHandlerContext.java:412)
	at io.netty.handler.ssl.SslHandler.unwrap(SslHandler.java:1519)
	at io.netty.handler.ssl.SslHandler.decodeJdkCompatible(SslHandler.java:1377)
	at io.netty.handler.ssl.SslHandler.decode(SslHandler.java:1428)
	at io.netty.handler.codec.ByteToMessageDecoder.decodeRemovalReentryProtection(ByteToMessageDecoder.java:530)
	at io.netty.handler.codec.ByteToMessageDecoder.callDecode(ByteToMessageDecoder.java:469)
	at io.netty.handler.codec.ByteToMessageDecoder.channelRead(ByteToMessageDecoder.java:290)
	at io.netty.channel.AbstractChannelHandlerContext.invokeChannelRead(AbstractChannelHandlerContext.java:444)
	at io.netty.channel.AbstractChannelHandlerContext.invokeChannelRead(AbstractChannelHandlerContext.java:420)
	at io.netty.channel.AbstractChannelHandlerContext.fireChannelRead(AbstractChannelHandlerContext.java:412)
	at io.netty.channel.DefaultChannelPipeline$HeadContext.channelRead(DefaultChannelPipeline.java:1357)
	at io.netty.channel.AbstractChannelHandlerContext.invokeChannelRead(AbstractChannelHandlerContext.java:440)
	at io.netty.channel.AbstractChannelHandlerContext.invokeChannelRead(AbstractChannelHandlerContext.java:420)
	at io.netty.channel.DefaultChannelPipeline.fireChannelRead(DefaultChannelPipeline.java:868)
	at io.netty.channel.nio.AbstractNioByteChannel$NioByteUnsafe.read(AbstractNioByteChannel.java:166)
	at io.netty.channel.nio.NioEventLoop.processSelectedKey(NioEventLoop.java:796)
	at io.netty.channel.nio.NioEventLoop.processSelectedKeysOptimized(NioEventLoop.java:732)
	at io.netty.channel.nio.NioEventLoop.processSelectedKeys(NioEventLoop.java:658)
	at io.netty.channel.nio.NioEventLoop.run(NioEventLoop.java:562)
	at io.netty.util.concurrent.SingleThreadEventExecutor$4.run(SingleThreadEventExecutor.java:998)
	at io.netty.util.internal.ThreadExecutorMap$2.run(ThreadExecutorMap.java:74)
	at io.netty.util.concurrent.FastThreadLocalRunnable.run(FastThreadLocalRunnable.java:30)
	... 1 more

2025-11-20 13:28:57,272 INFO  [org.key.ope.con.KeycloakRealmImportController] (ReconcilerExecutor-keycloakrealmimportcontroller-57) --- Reconciling Keycloak Realm: registry-sso-realm in namespace: keycloak26
2025-11-20 13:28:57,467 ERROR [io.jav.ope.pro.eve.EventProcessor] (ReconcilerExecutor-keycloakrealmimportcontroller-57) Uncaught error during event processing ExecutionScope{ resource id: ResourceID{name='registry-sso-realm', namespace='keycloak26'}, version: 34816} - no superseding event is present and this is the retry last attempt: io.fabric8.kubernetes.client.ResourceNotFoundException: Resource couldn't be fetched : Failure executing: GET at: https://172.30.0.1:443/apis/k8s.keycloak.org/v2alpha1/namespaces/keycloak26/keycloaks/keycloak-instance. Message: keycloaks.k8s.keycloak.org "keycloak-instance" not found. Received status: Status(apiVersion=v1, code=404, details=StatusDetails(causes=[], group=k8s.keycloak.org, kind=keycloaks, name=keycloak-instance, retryAfterSeconds=null, uid=null, additionalProperties={}), kind=Status, message=keycloaks.k8s.keycloak.org "keycloak-instance" not found, metadata=ListMeta(_continue=null, remainingItemCount=null, resourceVersion=null, selfLink=null, additionalProperties={}), reason=NotFound, status=Failure, additionalProperties={}).
	at io.fabric8.kubernetes.client.dsl.internal.BaseOperation.require(BaseOperation.java:163)
	at io.fabric8.kubernetes.client.dsl.internal.BaseOperation.require(BaseOperation.java:98)
	at org.keycloak.operator.controllers.KeycloakRealmImportController.reconcile(KeycloakRealmImportController.java:66)
	at org.keycloak.operator.controllers.KeycloakRealmImportController.reconcile(KeycloakRealmImportController.java:41)
	at org.keycloak.operator.controllers.KeycloakRealmImportController_ClientProxy.reconcile(Unknown Source)
	at io.javaoperatorsdk.operator.processing.Controller$1.execute(Controller.java:161)
	at io.javaoperatorsdk.operator.processing.Controller$1.execute(Controller.java:117)
	at io.javaoperatorsdk.operator.api.monitoring.Metrics.timeControllerExecution(Metrics.java:159)
	at io.javaoperatorsdk.operator.processing.Controller.reconcile(Controller.java:116)
	at io.javaoperatorsdk.operator.processing.event.ReconciliationDispatcher.reconcileExecution(ReconciliationDispatcher.java:153)
	at io.javaoperatorsdk.operator.processing.event.ReconciliationDispatcher.handleReconcile(ReconciliationDispatcher.java:130)
	at io.javaoperatorsdk.operator.processing.event.ReconciliationDispatcher.handleDispatch(ReconciliationDispatcher.java:97)
	at io.javaoperatorsdk.operator.processing.event.ReconciliationDispatcher.handleExecution(ReconciliationDispatcher.java:68)
	at io.javaoperatorsdk.operator.processing.event.EventProcessor$ReconcilerExecutor.run(EventProcessor.java:475)
	at java.base/java.util.concurrent.ThreadPoolExecutor.runWorker(ThreadPoolExecutor.java:1144)
	at java.base/java.util.concurrent.ThreadPoolExecutor$Worker.run(ThreadPoolExecutor.java:642)
	at java.base/java.lang.Thread.run(Thread.java:1583)
Caused by: io.fabric8.kubernetes.client.KubernetesClientException: Failure executing: GET at: https://172.30.0.1:443/apis/k8s.keycloak.org/v2alpha1/namespaces/keycloak26/keycloaks/keycloak-instance. Message: keycloaks.k8s.keycloak.org "keycloak-instance" not found. Received status: Status(apiVersion=v1, code=404, details=StatusDetails(causes=[], group=k8s.keycloak.org, kind=keycloaks, name=keycloak-instance, retryAfterSeconds=null, uid=null, additionalProperties={}), kind=Status, message=keycloaks.k8s.keycloak.org "keycloak-instance" not found, metadata=ListMeta(_continue=null, remainingItemCount=null, resourceVersion=null, selfLink=null, additionalProperties={}), reason=NotFound, status=Failure, additionalProperties={}).
	at io.fabric8.kubernetes.client.KubernetesClientException.copyAsCause(KubernetesClientException.java:205)
	at io.fabric8.kubernetes.client.dsl.internal.OperationSupport.waitForResult(OperationSupport.java:507)
	at io.fabric8.kubernetes.client.dsl.internal.OperationSupport.handleResponse(OperationSupport.java:524)
	at io.fabric8.kubernetes.client.dsl.internal.OperationSupport.handleGet(OperationSupport.java:467)
	at io.fabric8.kubernetes.client.dsl.internal.BaseOperation.handleGet(BaseOperation.java:792)
	at io.fabric8.kubernetes.client.dsl.internal.BaseOperation.requireFromServer(BaseOperation.java:193)
	at io.fabric8.kubernetes.client.dsl.internal.BaseOperation.require(BaseOperation.java:161)
	... 16 more
Caused by: io.fabric8.kubernetes.client.KubernetesClientException: Failure executing: GET at: https://172.30.0.1:443/apis/k8s.keycloak.org/v2alpha1/namespaces/keycloak26/keycloaks/keycloak-instance. Message: keycloaks.k8s.keycloak.org "keycloak-instance" not found. Received status: Status(apiVersion=v1, code=404, details=StatusDetails(causes=[], group=k8s.keycloak.org, kind=keycloaks, name=keycloak-instance, retryAfterSeconds=null, uid=null, additionalProperties={}), kind=Status, message=keycloaks.k8s.keycloak.org "keycloak-instance" not found, metadata=ListMeta(_continue=null, remainingItemCount=null, resourceVersion=null, selfLink=null, additionalProperties={}), reason=NotFound, status=Failure, additionalProperties={}).
	at io.fabric8.kubernetes.client.dsl.internal.OperationSupport.requestFailure(OperationSupport.java:642)
	at io.fabric8.kubernetes.client.dsl.internal.OperationSupport.requestFailure(OperationSupport.java:622)
	at io.fabric8.kubernetes.client.dsl.internal.OperationSupport.assertResponseCode(OperationSupport.java:582)
	at io.fabric8.kubernetes.client.dsl.internal.OperationSupport.lambda$handleResponse$0(OperationSupport.java:549)
	at java.base/java.util.concurrent.CompletableFuture$UniApply.tryFire(CompletableFuture.java:646)
	at java.base/java.util.concurrent.CompletableFuture.postComplete(CompletableFuture.java:510)
	at java.base/java.util.concurrent.CompletableFuture.complete(CompletableFuture.java:2179)
	at io.fabric8.kubernetes.client.http.StandardHttpClient.lambda$completeOrCancel$10(StandardHttpClient.java:141)
	at java.base/java.util.concurrent.CompletableFuture.uniWhenComplete(CompletableFuture.java:863)
	at java.base/java.util.concurrent.CompletableFuture$UniWhenComplete.tryFire(CompletableFuture.java:841)
	at java.base/java.util.concurrent.CompletableFuture.postComplete(CompletableFuture.java:510)
	at java.base/java.util.concurrent.CompletableFuture.complete(CompletableFuture.java:2179)
	at io.fabric8.kubernetes.client.http.ByteArrayBodyHandler.onBodyDone(ByteArrayBodyHandler.java:51)
	at java.base/java.util.concurrent.CompletableFuture.uniWhenComplete(CompletableFuture.java:863)
	at java.base/java.util.concurrent.CompletableFuture$UniWhenComplete.tryFire(CompletableFuture.java:841)
	at java.base/java.util.concurrent.CompletableFuture.postComplete(CompletableFuture.java:510)
	at java.base/java.util.concurrent.CompletableFuture.complete(CompletableFuture.java:2179)
	at io.fabric8.kubernetes.client.vertx.VertxHttpRequest.lambda$consumeBytes$1(VertxHttpRequest.java:84)
	at io.vertx.core.impl.ContextInternal.dispatch(ContextInternal.java:270)
	at io.vertx.core.impl.ContextInternal.dispatch(ContextInternal.java:252)
	at io.vertx.core.http.impl.HttpEventHandler.handleEnd(HttpEventHandler.java:76)
	at io.vertx.core.http.impl.HttpClientResponseImpl.handleEnd(HttpClientResponseImpl.java:250)
	at io.vertx.core.http.impl.Http1xClientConnection$StreamImpl.lambda$new$0(Http1xClientConnection.java:442)
	at io.vertx.core.streams.impl.InboundBuffer.handleEvent(InboundBuffer.java:279)
	at io.vertx.core.streams.impl.InboundBuffer.write(InboundBuffer.java:157)
	at io.vertx.core.http.impl.Http1xClientConnection$StreamImpl.handleEnd(Http1xClientConnection.java:752)
	at io.vertx.core.impl.ContextImpl.lambda$execute$7(ContextImpl.java:329)
	at io.netty.util.concurrent.AbstractEventExecutor.runTask(AbstractEventExecutor.java:173)
	at io.netty.util.concurrent.AbstractEventExecutor.safeExecute(AbstractEventExecutor.java:166)
	at io.netty.util.concurrent.SingleThreadEventExecutor.runAllTasks(SingleThreadEventExecutor.java:472)
	at io.netty.channel.nio.NioEventLoop.run(NioEventLoop.java:569)
	at io.netty.util.concurrent.SingleThreadEventExecutor$4.run(SingleThreadEventExecutor.java:998)
	at io.netty.util.internal.ThreadExecutorMap$2.run(ThreadExecutorMap.java:74)
	at io.netty.util.concurrent.FastThreadLocalRunnable.run(FastThreadLocalRunnable.java:30)
	... 1 more

2025-11-20 13:28:57,468 ERROR [io.jav.ope.pro.eve.EventProcessor] (ReconcilerExecutor-keycloakrealmimportcontroller-57) Exhausted retries for scope ExecutionScope{ resource id: ResourceID{name='registry-sso-realm', namespace='keycloak26'}, version: 34816}.
