chmod: changing permissions of '/var/run/postgresql': Operation not permitted
The files belonging to this database system will be owned by user "1000740000".
This user must also own the server process.

The database cluster will be initialized with locale "en_US.utf8".
The default database encoding has accordingly been set to "UTF8".
The default text search configuration will be set to "english".

Data page checksums are disabled.

fixing permissions on existing directory /var/lib/postgresql/data/pgdata ... ok
creating subdirectories ... ok
selecting dynamic shared memory implementation ... posix
selecting default "max_connections" ... 100
selecting default "shared_buffers" ... 128MB
selecting default time zone ... Etc/UTC
creating configuration files ... ok
running bootstrap script ... ok
performing post-bootstrap initialization ... ok
syncing data to disk ... ok

initdb: warning: enabling "trust" authentication for local connections
initdb: hint: You can change this by editing pg_hba.conf or using the option -A, or --auth-local and --auth-host, the next time you run initdb.

Success. You can now start the database server using:

    pg_ctl -D /var/lib/postgresql/data/pgdata -l logfile start

waiting for server to start....2025-09-02 14:06:15.602 UTC [30] LOG:  starting PostgreSQL 17.6 (Debian 17.6-1.pgdg13+1) on x86_64-pc-linux-gnu, compiled by gcc (Debian 14.2.0-19) 14.2.0, 64-bit
2025-09-02 14:06:15.602 UTC [30] LOG:  listening on Unix socket "/var/run/postgresql/.s.PGSQL.5432"
2025-09-02 14:06:15.609 UTC [33] LOG:  database system was shut down at 2025-09-02 14:06:15 UTC
2025-09-02 14:06:15.639 UTC [30] LOG:  database system is ready to accept connections
 done
server started
CREATE DATABASE


/usr/local/bin/docker-entrypoint.sh: ignoring /docker-entrypoint-initdb.d/*

waiting for server to shut down....2025-09-02 14:06:15.855 UTC [30] LOG:  received fast shutdown request
2025-09-02 14:06:15.858 UTC [30] LOG:  aborting any active transactions
2025-09-02 14:06:15.860 UTC [30] LOG:  background worker "logical replication launcher" (PID 36) exited with exit code 1
2025-09-02 14:06:15.860 UTC [31] LOG:  shutting down
2025-09-02 14:06:15.862 UTC [31] LOG:  checkpoint starting: shutdown immediate
2025-09-02 14:06:15.902 UTC [31] LOG:  checkpoint complete: wrote 925 buffers (5.6%); 0 WAL file(s) added, 0 removed, 0 recycled; write=0.029 s, sync=0.006 s, total=0.042 s; sync files=301, longest=0.003 s, average=0.001 s; distance=4256 kB, estimate=4256 kB; lsn=0/1915960, redo lsn=0/1915960
2025-09-02 14:06:15.906 UTC [30] LOG:  database system is shut down
 done
server stopped

PostgreSQL init process complete; ready for start up.

2025-09-02 14:06:15.980 UTC [1] LOG:  starting PostgreSQL 17.6 (Debian 17.6-1.pgdg13+1) on x86_64-pc-linux-gnu, compiled by gcc (Debian 14.2.0-19) 14.2.0, 64-bit
2025-09-02 14:06:15.980 UTC [1] LOG:  listening on IPv4 address "0.0.0.0", port 5432
2025-09-02 14:06:15.980 UTC [1] LOG:  listening on IPv6 address "::", port 5432
2025-09-02 14:06:15.982 UTC [1] LOG:  listening on Unix socket "/var/run/postgresql/.s.PGSQL.5432"
2025-09-02 14:06:15.988 UTC [46] LOG:  database system was shut down at 2025-09-02 14:06:15 UTC
2025-09-02 14:06:15.993 UTC [1] LOG:  database system is ready to accept connections
2025-09-02 14:11:16.087 UTC [44] LOG:  checkpoint starting: time
2025-09-02 14:11:20.505 UTC [44] LOG:  checkpoint complete: wrote 47 buffers (0.3%); 0 WAL file(s) added, 0 removed, 0 recycled; write=4.409 s, sync=0.003 s, total=4.418 s; sync files=12, longest=0.001 s, average=0.001 s; distance=270 kB, estimate=270 kB; lsn=0/1959210, redo lsn=0/1959180
