Changes detected in configuration. Updating the server image.
WARNING: The following used run time options are UNAVAILABLE and will be ignored during build time:
 	- tracing-resource-attributes: Available only when Tracing is enabled.
	- tracing-service-name: Available only when Tracing is enabled.
Updating the configuration and installing your custom providers, if any. Please wait.
2026-01-08 11:02:59,864 INFO  [org.keycloak.common.Profile] (main) Preview features enabled: scripts:v1, token-exchange:v1
2026-01-08 11:03:03,682 INFO  [org.keycloak.common.Profile] (main) Preview features enabled: scripts:v1, token-exchange:v1
2026-01-08 11:03:23,064 INFO  [io.quarkus.deployment.QuarkusAugmentor] (main) Quarkus augmentation completed in 20899ms
Server configuration updated and persisted. Run the following command to review the configuration:

	kc.sh show-config

Next time you run the server, just run:

	kc.sh --verbose start --optimized

WARNING: The following used run time options are UNAVAILABLE and will be ignored during build time:
 	- tracing-resource-attributes: Available only when Tracing is enabled.
	- tracing-service-name: Available only when Tracing is enabled.
WARNING: Hostname v1 options [hostname-strict-backchannel] are still in use, please review your configuration
2026-01-08 11:03:24,895 INFO  [org.keycloak.common.Profile] (main) Preview features enabled: scripts:v1, token-exchange:v1
2026-01-08 11:03:25,385 INFO  [org.keycloak.common.Profile] (main) Preview features enabled: scripts:v1, token-exchange:v1
2026-01-08 11:03:28,083 INFO  [org.keycloak.url.HostnameV2ProviderFactory] (main) If hostname is specified, hostname-strict is effectively ignored
2026-01-08 11:03:31,982 WARN  [io.agroal.pool] (agroal-11) Datasource '<default>': FATAL: password authentication failed for user "keycloak"
2026-01-08 11:03:31,984 WARN  [org.hibernate.engine.jdbc.env.internal.JdbcEnvironmentInitiator] (JPA Startup Thread) HHH000342: Could not obtain connection to query metadata: org.hibernate.exception.GenericJDBCException: unable to obtain isolated JDBC connection [FATAL: password authentication failed for user "keycloak"] [n/a]
	at org.hibernate.exception.internal.StandardSQLExceptionConverter.convert(StandardSQLExceptionConverter.java:63)
	at org.hibernate.engine.jdbc.spi.SqlExceptionHelper.convert(SqlExceptionHelper.java:108)
	at org.hibernate.engine.jdbc.spi.SqlExceptionHelper.convert(SqlExceptionHelper.java:94)
	at org.hibernate.resource.transaction.backend.jta.internal.JtaIsolationDelegate.doTheWork(JtaIsolationDelegate.java:206)
	at org.hibernate.resource.transaction.backend.jta.internal.JtaIsolationDelegate.lambda$delegateWork$3(JtaIsolationDelegate.java:91)
	at org.hibernate.resource.transaction.backend.jta.internal.JtaIsolationDelegate.doInSuspendedTransaction(JtaIsolationDelegate.java:125)
	at org.hibernate.resource.transaction.backend.jta.internal.JtaIsolationDelegate.delegateWork(JtaIsolationDelegate.java:88)
	at org.hibernate.engine.jdbc.env.internal.JdbcEnvironmentInitiator.getJdbcEnvironmentUsingJdbcMetadata(JdbcEnvironmentInitiator.java:320)
	at org.hibernate.engine.jdbc.env.internal.JdbcEnvironmentInitiator.initiateService(JdbcEnvironmentInitiator.java:129)
	at org.hibernate.engine.jdbc.env.internal.JdbcEnvironmentInitiator.initiateService(JdbcEnvironmentInitiator.java:81)
	at org.hibernate.boot.registry.internal.StandardServiceRegistryImpl.initiateService(StandardServiceRegistryImpl.java:130)
	at org.hibernate.service.internal.AbstractServiceRegistryImpl.createService(AbstractServiceRegistryImpl.java:263)
	at org.hibernate.service.internal.AbstractServiceRegistryImpl.initializeService(AbstractServiceRegistryImpl.java:238)
	at org.hibernate.service.internal.AbstractServiceRegistryImpl.getService(AbstractServiceRegistryImpl.java:215)
	at org.hibernate.service.ServiceRegistry.requireService(ServiceRegistry.java:68)
	at org.hibernate.engine.jdbc.internal.JdbcServicesImpl.configure(JdbcServicesImpl.java:52)
	at org.hibernate.boot.registry.internal.StandardServiceRegistryImpl.configureService(StandardServiceRegistryImpl.java:136)
	at org.hibernate.service.internal.AbstractServiceRegistryImpl.initializeService(AbstractServiceRegistryImpl.java:247)
	at org.hibernate.service.internal.AbstractServiceRegistryImpl.getService(AbstractServiceRegistryImpl.java:215)
	at org.hibernate.service.ServiceRegistry.requireService(ServiceRegistry.java:68)
	at org.hibernate.boot.internal.SessionFactoryOptionsBuilder.<init>(SessionFactoryOptionsBuilder.java:290)
	at io.quarkus.hibernate.orm.runtime.recording.PrevalidatedQuarkusMetadata.buildSessionFactoryOptionsBuilder(PrevalidatedQuarkusMetadata.java:72)
	at io.quarkus.hibernate.orm.runtime.boot.FastBootEntityManagerFactoryBuilder.build(FastBootEntityManagerFactoryBuilder.java:84)
	at io.quarkus.hibernate.orm.runtime.FastBootHibernatePersistenceProvider.createEntityManagerFactory(FastBootHibernatePersistenceProvider.java:72)
	at jakarta.persistence.Persistence.createEntityManagerFactory(Persistence.java:80)
	at jakarta.persistence.Persistence.createEntityManagerFactory(Persistence.java:55)
	at io.quarkus.hibernate.orm.runtime.JPAConfig$LazyPersistenceUnit.get(JPAConfig.java:163)
	at io.quarkus.hibernate.orm.runtime.JPAConfig$1.run(JPAConfig.java:63)
	at java.base/java.lang.Thread.run(Thread.java:1583)
Caused by: org.postgresql.util.PSQLException: FATAL: password authentication failed for user "keycloak"
	at org.postgresql.core.v3.ConnectionFactoryImpl.doAuthentication(ConnectionFactoryImpl.java:704)
	at org.postgresql.core.v3.ConnectionFactoryImpl.tryConnect(ConnectionFactoryImpl.java:213)
	at org.postgresql.core.v3.ConnectionFactoryImpl.openConnectionImpl(ConnectionFactoryImpl.java:268)
	at org.postgresql.core.ConnectionFactory.openConnection(ConnectionFactory.java:54)
	at org.postgresql.jdbc.PgConnection.<init>(PgConnection.java:273)
	at org.postgresql.Driver.makeConnection(Driver.java:446)
	at org.postgresql.Driver.connect(Driver.java:298)
	at io.agroal.pool.ConnectionFactory.createConnection(ConnectionFactory.java:225)
	at io.agroal.pool.ConnectionPool$CreateConnectionTask.call(ConnectionPool.java:585)
	at io.agroal.pool.ConnectionPool$CreateConnectionTask.call(ConnectionPool.java:566)
	at java.base/java.util.concurrent.FutureTask.run(FutureTask.java:317)
	at io.agroal.pool.util.PriorityScheduledExecutor.beforeExecute(PriorityScheduledExecutor.java:75)
	at java.base/java.util.concurrent.ThreadPoolExecutor.runWorker(ThreadPoolExecutor.java:1142)
	at java.base/java.util.concurrent.ThreadPoolExecutor$Worker.run(ThreadPoolExecutor.java:642)
	... 1 more

2026-01-08 11:03:33,200 WARN  [io.agroal.pool] (agroal-11) Datasource '<default>': FATAL: password authentication failed for user "keycloak"
2026-01-08 11:03:33,200 INFO  [com.arjuna.ats.jbossatx] (main) ARJUNA032014: Stopping transaction recovery manager
2026-01-08 11:03:33,268 ERROR [org.keycloak.quarkus.runtime.cli.ExecutionExceptionHandler] (main) ERROR: Failed to start server in (production) mode
2026-01-08 11:03:33,268 ERROR [org.keycloak.quarkus.runtime.cli.ExecutionExceptionHandler] (main) Error details:: java.lang.RuntimeException: Failed to obtain JDBC connection
	at org.keycloak.quarkus.runtime.storage.database.jpa.AbstractJpaConnectionProviderFactory.getConnection(AbstractJpaConnectionProviderFactory.java:56)
	at org.keycloak.quarkus.runtime.storage.database.jpa.QuarkusJpaConnectionProviderFactory.postInit(QuarkusJpaConnectionProviderFactory.java:109)
	at org.keycloak.services.DefaultKeycloakSessionFactory.initializeProviders(DefaultKeycloakSessionFactory.java:167)
	at org.keycloak.services.DefaultKeycloakSessionFactory.initializeProviders(DefaultKeycloakSessionFactory.java:164)
	at org.keycloak.services.DefaultKeycloakSessionFactory.initializeProviders(DefaultKeycloakSessionFactory.java:164)
	at org.keycloak.services.DefaultKeycloakSessionFactory.initProviderFactories(DefaultKeycloakSessionFactory.java:141)
	at org.keycloak.services.DefaultKeycloakSessionFactory.initProviderFactories(DefaultKeycloakSessionFactory.java:125)
	at org.keycloak.quarkus.runtime.integration.QuarkusKeycloakSessionFactory.init(QuarkusKeycloakSessionFactory.java:87)
	at org.keycloak.quarkus.runtime.integration.jaxrs.QuarkusKeycloakApplication.createSessionFactory(QuarkusKeycloakApplication.java:67)
	at org.keycloak.services.resources.KeycloakApplication.startup(KeycloakApplication.java:74)
	at org.keycloak.quarkus.runtime.integration.jaxrs.QuarkusKeycloakApplication.onStartupEvent(QuarkusKeycloakApplication.java:52)
	at org.keycloak.quarkus.runtime.integration.jaxrs.QuarkusKeycloakApplication_Observer_onStartupEvent_GNZ8m5QenZ9h9VNelo7awjUZFDE.notify(Unknown Source)
	at io.quarkus.arc.impl.EventImpl$Notifier.notifyObservers(EventImpl.java:365)
	at io.quarkus.arc.impl.EventImpl$Notifier.notify(EventImpl.java:347)
	at io.quarkus.arc.impl.EventImpl.fire(EventImpl.java:81)
	at io.quarkus.arc.runtime.ArcRecorder.fireLifecycleEvent(ArcRecorder.java:163)
	at io.quarkus.arc.runtime.ArcRecorder.handleLifecycleEvents(ArcRecorder.java:114)
	at io.quarkus.runner.recorded.LifecycleEventsBuildStep$startupEvent1144526294.deploy_0(Unknown Source)
	at io.quarkus.runner.recorded.LifecycleEventsBuildStep$startupEvent1144526294.deploy(Unknown Source)
	at io.quarkus.runner.ApplicationImpl.doStart(Unknown Source)
	at io.quarkus.runtime.Application.start(Application.java:101)
	at io.quarkus.runtime.ApplicationLifecycleManager.run(ApplicationLifecycleManager.java:121)
	at io.quarkus.runtime.Quarkus.run(Quarkus.java:77)
	at org.keycloak.quarkus.runtime.KeycloakMain.start(KeycloakMain.java:133)
	at org.keycloak.quarkus.runtime.cli.Picocli.start(Picocli.java:1014)
	at org.keycloak.quarkus.runtime.cli.command.AbstractStartCommand.run(AbstractStartCommand.java:49)
	at picocli.CommandLine.executeUserObject(CommandLine.java:2030)
	at picocli.CommandLine.access$1500(CommandLine.java:148)
	at picocli.CommandLine$RunLast.executeUserObjectOfLastSubcommandWithSameParent(CommandLine.java:2465)
	at picocli.CommandLine$RunLast.handle(CommandLine.java:2457)
	at picocli.CommandLine$RunLast.handle(CommandLine.java:2419)
	at picocli.CommandLine$AbstractParseResultHandler.execute(CommandLine.java:2277)
	at picocli.CommandLine$RunLast.execute(CommandLine.java:2421)
	at picocli.CommandLine.execute(CommandLine.java:2174)
	at org.keycloak.quarkus.runtime.cli.Picocli.parseAndRun(Picocli.java:130)
	at org.keycloak.quarkus.runtime.KeycloakMain.main(KeycloakMain.java:104)
	at org.keycloak.quarkus.runtime.KeycloakMain.main(KeycloakMain.java:78)
	at io.quarkus.bootstrap.runner.QuarkusEntryPoint.doRun(QuarkusEntryPoint.java:68)
	at io.quarkus.bootstrap.runner.QuarkusEntryPoint.main(QuarkusEntryPoint.java:36)
Caused by: org.postgresql.util.PSQLException: FATAL: password authentication failed for user "keycloak"
	at org.postgresql.core.v3.ConnectionFactoryImpl.doAuthentication(ConnectionFactoryImpl.java:704)
	at org.postgresql.core.v3.ConnectionFactoryImpl.tryConnect(ConnectionFactoryImpl.java:213)
	at org.postgresql.core.v3.ConnectionFactoryImpl.openConnectionImpl(ConnectionFactoryImpl.java:268)
	at org.postgresql.core.ConnectionFactory.openConnection(ConnectionFactory.java:54)
	at org.postgresql.jdbc.PgConnection.<init>(PgConnection.java:273)
	at org.postgresql.Driver.makeConnection(Driver.java:446)
	at org.postgresql.Driver.connect(Driver.java:298)
	at io.agroal.pool.ConnectionFactory.createConnection(ConnectionFactory.java:225)
	at io.agroal.pool.ConnectionPool$CreateConnectionTask.call(ConnectionPool.java:585)
	at io.agroal.pool.ConnectionPool$CreateConnectionTask.call(ConnectionPool.java:566)
	at java.base/java.util.concurrent.FutureTask.run(FutureTask.java:317)
	at io.agroal.pool.util.PriorityScheduledExecutor.beforeExecute(PriorityScheduledExecutor.java:75)
	at java.base/java.util.concurrent.ThreadPoolExecutor.runWorker(ThreadPoolExecutor.java:1142)
	at java.base/java.util.concurrent.ThreadPoolExecutor$Worker.run(ThreadPoolExecutor.java:642)
	at java.base/java.lang.Thread.run(Thread.java:1583)

