chmod: changing permissions of '/var/run/postgresql': Operation not permitted
The files belonging to this database system will be owned by user "1000780000".
This user must also own the server process.

The database cluster will be initialized with locale "en_US.utf8".
The default database encoding has accordingly been set to "UTF8".
The default text search configuration will be set to "english".

Data page checksums are disabled.

fixing permissions on existing directory /var/lib/postgresql/data/pgdata ... ok
creating subdirectories ... ok
selecting dynamic shared memory implementation ... posix
selecting default max_connections ... 100
selecting default shared_buffers ... 128MB
selecting default time zone ... Etc/UTC
creating configuration files ... ok
running bootstrap script ... ok
performing post-bootstrap initialization ... ok
syncing data to disk ... ok

initdb: warning: enabling "trust" authentication for local connections
initdb: hint: You can change this by editing pg_hba.conf or using the option -A, or --auth-local and --auth-host, the next time you run initdb.

Success. You can now start the database server using:

    pg_ctl -D /var/lib/postgresql/data/pgdata -l logfile start

waiting for server to start....2026-01-08 10:52:06.489 UTC [30] LOG:  starting PostgreSQL 15.15 (Debian 15.15-1.pgdg13+1) on x86_64-pc-linux-gnu, compiled by gcc (Debian 14.2.0-19) 14.2.0, 64-bit
2026-01-08 10:52:06.489 UTC [30] LOG:  listening on Unix socket "/var/run/postgresql/.s.PGSQL.5432"
2026-01-08 10:52:06.499 UTC [33] LOG:  database system was shut down at 2026-01-08 10:52:06 UTC
2026-01-08 10:52:06.505 UTC [30] LOG:  database system is ready to accept connections
 done
server started
CREATE DATABASE


/usr/local/bin/docker-entrypoint.sh: ignoring /docker-entrypoint-initdb.d/*

2026-01-08 10:52:06.788 UTC [30] LOG:  received fast shutdown request
waiting for server to shut down....2026-01-08 10:52:06.790 UTC [30] LOG:  aborting any active transactions
2026-01-08 10:52:06.793 UTC [30] LOG:  background worker "logical replication launcher" (PID 36) exited with exit code 1
2026-01-08 10:52:06.793 UTC [31] LOG:  shutting down
2026-01-08 10:52:06.794 UTC [31] LOG:  checkpoint starting: shutdown immediate
2026-01-08 10:52:06.837 UTC [31] LOG:  checkpoint complete: wrote 922 buffers (5.6%); 0 WAL file(s) added, 0 removed, 0 recycled; write=0.029 s, sync=0.008 s, total=0.044 s; sync files=301, longest=0.003 s, average=0.001 s; distance=4239 kB, estimate=4239 kB
2026-01-08 10:52:06.857 UTC [30] LOG:  database system is shut down
 done
server stopped

PostgreSQL init process complete; ready for start up.

2026-01-08 10:52:06.915 UTC [1] LOG:  starting PostgreSQL 15.15 (Debian 15.15-1.pgdg13+1) on x86_64-pc-linux-gnu, compiled by gcc (Debian 14.2.0-19) 14.2.0, 64-bit
2026-01-08 10:52:06.915 UTC [1] LOG:  listening on IPv4 address "0.0.0.0", port 5432
2026-01-08 10:52:06.915 UTC [1] LOG:  listening on IPv6 address "::", port 5432
2026-01-08 10:52:06.918 UTC [1] LOG:  listening on Unix socket "/var/run/postgresql/.s.PGSQL.5432"
2026-01-08 10:52:06.926 UTC [46] LOG:  database system was shut down at 2026-01-08 10:52:06 UTC
2026-01-08 10:52:06.932 UTC [1] LOG:  database system is ready to accept connections
2026-01-08 10:52:48.163 UTC [69] ERROR:  relation "migration_model" does not exist at character 25
2026-01-08 10:52:48.163 UTC [69] STATEMENT:  SELECT ID, VERSION FROM MIGRATION_MODEL ORDER BY UPDATE_TIME DESC
2026-01-08 10:52:50.360 UTC [69] ERROR:  relation "public.databasechangelog" does not exist at character 22
2026-01-08 10:52:50.360 UTC [69] STATEMENT:  SELECT COUNT(*) FROM public.databasechangelog
2026-01-08 10:52:51.064 UTC [76] ERROR:  relation "public.databasechangeloglock" does not exist at character 22
2026-01-08 10:52:51.064 UTC [76] STATEMENT:  SELECT COUNT(*) FROM public.databasechangeloglock
2026-01-08 10:52:51.105 UTC [69] ERROR:  relation "public.databasechangelog" does not exist at character 22
2026-01-08 10:52:51.105 UTC [69] STATEMENT:  SELECT COUNT(*) FROM public.databasechangelog
2026-01-08 10:57:06.983 UTC [44] LOG:  checkpoint starting: time
2026-01-08 10:58:08.577 UTC [44] LOG:  checkpoint complete: wrote 619 buffers (3.8%); 1 WAL file(s) added, 0 removed, 0 recycled; write=61.545 s, sync=0.005 s, total=61.595 s; sync files=593, longest=0.002 s, average=0.001 s; distance=4538 kB, estimate=4538 kB
2026-01-08 11:01:57.187 UTC [598] FATAL:  password authentication failed for user "keycloak"
2026-01-08 11:01:57.187 UTC [598] DETAIL:  Connection matched pg_hba.conf line 100: "host all all all scram-sha-256"
2026-01-08 11:01:58.570 UTC [600] FATAL:  password authentication failed for user "keycloak"
2026-01-08 11:01:58.570 UTC [600] DETAIL:  Connection matched pg_hba.conf line 100: "host all all all scram-sha-256"
2026-01-08 11:02:06.677 UTC [44] LOG:  checkpoint starting: time
2026-01-08 11:02:06.892 UTC [44] LOG:  checkpoint complete: wrote 3 buffers (0.0%); 0 WAL file(s) added, 0 removed, 0 recycled; write=0.203 s, sync=0.004 s, total=0.215 s; sync files=3, longest=0.003 s, average=0.002 s; distance=0 kB, estimate=4084 kB
2026-01-08 11:02:36.398 UTC [635] FATAL:  password authentication failed for user "keycloak"
2026-01-08 11:02:36.398 UTC [635] DETAIL:  Connection matched pg_hba.conf line 100: "host all all all scram-sha-256"
2026-01-08 11:02:37.804 UTC [640] FATAL:  password authentication failed for user "keycloak"
2026-01-08 11:02:37.804 UTC [640] DETAIL:  Connection matched pg_hba.conf line 100: "host all all all scram-sha-256"
2026-01-08 11:03:31.980 UTC [694] FATAL:  password authentication failed for user "keycloak"
2026-01-08 11:03:31.980 UTC [694] DETAIL:  Connection matched pg_hba.conf line 100: "host all all all scram-sha-256"
2026-01-08 11:03:33.199 UTC [695] FATAL:  password authentication failed for user "keycloak"
2026-01-08 11:03:33.199 UTC [695] DETAIL:  Connection matched pg_hba.conf line 100: "host all all all scram-sha-256"
