2025-10-22 23:11:43,276 WARN  [io.qua.config] (main) Unrecognized configuration key "quarkus.operator-sdk.bundle.package-name" was provided; it will be ignored; verify that the dependency extension for this configuration is set or that you did not make a typo
2025-10-22 23:11:45,761 INFO  [io.qua.ope.run.OperatorProducer] (main) Quarkus Java Operator SDK extension 7.2.0 (commit: edba9b2) built on Tue Jun 10 13:53:07 GMT 2025
2025-10-22 23:11:45,887 INFO  [io.jav.ope.Operator] (main) Registered reconciler: 'keycloakcontroller' for resource: 'class org.keycloak.operator.crds.v2alpha1.deployment.Keycloak' for namespace(s): [authn]
2025-10-22 23:11:45,963 INFO  [io.jav.ope.Operator] (main) Registered reconciler: 'keycloakrealmimportcontroller' for resource: 'class org.keycloak.operator.crds.v2alpha1.realmimport.KeycloakRealmImport' for namespace(s): [authn]
2025-10-22 23:11:45,963 INFO  [io.qua.ope.run.AppEventListener] (main) Starting operator.
2025-10-22 23:11:45,963 INFO  [io.jav.ope.Operator] (main) Operator SDK 5.1.1 (commit: e3e9458) built on Mon May 26 07:26:01 GMT 2025 starting...
2025-10-22 23:11:45,963 INFO  [io.jav.ope.Operator] (main) Client version: 7.3.1
2025-10-22 23:11:45,965 INFO  [io.jav.ope.pro.Controller] (Controller Starter for: keycloakrealmimportcontroller) Starting 'keycloakrealmimportcontroller' controller for reconciler: org.keycloak.operator.controllers.KeycloakRealmImportController, resource: org.keycloak.operator.crds.v2alpha1.realmimport.KeycloakRealmImport
2025-10-22 23:11:45,966 INFO  [io.jav.ope.pro.Controller] (Controller Starter for: keycloakcontroller) Starting 'keycloakcontroller' controller for reconciler: org.keycloak.operator.controllers.KeycloakController, resource: org.keycloak.operator.crds.v2alpha1.deployment.Keycloak
2025-10-22 23:11:46,362 WARN  [io.fab.kub.cli.dsl.int.VersionUsageUtils] (InformerWrapper [keycloaks.k8s.keycloak.org/v2alpha1] 27) The client is using resource type 'keycloaks' with unstable version 'v2alpha1'
2025-10-22 23:11:46,362 WARN  [io.fab.kub.cli.dsl.int.VersionUsageUtils] (InformerWrapper [keycloakrealmimports.k8s.keycloak.org/v2alpha1] 26) The client is using resource type 'keycloakrealmimports' with unstable version 'v2alpha1'
2025-10-22 23:11:50,461 INFO  [io.jav.ope.pro.Controller] (Controller Starter for: keycloakrealmimportcontroller) 'keycloakrealmimportcontroller' controller started
2025-10-22 23:11:50,667 INFO  [org.key.ope.con.KeycloakRealmImportController] (ReconcilerExecutor-keycloakrealmimportcontroller-50) --- Reconciling Keycloak Realm: registry-sso-realm in namespace: authn
2025-10-22 23:11:51,061 INFO  [io.jav.ope.pro.Controller] (Controller Starter for: keycloakcontroller) 'keycloakcontroller' controller started
2025-10-22 23:11:51,272 INFO  [io.quarkus] (main) keycloak-operator 26.4.1 on JVM (powered by Quarkus 3.27.0) started in 10.000s. Listening on: http://0.0.0.0:8080
2025-10-22 23:11:51,272 INFO  [io.quarkus] (main) Profile prod activated. 
2025-10-22 23:11:51,273 INFO  [io.quarkus] (main) Installed features: [cdi, kubernetes, kubernetes-client, openshift-client, operator-sdk, smallrye-context-propagation, smallrye-health, vertx]
2025-10-22 23:11:51,278 INFO  [org.key.ope.con.KeycloakRealmImportController] (ReconcilerExecutor-keycloakrealmimportcontroller-50) --- Realm reconciliation finished successfully
2025-10-22 23:11:52,315 ERROR [io.jav.ope.pro.eve.ReconciliationDispatcher] (ReconcilerExecutor-keycloakcontroller-59) updateErrorStatus failed for resource: 136844ac-343a-4503-a49d-4e1c0be9501d with version: 33036 for error Failure executing: PATCH at: https://172.30.0.1:443/apis/k8s.keycloak.org/v2alpha1/namespaces/authn/keycloaks/keycloak-instance/status?fieldManager=keycloakcontroller&force=true. Message: Operation cannot be fulfilled on keycloaks.k8s.keycloak.org "keycloak-instance": the object has been modified; please apply your changes to the latest version and try again. Received status: Status(apiVersion=v1, code=409, details=StatusDetails(causes=[], group=k8s.keycloak.org, kind=keycloaks, name=keycloak-instance, retryAfterSeconds=null, uid=null, additionalProperties={}), kind=Status, message=Operation cannot be fulfilled on keycloaks.k8s.keycloak.org "keycloak-instance": the object has been modified; please apply your changes to the latest version and try again, metadata=ListMeta(_continue=null, remainingItemCount=null, resourceVersion=null, selfLink=null, additionalProperties={}), reason=Conflict, status=Failure, additionalProperties={}).: io.fabric8.kubernetes.client.KubernetesClientException: Failure executing: PATCH at: https://172.30.0.1:443/apis/k8s.keycloak.org/v2alpha1/namespaces/authn/keycloaks/keycloak-instance/status?fieldManager=keycloakcontroller&force=true. Message: Operation cannot be fulfilled on keycloaks.k8s.keycloak.org "keycloak-instance": the object has been modified; please apply your changes to the latest version and try again. Received status: Status(apiVersion=v1, code=409, details=StatusDetails(causes=[], group=k8s.keycloak.org, kind=keycloaks, name=keycloak-instance, retryAfterSeconds=null, uid=null, additionalProperties={}), kind=Status, message=Operation cannot be fulfilled on keycloaks.k8s.keycloak.org "keycloak-instance": the object has been modified; please apply your changes to the latest version and try again, metadata=ListMeta(_continue=null, remainingItemCount=null, resourceVersion=null, selfLink=null, additionalProperties={}), reason=Conflict, status=Failure, additionalProperties={}).
	at io.fabric8.kubernetes.client.KubernetesClientException.copyAsCause(KubernetesClientException.java:205)
	at io.fabric8.kubernetes.client.dsl.internal.OperationSupport.waitForResult(OperationSupport.java:507)
	at io.fabric8.kubernetes.client.dsl.internal.OperationSupport.handleResponse(OperationSupport.java:524)
	at io.fabric8.kubernetes.client.dsl.internal.OperationSupport.handlePatch(OperationSupport.java:419)
	at io.fabric8.kubernetes.client.dsl.internal.OperationSupport.handlePatch(OperationSupport.java:397)
	at io.fabric8.kubernetes.client.dsl.internal.BaseOperation.handlePatch(BaseOperation.java:764)
	at io.fabric8.kubernetes.client.dsl.internal.HasMetadataOperation.lambda$patch$2(HasMetadataOperation.java:231)
	at io.fabric8.kubernetes.client.dsl.internal.HasMetadataOperation.patch(HasMetadataOperation.java:236)
	at io.fabric8.kubernetes.client.dsl.internal.HasMetadataOperation.patch(HasMetadataOperation.java:251)
	at io.fabric8.kubernetes.client.dsl.internal.HasMetadataOperation.patch(HasMetadataOperation.java:44)
	at io.javaoperatorsdk.operator.processing.event.ReconciliationDispatcher$CustomResourceFacade.patchStatus(ReconciliationDispatcher.java:462)
	at io.javaoperatorsdk.operator.processing.event.ReconciliationDispatcher.handleErrorStatusHandler(ReconciliationDispatcher.java:215)
	at io.javaoperatorsdk.operator.processing.event.ReconciliationDispatcher.handleReconcile(ReconciliationDispatcher.java:132)
	at io.javaoperatorsdk.operator.processing.event.ReconciliationDispatcher.handleDispatch(ReconciliationDispatcher.java:97)
	at io.javaoperatorsdk.operator.processing.event.ReconciliationDispatcher.handleExecution(ReconciliationDispatcher.java:68)
	at io.javaoperatorsdk.operator.processing.event.EventProcessor$ReconcilerExecutor.run(EventProcessor.java:475)
	at java.base/java.util.concurrent.ThreadPoolExecutor.runWorker(ThreadPoolExecutor.java:1144)
	at java.base/java.util.concurrent.ThreadPoolExecutor$Worker.run(ThreadPoolExecutor.java:642)
	at java.base/java.lang.Thread.run(Thread.java:1583)
Caused by: io.fabric8.kubernetes.client.KubernetesClientException: Failure executing: PATCH at: https://172.30.0.1:443/apis/k8s.keycloak.org/v2alpha1/namespaces/authn/keycloaks/keycloak-instance/status?fieldManager=keycloakcontroller&force=true. Message: Operation cannot be fulfilled on keycloaks.k8s.keycloak.org "keycloak-instance": the object has been modified; please apply your changes to the latest version and try again. Received status: Status(apiVersion=v1, code=409, details=StatusDetails(causes=[], group=k8s.keycloak.org, kind=keycloaks, name=keycloak-instance, retryAfterSeconds=null, uid=null, additionalProperties={}), kind=Status, message=Operation cannot be fulfilled on keycloaks.k8s.keycloak.org "keycloak-instance": the object has been modified; please apply your changes to the latest version and try again, metadata=ListMeta(_continue=null, remainingItemCount=null, resourceVersion=null, selfLink=null, additionalProperties={}), reason=Conflict, status=Failure, additionalProperties={}).
	at io.fabric8.kubernetes.client.dsl.internal.OperationSupport.requestFailure(OperationSupport.java:642)
	at io.fabric8.kubernetes.client.dsl.internal.OperationSupport.requestFailure(OperationSupport.java:622)
	at io.fabric8.kubernetes.client.dsl.internal.OperationSupport.assertResponseCode(OperationSupport.java:582)
	at io.fabric8.kubernetes.client.dsl.internal.OperationSupport.lambda$handleResponse$0(OperationSupport.java:549)
	at java.base/java.util.concurrent.CompletableFuture$UniApply.tryFire(CompletableFuture.java:646)
	at java.base/java.util.concurrent.CompletableFuture.postComplete(CompletableFuture.java:510)
	at java.base/java.util.concurrent.CompletableFuture.complete(CompletableFuture.java:2179)
	at io.fabric8.kubernetes.client.http.StandardHttpClient.lambda$completeOrCancel$10(StandardHttpClient.java:141)
	at java.base/java.util.concurrent.CompletableFuture.uniWhenComplete(CompletableFuture.java:863)
	at java.base/java.util.concurrent.CompletableFuture$UniWhenComplete.tryFire(CompletableFuture.java:841)
	at java.base/java.util.concurrent.CompletableFuture.postComplete(CompletableFuture.java:510)
	at java.base/java.util.concurrent.CompletableFuture.complete(CompletableFuture.java:2179)
	at io.fabric8.kubernetes.client.http.ByteArrayBodyHandler.onBodyDone(ByteArrayBodyHandler.java:51)
	at java.base/java.util.concurrent.CompletableFuture.uniWhenComplete(CompletableFuture.java:863)
	at java.base/java.util.concurrent.CompletableFuture$UniWhenComplete.tryFire(CompletableFuture.java:841)
	at java.base/java.util.concurrent.CompletableFuture.postComplete(CompletableFuture.java:510)
	at java.base/java.util.concurrent.CompletableFuture.complete(CompletableFuture.java:2179)
	at io.fabric8.kubernetes.client.vertx.VertxHttpRequest.lambda$consumeBytes$1(VertxHttpRequest.java:84)
	at io.vertx.core.impl.ContextInternal.dispatch(ContextInternal.java:270)
	at io.vertx.core.impl.ContextInternal.dispatch(ContextInternal.java:252)
	at io.vertx.core.http.impl.HttpEventHandler.handleEnd(HttpEventHandler.java:76)
	at io.vertx.core.http.impl.HttpClientResponseImpl.handleEnd(HttpClientResponseImpl.java:250)
	at io.vertx.core.http.impl.Http1xClientConnection$StreamImpl.lambda$new$0(Http1xClientConnection.java:442)
	at io.vertx.core.streams.impl.InboundBuffer.handleEvent(InboundBuffer.java:279)
	at io.vertx.core.streams.impl.InboundBuffer.write(InboundBuffer.java:157)
	at io.vertx.core.http.impl.Http1xClientConnection$StreamImpl.handleEnd(Http1xClientConnection.java:752)
	at io.vertx.core.impl.ContextImpl.lambda$execute$7(ContextImpl.java:329)
	at io.netty.util.concurrent.AbstractEventExecutor.runTask(AbstractEventExecutor.java:173)
	at io.netty.util.concurrent.AbstractEventExecutor.safeExecute(AbstractEventExecutor.java:166)
	at io.netty.util.concurrent.SingleThreadEventExecutor.runAllTasks(SingleThreadEventExecutor.java:472)
	at io.netty.channel.nio.NioEventLoop.run(NioEventLoop.java:569)
	at io.netty.util.concurrent.SingleThreadEventExecutor$4.run(SingleThreadEventExecutor.java:998)
	at io.netty.util.internal.ThreadExecutorMap$2.run(ThreadExecutorMap.java:74)
	at io.netty.util.concurrent.FastThreadLocalRunnable.run(FastThreadLocalRunnable.java:30)
	... 1 more

2025-10-22 23:11:52,365 INFO  [io.jav.ope.pro.eve.EventProcessor] (ReconcilerExecutor-keycloakcontroller-59) Resource Kubernetes Resource Creator/Update Conflict during reconciliation. Message: Failure executing: PATCH at: https://172.30.0.1:443/apis/k8s.keycloak.org/v2alpha1/namespaces/authn/keycloaks/keycloak-instance/status?fieldManager=keycloakcontroller&force=true. Message: Operation cannot be fulfilled on keycloaks.k8s.keycloak.org "keycloak-instance": the object has been modified; please apply your changes to the latest version and try again. Received status: Status(apiVersion=v1, code=409, details=StatusDetails(causes=[], group=k8s.keycloak.org, kind=keycloaks, name=keycloak-instance, retryAfterSeconds=null, uid=null, additionalProperties={}), kind=Status, message=Operation cannot be fulfilled on keycloaks.k8s.keycloak.org "keycloak-instance": the object has been modified; please apply your changes to the latest version and try again, metadata=ListMeta(_continue=null, remainingItemCount=null, resourceVersion=null, selfLink=null, additionalProperties={}), reason=Conflict, status=Failure, additionalProperties={}). Resource name: null
2025-10-22 23:12:01,478 INFO  [org.key.ope.con.KeycloakRealmImportController] (ReconcilerExecutor-keycloakrealmimportcontroller-73) --- Reconciling Keycloak Realm: registry-sso-realm in namespace: authn
2025-10-22 23:12:01,501 INFO  [org.key.ope.con.KeycloakRealmImportController] (ReconcilerExecutor-keycloakrealmimportcontroller-73) Job about to start
2025-10-22 23:12:01,502 INFO  [org.key.ope.con.KeycloakRealmImportController] (ReconcilerExecutor-keycloakrealmimportcontroller-73) --- Realm reconciliation finished successfully
2025-10-22 23:12:11,573 INFO  [org.key.ope.con.KeycloakRealmImportController] (ReconcilerExecutor-keycloakrealmimportcontroller-81) --- Reconciling Keycloak Realm: registry-sso-realm in namespace: authn
2025-10-22 23:12:11,589 INFO  [org.key.ope.con.KeycloakRealmImportController] (ReconcilerExecutor-keycloakrealmimportcontroller-81) Job about to start
2025-10-22 23:12:11,590 INFO  [org.key.ope.con.KeycloakRealmImportController] (ReconcilerExecutor-keycloakrealmimportcontroller-81) --- Realm reconciliation finished successfully
2025-10-22 23:12:21,593 INFO  [org.key.ope.con.KeycloakRealmImportController] (ReconcilerExecutor-keycloakrealmimportcontroller-89) --- Reconciling Keycloak Realm: registry-sso-realm in namespace: authn
2025-10-22 23:12:21,609 INFO  [org.key.ope.con.KeycloakRealmImportController] (ReconcilerExecutor-keycloakrealmimportcontroller-89) Job about to start
2025-10-22 23:12:21,609 INFO  [org.key.ope.con.KeycloakRealmImportController] (ReconcilerExecutor-keycloakrealmimportcontroller-89) --- Realm reconciliation finished successfully
2025-10-22 23:12:31,612 INFO  [org.key.ope.con.KeycloakRealmImportController] (ReconcilerExecutor-keycloakrealmimportcontroller-97) --- Reconciling Keycloak Realm: registry-sso-realm in namespace: authn
2025-10-22 23:12:31,626 INFO  [org.key.ope.con.KeycloakRealmImportController] (ReconcilerExecutor-keycloakrealmimportcontroller-97) Job about to start
2025-10-22 23:12:31,626 INFO  [org.key.ope.con.KeycloakRealmImportController] (ReconcilerExecutor-keycloakrealmimportcontroller-97) --- Realm reconciliation finished successfully
2025-10-22 23:12:41,629 INFO  [org.key.ope.con.KeycloakRealmImportController] (ReconcilerExecutor-keycloakrealmimportcontroller-105) --- Reconciling Keycloak Realm: registry-sso-realm in namespace: authn
2025-10-22 23:12:41,642 INFO  [org.key.ope.con.KeycloakRealmImportController] (ReconcilerExecutor-keycloakrealmimportcontroller-105) Job about to start
2025-10-22 23:12:41,643 INFO  [org.key.ope.con.KeycloakRealmImportController] (ReconcilerExecutor-keycloakrealmimportcontroller-105) --- Realm reconciliation finished successfully
2025-10-22 23:12:51,645 INFO  [org.key.ope.con.KeycloakRealmImportController] (ReconcilerExecutor-keycloakrealmimportcontroller-113) --- Reconciling Keycloak Realm: registry-sso-realm in namespace: authn
2025-10-22 23:12:51,663 INFO  [org.key.ope.con.KeycloakRealmImportController] (ReconcilerExecutor-keycloakrealmimportcontroller-113) Job about to start
2025-10-22 23:12:51,663 INFO  [org.key.ope.con.KeycloakRealmImportController] (ReconcilerExecutor-keycloakrealmimportcontroller-113) --- Realm reconciliation finished successfully
2025-10-22 23:13:01,668 INFO  [org.key.ope.con.KeycloakRealmImportController] (ReconcilerExecutor-keycloakrealmimportcontroller-117) --- Reconciling Keycloak Realm: registry-sso-realm in namespace: authn
2025-10-22 23:13:01,682 INFO  [org.key.ope.con.KeycloakRealmImportController] (ReconcilerExecutor-keycloakrealmimportcontroller-117) Job about to start
2025-10-22 23:13:01,683 INFO  [org.key.ope.con.KeycloakRealmImportController] (ReconcilerExecutor-keycloakrealmimportcontroller-117) --- Realm reconciliation finished successfully
2025-10-22 23:13:11,685 INFO  [org.key.ope.con.KeycloakRealmImportController] (ReconcilerExecutor-keycloakrealmimportcontroller-119) --- Reconciling Keycloak Realm: registry-sso-realm in namespace: authn
2025-10-22 23:13:11,700 INFO  [org.key.ope.con.KeycloakRealmImportController] (ReconcilerExecutor-keycloakrealmimportcontroller-119) Job about to start
2025-10-22 23:13:11,700 INFO  [org.key.ope.con.KeycloakRealmImportController] (ReconcilerExecutor-keycloakrealmimportcontroller-119) --- Realm reconciliation finished successfully
2025-10-22 23:13:21,703 INFO  [org.key.ope.con.KeycloakRealmImportController] (ReconcilerExecutor-keycloakrealmimportcontroller-124) --- Reconciling Keycloak Realm: registry-sso-realm in namespace: authn
2025-10-22 23:13:21,797 INFO  [org.key.ope.con.KeycloakRealmImportController] (ReconcilerExecutor-keycloakrealmimportcontroller-124) Job about to start
2025-10-22 23:13:21,798 INFO  [org.key.ope.con.KeycloakRealmImportController] (ReconcilerExecutor-keycloakrealmimportcontroller-124) --- Realm reconciliation finished successfully
2025-10-22 23:13:21,889 INFO  [org.key.ope.con.KeycloakRealmImportController] (ReconcilerExecutor-keycloakrealmimportcontroller-125) --- Reconciling Keycloak Realm: registry-sso-realm in namespace: authn
2025-10-22 23:13:21,974 INFO  [org.key.ope.con.KeycloakRealmImportController] (ReconcilerExecutor-keycloakrealmimportcontroller-125) Job already executed - not recreating
2025-10-22 23:13:21,974 INFO  [org.key.ope.con.KeycloakRealmImportController] (ReconcilerExecutor-keycloakrealmimportcontroller-125) Job running
2025-10-22 23:13:21,975 INFO  [org.key.ope.con.KeycloakRealmImportController] (ReconcilerExecutor-keycloakrealmimportcontroller-125) --- Realm reconciliation finished successfully
2025-10-22 23:13:24,953 INFO  [org.key.ope.con.KeycloakRealmImportController] (ReconcilerExecutor-keycloakrealmimportcontroller-126) --- Reconciling Keycloak Realm: registry-sso-realm in namespace: authn
2025-10-22 23:13:24,970 INFO  [org.key.ope.con.KeycloakRealmImportController] (ReconcilerExecutor-keycloakrealmimportcontroller-126) Job already executed - not recreating
2025-10-22 23:13:24,970 INFO  [org.key.ope.con.KeycloakRealmImportController] (ReconcilerExecutor-keycloakrealmimportcontroller-126) Job running
2025-10-22 23:13:24,971 INFO  [org.key.ope.con.KeycloakRealmImportController] (ReconcilerExecutor-keycloakrealmimportcontroller-126) --- Realm reconciliation finished successfully
2025-10-22 23:13:34,976 INFO  [org.key.ope.con.KeycloakRealmImportController] (ReconcilerExecutor-keycloakrealmimportcontroller-127) --- Reconciling Keycloak Realm: registry-sso-realm in namespace: authn
2025-10-22 23:13:34,992 INFO  [org.key.ope.con.KeycloakRealmImportController] (ReconcilerExecutor-keycloakrealmimportcontroller-127) Job already executed - not recreating
2025-10-22 23:13:34,992 INFO  [org.key.ope.con.KeycloakRealmImportController] (ReconcilerExecutor-keycloakrealmimportcontroller-127) Job running
2025-10-22 23:13:34,992 INFO  [org.key.ope.con.KeycloakRealmImportController] (ReconcilerExecutor-keycloakrealmimportcontroller-127) --- Realm reconciliation finished successfully
2025-10-22 23:13:44,995 INFO  [org.key.ope.con.KeycloakRealmImportController] (ReconcilerExecutor-keycloakrealmimportcontroller-128) --- Reconciling Keycloak Realm: registry-sso-realm in namespace: authn
2025-10-22 23:13:45,011 INFO  [org.key.ope.con.KeycloakRealmImportController] (ReconcilerExecutor-keycloakrealmimportcontroller-128) Job already executed - not recreating
2025-10-22 23:13:45,011 INFO  [org.key.ope.con.KeycloakRealmImportController] (ReconcilerExecutor-keycloakrealmimportcontroller-128) Job running
2025-10-22 23:13:45,011 INFO  [org.key.ope.con.KeycloakRealmImportController] (ReconcilerExecutor-keycloakrealmimportcontroller-128) --- Realm reconciliation finished successfully
2025-10-22 23:13:48,033 INFO  [org.key.ope.con.KeycloakRealmImportController] (ReconcilerExecutor-keycloakrealmimportcontroller-129) --- Reconciling Keycloak Realm: registry-sso-realm in namespace: authn
2025-10-22 23:13:48,049 INFO  [org.key.ope.con.KeycloakRealmImportController] (ReconcilerExecutor-keycloakrealmimportcontroller-129) Job already executed - not recreating
2025-10-22 23:13:48,049 INFO  [org.key.ope.con.KeycloakRealmImportController] (ReconcilerExecutor-keycloakrealmimportcontroller-129) Job running
2025-10-22 23:13:48,049 INFO  [org.key.ope.con.KeycloakRealmImportController] (ReconcilerExecutor-keycloakrealmimportcontroller-129) --- Realm reconciliation finished successfully
2025-10-22 23:13:49,043 INFO  [org.key.ope.con.KeycloakRealmImportController] (ReconcilerExecutor-keycloakrealmimportcontroller-130) --- Reconciling Keycloak Realm: registry-sso-realm in namespace: authn
2025-10-22 23:13:49,069 INFO  [org.key.ope.con.KeycloakRealmImportController] (ReconcilerExecutor-keycloakrealmimportcontroller-130) Job already executed - not recreating
2025-10-22 23:13:49,069 INFO  [org.key.ope.con.KeycloakRealmImportController] (ReconcilerExecutor-keycloakrealmimportcontroller-130) Job running
2025-10-22 23:13:49,069 INFO  [org.key.ope.con.KeycloakRealmImportController] (ReconcilerExecutor-keycloakrealmimportcontroller-130) --- Realm reconciliation finished successfully
2025-10-22 23:13:49,074 INFO  [org.key.ope.con.KeycloakRealmImportController] (ReconcilerExecutor-keycloakrealmimportcontroller-131) --- Reconciling Keycloak Realm: registry-sso-realm in namespace: authn
2025-10-22 23:13:49,090 INFO  [org.key.ope.con.KeycloakRealmImportController] (ReconcilerExecutor-keycloakrealmimportcontroller-131) Job already executed - not recreating
2025-10-22 23:13:49,090 INFO  [org.key.ope.con.KeycloakRealmImportController] (ReconcilerExecutor-keycloakrealmimportcontroller-131) Job finished
2025-10-22 23:13:49,090 INFO  [org.key.ope.con.KeycloakRealmImportController] (ReconcilerExecutor-keycloakrealmimportcontroller-131) --- Realm reconciliation finished successfully
