Changes detected in configuration. Updating the server image.
WARNING: Hostname v1 options [hostname-strict-backchannel] are still in use, please review your configuration
WARNING: The following used run time options are UNAVAILABLE and will be ignored during build time:
 	- tracing-service-name: Available only when Tracing is enabled.
	- tracing-resource-attributes: Available only when Tracing is enabled.
Updating the configuration and installing your custom providers, if any. Please wait.
2025-10-22 23:12:35,654 INFO  [io.quarkus.deployment.QuarkusAugmentor] (main) Quarkus augmentation completed in 27600ms
Server configuration updated and persisted. Run the following command to review the configuration:

	kc.sh show-config

Next time you run the server, just run:

	kc.sh --verbose start --optimized

WARNING: Hostname v1 options [hostname-strict-backchannel] are still in use, please review your configuration
WARNING: The following used run time options are UNAVAILABLE and will be ignored during build time:
 	- tracing-service-name: Available only when Tracing is enabled.
	- tracing-resource-attributes: Available only when Tracing is enabled.
2025-10-22 23:12:41,860 INFO  [org.keycloak.url.HostnameV2ProviderFactory] (main) If hostname is specified, hostname-strict is effectively ignored
2025-10-22 23:12:47,344 INFO  [org.hibernate.orm.jdbc.batch] (JPA Startup Thread) HHH100501: Automatic JDBC statement batching enabled (maximum batch size 32)
2025-10-22 23:12:47,382 INFO  [org.keycloak.common.Profile] (main) Preview features enabled: scripts:v1, token-exchange:v1
2025-10-22 23:12:50,187 INFO  [org.keycloak.quarkus.runtime.storage.database.liquibase.QuarkusJpaUpdaterProvider] (main) Initializing database schema. Using changelog META-INF/jpa-changelog-master.xml
2025-10-22 23:13:05,876 INFO  [org.keycloak.spi.infinispan.impl.embedded.JGroupsConfigurator] (main) JGroups JDBC_PING discovery enabled.
2025-10-22 23:13:07,449 INFO  [org.keycloak.spi.infinispan.impl.embedded.JGroupsConfigurator] (main) JGroups Encryption enabled (mTLS).
2025-10-22 23:13:08,053 INFO  [org.keycloak.jgroups.certificates.CertificateReloadManager] (main) Starting JGroups certificate reload manager
2025-10-22 23:13:08,262 INFO  [org.infinispan.CONTAINER] (main) ISPN000556: Starting user marshaller 'org.infinispan.commons.marshall.ImmutableProtoStreamMarshaller'
2025-10-22 23:13:08,744 INFO  [org.infinispan.CLUSTER] (main) ISPN000078: Starting JGroups channel `ISPN` with stack `jdbc-ping`
2025-10-22 23:13:08,747 INFO  [org.jgroups.JChannel] (main) local_addr: 00000000-0000-0000-0000-000000000001(machine-id=27 bytes), name: keycloak-instance-0-389
2025-10-22 23:13:08,756 INFO  [org.jgroups.protocols.FD_SOCK2] (main) server listening on *:57800
2025-10-22 23:13:08,945 INFO  [org.infinispan.CLUSTER] (main) ISPN000094: Received new cluster view for channel ISPN: [keycloak-instance-0-389(machine-id=27 bytes)|0] (1) [keycloak-instance-0-389(machine-id=27 bytes)]
2025-10-22 23:13:08,949 INFO  [org.keycloak.jgroups.certificates.CertificateReloadManager] (main) Reloading JGroups Certificate
2025-10-22 23:13:09,070 INFO  [org.infinispan.CLUSTER] (main) ISPN000079: Channel `ISPN` local address is `keycloak-instance-0-389(machine-id=27 bytes)`, physical addresses are `[10.129.2.11:7800]`
2025-10-22 23:13:09,861 INFO  [org.keycloak.connections.infinispan.DefaultInfinispanConnectionProviderFactory] (main) Node name: keycloak-instance-0-389, Site name: null
2025-10-22 23:13:10,344 INFO  [org.keycloak.services] (main) KC-SERVICES0050: Initializing master realm
2025-10-22 23:13:16,843 INFO  [org.keycloak.services] (main) KC-SERVICES0077: Created temporary admin user with username temp-admin
2025-10-22 23:13:17,386 INFO  [io.quarkus] (main) Keycloak 26.4.1 on JVM (powered by Quarkus 3.27.0) started in 41.429s. Listening on: http://0.0.0.0:8080. Management interface listening on http://0.0.0.0:9000.
2025-10-22 23:13:17,386 INFO  [io.quarkus] (main) Profile prod activated. 
2025-10-22 23:13:17,387 INFO  [io.quarkus] (main) Installed features: [agroal, cdi, hibernate-orm, jdbc-postgresql, keycloak, narayana-jta, opentelemetry, reactive-routes, rest, rest-jackson, smallrye-context-propagation, smallrye-health, vertx]
