chmod: changing permissions of '/var/run/postgresql': Operation not permitted
The files belonging to this database system will be owned by user "1000770000".
This user must also own the server process.

The database cluster will be initialized with locale "en_US.utf8".
The default database encoding has accordingly been set to "UTF8".
The default text search configuration will be set to "english".

Data page checksums are disabled.

fixing permissions on existing directory /var/lib/postgresql/data/pgdata ... ok
creating subdirectories ... ok
selecting dynamic shared memory implementation ... posix
selecting default max_connections ... 100
selecting default shared_buffers ... 128MB
selecting default time zone ... Etc/UTC
creating configuration files ... ok
running bootstrap script ... ok
performing post-bootstrap initialization ... ok
syncing data to disk ... ok

initdb: warning: enabling "trust" authentication for local connections
initdb: hint: You can change this by editing pg_hba.conf or using the option -A, or --auth-local and --auth-host, the next time you run initdb.

Success. You can now start the database server using:

    pg_ctl -D /var/lib/postgresql/data/pgdata -l logfile start

waiting for server to start....2025-10-22 23:12:05.248 UTC [30] LOG:  starting PostgreSQL 15.14 (Debian 15.14-1.pgdg13+1) on x86_64-pc-linux-gnu, compiled by gcc (Debian 14.2.0-19) 14.2.0, 64-bit
2025-10-22 23:12:05.249 UTC [30] LOG:  listening on Unix socket "/var/run/postgresql/.s.PGSQL.5432"
2025-10-22 23:12:05.258 UTC [33] LOG:  database system was shut down at 2025-10-22 23:12:05 UTC
2025-10-22 23:12:05.264 UTC [30] LOG:  database system is ready to accept connections
 done
server started
CREATE DATABASE


/usr/local/bin/docker-entrypoint.sh: ignoring /docker-entrypoint-initdb.d/*

waiting for server to shut down...2025-10-22 23:12:05.496 UTC [30] LOG:  received fast shutdown request
.2025-10-22 23:12:05.499 UTC [30] LOG:  aborting any active transactions
2025-10-22 23:12:05.500 UTC [30] LOG:  background worker "logical replication launcher" (PID 36) exited with exit code 1
2025-10-22 23:12:05.544 UTC [31] LOG:  shutting down
2025-10-22 23:12:05.547 UTC [31] LOG:  checkpoint starting: shutdown immediate
2025-10-22 23:12:05.590 UTC [31] LOG:  checkpoint complete: wrote 922 buffers (5.6%); 0 WAL file(s) added, 0 removed, 0 recycled; write=0.029 s, sync=0.007 s, total=0.046 s; sync files=301, longest=0.003 s, average=0.001 s; distance=4239 kB, estimate=4239 kB
2025-10-22 23:12:05.595 UTC [30] LOG:  database system is shut down
 done
server stopped

PostgreSQL init process complete; ready for start up.

2025-10-22 23:12:05.622 UTC [1] LOG:  starting PostgreSQL 15.14 (Debian 15.14-1.pgdg13+1) on x86_64-pc-linux-gnu, compiled by gcc (Debian 14.2.0-19) 14.2.0, 64-bit
2025-10-22 23:12:05.623 UTC [1] LOG:  listening on IPv4 address "0.0.0.0", port 5432
2025-10-22 23:12:05.623 UTC [1] LOG:  listening on IPv6 address "::", port 5432
2025-10-22 23:12:05.625 UTC [1] LOG:  listening on Unix socket "/var/run/postgresql/.s.PGSQL.5432"
2025-10-22 23:12:05.648 UTC [46] LOG:  database system was shut down at 2025-10-22 23:12:05 UTC
2025-10-22 23:12:05.657 UTC [1] LOG:  database system is ready to accept connections
2025-10-22 23:12:20.850 UTC [52] FATAL:  role "-d" does not exist
2025-10-22 23:12:25.720 UTC [55] FATAL:  role "-d" does not exist
2025-10-22 23:12:30.717 UTC [58] FATAL:  role "-d" does not exist
2025-10-22 23:12:34.080 UTC [61] FATAL:  role "-d" does not exist
2025-10-22 23:12:35.768 UTC [65] FATAL:  role "-d" does not exist
2025-10-22 23:12:40.715 UTC [68] FATAL:  role "-d" does not exist
2025-10-22 23:12:44.058 UTC [71] FATAL:  role "-d" does not exist
2025-10-22 23:12:45.712 UTC [74] FATAL:  role "-d" does not exist
2025-10-22 23:12:47.393 UTC [75] ERROR:  relation "migration_model" does not exist at character 25
2025-10-22 23:12:47.393 UTC [75] STATEMENT:  SELECT ID, VERSION FROM MIGRATION_MODEL ORDER BY UPDATE_TIME DESC
2025-10-22 23:12:50.142 UTC [76] ERROR:  relation "public.databasechangeloglock" does not exist at character 22
2025-10-22 23:12:50.142 UTC [76] STATEMENT:  SELECT COUNT(*) FROM public.databasechangeloglock
2025-10-22 23:12:50.707 UTC [79] FATAL:  role "-d" does not exist
2025-10-22 23:12:54.075 UTC [82] FATAL:  role "-d" does not exist
2025-10-22 23:12:55.745 UTC [85] FATAL:  role "-d" does not exist
2025-10-22 23:13:00.753 UTC [88] FATAL:  role "-d" does not exist
2025-10-22 23:13:04.062 UTC [91] FATAL:  role "-d" does not exist
2025-10-22 23:13:05.751 UTC [96] FATAL:  role "-d" does not exist
2025-10-22 23:13:10.742 UTC [99] FATAL:  role "-d" does not exist
2025-10-22 23:13:14.089 UTC [102] FATAL:  role "-d" does not exist
2025-10-22 23:13:15.764 UTC [105] FATAL:  role "-d" does not exist
2025-10-22 23:13:20.703 UTC [108] FATAL:  role "-d" does not exist
2025-10-22 23:13:24.064 UTC [111] FATAL:  role "-d" does not exist
2025-10-22 23:13:25.757 UTC [114] FATAL:  role "-d" does not exist
2025-10-22 23:13:30.759 UTC [117] FATAL:  role "-d" does not exist
2025-10-22 23:13:34.084 UTC [120] FATAL:  role "-d" does not exist
2025-10-22 23:13:35.754 UTC [124] FATAL:  role "-d" does not exist
2025-10-22 23:13:40.705 UTC [128] FATAL:  role "-d" does not exist
2025-10-22 23:13:44.083 UTC [132] FATAL:  role "-d" does not exist
2025-10-22 23:13:45.757 UTC [135] FATAL:  role "-d" does not exist
2025-10-22 23:13:50.702 UTC [138] FATAL:  role "-d" does not exist
2025-10-22 23:13:54.056 UTC [141] FATAL:  role "-d" does not exist
2025-10-22 23:13:55.702 UTC [144] FATAL:  role "-d" does not exist
2025-10-22 23:14:00.703 UTC [148] FATAL:  role "-d" does not exist
2025-10-22 23:14:04.055 UTC [151] FATAL:  role "-d" does not exist
2025-10-22 23:14:05.703 UTC [154] FATAL:  role "-d" does not exist
2025-10-22 23:14:10.703 UTC [157] FATAL:  role "-d" does not exist
2025-10-22 23:14:14.055 UTC [160] FATAL:  role "-d" does not exist
2025-10-22 23:14:15.703 UTC [163] FATAL:  role "-d" does not exist
2025-10-22 23:14:20.703 UTC [167] FATAL:  role "-d" does not exist
2025-10-22 23:14:24.055 UTC [170] FATAL:  role "-d" does not exist
2025-10-22 23:14:25.703 UTC [173] FATAL:  role "-d" does not exist
2025-10-22 23:14:30.703 UTC [176] FATAL:  role "-d" does not exist
2025-10-22 23:14:34.055 UTC [179] FATAL:  role "-d" does not exist
2025-10-22 23:14:35.703 UTC [182] FATAL:  role "-d" does not exist
2025-10-22 23:14:40.703 UTC [186] FATAL:  role "-d" does not exist
2025-10-22 23:14:44.055 UTC [189] FATAL:  role "-d" does not exist
2025-10-22 23:14:45.704 UTC [192] FATAL:  role "-d" does not exist
2025-10-22 23:14:50.704 UTC [195] FATAL:  role "-d" does not exist
2025-10-22 23:14:54.056 UTC [198] FATAL:  role "-d" does not exist
2025-10-22 23:14:55.702 UTC [201] FATAL:  role "-d" does not exist
2025-10-22 23:15:00.703 UTC [205] FATAL:  role "-d" does not exist
2025-10-22 23:15:04.055 UTC [208] FATAL:  role "-d" does not exist
2025-10-22 23:15:05.703 UTC [211] FATAL:  role "-d" does not exist
2025-10-22 23:15:10.703 UTC [214] FATAL:  role "-d" does not exist
2025-10-22 23:15:14.055 UTC [217] FATAL:  role "-d" does not exist
2025-10-22 23:15:15.703 UTC [220] FATAL:  role "-d" does not exist
2025-10-22 23:15:20.704 UTC [224] FATAL:  role "-d" does not exist
2025-10-22 23:15:24.055 UTC [227] FATAL:  role "-d" does not exist
2025-10-22 23:15:25.702 UTC [230] FATAL:  role "-d" does not exist
2025-10-22 23:15:30.702 UTC [233] FATAL:  role "-d" does not exist
2025-10-22 23:15:34.055 UTC [236] FATAL:  role "-d" does not exist
2025-10-22 23:15:35.703 UTC [239] FATAL:  role "-d" does not exist
2025-10-22 23:15:40.704 UTC [243] FATAL:  role "-d" does not exist
2025-10-22 23:15:44.055 UTC [246] FATAL:  role "-d" does not exist
2025-10-22 23:15:45.702 UTC [249] FATAL:  role "-d" does not exist
2025-10-22 23:15:50.703 UTC [252] FATAL:  role "-d" does not exist
2025-10-22 23:15:54.055 UTC [255] FATAL:  role "-d" does not exist
2025-10-22 23:15:55.703 UTC [258] FATAL:  role "-d" does not exist
2025-10-22 23:16:00.703 UTC [262] FATAL:  role "-d" does not exist
2025-10-22 23:16:04.054 UTC [265] FATAL:  role "-d" does not exist
2025-10-22 23:16:05.703 UTC [268] FATAL:  role "-d" does not exist
2025-10-22 23:16:10.703 UTC [271] FATAL:  role "-d" does not exist
2025-10-22 23:16:14.055 UTC [274] FATAL:  role "-d" does not exist
2025-10-22 23:16:15.703 UTC [277] FATAL:  role "-d" does not exist
2025-10-22 23:16:20.703 UTC [281] FATAL:  role "-d" does not exist
2025-10-22 23:16:24.055 UTC [284] FATAL:  role "-d" does not exist
2025-10-22 23:16:25.703 UTC [287] FATAL:  role "-d" does not exist
2025-10-22 23:16:30.703 UTC [290] FATAL:  role "-d" does not exist
2025-10-22 23:16:34.055 UTC [293] FATAL:  role "-d" does not exist
2025-10-22 23:16:35.702 UTC [296] FATAL:  role "-d" does not exist
2025-10-22 23:16:40.703 UTC [300] FATAL:  role "-d" does not exist
2025-10-22 23:16:44.056 UTC [303] FATAL:  role "-d" does not exist
2025-10-22 23:16:45.703 UTC [306] FATAL:  role "-d" does not exist
2025-10-22 23:16:50.703 UTC [309] FATAL:  role "-d" does not exist
2025-10-22 23:16:54.055 UTC [312] FATAL:  role "-d" does not exist
2025-10-22 23:16:55.703 UTC [315] FATAL:  role "-d" does not exist
2025-10-22 23:17:00.704 UTC [319] FATAL:  role "-d" does not exist
2025-10-22 23:17:04.056 UTC [322] FATAL:  role "-d" does not exist
2025-10-22 23:17:05.704 UTC [325] FATAL:  role "-d" does not exist
2025-10-22 23:17:05.742 UTC [44] LOG:  checkpoint starting: time
2025-10-22 23:17:10.703 UTC [328] FATAL:  role "-d" does not exist
2025-10-22 23:17:14.054 UTC [331] FATAL:  role "-d" does not exist
2025-10-22 23:17:15.704 UTC [334] FATAL:  role "-d" does not exist
2025-10-22 23:17:20.703 UTC [338] FATAL:  role "-d" does not exist
2025-10-22 23:17:24.055 UTC [341] FATAL:  role "-d" does not exist
2025-10-22 23:17:25.703 UTC [344] FATAL:  role "-d" does not exist
2025-10-22 23:17:30.703 UTC [347] FATAL:  role "-d" does not exist
2025-10-22 23:17:34.055 UTC [350] FATAL:  role "-d" does not exist
2025-10-22 23:17:35.704 UTC [353] FATAL:  role "-d" does not exist
2025-10-22 23:17:40.704 UTC [357] FATAL:  role "-d" does not exist
2025-10-22 23:17:44.056 UTC [360] FATAL:  role "-d" does not exist
2025-10-22 23:17:45.704 UTC [363] FATAL:  role "-d" does not exist
2025-10-22 23:17:50.704 UTC [366] FATAL:  role "-d" does not exist
2025-10-22 23:17:54.054 UTC [369] FATAL:  role "-d" does not exist
2025-10-22 23:17:55.704 UTC [372] FATAL:  role "-d" does not exist
2025-10-22 23:18:00.703 UTC [376] FATAL:  role "-d" does not exist
2025-10-22 23:18:04.054 UTC [379] FATAL:  role "-d" does not exist
2025-10-22 23:18:05.705 UTC [382] FATAL:  role "-d" does not exist
2025-10-22 23:18:07.428 UTC [44] LOG:  checkpoint complete: wrote 619 buffers (3.8%); 1 WAL file(s) added, 0 removed, 0 recycled; write=61.637 s, sync=0.005 s, total=61.686 s; sync files=603, longest=0.002 s, average=0.001 s; distance=4572 kB, estimate=4572 kB
2025-10-22 23:18:10.704 UTC [385] FATAL:  role "-d" does not exist
2025-10-22 23:18:14.055 UTC [388] FATAL:  role "-d" does not exist
2025-10-22 23:18:15.705 UTC [391] FATAL:  role "-d" does not exist
2025-10-22 23:18:20.704 UTC [395] FATAL:  role "-d" does not exist
2025-10-22 23:18:24.054 UTC [398] FATAL:  role "-d" does not exist
2025-10-22 23:18:25.702 UTC [401] FATAL:  role "-d" does not exist
2025-10-22 23:18:30.702 UTC [404] FATAL:  role "-d" does not exist
2025-10-22 23:18:34.055 UTC [407] FATAL:  role "-d" does not exist
2025-10-22 23:18:35.702 UTC [410] FATAL:  role "-d" does not exist
2025-10-22 23:18:40.703 UTC [414] FATAL:  role "-d" does not exist
2025-10-22 23:18:44.054 UTC [417] FATAL:  role "-d" does not exist
2025-10-22 23:18:45.703 UTC [420] FATAL:  role "-d" does not exist
2025-10-22 23:18:50.703 UTC [423] FATAL:  role "-d" does not exist
2025-10-22 23:18:54.054 UTC [426] FATAL:  role "-d" does not exist
2025-10-22 23:18:55.703 UTC [429] FATAL:  role "-d" does not exist
2025-10-22 23:19:00.702 UTC [433] FATAL:  role "-d" does not exist
2025-10-22 23:19:04.055 UTC [436] FATAL:  role "-d" does not exist
2025-10-22 23:19:05.702 UTC [439] FATAL:  role "-d" does not exist
2025-10-22 23:19:10.703 UTC [442] FATAL:  role "-d" does not exist
2025-10-22 23:19:14.055 UTC [445] FATAL:  role "-d" does not exist
2025-10-22 23:19:15.702 UTC [448] FATAL:  role "-d" does not exist
2025-10-22 23:19:20.702 UTC [452] FATAL:  role "-d" does not exist
2025-10-22 23:19:24.054 UTC [455] FATAL:  role "-d" does not exist
2025-10-22 23:19:25.702 UTC [458] FATAL:  role "-d" does not exist
2025-10-22 23:19:30.703 UTC [461] FATAL:  role "-d" does not exist
2025-10-22 23:19:34.055 UTC [464] FATAL:  role "-d" does not exist
2025-10-22 23:19:35.702 UTC [467] FATAL:  role "-d" does not exist
2025-10-22 23:19:40.703 UTC [471] FATAL:  role "-d" does not exist
2025-10-22 23:19:44.054 UTC [474] FATAL:  role "-d" does not exist
2025-10-22 23:19:45.702 UTC [477] FATAL:  role "-d" does not exist
2025-10-22 23:19:50.702 UTC [480] FATAL:  role "-d" does not exist
2025-10-22 23:19:54.054 UTC [483] FATAL:  role "-d" does not exist
2025-10-22 23:19:55.702 UTC [486] FATAL:  role "-d" does not exist
2025-10-22 23:20:00.703 UTC [490] FATAL:  role "-d" does not exist
2025-10-22 23:20:04.055 UTC [493] FATAL:  role "-d" does not exist
2025-10-22 23:20:05.703 UTC [496] FATAL:  role "-d" does not exist
2025-10-22 23:20:10.703 UTC [499] FATAL:  role "-d" does not exist
2025-10-22 23:20:14.054 UTC [502] FATAL:  role "-d" does not exist
2025-10-22 23:20:15.702 UTC [505] FATAL:  role "-d" does not exist
2025-10-22 23:20:20.703 UTC [509] FATAL:  role "-d" does not exist
2025-10-22 23:20:24.055 UTC [512] FATAL:  role "-d" does not exist
2025-10-22 23:20:25.702 UTC [515] FATAL:  role "-d" does not exist
2025-10-22 23:20:30.703 UTC [518] FATAL:  role "-d" does not exist
2025-10-22 23:20:34.054 UTC [521] FATAL:  role "-d" does not exist
2025-10-22 23:20:35.705 UTC [524] FATAL:  role "-d" does not exist
2025-10-22 23:20:40.702 UTC [528] FATAL:  role "-d" does not exist
2025-10-22 23:20:44.054 UTC [531] FATAL:  role "-d" does not exist
2025-10-22 23:20:45.702 UTC [534] FATAL:  role "-d" does not exist
2025-10-22 23:20:50.703 UTC [537] FATAL:  role "-d" does not exist
2025-10-22 23:20:54.054 UTC [540] FATAL:  role "-d" does not exist
2025-10-22 23:20:55.702 UTC [543] FATAL:  role "-d" does not exist
2025-10-22 23:21:00.703 UTC [547] FATAL:  role "-d" does not exist
2025-10-22 23:21:04.055 UTC [550] FATAL:  role "-d" does not exist
2025-10-22 23:21:05.702 UTC [553] FATAL:  role "-d" does not exist
2025-10-22 23:21:10.703 UTC [556] FATAL:  role "-d" does not exist
2025-10-22 23:21:14.054 UTC [559] FATAL:  role "-d" does not exist
2025-10-22 23:21:15.703 UTC [562] FATAL:  role "-d" does not exist
2025-10-22 23:21:20.702 UTC [566] FATAL:  role "-d" does not exist
2025-10-22 23:21:24.055 UTC [569] FATAL:  role "-d" does not exist
2025-10-22 23:21:25.703 UTC [572] FATAL:  role "-d" does not exist
2025-10-22 23:21:30.702 UTC [575] FATAL:  role "-d" does not exist
2025-10-22 23:21:34.060 UTC [578] FATAL:  role "-d" does not exist
2025-10-22 23:21:35.702 UTC [581] FATAL:  role "-d" does not exist
2025-10-22 23:21:40.708 UTC [585] FATAL:  role "-d" does not exist
2025-10-22 23:21:44.054 UTC [588] FATAL:  role "-d" does not exist
2025-10-22 23:21:45.701 UTC [591] FATAL:  role "-d" does not exist
2025-10-22 23:21:50.703 UTC [594] FATAL:  role "-d" does not exist
2025-10-22 23:21:54.054 UTC [597] FATAL:  role "-d" does not exist
2025-10-22 23:21:55.702 UTC [600] FATAL:  role "-d" does not exist
2025-10-22 23:22:00.702 UTC [604] FATAL:  role "-d" does not exist
2025-10-22 23:22:04.054 UTC [607] FATAL:  role "-d" does not exist
2025-10-22 23:22:05.703 UTC [610] FATAL:  role "-d" does not exist
2025-10-22 23:22:10.704 UTC [613] FATAL:  role "-d" does not exist
2025-10-22 23:22:14.055 UTC [616] FATAL:  role "-d" does not exist
2025-10-22 23:22:15.703 UTC [619] FATAL:  role "-d" does not exist
2025-10-22 23:22:20.704 UTC [623] FATAL:  role "-d" does not exist
2025-10-22 23:22:24.055 UTC [626] FATAL:  role "-d" does not exist
2025-10-22 23:22:25.705 UTC [629] FATAL:  role "-d" does not exist
2025-10-22 23:22:30.703 UTC [632] FATAL:  role "-d" does not exist
2025-10-22 23:22:34.055 UTC [635] FATAL:  role "-d" does not exist
2025-10-22 23:22:35.704 UTC [638] FATAL:  role "-d" does not exist
2025-10-22 23:22:40.703 UTC [642] FATAL:  role "-d" does not exist
2025-10-22 23:22:44.058 UTC [645] FATAL:  role "-d" does not exist
2025-10-22 23:22:45.703 UTC [648] FATAL:  role "-d" does not exist
2025-10-22 23:22:50.704 UTC [651] FATAL:  role "-d" does not exist
2025-10-22 23:22:54.054 UTC [654] FATAL:  role "-d" does not exist
2025-10-22 23:22:55.702 UTC [657] FATAL:  role "-d" does not exist
2025-10-22 23:23:00.701 UTC [661] FATAL:  role "-d" does not exist
2025-10-22 23:23:04.054 UTC [664] FATAL:  role "-d" does not exist
2025-10-22 23:23:05.702 UTC [667] FATAL:  role "-d" does not exist
2025-10-22 23:23:10.703 UTC [670] FATAL:  role "-d" does not exist
2025-10-22 23:23:14.054 UTC [673] FATAL:  role "-d" does not exist
2025-10-22 23:23:15.702 UTC [676] FATAL:  role "-d" does not exist
2025-10-22 23:23:20.702 UTC [680] FATAL:  role "-d" does not exist
2025-10-22 23:23:24.055 UTC [683] FATAL:  role "-d" does not exist
2025-10-22 23:23:25.702 UTC [686] FATAL:  role "-d" does not exist
2025-10-22 23:23:30.702 UTC [689] FATAL:  role "-d" does not exist
2025-10-22 23:23:34.055 UTC [692] FATAL:  role "-d" does not exist
2025-10-22 23:23:35.702 UTC [695] FATAL:  role "-d" does not exist
2025-10-22 23:23:40.703 UTC [699] FATAL:  role "-d" does not exist
2025-10-22 23:23:44.055 UTC [702] FATAL:  role "-d" does not exist
2025-10-22 23:23:45.703 UTC [705] FATAL:  role "-d" does not exist
2025-10-22 23:23:50.703 UTC [708] FATAL:  role "-d" does not exist
2025-10-22 23:23:54.055 UTC [711] FATAL:  role "-d" does not exist
2025-10-22 23:23:55.702 UTC [714] FATAL:  role "-d" does not exist
2025-10-22 23:24:00.703 UTC [718] FATAL:  role "-d" does not exist
2025-10-22 23:24:04.055 UTC [721] FATAL:  role "-d" does not exist
2025-10-22 23:24:05.703 UTC [724] FATAL:  role "-d" does not exist
2025-10-22 23:24:10.702 UTC [727] FATAL:  role "-d" does not exist
2025-10-22 23:24:14.054 UTC [730] FATAL:  role "-d" does not exist
2025-10-22 23:24:15.703 UTC [733] FATAL:  role "-d" does not exist
