2026-01-08 11:01:06+00:00 [Note] [Entrypoint]: Entrypoint script for MySQL Server 8.4.7-1.el9 started.
2026-01-08 11:01:06+00:00 [Note] [Entrypoint]: Initializing database files
2026-01-08T11:01:06.730636Z 0 [System] [MY-015017] [Server] MySQL Server Initialization - start.
2026-01-08T11:01:06.732263Z 0 [System] [MY-013169] [Server] /usr/sbin/mysqld (mysqld 8.4.7) initializing of server in progress as process 36
2026-01-08T11:01:06.734207Z 0 [Warning] [MY-010122] [Server] One can only use the --user switch if running as root
2026-01-08T11:01:06.740781Z 1 [System] [MY-013576] [InnoDB] InnoDB initialization has started.
2026-01-08T11:01:07.181653Z 1 [System] [MY-013577] [InnoDB] InnoDB initialization has ended.
2026-01-08T11:01:08.628245Z 6 [Warning] [MY-010453] [Server] root@localhost is created with an empty password ! Please consider switching off the --initialize-insecure option.
2026-01-08T11:01:11.025820Z 0 [System] [MY-015018] [Server] MySQL Server Initialization - end.
2026-01-08 11:01:11+00:00 [Note] [Entrypoint]: Database files initialized
2026-01-08 11:01:11+00:00 [Note] [Entrypoint]: Starting temporary server
2026-01-08T11:01:11.064625Z 0 [System] [MY-015015] [Server] MySQL Server - start.
2026-01-08T11:01:11.424953Z 0 [System] [MY-010116] [Server] /usr/sbin/mysqld (mysqld 8.4.7) starting as process 77
2026-01-08T11:01:11.431945Z 0 [Warning] [MY-010122] [Server] One can only use the --user switch if running as root
2026-01-08T11:01:11.438561Z 1 [System] [MY-013576] [InnoDB] InnoDB initialization has started.
2026-01-08T11:01:11.804539Z 1 [System] [MY-013577] [InnoDB] InnoDB initialization has ended.
2026-01-08T11:01:12.200070Z 0 [Warning] [MY-010068] [Server] CA certificate ca.pem is self signed.
2026-01-08T11:01:12.200124Z 0 [System] [MY-013602] [Server] Channel mysql_main configured to support TLS. Encrypted connections are now supported for this channel.
2026-01-08T11:01:12.201530Z 0 [Warning] [MY-011810] [Server] Insecure configuration for --pid-file: Location '/var/run/mysqld' in the path is accessible to all OS users. Consider choosing a different directory.
2026-01-08T11:01:12.240684Z 0 [System] [MY-011323] [Server] X Plugin ready for connections. Socket: /var/run/mysqld/mysqlx.sock
2026-01-08T11:01:12.240770Z 0 [System] [MY-010931] [Server] /usr/sbin/mysqld: ready for connections. Version: '8.4.7'  socket: '/var/run/mysqld/mysqld.sock'  port: 0  MySQL Community Server - GPL.
2026-01-08 11:01:12+00:00 [Note] [Entrypoint]: Temporary server started.
'/var/lib/mysql/mysql.sock' -> '/var/run/mysqld/mysqld.sock'
Warning: Unable to load '/usr/share/zoneinfo/iso3166.tab' as time zone. Skipping it.
Warning: Unable to load '/usr/share/zoneinfo/leap-seconds.list' as time zone. Skipping it.
Warning: Unable to load '/usr/share/zoneinfo/leapseconds' as time zone. Skipping it.
Warning: Unable to load '/usr/share/zoneinfo/tzdata.zi' as time zone. Skipping it.
Warning: Unable to load '/usr/share/zoneinfo/zone.tab' as time zone. Skipping it.
Warning: Unable to load '/usr/share/zoneinfo/zone1970.tab' as time zone. Skipping it.
2026-01-08 11:01:16+00:00 [Note] [Entrypoint]: Creating database apicuriodb
2026-01-08 11:01:16+00:00 [Note] [Entrypoint]: Creating user mysqluser
2026-01-08 11:01:16+00:00 [Note] [Entrypoint]: Giving user mysqluser access to schema apicuriodb

2026-01-08 11:01:16+00:00 [Note] [Entrypoint]: Stopping temporary server
2026-01-08T11:01:16.452857Z 13 [System] [MY-013172] [Server] Received SHUTDOWN from user root. Shutting down mysqld (Version: 8.4.7).
2026-01-08T11:01:17.569580Z 0 [System] [MY-010910] [Server] /usr/sbin/mysqld: Shutdown complete (mysqld 8.4.7)  MySQL Community Server - GPL.
2026-01-08T11:01:17.569597Z 0 [System] [MY-015016] [Server] MySQL Server - end.
2026-01-08 11:01:18+00:00 [Note] [Entrypoint]: Temporary server stopped

2026-01-08 11:01:18+00:00 [Note] [Entrypoint]: MySQL init process done. Ready for start up.

2026-01-08T11:01:18.474005Z 0 [System] [MY-015015] [Server] MySQL Server - start.
2026-01-08T11:01:18.823446Z 0 [System] [MY-010116] [Server] /usr/sbin/mysqld (mysqld 8.4.7) starting as process 1
2026-01-08T11:01:18.825604Z 0 [Warning] [MY-010122] [Server] One can only use the --user switch if running as root
2026-01-08T11:01:18.830028Z 1 [System] [MY-013576] [InnoDB] InnoDB initialization has started.
2026-01-08T11:01:19.194706Z 1 [System] [MY-013577] [InnoDB] InnoDB initialization has ended.
2026-01-08T11:01:19.532560Z 0 [Warning] [MY-010068] [Server] CA certificate ca.pem is self signed.
2026-01-08T11:01:19.532596Z 0 [System] [MY-013602] [Server] Channel mysql_main configured to support TLS. Encrypted connections are now supported for this channel.
2026-01-08T11:01:19.534042Z 0 [Warning] [MY-011810] [Server] Insecure configuration for --pid-file: Location '/var/run/mysqld' in the path is accessible to all OS users. Consider choosing a different directory.
2026-01-08T11:01:19.568901Z 0 [System] [MY-011323] [Server] X Plugin ready for connections. Bind-address: '::' port: 33060, socket: /var/run/mysqld/mysqlx.sock
2026-01-08T11:01:19.568981Z 0 [System] [MY-010931] [Server] /usr/sbin/mysqld: ready for connections. Version: '8.4.7'  socket: '/var/run/mysqld/mysqld.sock'  port: 3306  MySQL Community Server - GPL.
