chmod: changing permissions of '/var/run/postgresql': Operation not permitted
The files belonging to this database system will be owned by user "1000770000".
This user must also own the server process.

The database cluster will be initialized with locale "en_US.utf8".
The default database encoding has accordingly been set to "UTF8".
The default text search configuration will be set to "english".

Data page checksums are disabled.

fixing permissions on existing directory /var/lib/postgresql/data/pgdata ... ok
creating subdirectories ... ok
selecting dynamic shared memory implementation ... posix
selecting default "max_connections" ... 100
selecting default "shared_buffers" ... 128MB
selecting default time zone ... Etc/UTC
creating configuration files ... ok
running bootstrap script ... ok
performing post-bootstrap initialization ... ok
syncing data to disk ... ok


Success. You can now start the database server using:

    pg_ctl -D /var/lib/postgresql/data/pgdata -l logfile start

initdb: warning: enabling "trust" authentication for local connections
initdb: hint: You can change this by editing pg_hba.conf or using the option -A, or --auth-local and --auth-host, the next time you run initdb.
waiting for server to start....2026-01-08 10:51:13.977 UTC [30] LOG:  starting PostgreSQL 17.7 (Debian 17.7-3.pgdg13+1) on x86_64-pc-linux-gnu, compiled by gcc (Debian 14.2.0-19) 14.2.0, 64-bit
2026-01-08 10:51:13.977 UTC [30] LOG:  listening on Unix socket "/var/run/postgresql/.s.PGSQL.5432"
2026-01-08 10:51:13.987 UTC [33] LOG:  database system was shut down at 2026-01-08 10:51:13 UTC
2026-01-08 10:51:13.992 UTC [30] LOG:  database system is ready to accept connections
 done
server started
CREATE DATABASE


/usr/local/bin/docker-entrypoint.sh: ignoring /docker-entrypoint-initdb.d/*

2026-01-08 10:51:14.256 UTC [30] LOG:  received fast shutdown request
waiting for server to shut down....2026-01-08 10:51:14.260 UTC [30] LOG:  aborting any active transactions
2026-01-08 10:51:14.262 UTC [30] LOG:  background worker "logical replication launcher" (PID 36) exited with exit code 1
2026-01-08 10:51:14.263 UTC [31] LOG:  shutting down
2026-01-08 10:51:14.265 UTC [31] LOG:  checkpoint starting: shutdown immediate
2026-01-08 10:51:14.306 UTC [31] LOG:  checkpoint complete: wrote 925 buffers (5.6%); 0 WAL file(s) added, 0 removed, 0 recycled; write=0.029 s, sync=0.006 s, total=0.043 s; sync files=301, longest=0.003 s, average=0.001 s; distance=4256 kB, estimate=4256 kB; lsn=0/1915960, redo lsn=0/1915960
2026-01-08 10:51:14.311 UTC [30] LOG:  database system is shut down
 done
server stopped

PostgreSQL init process complete; ready for start up.

2026-01-08 10:51:14.384 UTC [1] LOG:  starting PostgreSQL 17.7 (Debian 17.7-3.pgdg13+1) on x86_64-pc-linux-gnu, compiled by gcc (Debian 14.2.0-19) 14.2.0, 64-bit
2026-01-08 10:51:14.385 UTC [1] LOG:  listening on IPv4 address "0.0.0.0", port 5432
2026-01-08 10:51:14.385 UTC [1] LOG:  listening on IPv6 address "::", port 5432
2026-01-08 10:51:14.387 UTC [1] LOG:  listening on Unix socket "/var/run/postgresql/.s.PGSQL.5432"
2026-01-08 10:51:14.393 UTC [46] LOG:  database system was shut down at 2026-01-08 10:51:14 UTC
2026-01-08 10:51:14.399 UTC [1] LOG:  database system is ready to accept connections
2026-01-08 10:51:19.505 UTC [52] FATAL:  role "-d" does not exist
2026-01-08 10:51:24.503 UTC [55] FATAL:  role "-d" does not exist
2026-01-08 10:51:29.507 UTC [58] FATAL:  role "-d" does not exist
2026-01-08 10:51:34.504 UTC [61] FATAL:  role "-d" does not exist
2026-01-08 10:51:39.505 UTC [64] FATAL:  role "-d" does not exist
2026-01-08 10:51:44.503 UTC [68] FATAL:  role "-d" does not exist
2026-01-08 10:51:46.592 UTC [71] FATAL:  role "-d" does not exist
2026-01-08 10:51:49.503 UTC [74] FATAL:  role "-d" does not exist
2026-01-08 10:51:54.502 UTC [77] FATAL:  role "-d" does not exist
2026-01-08 10:51:56.589 UTC [80] FATAL:  role "-d" does not exist
2026-01-08 10:51:59.506 UTC [83] FATAL:  role "-d" does not exist
2026-01-08 10:52:04.567 UTC [86] FATAL:  role "-d" does not exist
2026-01-08 10:52:06.599 UTC [89] FATAL:  role "-d" does not exist
2026-01-08 10:52:09.506 UTC [92] FATAL:  role "-d" does not exist
2026-01-08 10:52:14.560 UTC [96] FATAL:  role "-d" does not exist
2026-01-08 10:52:16.589 UTC [99] FATAL:  role "-d" does not exist
2026-01-08 10:52:19.505 UTC [102] FATAL:  role "-d" does not exist
2026-01-08 10:52:24.502 UTC [105] FATAL:  role "-d" does not exist
2026-01-08 10:52:26.587 UTC [108] FATAL:  role "-d" does not exist
2026-01-08 10:52:29.503 UTC [111] FATAL:  role "-d" does not exist
2026-01-08 10:52:34.502 UTC [114] FATAL:  role "-d" does not exist
2026-01-08 10:52:36.587 UTC [117] FATAL:  role "-d" does not exist
2026-01-08 10:52:39.504 UTC [120] FATAL:  role "-d" does not exist
2026-01-08 10:52:44.505 UTC [124] FATAL:  role "-d" does not exist
2026-01-08 10:52:46.590 UTC [127] FATAL:  role "-d" does not exist
2026-01-08 10:52:49.504 UTC [130] FATAL:  role "-d" does not exist
2026-01-08 10:52:54.504 UTC [133] FATAL:  role "-d" does not exist
2026-01-08 10:52:56.589 UTC [136] FATAL:  role "-d" does not exist
2026-01-08 10:52:59.508 UTC [139] FATAL:  role "-d" does not exist
2026-01-08 10:53:04.505 UTC [142] FATAL:  role "-d" does not exist
2026-01-08 10:53:06.589 UTC [145] FATAL:  role "-d" does not exist
2026-01-08 10:53:09.509 UTC [148] FATAL:  role "-d" does not exist
2026-01-08 10:53:14.504 UTC [152] FATAL:  role "-d" does not exist
2026-01-08 10:53:16.589 UTC [155] FATAL:  role "-d" does not exist
2026-01-08 10:53:19.505 UTC [158] FATAL:  role "-d" does not exist
2026-01-08 10:53:24.502 UTC [161] FATAL:  role "-d" does not exist
2026-01-08 10:53:26.589 UTC [164] FATAL:  role "-d" does not exist
2026-01-08 10:53:29.504 UTC [167] FATAL:  role "-d" does not exist
2026-01-08 10:53:34.502 UTC [170] FATAL:  role "-d" does not exist
2026-01-08 10:53:36.586 UTC [173] FATAL:  role "-d" does not exist
2026-01-08 10:53:39.505 UTC [176] FATAL:  role "-d" does not exist
2026-01-08 10:53:44.504 UTC [180] FATAL:  role "-d" does not exist
2026-01-08 10:53:46.596 UTC [183] FATAL:  role "-d" does not exist
2026-01-08 10:53:49.506 UTC [186] FATAL:  role "-d" does not exist
2026-01-08 10:53:54.505 UTC [189] FATAL:  role "-d" does not exist
2026-01-08 10:53:56.593 UTC [192] FATAL:  role "-d" does not exist
2026-01-08 10:53:59.505 UTC [195] FATAL:  role "-d" does not exist
2026-01-08 10:54:04.502 UTC [198] FATAL:  role "-d" does not exist
2026-01-08 10:54:06.592 UTC [201] FATAL:  role "-d" does not exist
2026-01-08 10:54:09.509 UTC [204] FATAL:  role "-d" does not exist
2026-01-08 10:54:14.503 UTC [208] FATAL:  role "-d" does not exist
2026-01-08 10:54:16.591 UTC [211] FATAL:  role "-d" does not exist
2026-01-08 10:54:19.507 UTC [214] FATAL:  role "-d" does not exist
2026-01-08 10:54:24.505 UTC [217] FATAL:  role "-d" does not exist
2026-01-08 10:54:26.591 UTC [220] FATAL:  role "-d" does not exist
2026-01-08 10:54:29.506 UTC [223] FATAL:  role "-d" does not exist
2026-01-08 10:54:34.503 UTC [226] FATAL:  role "-d" does not exist
2026-01-08 10:54:36.588 UTC [229] FATAL:  role "-d" does not exist
2026-01-08 10:54:39.506 UTC [232] FATAL:  role "-d" does not exist
2026-01-08 10:54:44.506 UTC [236] FATAL:  role "-d" does not exist
2026-01-08 10:54:46.591 UTC [239] FATAL:  role "-d" does not exist
2026-01-08 10:54:49.503 UTC [242] FATAL:  role "-d" does not exist
2026-01-08 10:54:54.502 UTC [245] FATAL:  role "-d" does not exist
2026-01-08 10:54:56.588 UTC [248] FATAL:  role "-d" does not exist
2026-01-08 10:54:59.507 UTC [251] FATAL:  role "-d" does not exist
2026-01-08 10:55:04.504 UTC [254] FATAL:  role "-d" does not exist
2026-01-08 10:55:06.588 UTC [257] FATAL:  role "-d" does not exist
2026-01-08 10:55:09.556 UTC [260] FATAL:  role "-d" does not exist
2026-01-08 10:55:14.505 UTC [264] FATAL:  role "-d" does not exist
2026-01-08 10:55:16.589 UTC [267] FATAL:  role "-d" does not exist
2026-01-08 10:55:19.504 UTC [270] FATAL:  role "-d" does not exist
2026-01-08 10:55:24.502 UTC [273] FATAL:  role "-d" does not exist
2026-01-08 10:55:26.588 UTC [276] FATAL:  role "-d" does not exist
2026-01-08 10:55:29.503 UTC [279] FATAL:  role "-d" does not exist
2026-01-08 10:55:34.503 UTC [282] FATAL:  role "-d" does not exist
2026-01-08 10:55:36.589 UTC [285] FATAL:  role "-d" does not exist
2026-01-08 10:55:39.506 UTC [288] FATAL:  role "-d" does not exist
2026-01-08 10:55:44.504 UTC [291] FATAL:  role "-d" does not exist
2026-01-08 10:55:46.589 UTC [295] FATAL:  role "-d" does not exist
2026-01-08 10:55:49.510 UTC [298] FATAL:  role "-d" does not exist
2026-01-08 10:55:54.503 UTC [301] FATAL:  role "-d" does not exist
2026-01-08 10:55:56.589 UTC [304] FATAL:  role "-d" does not exist
2026-01-08 10:55:59.509 UTC [307] FATAL:  role "-d" does not exist
2026-01-08 10:56:04.504 UTC [310] FATAL:  role "-d" does not exist
2026-01-08 10:56:06.589 UTC [313] FATAL:  role "-d" does not exist
2026-01-08 10:56:09.504 UTC [316] FATAL:  role "-d" does not exist
2026-01-08 10:56:14.493 UTC [44] LOG:  checkpoint starting: time
2026-01-08 10:56:14.506 UTC [320] FATAL:  role "-d" does not exist
2026-01-08 10:56:16.589 UTC [323] FATAL:  role "-d" does not exist
2026-01-08 10:56:18.911 UTC [44] LOG:  checkpoint complete: wrote 47 buffers (0.3%); 0 WAL file(s) added, 0 removed, 0 recycled; write=4.409 s, sync=0.003 s, total=4.419 s; sync files=12, longest=0.001 s, average=0.001 s; distance=270 kB, estimate=270 kB; lsn=0/19591D8, redo lsn=0/1959180
2026-01-08 10:56:19.565 UTC [326] FATAL:  role "-d" does not exist
2026-01-08 10:56:24.502 UTC [329] FATAL:  role "-d" does not exist
2026-01-08 10:56:26.586 UTC [332] FATAL:  role "-d" does not exist
2026-01-08 10:56:29.504 UTC [335] FATAL:  role "-d" does not exist
2026-01-08 10:56:34.505 UTC [338] FATAL:  role "-d" does not exist
2026-01-08 10:56:36.587 UTC [341] FATAL:  role "-d" does not exist
2026-01-08 10:56:39.505 UTC [344] FATAL:  role "-d" does not exist
2026-01-08 10:56:44.503 UTC [347] FATAL:  role "-d" does not exist
2026-01-08 10:56:46.589 UTC [351] FATAL:  role "-d" does not exist
2026-01-08 10:56:49.504 UTC [354] FATAL:  role "-d" does not exist
2026-01-08 10:56:54.507 UTC [357] FATAL:  role "-d" does not exist
2026-01-08 10:56:56.590 UTC [360] FATAL:  role "-d" does not exist
2026-01-08 10:56:59.506 UTC [363] FATAL:  role "-d" does not exist
2026-01-08 10:57:04.503 UTC [366] FATAL:  role "-d" does not exist
2026-01-08 10:57:06.589 UTC [369] FATAL:  role "-d" does not exist
2026-01-08 10:57:09.507 UTC [372] FATAL:  role "-d" does not exist
2026-01-08 10:57:14.505 UTC [376] FATAL:  role "-d" does not exist
2026-01-08 10:57:16.591 UTC [379] FATAL:  role "-d" does not exist
2026-01-08 10:57:19.506 UTC [382] FATAL:  role "-d" does not exist
2026-01-08 10:57:24.502 UTC [385] FATAL:  role "-d" does not exist
2026-01-08 10:57:26.589 UTC [388] FATAL:  role "-d" does not exist
2026-01-08 10:57:29.504 UTC [391] FATAL:  role "-d" does not exist
2026-01-08 10:57:34.504 UTC [394] FATAL:  role "-d" does not exist
2026-01-08 10:57:36.588 UTC [397] FATAL:  role "-d" does not exist
2026-01-08 10:57:39.505 UTC [400] FATAL:  role "-d" does not exist
2026-01-08 10:57:44.507 UTC [403] FATAL:  role "-d" does not exist
2026-01-08 10:57:46.590 UTC [407] FATAL:  role "-d" does not exist
2026-01-08 10:57:49.505 UTC [410] FATAL:  role "-d" does not exist
2026-01-08 10:57:54.503 UTC [413] FATAL:  role "-d" does not exist
2026-01-08 10:57:56.588 UTC [416] FATAL:  role "-d" does not exist
2026-01-08 10:57:59.504 UTC [419] FATAL:  role "-d" does not exist
2026-01-08 10:58:04.504 UTC [422] FATAL:  role "-d" does not exist
2026-01-08 10:58:06.588 UTC [425] FATAL:  role "-d" does not exist
2026-01-08 10:58:09.505 UTC [428] FATAL:  role "-d" does not exist
2026-01-08 10:58:14.563 UTC [432] FATAL:  role "-d" does not exist
2026-01-08 10:58:16.588 UTC [435] FATAL:  role "-d" does not exist
2026-01-08 10:58:19.505 UTC [438] FATAL:  role "-d" does not exist
2026-01-08 10:58:24.502 UTC [441] FATAL:  role "-d" does not exist
2026-01-08 10:58:26.588 UTC [444] FATAL:  role "-d" does not exist
2026-01-08 10:58:29.504 UTC [447] FATAL:  role "-d" does not exist
2026-01-08 10:58:34.504 UTC [450] FATAL:  role "-d" does not exist
2026-01-08 10:58:36.592 UTC [453] FATAL:  role "-d" does not exist
2026-01-08 10:58:39.507 UTC [456] FATAL:  role "-d" does not exist
2026-01-08 10:58:44.505 UTC [459] FATAL:  role "-d" does not exist
2026-01-08 10:58:46.590 UTC [463] FATAL:  role "-d" does not exist
2026-01-08 10:58:49.507 UTC [466] FATAL:  role "-d" does not exist
2026-01-08 10:58:54.502 UTC [469] FATAL:  role "-d" does not exist
2026-01-08 10:58:56.589 UTC [472] FATAL:  role "-d" does not exist
2026-01-08 10:58:59.505 UTC [475] FATAL:  role "-d" does not exist
2026-01-08 10:59:04.502 UTC [478] FATAL:  role "-d" does not exist
2026-01-08 10:59:06.589 UTC [481] FATAL:  role "-d" does not exist
2026-01-08 10:59:09.508 UTC [484] FATAL:  role "-d" does not exist
2026-01-08 10:59:14.506 UTC [487] FATAL:  role "-d" does not exist
2026-01-08 10:59:16.589 UTC [491] FATAL:  role "-d" does not exist
2026-01-08 10:59:19.504 UTC [494] FATAL:  role "-d" does not exist
2026-01-08 10:59:24.504 UTC [497] FATAL:  role "-d" does not exist
2026-01-08 10:59:26.587 UTC [500] FATAL:  role "-d" does not exist
2026-01-08 10:59:29.504 UTC [503] FATAL:  role "-d" does not exist
2026-01-08 10:59:34.505 UTC [506] FATAL:  role "-d" does not exist
2026-01-08 10:59:36.588 UTC [509] FATAL:  role "-d" does not exist
2026-01-08 10:59:39.505 UTC [512] FATAL:  role "-d" does not exist
2026-01-08 10:59:44.504 UTC [515] FATAL:  role "-d" does not exist
2026-01-08 10:59:46.590 UTC [519] FATAL:  role "-d" does not exist
2026-01-08 10:59:49.505 UTC [522] FATAL:  role "-d" does not exist
2026-01-08 10:59:54.502 UTC [525] FATAL:  role "-d" does not exist
2026-01-08 10:59:56.589 UTC [528] FATAL:  role "-d" does not exist
2026-01-08 10:59:59.563 UTC [531] FATAL:  role "-d" does not exist
2026-01-08 11:00:04.503 UTC [534] FATAL:  role "-d" does not exist
2026-01-08 11:00:06.587 UTC [537] FATAL:  role "-d" does not exist
2026-01-08 11:00:09.504 UTC [540] FATAL:  role "-d" does not exist
2026-01-08 11:00:14.505 UTC [543] FATAL:  role "-d" does not exist
2026-01-08 11:00:16.591 UTC [547] FATAL:  role "-d" does not exist
2026-01-08 11:00:19.505 UTC [550] FATAL:  role "-d" does not exist
2026-01-08 11:00:24.504 UTC [553] FATAL:  role "-d" does not exist
2026-01-08 11:00:26.588 UTC [556] FATAL:  role "-d" does not exist
2026-01-08 11:00:29.505 UTC [559] FATAL:  role "-d" does not exist
2026-01-08 11:00:34.504 UTC [562] FATAL:  role "-d" does not exist
2026-01-08 11:00:36.588 UTC [565] FATAL:  role "-d" does not exist
2026-01-08 11:00:39.505 UTC [568] FATAL:  role "-d" does not exist
2026-01-08 11:00:44.504 UTC [571] FATAL:  role "-d" does not exist
2026-01-08 11:00:46.591 UTC [575] FATAL:  role "-d" does not exist
2026-01-08 11:00:49.506 UTC [578] FATAL:  role "-d" does not exist
2026-01-08 11:00:54.502 UTC [581] FATAL:  role "-d" does not exist
2026-01-08 11:00:56.589 UTC [584] FATAL:  role "-d" does not exist
2026-01-08 11:00:59.505 UTC [587] FATAL:  role "-d" does not exist
2026-01-08 11:01:04.505 UTC [590] FATAL:  role "-d" does not exist
2026-01-08 11:01:06.668 UTC [593] FATAL:  role "-d" does not exist
2026-01-08 11:01:09.570 UTC [596] FATAL:  role "-d" does not exist
2026-01-08 11:01:14.556 UTC [599] FATAL:  role "-d" does not exist
2026-01-08 11:01:16.594 UTC [603] FATAL:  role "-d" does not exist
2026-01-08 11:01:19.509 UTC [606] FATAL:  role "-d" does not exist
2026-01-08 11:01:24.558 UTC [609] FATAL:  role "-d" does not exist
