2026-01-08 10:51:17+00:00 [Note] [Entrypoint]: Entrypoint script for MySQL Server 8.4.7-1.el9 started.
2026-01-08 10:51:17+00:00 [Note] [Entrypoint]: Initializing database files
2026-01-08T10:51:17.859783Z 0 [System] [MY-015017] [Server] MySQL Server Initialization - start.
2026-01-08T10:51:17.913114Z 0 [System] [MY-013169] [Server] /usr/sbin/mysqld (mysqld 8.4.7) initializing of server in progress as process 36
2026-01-08T10:51:17.915625Z 0 [Warning] [MY-010122] [Server] One can only use the --user switch if running as root
2026-01-08T10:51:17.921756Z 1 [System] [MY-013576] [InnoDB] InnoDB initialization has started.
2026-01-08T10:51:18.500462Z 1 [System] [MY-013577] [InnoDB] InnoDB initialization has ended.
2026-01-08T10:51:20.146459Z 6 [Warning] [MY-010453] [Server] root@localhost is created with an empty password ! Please consider switching off the --initialize-insecure option.
2026-01-08T10:51:24.175634Z 0 [System] [MY-015018] [Server] MySQL Server Initialization - end.
2026-01-08 10:51:24+00:00 [Note] [Entrypoint]: Database files initialized
2026-01-08 10:51:24+00:00 [Note] [Entrypoint]: Starting temporary server
2026-01-08T10:51:24.222973Z 0 [System] [MY-015015] [Server] MySQL Server - start.
2026-01-08T10:51:24.633553Z 0 [System] [MY-010116] [Server] /usr/sbin/mysqld (mysqld 8.4.7) starting as process 78
2026-01-08T10:51:24.640823Z 0 [Warning] [MY-010122] [Server] One can only use the --user switch if running as root
2026-01-08T10:51:24.674088Z 1 [System] [MY-013576] [InnoDB] InnoDB initialization has started.
2026-01-08T10:51:26.222886Z 1 [System] [MY-013577] [InnoDB] InnoDB initialization has ended.
2026-01-08T10:51:26.626299Z 0 [Warning] [MY-010068] [Server] CA certificate ca.pem is self signed.
2026-01-08T10:51:26.626331Z 0 [System] [MY-013602] [Server] Channel mysql_main configured to support TLS. Encrypted connections are now supported for this channel.
2026-01-08T10:51:26.627739Z 0 [Warning] [MY-011810] [Server] Insecure configuration for --pid-file: Location '/var/run/mysqld' in the path is accessible to all OS users. Consider choosing a different directory.
2026-01-08T10:51:26.665712Z 0 [System] [MY-011323] [Server] X Plugin ready for connections. Socket: /var/run/mysqld/mysqlx.sock
2026-01-08T10:51:26.665775Z 0 [System] [MY-010931] [Server] /usr/sbin/mysqld: ready for connections. Version: '8.4.7'  socket: '/var/run/mysqld/mysqld.sock'  port: 0  MySQL Community Server - GPL.
2026-01-08 10:51:26+00:00 [Note] [Entrypoint]: Temporary server started.
'/var/lib/mysql/mysql.sock' -> '/var/run/mysqld/mysqld.sock'
Warning: Unable to load '/usr/share/zoneinfo/iso3166.tab' as time zone. Skipping it.
Warning: Unable to load '/usr/share/zoneinfo/leap-seconds.list' as time zone. Skipping it.
Warning: Unable to load '/usr/share/zoneinfo/leapseconds' as time zone. Skipping it.
Warning: Unable to load '/usr/share/zoneinfo/tzdata.zi' as time zone. Skipping it.
Warning: Unable to load '/usr/share/zoneinfo/zone.tab' as time zone. Skipping it.
Warning: Unable to load '/usr/share/zoneinfo/zone1970.tab' as time zone. Skipping it.
2026-01-08 10:51:31+00:00 [Note] [Entrypoint]: Creating database apicuriodb
2026-01-08 10:51:31+00:00 [Note] [Entrypoint]: Creating user mysqluser
2026-01-08 10:51:31+00:00 [Note] [Entrypoint]: Giving user mysqluser access to schema apicuriodb

2026-01-08 10:51:31+00:00 [Note] [Entrypoint]: Stopping temporary server
2026-01-08T10:51:31.738944Z 13 [System] [MY-013172] [Server] Received SHUTDOWN from user root. Shutting down mysqld (Version: 8.4.7).
2026-01-08T10:51:32.977251Z 0 [System] [MY-010910] [Server] /usr/sbin/mysqld: Shutdown complete (mysqld 8.4.7)  MySQL Community Server - GPL.
2026-01-08T10:51:32.977267Z 0 [System] [MY-015016] [Server] MySQL Server - end.
2026-01-08 10:51:33+00:00 [Note] [Entrypoint]: Temporary server stopped

2026-01-08 10:51:33+00:00 [Note] [Entrypoint]: MySQL init process done. Ready for start up.

2026-01-08T10:51:33.758928Z 0 [System] [MY-015015] [Server] MySQL Server - start.
2026-01-08T10:51:34.125396Z 0 [System] [MY-010116] [Server] /usr/sbin/mysqld (mysqld 8.4.7) starting as process 1
2026-01-08T10:51:34.127454Z 0 [Warning] [MY-010122] [Server] One can only use the --user switch if running as root
2026-01-08T10:51:34.131901Z 1 [System] [MY-013576] [InnoDB] InnoDB initialization has started.
2026-01-08T10:51:34.690725Z 1 [System] [MY-013577] [InnoDB] InnoDB initialization has ended.
2026-01-08T10:51:35.073271Z 0 [Warning] [MY-010068] [Server] CA certificate ca.pem is self signed.
2026-01-08T10:51:35.073300Z 0 [System] [MY-013602] [Server] Channel mysql_main configured to support TLS. Encrypted connections are now supported for this channel.
2026-01-08T10:51:35.074674Z 0 [Warning] [MY-011810] [Server] Insecure configuration for --pid-file: Location '/var/run/mysqld' in the path is accessible to all OS users. Consider choosing a different directory.
2026-01-08T10:51:35.192602Z 0 [System] [MY-011323] [Server] X Plugin ready for connections. Bind-address: '::' port: 33060, socket: /var/run/mysqld/mysqlx.sock
2026-01-08T10:51:35.192727Z 0 [System] [MY-010931] [Server] /usr/sbin/mysqld: ready for connections. Version: '8.4.7'  socket: '/var/run/mysqld/mysqld.sock'  port: 3306  MySQL Community Server - GPL.
