2026-01-08 11:01:15+00:00 [Note] [Entrypoint]: Entrypoint script for MySQL Server 8.4.7-1.el9 started.
2026-01-08 11:01:16+00:00 [Note] [Entrypoint]: Initializing database files
2026-01-08T11:01:16.076771Z 0 [System] [MY-015017] [Server] MySQL Server Initialization - start.
2026-01-08T11:01:16.078470Z 0 [System] [MY-013169] [Server] /usr/sbin/mysqld (mysqld 8.4.7) initializing of server in progress as process 36
2026-01-08T11:01:16.080657Z 0 [Warning] [MY-010122] [Server] One can only use the --user switch if running as root
2026-01-08T11:01:16.086842Z 1 [System] [MY-013576] [InnoDB] InnoDB initialization has started.
2026-01-08T11:01:16.531436Z 1 [System] [MY-013577] [InnoDB] InnoDB initialization has ended.
2026-01-08T11:01:17.965892Z 6 [Warning] [MY-010453] [Server] root@localhost is created with an empty password ! Please consider switching off the --initialize-insecure option.
2026-01-08T11:01:20.383125Z 0 [System] [MY-015018] [Server] MySQL Server Initialization - end.
2026-01-08 11:01:20+00:00 [Note] [Entrypoint]: Database files initialized
2026-01-08 11:01:20+00:00 [Note] [Entrypoint]: Starting temporary server
2026-01-08T11:01:20.433671Z 0 [System] [MY-015015] [Server] MySQL Server - start.
2026-01-08T11:01:20.770656Z 0 [System] [MY-010116] [Server] /usr/sbin/mysqld (mysqld 8.4.7) starting as process 77
2026-01-08T11:01:20.777294Z 0 [Warning] [MY-010122] [Server] One can only use the --user switch if running as root
2026-01-08T11:01:20.783819Z 1 [System] [MY-013576] [InnoDB] InnoDB initialization has started.
2026-01-08T11:01:21.146850Z 1 [System] [MY-013577] [InnoDB] InnoDB initialization has ended.
2026-01-08T11:01:22.119796Z 0 [Warning] [MY-010068] [Server] CA certificate ca.pem is self signed.
2026-01-08T11:01:22.119829Z 0 [System] [MY-013602] [Server] Channel mysql_main configured to support TLS. Encrypted connections are now supported for this channel.
2026-01-08T11:01:22.121219Z 0 [Warning] [MY-011810] [Server] Insecure configuration for --pid-file: Location '/var/run/mysqld' in the path is accessible to all OS users. Consider choosing a different directory.
2026-01-08T11:01:22.281544Z 0 [System] [MY-011323] [Server] X Plugin ready for connections. Socket: /var/run/mysqld/mysqlx.sock
2026-01-08T11:01:22.281665Z 0 [System] [MY-010931] [Server] /usr/sbin/mysqld: ready for connections. Version: '8.4.7'  socket: '/var/run/mysqld/mysqld.sock'  port: 0  MySQL Community Server - GPL.
2026-01-08 11:01:22+00:00 [Note] [Entrypoint]: Temporary server started.
'/var/lib/mysql/mysql.sock' -> '/var/run/mysqld/mysqld.sock'
Warning: Unable to load '/usr/share/zoneinfo/iso3166.tab' as time zone. Skipping it.
Warning: Unable to load '/usr/share/zoneinfo/leap-seconds.list' as time zone. Skipping it.
Warning: Unable to load '/usr/share/zoneinfo/leapseconds' as time zone. Skipping it.
Warning: Unable to load '/usr/share/zoneinfo/tzdata.zi' as time zone. Skipping it.
Warning: Unable to load '/usr/share/zoneinfo/zone.tab' as time zone. Skipping it.
Warning: Unable to load '/usr/share/zoneinfo/zone1970.tab' as time zone. Skipping it.
2026-01-08 11:01:26+00:00 [Note] [Entrypoint]: Creating database apicuriodb
2026-01-08 11:01:26+00:00 [Note] [Entrypoint]: Creating user mysqluser
2026-01-08 11:01:26+00:00 [Note] [Entrypoint]: Giving user mysqluser access to schema apicuriodb

2026-01-08 11:01:26+00:00 [Note] [Entrypoint]: Stopping temporary server
2026-01-08T11:01:26.762201Z 13 [System] [MY-013172] [Server] Received SHUTDOWN from user root. Shutting down mysqld (Version: 8.4.7).
