2026-01-08 08:56:55,337 WARN  [io.qua.config] (main) Unrecognized configuration key "quarkus.operator-sdk.bundle.package-name" was provided; it will be ignored; verify that the dependency extension for this configuration is set or that you did not make a typo
2026-01-08 08:56:57,841 INFO  [io.qua.ope.run.OperatorProducer] (main) Quarkus Java Operator SDK extension 7.2.2 (commit: eebff34) built on Fri Oct 17 15:48:59 GMT 2025
2026-01-08 08:56:58,041 INFO  [io.jav.ope.Operator] (main) Registered reconciler: 'keycloakcontroller' for resource: 'class org.keycloak.operator.crds.v2alpha1.deployment.Keycloak' for namespace(s): [keycloak26]
2026-01-08 08:56:58,045 INFO  [io.jav.ope.Operator] (main) Registered reconciler: 'keycloakrealmimportcontroller' for resource: 'class org.keycloak.operator.crds.v2alpha1.realmimport.KeycloakRealmImport' for namespace(s): [keycloak26]
2026-01-08 08:56:58,046 INFO  [io.qua.ope.run.AppEventListener] (main) Starting operator.
2026-01-08 08:56:58,046 INFO  [io.jav.ope.Operator] (main) Operator SDK 5.1.4 (commit: 87ec587) built on Mon Oct 13 15:37:47 GMT 2025 starting...
2026-01-08 08:56:58,046 INFO  [io.jav.ope.Operator] (main) Client version: 7.3.1
2026-01-08 08:56:58,049 INFO  [io.jav.ope.pro.Controller] (Controller Starter for: keycloakrealmimportcontroller) Starting 'keycloakrealmimportcontroller' controller for reconciler: org.keycloak.operator.controllers.KeycloakRealmImportController, resource: org.keycloak.operator.crds.v2alpha1.realmimport.KeycloakRealmImport
2026-01-08 08:56:58,049 INFO  [io.jav.ope.pro.Controller] (Controller Starter for: keycloakcontroller) Starting 'keycloakcontroller' controller for reconciler: org.keycloak.operator.controllers.KeycloakController, resource: org.keycloak.operator.crds.v2alpha1.deployment.Keycloak
2026-01-08 08:56:58,452 WARN  [io.fab.kub.cli.dsl.int.VersionUsageUtils] (InformerWrapper [keycloakrealmimports.k8s.keycloak.org/v2alpha1] 27) The client is using resource type 'keycloakrealmimports' with unstable version 'v2alpha1'
2026-01-08 08:56:58,452 WARN  [io.fab.kub.cli.dsl.int.VersionUsageUtils] (InformerWrapper [keycloaks.k8s.keycloak.org/v2alpha1] 26) The client is using resource type 'keycloaks' with unstable version 'v2alpha1'
2026-01-08 08:57:02,941 INFO  [io.jav.ope.pro.Controller] (Controller Starter for: keycloakrealmimportcontroller) 'keycloakrealmimportcontroller' controller started
2026-01-08 08:57:03,259 INFO  [org.key.ope.con.KeycloakRealmImportController] (ReconcilerExecutor-keycloakrealmimportcontroller-50) --- Reconciling Keycloak Realm: registry-sso-realm in namespace: keycloak26
2026-01-08 08:57:03,339 INFO  [io.jav.ope.pro.Controller] (Controller Starter for: keycloakcontroller) 'keycloakcontroller' controller started
2026-01-08 08:57:03,551 INFO  [io.quarkus] (main) keycloak-operator 26.5.0 on JVM (powered by Quarkus 3.27.1) started in 10.191s. Listening on: http://0.0.0.0:8080
2026-01-08 08:57:03,551 INFO  [io.quarkus] (main) Profile prod activated. 
2026-01-08 08:57:03,551 INFO  [io.quarkus] (main) Installed features: [cdi, kubernetes, kubernetes-client, openshift-client, operator-sdk, smallrye-context-propagation, smallrye-health, vertx]
2026-01-08 08:57:03,638 INFO  [org.key.ope.con.KeycloakRealmImportController] (ReconcilerExecutor-keycloakrealmimportcontroller-50) --- Realm reconciliation finished successfully
2026-01-08 08:57:05,549 ERROR [io.jav.ope.pro.eve.ReconciliationDispatcher] (ReconcilerExecutor-keycloakcontroller-75) updateErrorStatus failed for resource: b1ee5401-6af9-4738-8a85-229804a6d5a1 with version: 40999 for error Failure executing: PATCH at: https://172.30.0.1:443/apis/k8s.keycloak.org/v2alpha1/namespaces/keycloak26/keycloaks/keycloak-instance/status?fieldManager=keycloakcontroller&force=true. Message: Operation cannot be fulfilled on keycloaks.k8s.keycloak.org "keycloak-instance": the object has been modified; please apply your changes to the latest version and try again. Received status: Status(apiVersion=v1, code=409, details=StatusDetails(causes=[], group=k8s.keycloak.org, kind=keycloaks, name=keycloak-instance, retryAfterSeconds=null, uid=null, additionalProperties={}), kind=Status, message=Operation cannot be fulfilled on keycloaks.k8s.keycloak.org "keycloak-instance": the object has been modified; please apply your changes to the latest version and try again, metadata=ListMeta(_continue=null, remainingItemCount=null, resourceVersion=null, selfLink=null, additionalProperties={}), reason=Conflict, status=Failure, additionalProperties={}).: io.fabric8.kubernetes.client.KubernetesClientException: Failure executing: PATCH at: https://172.30.0.1:443/apis/k8s.keycloak.org/v2alpha1/namespaces/keycloak26/keycloaks/keycloak-instance/status?fieldManager=keycloakcontroller&force=true. Message: Operation cannot be fulfilled on keycloaks.k8s.keycloak.org "keycloak-instance": the object has been modified; please apply your changes to the latest version and try again. Received status: Status(apiVersion=v1, code=409, details=StatusDetails(causes=[], group=k8s.keycloak.org, kind=keycloaks, name=keycloak-instance, retryAfterSeconds=null, uid=null, additionalProperties={}), kind=Status, message=Operation cannot be fulfilled on keycloaks.k8s.keycloak.org "keycloak-instance": the object has been modified; please apply your changes to the latest version and try again, metadata=ListMeta(_continue=null, remainingItemCount=null, resourceVersion=null, selfLink=null, additionalProperties={}), reason=Conflict, status=Failure, additionalProperties={}).
	at io.fabric8.kubernetes.client.KubernetesClientException.copyAsCause(KubernetesClientException.java:205)
	at io.fabric8.kubernetes.client.dsl.internal.OperationSupport.waitForResult(OperationSupport.java:507)
	at io.fabric8.kubernetes.client.dsl.internal.OperationSupport.handleResponse(OperationSupport.java:524)
	at io.fabric8.kubernetes.client.dsl.internal.OperationSupport.handlePatch(OperationSupport.java:419)
	at io.fabric8.kubernetes.client.dsl.internal.OperationSupport.handlePatch(OperationSupport.java:397)
	at io.fabric8.kubernetes.client.dsl.internal.BaseOperation.handlePatch(BaseOperation.java:764)
	at io.fabric8.kubernetes.client.dsl.internal.HasMetadataOperation.lambda$patch$2(HasMetadataOperation.java:231)
	at io.fabric8.kubernetes.client.dsl.internal.HasMetadataOperation.patch(HasMetadataOperation.java:236)
	at io.fabric8.kubernetes.client.dsl.internal.HasMetadataOperation.patch(HasMetadataOperation.java:251)
	at io.fabric8.kubernetes.client.dsl.internal.HasMetadataOperation.patch(HasMetadataOperation.java:44)
	at io.javaoperatorsdk.operator.processing.event.ReconciliationDispatcher$CustomResourceFacade.patchStatus(ReconciliationDispatcher.java:467)
	at io.javaoperatorsdk.operator.processing.event.ReconciliationDispatcher.handleErrorStatusHandler(ReconciliationDispatcher.java:216)
	at io.javaoperatorsdk.operator.processing.event.ReconciliationDispatcher.handleReconcile(ReconciliationDispatcher.java:133)
	at io.javaoperatorsdk.operator.processing.event.ReconciliationDispatcher.handleDispatch(ReconciliationDispatcher.java:98)
	at io.javaoperatorsdk.operator.processing.event.ReconciliationDispatcher.handleExecution(ReconciliationDispatcher.java:69)
	at io.javaoperatorsdk.operator.processing.event.EventProcessor$ReconcilerExecutor.run(EventProcessor.java:483)
	at java.base/java.util.concurrent.ThreadPoolExecutor.runWorker(ThreadPoolExecutor.java:1144)
	at java.base/java.util.concurrent.ThreadPoolExecutor$Worker.run(ThreadPoolExecutor.java:642)
	at java.base/java.lang.Thread.run(Thread.java:1583)
Caused by: io.fabric8.kubernetes.client.KubernetesClientException: Failure executing: PATCH at: https://172.30.0.1:443/apis/k8s.keycloak.org/v2alpha1/namespaces/keycloak26/keycloaks/keycloak-instance/status?fieldManager=keycloakcontroller&force=true. Message: Operation cannot be fulfilled on keycloaks.k8s.keycloak.org "keycloak-instance": the object has been modified; please apply your changes to the latest version and try again. Received status: Status(apiVersion=v1, code=409, details=StatusDetails(causes=[], group=k8s.keycloak.org, kind=keycloaks, name=keycloak-instance, retryAfterSeconds=null, uid=null, additionalProperties={}), kind=Status, message=Operation cannot be fulfilled on keycloaks.k8s.keycloak.org "keycloak-instance": the object has been modified; please apply your changes to the latest version and try again, metadata=ListMeta(_continue=null, remainingItemCount=null, resourceVersion=null, selfLink=null, additionalProperties={}), reason=Conflict, status=Failure, additionalProperties={}).
	at io.fabric8.kubernetes.client.dsl.internal.OperationSupport.requestFailure(OperationSupport.java:642)
	at io.fabric8.kubernetes.client.dsl.internal.OperationSupport.requestFailure(OperationSupport.java:622)
	at io.fabric8.kubernetes.client.dsl.internal.OperationSupport.assertResponseCode(OperationSupport.java:582)
	at io.fabric8.kubernetes.client.dsl.internal.OperationSupport.lambda$handleResponse$0(OperationSupport.java:549)
	at java.base/java.util.concurrent.CompletableFuture$UniApply.tryFire(CompletableFuture.java:646)
	at java.base/java.util.concurrent.CompletableFuture.postComplete(CompletableFuture.java:510)
	at java.base/java.util.concurrent.CompletableFuture.complete(CompletableFuture.java:2179)
	at io.fabric8.kubernetes.client.http.StandardHttpClient.lambda$completeOrCancel$10(StandardHttpClient.java:141)
	at java.base/java.util.concurrent.CompletableFuture.uniWhenComplete(CompletableFuture.java:863)
	at java.base/java.util.concurrent.CompletableFuture$UniWhenComplete.tryFire(CompletableFuture.java:841)
	at java.base/java.util.concurrent.CompletableFuture.postComplete(CompletableFuture.java:510)
	at java.base/java.util.concurrent.CompletableFuture.complete(CompletableFuture.java:2179)
	at io.fabric8.kubernetes.client.http.ByteArrayBodyHandler.onBodyDone(ByteArrayBodyHandler.java:51)
	at java.base/java.util.concurrent.CompletableFuture.uniWhenComplete(CompletableFuture.java:863)
	at java.base/java.util.concurrent.CompletableFuture$UniWhenComplete.tryFire(CompletableFuture.java:841)
	at java.base/java.util.concurrent.CompletableFuture.postComplete(CompletableFuture.java:510)
	at java.base/java.util.concurrent.CompletableFuture.complete(CompletableFuture.java:2179)
	at io.fabric8.kubernetes.client.vertx.VertxHttpRequest.lambda$consumeBytes$1(VertxHttpRequest.java:84)
	at io.vertx.core.impl.ContextInternal.dispatch(ContextInternal.java:270)
	at io.vertx.core.impl.ContextInternal.dispatch(ContextInternal.java:252)
	at io.vertx.core.http.impl.HttpEventHandler.handleEnd(HttpEventHandler.java:76)
	at io.vertx.core.http.impl.HttpClientResponseImpl.handleEnd(HttpClientResponseImpl.java:250)
	at io.vertx.core.http.impl.Http1xClientConnection$StreamImpl.lambda$new$0(Http1xClientConnection.java:442)
	at io.vertx.core.streams.impl.InboundBuffer.handleEvent(InboundBuffer.java:279)
	at io.vertx.core.streams.impl.InboundBuffer.write(InboundBuffer.java:157)
	at io.vertx.core.http.impl.Http1xClientConnection$StreamImpl.handleEnd(Http1xClientConnection.java:752)
	at io.vertx.core.impl.ContextImpl.execute(ContextImpl.java:327)
	at io.vertx.core.impl.ContextImpl.execute(ContextImpl.java:307)
	at io.vertx.core.http.impl.Http1xClientConnection.handleResponseEnd(Http1xClientConnection.java:983)
	at io.vertx.core.http.impl.Http1xClientConnection.handleHttpMessage(Http1xClientConnection.java:855)
	at io.vertx.core.http.impl.Http1xClientConnection.handleMessage(Http1xClientConnection.java:817)
	at io.vertx.core.net.impl.ConnectionBase.read(ConnectionBase.java:159)
	at io.vertx.core.net.impl.VertxHandler.channelRead(VertxHandler.java:153)
	at io.netty.channel.AbstractChannelHandlerContext.invokeChannelRead(AbstractChannelHandlerContext.java:442)
	at io.netty.channel.AbstractChannelHandlerContext.invokeChannelRead(AbstractChannelHandlerContext.java:420)
	at io.netty.channel.AbstractChannelHandlerContext.fireChannelRead(AbstractChannelHandlerContext.java:412)
	at io.netty.channel.CombinedChannelDuplexHandler$DelegatingChannelHandlerContext.fireChannelRead(CombinedChannelDuplexHandler.java:436)
	at io.netty.handler.codec.ByteToMessageDecoder.fireChannelRead(ByteToMessageDecoder.java:346)
	at io.netty.handler.codec.ByteToMessageDecoder.channelRead(ByteToMessageDecoder.java:318)
	at io.netty.channel.CombinedChannelDuplexHandler.channelRead(CombinedChannelDuplexHandler.java:251)
	at io.netty.channel.AbstractChannelHandlerContext.invokeChannelRead(AbstractChannelHandlerContext.java:442)
	at io.netty.channel.AbstractChannelHandlerContext.invokeChannelRead(AbstractChannelHandlerContext.java:420)
	at io.netty.channel.AbstractChannelHandlerContext.fireChannelRead(AbstractChannelHandlerContext.java:412)
	at io.netty.handler.ssl.SslHandler.unwrap(SslHandler.java:1519)
	at io.netty.handler.ssl.SslHandler.decodeJdkCompatible(SslHandler.java:1377)
	at io.netty.handler.ssl.SslHandler.decode(SslHandler.java:1428)
	at io.netty.handler.codec.ByteToMessageDecoder.decodeRemovalReentryProtection(ByteToMessageDecoder.java:530)
	at io.netty.handler.codec.ByteToMessageDecoder.callDecode(ByteToMessageDecoder.java:469)
	at io.netty.handler.codec.ByteToMessageDecoder.channelRead(ByteToMessageDecoder.java:290)
	at io.netty.channel.AbstractChannelHandlerContext.invokeChannelRead(AbstractChannelHandlerContext.java:444)
	at io.netty.channel.AbstractChannelHandlerContext.invokeChannelRead(AbstractChannelHandlerContext.java:420)
	at io.netty.channel.AbstractChannelHandlerContext.fireChannelRead(AbstractChannelHandlerContext.java:412)
	at io.netty.channel.DefaultChannelPipeline$HeadContext.channelRead(DefaultChannelPipeline.java:1357)
	at io.netty.channel.AbstractChannelHandlerContext.invokeChannelRead(AbstractChannelHandlerContext.java:440)
	at io.netty.channel.AbstractChannelHandlerContext.invokeChannelRead(AbstractChannelHandlerContext.java:420)
	at io.netty.channel.DefaultChannelPipeline.fireChannelRead(DefaultChannelPipeline.java:868)
	at io.netty.channel.nio.AbstractNioByteChannel$NioByteUnsafe.read(AbstractNioByteChannel.java:166)
	at io.netty.channel.nio.NioEventLoop.processSelectedKey(NioEventLoop.java:796)
	at io.netty.channel.nio.NioEventLoop.processSelectedKeysOptimized(NioEventLoop.java:732)
	at io.netty.channel.nio.NioEventLoop.processSelectedKeys(NioEventLoop.java:658)
	at io.netty.channel.nio.NioEventLoop.run(NioEventLoop.java:562)
	at io.netty.util.concurrent.SingleThreadEventExecutor$4.run(SingleThreadEventExecutor.java:998)
	at io.netty.util.internal.ThreadExecutorMap$2.run(ThreadExecutorMap.java:74)
	at io.netty.util.concurrent.FastThreadLocalRunnable.run(FastThreadLocalRunnable.java:30)
	... 1 more

2026-01-08 08:57:05,551 INFO  [io.jav.ope.pro.eve.EventProcessor] (ReconcilerExecutor-keycloakcontroller-75) Resource Kubernetes Resource Creator/Update Conflict during reconciliation. Message: Failure executing: PATCH at: https://172.30.0.1:443/apis/k8s.keycloak.org/v2alpha1/namespaces/keycloak26/keycloaks/keycloak-instance/status?fieldManager=keycloakcontroller&force=true. Message: Operation cannot be fulfilled on keycloaks.k8s.keycloak.org "keycloak-instance": the object has been modified; please apply your changes to the latest version and try again. Received status: Status(apiVersion=v1, code=409, details=StatusDetails(causes=[], group=k8s.keycloak.org, kind=keycloaks, name=keycloak-instance, retryAfterSeconds=null, uid=null, additionalProperties={}), kind=Status, message=Operation cannot be fulfilled on keycloaks.k8s.keycloak.org "keycloak-instance": the object has been modified; please apply your changes to the latest version and try again, metadata=ListMeta(_continue=null, remainingItemCount=null, resourceVersion=null, selfLink=null, additionalProperties={}), reason=Conflict, status=Failure, additionalProperties={}). Resource name: null
2026-01-08 08:57:13,747 INFO  [org.key.ope.con.KeycloakRealmImportController] (ReconcilerExecutor-keycloakrealmimportcontroller-89) --- Reconciling Keycloak Realm: registry-sso-realm in namespace: keycloak26
2026-01-08 08:57:13,774 INFO  [org.key.ope.con.KeycloakRealmImportController] (ReconcilerExecutor-keycloakrealmimportcontroller-89) Job about to start
2026-01-08 08:57:13,775 INFO  [org.key.ope.con.KeycloakRealmImportController] (ReconcilerExecutor-keycloakrealmimportcontroller-89) --- Realm reconciliation finished successfully
2026-01-08 08:57:23,841 INFO  [org.key.ope.con.KeycloakRealmImportController] (ReconcilerExecutor-keycloakrealmimportcontroller-97) --- Reconciling Keycloak Realm: registry-sso-realm in namespace: keycloak26
2026-01-08 08:57:23,857 INFO  [org.key.ope.con.KeycloakRealmImportController] (ReconcilerExecutor-keycloakrealmimportcontroller-97) Job about to start
2026-01-08 08:57:23,858 INFO  [org.key.ope.con.KeycloakRealmImportController] (ReconcilerExecutor-keycloakrealmimportcontroller-97) --- Realm reconciliation finished successfully
2026-01-08 08:57:33,860 INFO  [org.key.ope.con.KeycloakRealmImportController] (ReconcilerExecutor-keycloakrealmimportcontroller-105) --- Reconciling Keycloak Realm: registry-sso-realm in namespace: keycloak26
2026-01-08 08:57:33,884 INFO  [org.key.ope.con.KeycloakRealmImportController] (ReconcilerExecutor-keycloakrealmimportcontroller-105) Job about to start
2026-01-08 08:57:33,884 INFO  [org.key.ope.con.KeycloakRealmImportController] (ReconcilerExecutor-keycloakrealmimportcontroller-105) --- Realm reconciliation finished successfully
2026-01-08 08:57:43,888 INFO  [org.key.ope.con.KeycloakRealmImportController] (ReconcilerExecutor-keycloakrealmimportcontroller-113) --- Reconciling Keycloak Realm: registry-sso-realm in namespace: keycloak26
2026-01-08 08:57:43,908 INFO  [org.key.ope.con.KeycloakRealmImportController] (ReconcilerExecutor-keycloakrealmimportcontroller-113) Job about to start
2026-01-08 08:57:43,908 INFO  [org.key.ope.con.KeycloakRealmImportController] (ReconcilerExecutor-keycloakrealmimportcontroller-113) --- Realm reconciliation finished successfully
2026-01-08 08:57:53,911 INFO  [org.key.ope.con.KeycloakRealmImportController] (ReconcilerExecutor-keycloakrealmimportcontroller-117) --- Reconciling Keycloak Realm: registry-sso-realm in namespace: keycloak26
2026-01-08 08:57:53,925 INFO  [org.key.ope.con.KeycloakRealmImportController] (ReconcilerExecutor-keycloakrealmimportcontroller-117) Job about to start
2026-01-08 08:57:53,926 INFO  [org.key.ope.con.KeycloakRealmImportController] (ReconcilerExecutor-keycloakrealmimportcontroller-117) --- Realm reconciliation finished successfully
2026-01-08 08:58:03,928 INFO  [org.key.ope.con.KeycloakRealmImportController] (ReconcilerExecutor-keycloakrealmimportcontroller-119) --- Reconciling Keycloak Realm: registry-sso-realm in namespace: keycloak26
2026-01-08 08:58:03,942 INFO  [org.key.ope.con.KeycloakRealmImportController] (ReconcilerExecutor-keycloakrealmimportcontroller-119) Job about to start
2026-01-08 08:58:03,943 INFO  [org.key.ope.con.KeycloakRealmImportController] (ReconcilerExecutor-keycloakrealmimportcontroller-119) --- Realm reconciliation finished successfully
2026-01-08 08:58:13,947 INFO  [org.key.ope.con.KeycloakRealmImportController] (ReconcilerExecutor-keycloakrealmimportcontroller-121) --- Reconciling Keycloak Realm: registry-sso-realm in namespace: keycloak26
2026-01-08 08:58:13,962 INFO  [org.key.ope.con.KeycloakRealmImportController] (ReconcilerExecutor-keycloakrealmimportcontroller-121) Job about to start
2026-01-08 08:58:13,962 INFO  [org.key.ope.con.KeycloakRealmImportController] (ReconcilerExecutor-keycloakrealmimportcontroller-121) --- Realm reconciliation finished successfully
2026-01-08 08:58:23,965 INFO  [org.key.ope.con.KeycloakRealmImportController] (ReconcilerExecutor-keycloakrealmimportcontroller-126) --- Reconciling Keycloak Realm: registry-sso-realm in namespace: keycloak26
2026-01-08 08:58:24,061 INFO  [org.key.ope.con.KeycloakRealmImportController] (ReconcilerExecutor-keycloakrealmimportcontroller-126) Job about to start
2026-01-08 08:58:24,062 INFO  [org.key.ope.con.KeycloakRealmImportController] (ReconcilerExecutor-keycloakrealmimportcontroller-126) --- Realm reconciliation finished successfully
2026-01-08 08:58:24,157 INFO  [org.key.ope.con.KeycloakRealmImportController] (ReconcilerExecutor-keycloakrealmimportcontroller-128) --- Reconciling Keycloak Realm: registry-sso-realm in namespace: keycloak26
2026-01-08 08:58:24,247 INFO  [org.key.ope.con.KeycloakRealmImportController] (ReconcilerExecutor-keycloakrealmimportcontroller-128) Job already executed - not recreating
2026-01-08 08:58:24,248 INFO  [org.key.ope.con.KeycloakRealmImportController] (ReconcilerExecutor-keycloakrealmimportcontroller-128) Job running
2026-01-08 08:58:24,248 INFO  [org.key.ope.con.KeycloakRealmImportController] (ReconcilerExecutor-keycloakrealmimportcontroller-128) --- Realm reconciliation finished successfully
2026-01-08 08:58:32,526 INFO  [org.key.ope.con.KeycloakRealmImportController] (ReconcilerExecutor-keycloakrealmimportcontroller-129) --- Reconciling Keycloak Realm: registry-sso-realm in namespace: keycloak26
2026-01-08 08:58:32,560 INFO  [org.key.ope.con.KeycloakRealmImportController] (ReconcilerExecutor-keycloakrealmimportcontroller-129) Job already executed - not recreating
2026-01-08 08:58:32,561 INFO  [org.key.ope.con.KeycloakRealmImportController] (ReconcilerExecutor-keycloakrealmimportcontroller-129) Job running
2026-01-08 08:58:32,561 INFO  [org.key.ope.con.KeycloakRealmImportController] (ReconcilerExecutor-keycloakrealmimportcontroller-129) --- Realm reconciliation finished successfully
2026-01-08 08:58:42,566 INFO  [org.key.ope.con.KeycloakRealmImportController] (ReconcilerExecutor-keycloakrealmimportcontroller-130) --- Reconciling Keycloak Realm: registry-sso-realm in namespace: keycloak26
2026-01-08 08:58:42,604 INFO  [org.key.ope.con.KeycloakRealmImportController] (ReconcilerExecutor-keycloakrealmimportcontroller-130) Job already executed - not recreating
2026-01-08 08:58:42,605 INFO  [org.key.ope.con.KeycloakRealmImportController] (ReconcilerExecutor-keycloakrealmimportcontroller-130) Job running
2026-01-08 08:58:42,605 INFO  [org.key.ope.con.KeycloakRealmImportController] (ReconcilerExecutor-keycloakrealmimportcontroller-130) --- Realm reconciliation finished successfully
2026-01-08 08:58:52,616 INFO  [org.key.ope.con.KeycloakRealmImportController] (ReconcilerExecutor-keycloakrealmimportcontroller-131) --- Reconciling Keycloak Realm: registry-sso-realm in namespace: keycloak26
2026-01-08 08:58:52,640 INFO  [org.key.ope.con.KeycloakRealmImportController] (ReconcilerExecutor-keycloakrealmimportcontroller-131) Job already executed - not recreating
2026-01-08 08:58:52,640 INFO  [org.key.ope.con.KeycloakRealmImportController] (ReconcilerExecutor-keycloakrealmimportcontroller-131) Job running
2026-01-08 08:58:52,640 INFO  [org.key.ope.con.KeycloakRealmImportController] (ReconcilerExecutor-keycloakrealmimportcontroller-131) --- Realm reconciliation finished successfully
2026-01-08 08:58:57,656 INFO  [org.key.ope.con.KeycloakRealmImportController] (ReconcilerExecutor-keycloakrealmimportcontroller-132) --- Reconciling Keycloak Realm: registry-sso-realm in namespace: keycloak26
2026-01-08 08:58:57,685 INFO  [org.key.ope.con.KeycloakRealmImportController] (ReconcilerExecutor-keycloakrealmimportcontroller-132) Job already executed - not recreating
2026-01-08 08:58:57,686 INFO  [org.key.ope.con.KeycloakRealmImportController] (ReconcilerExecutor-keycloakrealmimportcontroller-132) Job running
2026-01-08 08:58:57,686 INFO  [org.key.ope.con.KeycloakRealmImportController] (ReconcilerExecutor-keycloakrealmimportcontroller-132) --- Realm reconciliation finished successfully
2026-01-08 08:58:58,664 INFO  [org.key.ope.con.KeycloakRealmImportController] (ReconcilerExecutor-keycloakrealmimportcontroller-133) --- Reconciling Keycloak Realm: registry-sso-realm in namespace: keycloak26
2026-01-08 08:58:58,685 INFO  [org.key.ope.con.KeycloakRealmImportController] (ReconcilerExecutor-keycloakrealmimportcontroller-133) Job already executed - not recreating
2026-01-08 08:58:58,686 INFO  [org.key.ope.con.KeycloakRealmImportController] (ReconcilerExecutor-keycloakrealmimportcontroller-133) Job running
2026-01-08 08:58:58,686 INFO  [org.key.ope.con.KeycloakRealmImportController] (ReconcilerExecutor-keycloakrealmimportcontroller-133) --- Realm reconciliation finished successfully
2026-01-08 08:58:58,688 INFO  [org.key.ope.con.KeycloakRealmImportController] (ReconcilerExecutor-keycloakrealmimportcontroller-134) --- Reconciling Keycloak Realm: registry-sso-realm in namespace: keycloak26
2026-01-08 08:58:58,739 INFO  [org.key.ope.con.KeycloakRealmImportController] (ReconcilerExecutor-keycloakrealmimportcontroller-134) Job already executed - not recreating
2026-01-08 08:58:58,739 INFO  [org.key.ope.con.KeycloakRealmImportController] (ReconcilerExecutor-keycloakrealmimportcontroller-134) Job finished
2026-01-08 08:58:58,739 INFO  [org.key.ope.con.KeycloakRealmImportController] (ReconcilerExecutor-keycloakrealmimportcontroller-134) --- Realm reconciliation finished successfully
