chmod: changing permissions of '/var/run/postgresql': Operation not permitted
The files belonging to this database system will be owned by user "1000790000".
This user must also own the server process.

The database cluster will be initialized with locale "en_US.utf8".
The default database encoding has accordingly been set to "UTF8".
The default text search configuration will be set to "english".

Data page checksums are disabled.

fixing permissions on existing directory /var/lib/postgresql/data/pgdata ... ok
creating subdirectories ... ok
selecting dynamic shared memory implementation ... posix
selecting default max_connections ... 100
selecting default shared_buffers ... 128MB
selecting default time zone ... Etc/UTC
creating configuration files ... ok
running bootstrap script ... ok
performing post-bootstrap initialization ... ok
syncing data to disk ... ok

initdb: warning: enabling "trust" authentication for local connections
initdb: hint: You can change this by editing pg_hba.conf or using the option -A, or --auth-local and --auth-host, the next time you run initdb.

Success. You can now start the database server using:

    pg_ctl -D /var/lib/postgresql/data/pgdata -l logfile start

waiting for server to start....2026-01-08 08:57:16.105 UTC [30] LOG:  starting PostgreSQL 15.15 (Debian 15.15-1.pgdg13+1) on x86_64-pc-linux-gnu, compiled by gcc (Debian 14.2.0-19) 14.2.0, 64-bit
2026-01-08 08:57:16.105 UTC [30] LOG:  listening on Unix socket "/var/run/postgresql/.s.PGSQL.5432"
2026-01-08 08:57:16.135 UTC [33] LOG:  database system was shut down at 2026-01-08 08:57:15 UTC
2026-01-08 08:57:16.141 UTC [30] LOG:  database system is ready to accept connections
 done
server started
CREATE DATABASE


/usr/local/bin/docker-entrypoint.sh: ignoring /docker-entrypoint-initdb.d/*

2026-01-08 08:57:16.394 UTC [30] LOG:  received fast shutdown request
waiting for server to shut down....2026-01-08 08:57:16.400 UTC [30] LOG:  aborting any active transactions
2026-01-08 08:57:16.438 UTC [30] LOG:  background worker "logical replication launcher" (PID 36) exited with exit code 1
2026-01-08 08:57:16.440 UTC [31] LOG:  shutting down
2026-01-08 08:57:16.442 UTC [31] LOG:  checkpoint starting: shutdown immediate
2026-01-08 08:57:16.501 UTC [31] LOG:  checkpoint complete: wrote 922 buffers (5.6%); 0 WAL file(s) added, 0 removed, 0 recycled; write=0.039 s, sync=0.014 s, total=0.062 s; sync files=301, longest=0.006 s, average=0.001 s; distance=4239 kB, estimate=4239 kB
2026-01-08 08:57:16.509 UTC [30] LOG:  database system is shut down
 done
server stopped

PostgreSQL init process complete; ready for start up.

2026-01-08 08:57:16.630 UTC [1] LOG:  starting PostgreSQL 15.15 (Debian 15.15-1.pgdg13+1) on x86_64-pc-linux-gnu, compiled by gcc (Debian 14.2.0-19) 14.2.0, 64-bit
2026-01-08 08:57:16.630 UTC [1] LOG:  listening on IPv4 address "0.0.0.0", port 5432
2026-01-08 08:57:16.630 UTC [1] LOG:  listening on IPv6 address "::", port 5432
2026-01-08 08:57:16.633 UTC [1] LOG:  listening on Unix socket "/var/run/postgresql/.s.PGSQL.5432"
2026-01-08 08:57:16.642 UTC [46] LOG:  database system was shut down at 2026-01-08 08:57:16 UTC
2026-01-08 08:57:16.653 UTC [1] LOG:  database system is ready to accept connections
2026-01-08 08:57:49.074 UTC [63] ERROR:  relation "migration_model" does not exist at character 25
2026-01-08 08:57:49.074 UTC [63] STATEMENT:  SELECT ID, VERSION FROM MIGRATION_MODEL ORDER BY UPDATE_TIME DESC
2026-01-08 08:57:50.988 UTC [63] ERROR:  relation "public.databasechangelog" does not exist at character 22
2026-01-08 08:57:50.988 UTC [63] STATEMENT:  SELECT COUNT(*) FROM public.databasechangelog
2026-01-08 08:57:51.663 UTC [70] ERROR:  relation "public.databasechangeloglock" does not exist at character 22
2026-01-08 08:57:51.663 UTC [70] STATEMENT:  SELECT COUNT(*) FROM public.databasechangeloglock
2026-01-08 08:57:51.751 UTC [63] ERROR:  relation "public.databasechangelog" does not exist at character 22
2026-01-08 08:57:51.751 UTC [63] STATEMENT:  SELECT COUNT(*) FROM public.databasechangelog
2026-01-08 09:02:16.742 UTC [44] LOG:  checkpoint starting: time
2026-01-08 09:03:18.537 UTC [44] LOG:  checkpoint complete: wrote 620 buffers (3.8%); 1 WAL file(s) added, 0 removed, 0 recycled; write=61.746 s, sync=0.005 s, total=61.795 s; sync files=593, longest=0.002 s, average=0.001 s; distance=4542 kB, estimate=4542 kB
