Changes detected in configuration. Updating the server image.
Updating the configuration and installing your custom providers, if any. Please wait.
2025-11-20 07:14:23,284 INFO  [io.quarkus.deployment.QuarkusAugmentor] (main) Quarkus augmentation completed in 25555ms
Server configuration updated and persisted. Run the following command to review the configuration:

	kc.sh show-config

Next time you run the server, just run:

	kc.sh start --optimized 

2025-11-20 07:14:26,927 INFO  [org.keycloak.quarkus.runtime.hostname.DefaultHostnameProvider] (main) Hostname settings: Base URL: <unset>, Hostname: keycloak-keycloak22.apps.ci419.apicurio-testing.org, Strict HTTPS: true, Path: <request>, Strict BackChannel: false, Admin URL: <unset>, Admin: <request>, Port: -1, Proxied: false
2025-11-20 07:14:33,819 WARN  [org.infinispan.PERSISTENCE] (keycloak-cache-init) ISPN000554: jboss-marshalling is deprecated and planned for removal
2025-11-20 07:14:34,285 INFO  [org.infinispan.CONTAINER] (keycloak-cache-init) ISPN000556: Starting user marshaller 'org.infinispan.jboss.marshalling.core.JBossUserMarshaller'
2025-11-20 07:14:34,932 INFO  [org.infinispan.CLUSTER] (keycloak-cache-init) ISPN000088: Unable to use any JGroups configuration mechanisms provided in properties {}. Using default JGroups configuration!
2025-11-20 07:14:35,483 INFO  [org.infinispan.CLUSTER] (keycloak-cache-init) ISPN000078: Starting JGroups channel `ISPN`
2025-11-20 07:14:35,486 INFO  [org.jgroups.JChannel] (keycloak-cache-init) local_addr: ccda0e85-ce3d-4208-b2c2-c36d523b990d, name: keycloak-instance-0-32635
2025-11-20 07:14:35,495 WARN  [org.jgroups.protocols.UDP] (keycloak-cache-init) JGRP000015: the send buffer of socket MulticastSocket was set to 1MB, but the OS only allocated 212.99KB
2025-11-20 07:14:35,496 WARN  [org.jgroups.protocols.UDP] (keycloak-cache-init) JGRP000015: the receive buffer of socket MulticastSocket was set to 20MB, but the OS only allocated 212.99KB
2025-11-20 07:14:35,498 WARN  [org.jgroups.protocols.UDP] (keycloak-cache-init) JGRP000015: the send buffer of socket MulticastSocket was set to 1MB, but the OS only allocated 212.99KB
2025-11-20 07:14:35,500 WARN  [org.jgroups.protocols.UDP] (keycloak-cache-init) JGRP000015: the receive buffer of socket MulticastSocket was set to 25MB, but the OS only allocated 212.99KB
2025-11-20 07:14:35,580 INFO  [org.jgroups.protocols.FD_SOCK2] (keycloak-cache-init) server listening on *.17435
2025-11-20 07:14:37,608 INFO  [org.jgroups.protocols.pbcast.GMS] (keycloak-cache-init) keycloak-instance-0-32635: no members discovered after 2007 ms: creating cluster as coordinator
2025-11-20 07:14:37,624 INFO  [org.infinispan.CLUSTER] (keycloak-cache-init) ISPN000094: Received new cluster view for channel ISPN: [keycloak-instance-0-32635|0] (1) [keycloak-instance-0-32635]
2025-11-20 07:14:37,703 INFO  [org.infinispan.CLUSTER] (keycloak-cache-init) ISPN000079: Channel `ISPN` local address is `keycloak-instance-0-32635`, physical addresses are `[10.129.2.13:32971]`
2025-11-20 07:14:37,806 WARN  [org.infinispan.CONFIG] (keycloak-cache-init) ISPN000569: Unable to persist Infinispan internal caches as no global state enabled
2025-11-20 07:14:48,406 INFO  [org.keycloak.quarkus.runtime.storage.legacy.liquibase.QuarkusJpaUpdaterProvider] (main) Initializing database schema. Using changelog META-INF/jpa-changelog-master.xml

UPDATE SUMMARY
Run:                        115
Previously run:               0
Filtered out:                 0
-------------------------------
Total change sets:          115

2025-11-20 07:15:01,232 INFO  [org.keycloak.connections.infinispan.DefaultInfinispanConnectionProviderFactory] (main) Node name: keycloak-instance-0-32635, Site name: null
2025-11-20 07:15:01,510 INFO  [org.keycloak.broker.provider.AbstractIdentityProviderMapper] (main) Registering class org.keycloak.broker.provider.mappersync.ConfigSyncEventListener
2025-11-20 07:15:01,597 INFO  [org.keycloak.services] (main) KC-SERVICES0050: Initializing master realm
2025-11-20 07:15:10,201 INFO  [io.quarkus] (main) Keycloak 22.0.5 on JVM (powered by Quarkus 3.2.7.Final) started in 46.688s. Listening on: http://0.0.0.0:8080
2025-11-20 07:15:10,202 INFO  [io.quarkus] (main) Profile prod activated. 
2025-11-20 07:15:10,202 INFO  [io.quarkus] (main) Installed features: [agroal, cdi, hibernate-orm, jdbc-h2, jdbc-mariadb, jdbc-mssql, jdbc-mysql, jdbc-oracle, jdbc-postgresql, keycloak, logging-gelf, micrometer, narayana-jta, reactive-routes, resteasy, resteasy-jackson, smallrye-context-propagation, smallrye-health, vertx]
2025-11-20 07:23:51,940 INFO  [org.infinispan.CLUSTER] (Shutdown thread) ISPN000080: Disconnecting JGroups channel `ISPN`
2025-11-20 07:23:51,994 INFO  [io.quarkus] (Shutdown thread) Keycloak stopped in 0.084s
